#
# There is insufficient memory for the Java Runtime Environment to continue.
# Native memory allocation (mmap) failed to map 243269632 bytes for Failed to commit area from 0x0000000094f00000 to 0x00000000a3700000 of length 243269632.
# Possible reasons:
#   The system is out of physical RAM or swap space
#   The process is running with CompressedOops enabled, and the Java Heap may be blocking the growth of the native heap
# Possible solutions:
#   Reduce memory load on the system
#   Increase physical memory or swap space
#   Check if swap backing store is full
#   Decrease Java heap size (-Xmx/-Xms)
#   Decrease number of Java threads
#   Decrease Java thread stack sizes (-Xss)
#   Set larger code cache with -XX:ReservedCodeCacheSize=
#   JVM is running with Unscaled Compressed Oops mode in which the Java heap is
#     placed in the first 4GB address space. The Java Heap base address is the
#     maximum limit for the native heap growth. Please use -XX:HeapBaseMinAddress
#     to set the Java Heap base and to place the Java Heap above 4GB virtual address.
# This output file may be truncated or incomplete.
#
#  Out of Memory Error (./src/hotspot/os/windows/os_windows.cpp:3301), pid=5744, tid=3908
#
# JRE version: OpenJDK Runtime Environment (11.0.10) (build 11.0.10+0-b96-7249189)
# Java VM: OpenJDK 64-Bit Server VM (11.0.10+0-b96-7249189, mixed mode, tiered, compressed oops, g1 gc, windows-amd64)
# No core dump will be written. Minidumps are not enabled by default on client versions of Windows
#

---------------  S U M M A R Y ------------

Command Line: --add-opens=java.base/java.util=ALL-UNNAMED --add-opens=java.base/java.lang=ALL-UNNAMED --add-opens=java.base/java.lang.invoke=ALL-UNNAMED --add-opens=java.base/java.util=ALL-UNNAMED --add-opens=java.prefs/java.util.prefs=ALL-UNNAMED --add-opens=java.prefs/java.util.prefs=ALL-UNNAMED --add-opens=java.base/java.nio.charset=ALL-UNNAMED --add-opens=java.base/java.net=ALL-UNNAMED --add-opens=java.base/java.util.concurrent.atomic=ALL-UNNAMED -Xmx2048m -Dfile.encoding=UTF-8 -Duser.country=ID -Duser.language=en -Duser.variant org.gradle.launcher.daemon.bootstrap.GradleDaemon 7.0.2

Host: Intel(R) Core(TM) i5-1035G1 CPU @ 1.00GHz, 8 cores, 3G,  Windows 10 , 64 bit Build 19041 (10.0.19041.1706)
Time: Sat Jun 18 22:11:27 2022 SE Asia Standard Time elapsed time: 6807.678763 seconds (0d 1h 53m 27s)

---------------  T H R E A D  ---------------

Current thread (0x000001a7dc269000):  VMThread "VM Thread" [stack: 0x0000002168000000,0x0000002168100000] [id=3908]

Stack: [0x0000002168000000,0x0000002168100000]
[error occurred during error reporting (printing stack bounds), id 0xc0000005, EXCEPTION_ACCESS_VIOLATION (0xc0000005) at pc=0x000001a7c52010e7]

Native frames: (J=compiled Java code, j=interpreted, Vv=VM code, C=native code)
V  [jvm.dll+0x5ecfaa]
V  [jvm.dll+0x722bd5]
V  [jvm.dll+0x72412d]
V  [jvm.dll+0x724745]
V  [jvm.dll+0x7246fb]
V  [jvm.dll+0x5ec348]
V  [jvm.dll+0x5ecad8]
C  [ntdll.dll+0xa209f]
C  [ntdll.dll+0x51454]
C  [ntdll.dll+0xa0bce]
C  0x000001a7c52010e7

VM_Operation (0x000000216c2fce50): G1CollectForAllocation, mode: safepoint, requested by thread 0x000001a7df98f000


---------------  P R O C E S S  ---------------

Threads class SMR info:
_java_thread_list=0x000001a7e13f8db0, length=67, elements={
0x000001a7c170d000, 0x000001a7dc26d800, 0x000001a7dc278800, 0x000001a7dc2cb800,
0x000001a7dc2cd000, 0x000001a7dc2ce000, 0x000001a7dc2d2800, 0x000001a7dc2d6800,
0x000001a7dc2d7800, 0x000001a7dcd70000, 0x000001a7de5f0800, 0x000001a7de3a3000,
0x000001a7de2c4800, 0x000001a7de587000, 0x000001a7de582000, 0x000001a7de584000,
0x000001a7de584800, 0x000001a7de581800, 0x000001a7de588000, 0x000001a7de586000,
0x000001a7e0d9a800, 0x000001a7e0d9b800, 0x000001a7e0d9c000, 0x000001a7e0d9d000,
0x000001a7e0d9a000, 0x000001a7e0d97800, 0x000001a7e0d99000, 0x000001a7e0da1000,
0x000001a7dce3a000, 0x000001a7de583000, 0x000001a7de585800, 0x000001a7dce39000,
0x000001a7dce34000, 0x000001a7dce3a800, 0x000001a7dce35000, 0x000001a7dce3b800,
0x000001a7dce36800, 0x000001a7dce36000, 0x000001a7dce3d000, 0x000001a7dce3c800,
0x000001a7dce3e000, 0x000001a7dce38000, 0x000001a7dce3e800, 0x000001a7dce43000,
0x000001a7dce3f800, 0x000001a7dce40800, 0x000001a7dce42000, 0x000001a7dce41000,
0x000001a7e0d9e000, 0x000001a7e0d98000, 0x000001a7e0d9e800, 0x000001a7e0da3800,
0x000001a7e0da4800, 0x000001a7e0d9f800, 0x000001a7e0da6000, 0x000001a7e0da0800,
0x000001a7e0da2000, 0x000001a7df98e000, 0x000001a7df990800, 0x000001a7df98f000,
0x000001a7df991800, 0x000001a7df990000, 0x000001a7df98b800, 0x000001a7df992800,
0x000001a7df98d800, 0x000001a7df98c800, 0x000001a7df999000
}

Java Threads: ( => current thread )
  0x000001a7c170d000 JavaThread "main" [_thread_blocked, id=8332, stack(0x0000002167a00000,0x0000002167b00000)]
  0x000001a7dc26d800 JavaThread "Reference Handler" daemon [_thread_blocked, id=13532, stack(0x0000002168100000,0x0000002168200000)]
  0x000001a7dc278800 JavaThread "Finalizer" daemon [_thread_blocked, id=12832, stack(0x0000002168200000,0x0000002168300000)]
  0x000001a7dc2cb800 JavaThread "Signal Dispatcher" daemon [_thread_blocked, id=2068, stack(0x0000002168300000,0x0000002168400000)]
  0x000001a7dc2cd000 JavaThread "Attach Listener" daemon [_thread_blocked, id=1468, stack(0x0000002168400000,0x0000002168500000)]
  0x000001a7dc2ce000 JavaThread "Service Thread" daemon [_thread_blocked, id=20512, stack(0x0000002168500000,0x0000002168600000)]
  0x000001a7dc2d2800 JavaThread "C2 CompilerThread0" daemon [_thread_in_native, id=16636, stack(0x0000002168600000,0x0000002168700000)]
  0x000001a7dc2d6800 JavaThread "C1 CompilerThread0" daemon [_thread_blocked, id=26480, stack(0x0000002168700000,0x0000002168800000)]
  0x000001a7dc2d7800 JavaThread "Sweeper thread" daemon [_thread_blocked, id=25048, stack(0x0000002168800000,0x0000002168900000)]
  0x000001a7dcd70000 JavaThread "Common-Cleaner" daemon [_thread_blocked, id=21232, stack(0x0000002168900000,0x0000002168a00000)]
  0x000001a7de5f0800 JavaThread "Daemon health stats" [_thread_blocked, id=3116, stack(0x0000002168c00000,0x0000002168d00000)]
  0x000001a7de3a3000 JavaThread "Incoming local TCP Connector on port 51131" [_thread_in_native, id=14440, stack(0x0000002168d00000,0x0000002168e00000)]
  0x000001a7de2c4800 JavaThread "Daemon periodic checks" [_thread_blocked, id=1668, stack(0x0000002168e00000,0x0000002168f00000)]
  0x000001a7de587000 JavaThread "Cache worker for file hash cache (C:\Users\user\.gradle\caches\7.0.2\fileHashes)" [_thread_blocked, id=10508, stack(0x0000002169c00000,0x0000002169d00000)]
  0x000001a7de582000 JavaThread "File lock request listener" [_thread_in_native, id=5524, stack(0x0000002169d00000,0x0000002169e00000)]
  0x000001a7de584000 JavaThread "Cache worker for journal cache (C:\Users\user\.gradle\caches\journal-1)" [_thread_blocked, id=12312, stack(0x000000216a000000,0x000000216a100000)]
  0x000001a7de584800 JavaThread "File watcher server" daemon [_thread_blocked, id=20580, stack(0x000000216a200000,0x000000216a300000)]
  0x000001a7de581800 JavaThread "File watcher consumer" daemon [_thread_blocked, id=20556, stack(0x000000216a300000,0x000000216a400000)]
  0x000001a7de588000 JavaThread "jar transforms" [_thread_blocked, id=532, stack(0x000000216a400000,0x000000216a500000)]
  0x000001a7de586000 JavaThread "jar transforms Thread 2" [_thread_blocked, id=12352, stack(0x000000216a500000,0x000000216a600000)]
  0x000001a7e0d9a800 JavaThread "jar transforms Thread 3" [_thread_blocked, id=24900, stack(0x000000216a600000,0x000000216a700000)]
  0x000001a7e0d9b800 JavaThread "jar transforms Thread 4" [_thread_blocked, id=21032, stack(0x000000216a700000,0x000000216a800000)]
  0x000001a7e0d9c000 JavaThread "jar transforms Thread 5" [_thread_blocked, id=2580, stack(0x000000216a800000,0x000000216a900000)]
  0x000001a7e0d9d000 JavaThread "jar transforms Thread 6" [_thread_blocked, id=17024, stack(0x000000216a900000,0x000000216aa00000)]
  0x000001a7e0d9a000 JavaThread "jar transforms Thread 7" [_thread_blocked, id=8088, stack(0x000000216aa00000,0x000000216ab00000)]
  0x000001a7e0d97800 JavaThread "jar transforms Thread 8" [_thread_blocked, id=15828, stack(0x000000216ab00000,0x000000216ac00000)]
  0x000001a7e0d99000 JavaThread "Cache worker for execution history cache (C:\Users\user\.gradle\caches\7.0.2\executionHistory)" [_thread_blocked, id=11012, stack(0x000000216af00000,0x000000216b000000)]
  0x000001a7e0da1000 JavaThread "Cache worker for file content cache (C:\Users\user\.gradle\caches\7.0.2\fileContent)" [_thread_blocked, id=19728, stack(0x0000002169e00000,0x0000002169f00000)]
  0x000001a7dce3a000 JavaThread "Memory manager" [_thread_blocked, id=12788, stack(0x000000216ba00000,0x000000216bb00000)]
  0x000001a7de583000 JavaThread "Daemon Thread 2" [_thread_blocked, id=43724, stack(0x0000002167800000,0x0000002167900000)]
  0x000001a7de585800 JavaThread "Handler for socket connection from /127.0.0.1:51131 to /127.0.0.1:62617" [_thread_in_native, id=40072, stack(0x0000002167900000,0x0000002167a00000)]
  0x000001a7dce39000 JavaThread "Cancel handler" [_thread_blocked, id=38588, stack(0x0000002168f00000,0x0000002169000000)]
  0x000001a7dce34000 JavaThread "Daemon worker Thread 3" [_thread_blocked, id=38584, stack(0x0000002169000000,0x0000002169100000)]
  0x000001a7dce3a800 JavaThread "Asynchronous log dispatcher for DefaultDaemonConnection: socket connection from /127.0.0.1:51131 to /127.0.0.1:62617" [_thread_blocked, id=34856, stack(0x0000002169100000,0x0000002169200000)]
  0x000001a7dce35000 JavaThread "Stdin handler" [_thread_blocked, id=42732, stack(0x0000002169200000,0x0000002169300000)]
  0x000001a7dce3b800 JavaThread "Daemon client event forwarder" [_thread_blocked, id=14836, stack(0x0000002169300000,0x0000002169400000)]
  0x000001a7dce36800 JavaThread "Cache worker for file hash cache (D:\Android Studio\SubmissionBMAAP\.gradle\7.0.2\fileHashes)" [_thread_blocked, id=35808, stack(0x0000002169400000,0x0000002169500000)]
  0x000001a7dce36000 JavaThread "Cache worker for checksums cache (D:\Android Studio\SubmissionBMAAP\.gradle\checksums)" [_thread_blocked, id=40156, stack(0x0000002169500000,0x0000002169600000)]
  0x000001a7dce3d000 JavaThread "Cache worker for cache directory md-supplier (C:\Users\user\.gradle\caches\7.0.2\md-supplier)" [_thread_blocked, id=36508, stack(0x000000216a100000,0x000000216a200000)]
  0x000001a7dce3c800 JavaThread "Cache worker for cache directory md-rule (C:\Users\user\.gradle\caches\7.0.2\md-rule)" [_thread_blocked, id=19776, stack(0x000000216ac00000,0x000000216ad00000)]
  0x000001a7dce3e000 JavaThread "Cache worker for dependencies-accessors (D:\Android Studio\SubmissionBMAAP\.gradle\7.0.2\dependencies-accessors)" [_thread_blocked, id=35144, stack(0x000000216ad00000,0x000000216ae00000)]
  0x000001a7dce38000 JavaThread "Cache worker for Build Output Cleanup Cache (D:\Android Studio\SubmissionBMAAP\.gradle\buildOutputCleanup)" [_thread_blocked, id=43348, stack(0x000000216ae00000,0x000000216af00000)]
  0x000001a7dce3e800 JavaThread "Build operations" [_thread_blocked, id=10464, stack(0x000000216b000000,0x000000216b100000)]
  0x000001a7dce43000 JavaThread "Build operations Thread 2" [_thread_blocked, id=40740, stack(0x000000216b100000,0x000000216b200000)]
  0x000001a7dce3f800 JavaThread "Build operations Thread 3" [_thread_blocked, id=35568, stack(0x000000216b200000,0x000000216b300000)]
  0x000001a7dce40800 JavaThread "Build operations Thread 4" [_thread_blocked, id=47364, stack(0x000000216b300000,0x000000216b400000)]
  0x000001a7dce42000 JavaThread "Build operations Thread 5" [_thread_blocked, id=35368, stack(0x000000216b400000,0x000000216b500000)]
  0x000001a7dce41000 JavaThread "Build operations Thread 6" [_thread_blocked, id=39428, stack(0x000000216b500000,0x000000216b600000)]
  0x000001a7e0d9e000 JavaThread "Build operations Thread 7" [_thread_blocked, id=18096, stack(0x000000216b600000,0x000000216b700000)]
  0x000001a7e0d98000 JavaThread "Build operations Thread 8" [_thread_blocked, id=27652, stack(0x000000216b700000,0x000000216b800000)]
  0x000001a7e0d9e800 JavaThread "build event listener" [_thread_blocked, id=40120, stack(0x000000216b800000,0x000000216b900000)]
  0x000001a7e0da3800 JavaThread "Execution worker for ':'" [_thread_blocked, id=47072, stack(0x000000216b900000,0x000000216ba00000)]
  0x000001a7e0da4800 JavaThread "Execution worker for ':' Thread 2" [_thread_blocked, id=26948, stack(0x000000216bb00000,0x000000216bc00000)]
  0x000001a7e0d9f800 JavaThread "Execution worker for ':' Thread 3" [_thread_blocked, id=47756, stack(0x000000216bc00000,0x000000216bd00000)]
  0x000001a7e0da6000 JavaThread "Execution worker for ':' Thread 4" [_thread_blocked, id=35136, stack(0x000000216bd00000,0x000000216be00000)]
  0x000001a7e0da0800 JavaThread "Execution worker for ':' Thread 5" [_thread_blocked, id=44116, stack(0x000000216be00000,0x000000216bf00000)]
  0x000001a7e0da2000 JavaThread "Execution worker for ':' Thread 6" [_thread_blocked, id=44192, stack(0x000000216bf00000,0x000000216c000000)]
  0x000001a7df98e000 JavaThread "Execution worker for ':' Thread 7" [_thread_blocked, id=28500, stack(0x000000216c000000,0x000000216c100000)]
  0x000001a7df990800 JavaThread "Cache worker for execution history cache (D:\Android Studio\SubmissionBMAAP\.gradle\7.0.2\executionHistory)" [_thread_blocked, id=21136, stack(0x000000216c100000,0x000000216c200000)]
  0x000001a7df98f000 JavaThread "WorkerExecutor Queue" [_thread_blocked, id=42368, stack(0x000000216c200000,0x000000216c300000)]
  0x000001a7df991800 JavaThread "WorkerExecutor Queue Thread 2" [_thread_blocked, id=42964, stack(0x000000216c300000,0x000000216c400000)]
  0x000001a7df990000 JavaThread "WorkerExecutor Queue Thread 3" [_thread_blocked, id=46584, stack(0x000000216c500000,0x000000216c600000)]
  0x000001a7df98b800 JavaThread "WorkerExecutor Queue Thread 4" [_thread_blocked, id=40920, stack(0x000000216c600000,0x000000216c700000)]
  0x000001a7df992800 JavaThread "WorkerExecutor Queue Thread 5" [_thread_blocked, id=39288, stack(0x000000216c700000,0x000000216c800000)]
  0x000001a7df98d800 JavaThread "WorkerExecutor Queue Thread 6" [_thread_blocked, id=2700, stack(0x000000216c800000,0x000000216c900000)]
  0x000001a7df98c800 JavaThread "WorkerExecutor Queue Thread 7" [_thread_blocked, id=39932, stack(0x000000216c900000,0x000000216ca00000)]
  0x000001a7df999000 JavaThread "WorkerExecutor Queue Thread 8" [_thread_blocked, id=41084, stack(0x000000216ca00000,0x000000216cb00000)]

Other Threads:
=>0x000001a7dc269000 VMThread "VM Thread" [stack: 0x0000002168000000,0x0000002168100000] [id=3908]
  0x000001a7dcd99800 WatcherThread [stack: 0x0000002168a00000,0x0000002168b00000] [id=16812]
  0x000001a7c1727000 GCTaskThread "GC Thread#0" [stack: 0x0000002167b00000,0x0000002167c00000] [id=26440]
  0x000001a7dd7ba800 GCTaskThread "GC Thread#1" [stack: 0x0000002168b00000,0x0000002168c00000] [id=21572]
  0x000001a7def2b000 GCTaskThread "GC Thread#2" [stack: 0x0000002169600000,0x0000002169700000] [id=14672]
  0x000001a7df08e000 GCTaskThread "GC Thread#3" [stack: 0x0000002169700000,0x0000002169800000] [id=16124]
  0x000001a7df149800 GCTaskThread "GC Thread#4" [stack: 0x0000002169800000,0x0000002169900000] [id=7060]
  0x000001a7df144800 GCTaskThread "GC Thread#5" [stack: 0x0000002169900000,0x0000002169a00000] [id=5792]
  0x000001a7df145000 GCTaskThread "GC Thread#6" [stack: 0x0000002169a00000,0x0000002169b00000] [id=15236]
  0x000001a7df0bd000 GCTaskThread "GC Thread#7" [stack: 0x0000002169b00000,0x0000002169c00000] [id=20880]
  0x000001a7c1759000 ConcurrentGCThread "G1 Main Marker" [stack: 0x0000002167c00000,0x0000002167d00000] [id=18048]
  0x000001a7c175a000 ConcurrentGCThread "G1 Conc#0" [stack: 0x0000002167d00000,0x0000002167e00000] [id=11064]
  0x000001a7dceaf800 ConcurrentGCThread "G1 Conc#1" [stack: 0x0000002169f00000,0x000000216a000000] [id=8984]
  0x000001a7c17b0800 ConcurrentGCThread "G1 Refine#0" [stack: 0x0000002167e00000,0x0000002167f00000] [id=7128]
  0x000001a7e16af000 ConcurrentGCThread "G1 Refine#1" [stack: 0x0000002167700000,0x0000002167800000] [id=45684]
  0x000001a7e16b6000 ConcurrentGCThread "G1 Refine#2" [stack: 0x000000216c400000,0x000000216c500000] [id=25124]
  0x000001a7c17b1800 ConcurrentGCThread "G1 Young RemSet Sampling" [stack: 0x0000002167f00000,0x0000002168000000] [id=24804]

Threads with active compile tasks:
C2 CompilerThread06807732 17366   !   4       java.io.ObjectOutputStream::writeObject0 (619 bytes)
C1 CompilerThread06807732 18042       2       com.android.aapt.Resources$Item::<init> (16 bytes)

VM state:at safepoint (normal execution)

VM Mutex/Monitor currently owned by a thread:  ([mutex/lock_event])
[0x000001a7c1708560] Threads_lock - owner thread: 0x000001a7dc269000
[0x000001a7c1707cf0] Heap_lock - owner thread: 0x000001a7df98f000

Heap address: 0x0000000080000000, size: 2048 MB, Compressed Oops mode: 32-bit
Narrow klass base: 0x0000000000000000, Narrow klass shift: 3
Compressed class space size: 1073741824 Address: 0x0000000100000000

Heap:
 garbage-first heap   total 580608K, used 145634K [0x0000000080000000, 0x0000000100000000)
  region size 1024K, 9 young (9216K), 9 survivors (9216K)
 Metaspace       used 116637K, capacity 119496K, committed 120320K, reserved 1153024K
  class space    used 14542K, capacity 15564K, committed 15872K, reserved 1048576K
Heap Regions: E=young(eden), S=young(survivor), O=old, HS=humongous(starts), HC=humongous(continues), CS=collection set, F=free, A=archive, TAMS=top-at-mark-start (previous, next)
|   0|0x0000000080000000, 0x0000000080100000, 0x0000000080100000|100%| O|  |TAMS 0x0000000080100000, 0x0000000080000000| Untracked 
|   1|0x0000000080100000, 0x0000000080200000, 0x0000000080200000|100%| O|  |TAMS 0x0000000080200000, 0x0000000080100000| Untracked 
|   2|0x0000000080200000, 0x0000000080300000, 0x0000000080300000|100%| O|  |TAMS 0x0000000080300000, 0x0000000080200000| Untracked 
|   3|0x0000000080300000, 0x0000000080400000, 0x0000000080400000|100%|HS|  |TAMS 0x0000000080400000, 0x0000000080300000| Complete 
|   4|0x0000000080400000, 0x0000000080500000, 0x0000000080500000|100%|HC|  |TAMS 0x0000000080500000, 0x0000000080400000| Complete 
|   5|0x0000000080500000, 0x0000000080600000, 0x0000000080600000|100%|HC|  |TAMS 0x0000000080600000, 0x0000000080500000| Complete 
|   6|0x0000000080600000, 0x0000000080700000, 0x0000000080700000|100%| O|  |TAMS 0x0000000080700000, 0x0000000080600000| Untracked 
|   7|0x0000000080700000, 0x0000000080800000, 0x0000000080800000|100%| O|  |TAMS 0x0000000080800000, 0x0000000080700000| Untracked 
|   8|0x0000000080800000, 0x0000000080900000, 0x0000000080900000|100%| O|  |TAMS 0x0000000080900000, 0x0000000080800000| Untracked 
|   9|0x0000000080900000, 0x0000000080a00000, 0x0000000080a00000|100%| O|  |TAMS 0x0000000080a00000, 0x0000000080900000| Untracked 
|  10|0x0000000080a00000, 0x0000000080b00000, 0x0000000080b00000|100%| O|  |TAMS 0x0000000080b00000, 0x0000000080a00000| Untracked 
|  11|0x0000000080b00000, 0x0000000080c00000, 0x0000000080c00000|100%| O|  |TAMS 0x0000000080c00000, 0x0000000080b00000| Untracked 
|  12|0x0000000080c00000, 0x0000000080d00000, 0x0000000080d00000|100%| O|  |TAMS 0x0000000080d00000, 0x0000000080c00000| Untracked 
|  13|0x0000000080d00000, 0x0000000080e00000, 0x0000000080e00000|100%| O|  |TAMS 0x0000000080e00000, 0x0000000080d00000| Untracked 
|  14|0x0000000080e00000, 0x0000000080f00000, 0x0000000080f00000|100%| O|  |TAMS 0x0000000080f00000, 0x0000000080e00000| Untracked 
|  15|0x0000000080f00000, 0x0000000081000000, 0x0000000081000000|100%| O|  |TAMS 0x0000000081000000, 0x0000000080f00000| Untracked 
|  16|0x0000000081000000, 0x0000000081100000, 0x0000000081100000|100%| O|  |TAMS 0x0000000081100000, 0x0000000081000000| Untracked 
|  17|0x0000000081100000, 0x0000000081200000, 0x0000000081200000|100%|HS|  |TAMS 0x0000000081200000, 0x0000000081100000| Complete 
|  18|0x0000000081200000, 0x0000000081300000, 0x0000000081300000|100%|HC|  |TAMS 0x0000000081300000, 0x0000000081200000| Complete 
|  19|0x0000000081300000, 0x0000000081400000, 0x0000000081400000|100%|HS|  |TAMS 0x0000000081400000, 0x0000000081300000| Complete 
|  20|0x0000000081400000, 0x0000000081500000, 0x0000000081500000|100%|HC|  |TAMS 0x0000000081500000, 0x0000000081400000| Complete 
|  21|0x0000000081500000, 0x0000000081600000, 0x0000000081600000|100%|HC|  |TAMS 0x0000000081600000, 0x0000000081500000| Complete 
|  22|0x0000000081600000, 0x0000000081700000, 0x0000000081700000|100%|HS|  |TAMS 0x0000000081700000, 0x0000000081600000| Complete 
|  23|0x0000000081700000, 0x0000000081800000, 0x0000000081800000|100%|HC|  |TAMS 0x0000000081800000, 0x0000000081700000| Complete 
|  24|0x0000000081800000, 0x0000000081900000, 0x0000000081900000|100%|HC|  |TAMS 0x0000000081900000, 0x0000000081800000| Complete 
|  25|0x0000000081900000, 0x0000000081a00000, 0x0000000081a00000|100%|HC|  |TAMS 0x0000000081a00000, 0x0000000081900000| Complete 
|  26|0x0000000081a00000, 0x0000000081b00000, 0x0000000081b00000|100%|HC|  |TAMS 0x0000000081b00000, 0x0000000081a00000| Complete 
|  27|0x0000000081b00000, 0x0000000081c00000, 0x0000000081c00000|100%| O|  |TAMS 0x0000000081c00000, 0x0000000081b00000| Untracked 
|  28|0x0000000081c00000, 0x0000000081d00000, 0x0000000081d00000|100%| O|  |TAMS 0x0000000081d00000, 0x0000000081c00000| Untracked 
|  29|0x0000000081d00000, 0x0000000081e00000, 0x0000000081e00000|100%| O|  |TAMS 0x0000000081e00000, 0x0000000081d00000| Untracked 
|  30|0x0000000081e00000, 0x0000000081f00000, 0x0000000081f00000|100%| O|  |TAMS 0x0000000081f00000, 0x0000000081e00000| Untracked 
|  31|0x0000000081f00000, 0x0000000082000000, 0x0000000082000000|100%| O|  |TAMS 0x0000000082000000, 0x0000000081f00000| Untracked 
|  32|0x0000000082000000, 0x0000000082100000, 0x0000000082100000|100%| O|  |TAMS 0x0000000082100000, 0x0000000082000000| Untracked 
|  33|0x0000000082100000, 0x0000000082200000, 0x0000000082200000|100%| O|  |TAMS 0x0000000082200000, 0x0000000082100000| Untracked 
|  34|0x0000000082200000, 0x0000000082300000, 0x0000000082300000|100%| O|  |TAMS 0x0000000082300000, 0x0000000082200000| Untracked 
|  35|0x0000000082300000, 0x0000000082400000, 0x0000000082400000|100%| O|  |TAMS 0x0000000082400000, 0x0000000082300000| Untracked 
|  36|0x0000000082400000, 0x0000000082500000, 0x0000000082500000|100%| O|  |TAMS 0x0000000082500000, 0x0000000082400000| Untracked 
|  37|0x0000000082500000, 0x0000000082600000, 0x0000000082600000|100%| O|  |TAMS 0x0000000082600000, 0x0000000082500000| Untracked 
|  38|0x0000000082600000, 0x0000000082700000, 0x0000000082700000|100%| O|  |TAMS 0x0000000082700000, 0x0000000082600000| Untracked 
|  39|0x0000000082700000, 0x0000000082800000, 0x0000000082800000|100%| O|  |TAMS 0x0000000082800000, 0x0000000082700000| Untracked 
|  40|0x0000000082800000, 0x0000000082900000, 0x0000000082900000|100%| O|  |TAMS 0x0000000082900000, 0x0000000082800000| Untracked 
|  41|0x0000000082900000, 0x0000000082a00000, 0x0000000082a00000|100%| O|  |TAMS 0x0000000082a00000, 0x0000000082900000| Untracked 
|  42|0x0000000082a00000, 0x0000000082b00000, 0x0000000082b00000|100%| O|  |TAMS 0x0000000082b00000, 0x0000000082a00000| Untracked 
|  43|0x0000000082b00000, 0x0000000082c00000, 0x0000000082c00000|100%|HS|  |TAMS 0x0000000082c00000, 0x0000000082b00000| Complete 
|  44|0x0000000082c00000, 0x0000000082d00000, 0x0000000082d00000|100%|HC|  |TAMS 0x0000000082d00000, 0x0000000082c00000| Complete 
|  45|0x0000000082d00000, 0x0000000082e00000, 0x0000000082e00000|100%|HC|  |TAMS 0x0000000082e00000, 0x0000000082d00000| Complete 
|  46|0x0000000082e00000, 0x0000000082f00000, 0x0000000082f00000|100%|HC|  |TAMS 0x0000000082f00000, 0x0000000082e00000| Complete 
|  47|0x0000000082f00000, 0x0000000083000000, 0x0000000083000000|100%|HC|  |TAMS 0x0000000083000000, 0x0000000082f00000| Complete 
|  48|0x0000000083000000, 0x0000000083100000, 0x0000000083100000|100%|HS|  |TAMS 0x0000000083100000, 0x0000000083000000| Complete 
|  49|0x0000000083100000, 0x0000000083200000, 0x0000000083200000|100%|HC|  |TAMS 0x0000000083200000, 0x0000000083100000| Complete 
|  50|0x0000000083200000, 0x0000000083300000, 0x0000000083300000|100%|HC|  |TAMS 0x0000000083300000, 0x0000000083200000| Complete 
|  51|0x0000000083300000, 0x0000000083400000, 0x0000000083400000|100%| O|  |TAMS 0x0000000083400000, 0x0000000083300000| Untracked 
|  52|0x0000000083400000, 0x0000000083500000, 0x0000000083500000|100%| O|  |TAMS 0x0000000083500000, 0x0000000083400000| Untracked 
|  53|0x0000000083500000, 0x0000000083600000, 0x0000000083600000|100%| O|  |TAMS 0x0000000083600000, 0x0000000083500000| Untracked 
|  54|0x0000000083600000, 0x0000000083700000, 0x0000000083700000|100%| O|  |TAMS 0x0000000083700000, 0x0000000083600000| Untracked 
|  55|0x0000000083700000, 0x0000000083800000, 0x0000000083800000|100%| O|  |TAMS 0x0000000083800000, 0x0000000083700000| Untracked 
|  56|0x0000000083800000, 0x0000000083900000, 0x0000000083900000|100%| O|  |TAMS 0x0000000083900000, 0x0000000083800000| Untracked 
|  57|0x0000000083900000, 0x0000000083a00000, 0x0000000083a00000|100%| O|  |TAMS 0x00000000839d8c00, 0x0000000083900000| Untracked 
|  58|0x0000000083a00000, 0x0000000083b00000, 0x0000000083b00000|100%| O|  |TAMS 0x0000000083b00000, 0x0000000083a00000| Untracked 
|  59|0x0000000083b00000, 0x0000000083c00000, 0x0000000083c00000|100%|HS|  |TAMS 0x0000000083c00000, 0x0000000083b00000| Complete 
|  60|0x0000000083c00000, 0x0000000083d00000, 0x0000000083d00000|100%| O|  |TAMS 0x0000000083d00000, 0x0000000083c00000| Untracked 
|  61|0x0000000083d00000, 0x0000000083e00000, 0x0000000083e00000|100%|HS|  |TAMS 0x0000000083e00000, 0x0000000083d00000| Complete 
|  62|0x0000000083e00000, 0x0000000083f00000, 0x0000000083f00000|100%| O|  |TAMS 0x0000000083f00000, 0x0000000083e00000| Untracked 
|  63|0x0000000083f00000, 0x0000000084000000, 0x0000000084000000|100%|HS|  |TAMS 0x0000000084000000, 0x0000000083f00000| Complete 
|  64|0x0000000084000000, 0x0000000084100000, 0x0000000084100000|100%| O|  |TAMS 0x0000000084100000, 0x0000000084000000| Untracked 
|  65|0x0000000084100000, 0x0000000084200000, 0x0000000084200000|100%| O|  |TAMS 0x0000000084200000, 0x0000000084100000| Untracked 
|  66|0x0000000084200000, 0x0000000084300000, 0x0000000084300000|100%| O|  |TAMS 0x0000000084300000, 0x0000000084200000| Untracked 
|  67|0x0000000084300000, 0x0000000084400000, 0x0000000084400000|100%|HS|  |TAMS 0x0000000084400000, 0x0000000084300000| Complete 
|  68|0x0000000084400000, 0x0000000084500000, 0x0000000084500000|100%|HC|  |TAMS 0x0000000084500000, 0x0000000084400000| Complete 
|  69|0x0000000084500000, 0x0000000084600000, 0x0000000084600000|100%|HC|  |TAMS 0x0000000084600000, 0x0000000084500000| Complete 
|  70|0x0000000084600000, 0x0000000084700000, 0x0000000084700000|100%| O|  |TAMS 0x0000000084700000, 0x0000000084600000| Untracked 
|  71|0x0000000084700000, 0x0000000084800000, 0x0000000084800000|100%|HS|  |TAMS 0x0000000084800000, 0x0000000084700000| Complete 
|  72|0x0000000084800000, 0x0000000084900000, 0x0000000084900000|100%|HC|  |TAMS 0x0000000084900000, 0x0000000084800000| Complete 
|  73|0x0000000084900000, 0x0000000084a00000, 0x0000000084a00000|100%| O|  |TAMS 0x0000000084a00000, 0x0000000084900000| Untracked 
|  74|0x0000000084a00000, 0x0000000084b00000, 0x0000000084b00000|100%| O|  |TAMS 0x0000000084b00000, 0x0000000084a00000| Untracked 
|  75|0x0000000084b00000, 0x0000000084c00000, 0x0000000084c00000|100%| O|  |TAMS 0x0000000084c00000, 0x0000000084b00000| Untracked 
|  76|0x0000000084c00000, 0x0000000084d00000, 0x0000000084d00000|100%| O|  |TAMS 0x0000000084d00000, 0x0000000084c00000| Untracked 
|  77|0x0000000084d00000, 0x0000000084e00000, 0x0000000084e00000|100%| O|  |TAMS 0x0000000084e00000, 0x0000000084d00000| Untracked 
|  78|0x0000000084e00000, 0x0000000084f00000, 0x0000000084f00000|100%| O|  |TAMS 0x0000000084f00000, 0x0000000084e00000| Untracked 
|  79|0x0000000084f00000, 0x0000000085000000, 0x0000000085000000|100%| O|  |TAMS 0x0000000085000000, 0x0000000084f00000| Untracked 
|  80|0x0000000085000000, 0x0000000085100000, 0x0000000085100000|100%| O|  |TAMS 0x0000000085100000, 0x0000000085000000| Untracked 
|  81|0x0000000085100000, 0x0000000085200000, 0x0000000085200000|100%| O|  |TAMS 0x0000000085200000, 0x0000000085100000| Untracked 
|  82|0x0000000085200000, 0x0000000085300000, 0x0000000085300000|100%| O|  |TAMS 0x0000000085300000, 0x0000000085200000| Untracked 
|  83|0x0000000085300000, 0x0000000085400000, 0x0000000085400000|100%| O|  |TAMS 0x0000000085400000, 0x0000000085300000| Untracked 
|  84|0x0000000085400000, 0x0000000085500000, 0x0000000085500000|100%| O|  |TAMS 0x0000000085500000, 0x0000000085400000| Untracked 
|  85|0x0000000085500000, 0x0000000085600000, 0x0000000085600000|100%| O|  |TAMS 0x0000000085600000, 0x0000000085500000| Untracked 
|  86|0x0000000085600000, 0x0000000085700000, 0x0000000085700000|100%| O|  |TAMS 0x0000000085700000, 0x0000000085600000| Untracked 
|  87|0x0000000085700000, 0x0000000085800000, 0x0000000085800000|100%| O|  |TAMS 0x0000000085800000, 0x0000000085700000| Untracked 
|  88|0x0000000085800000, 0x0000000085900000, 0x0000000085900000|100%| O|  |TAMS 0x0000000085900000, 0x0000000085800000| Untracked 
|  89|0x0000000085900000, 0x0000000085a00000, 0x0000000085a00000|100%| O|  |TAMS 0x0000000085a00000, 0x0000000085900000| Untracked 
|  90|0x0000000085a00000, 0x0000000085b00000, 0x0000000085b00000|100%| O|  |TAMS 0x0000000085b00000, 0x0000000085a00000| Untracked 
|  91|0x0000000085b00000, 0x0000000085c00000, 0x0000000085c00000|100%| O|  |TAMS 0x0000000085c00000, 0x0000000085b00000| Untracked 
|  92|0x0000000085c00000, 0x0000000085d00000, 0x0000000085d00000|100%| O|  |TAMS 0x0000000085d00000, 0x0000000085c00000| Untracked 
|  93|0x0000000085d00000, 0x0000000085e00000, 0x0000000085e00000|100%| O|  |TAMS 0x0000000085e00000, 0x0000000085d00000| Untracked 
|  94|0x0000000085e00000, 0x0000000085f00000, 0x0000000085f00000|100%| O|  |TAMS 0x0000000085f00000, 0x0000000085e00000| Untracked 
|  95|0x0000000085f00000, 0x0000000086000000, 0x0000000086000000|100%| O|  |TAMS 0x0000000086000000, 0x0000000085f00000| Untracked 
|  96|0x0000000086000000, 0x0000000086100000, 0x0000000086100000|100%| O|  |TAMS 0x0000000086100000, 0x0000000086000000| Untracked 
|  97|0x0000000086100000, 0x0000000086200000, 0x0000000086200000|100%| O|  |TAMS 0x0000000086200000, 0x0000000086100000| Untracked 
|  98|0x0000000086200000, 0x0000000086300000, 0x0000000086300000|100%| O|  |TAMS 0x0000000086300000, 0x0000000086200000| Untracked 
|  99|0x0000000086300000, 0x0000000086400000, 0x0000000086400000|100%| O|  |TAMS 0x0000000086400000, 0x0000000086300000| Untracked 
| 100|0x0000000086400000, 0x0000000086500000, 0x0000000086500000|100%| O|  |TAMS 0x0000000086500000, 0x0000000086400000| Untracked 
| 101|0x0000000086500000, 0x0000000086600000, 0x0000000086600000|100%| O|  |TAMS 0x0000000086600000, 0x0000000086500000| Untracked 
| 102|0x0000000086600000, 0x0000000086700000, 0x0000000086700000|100%| O|  |TAMS 0x0000000086700000, 0x0000000086600000| Untracked 
| 103|0x0000000086700000, 0x0000000086800000, 0x0000000086800000|100%| O|  |TAMS 0x0000000086800000, 0x0000000086700000| Untracked 
| 104|0x0000000086800000, 0x0000000086900000, 0x0000000086900000|100%| O|  |TAMS 0x0000000086900000, 0x0000000086800000| Untracked 
| 105|0x0000000086900000, 0x0000000086a00000, 0x0000000086a00000|100%| O|  |TAMS 0x0000000086a00000, 0x0000000086900000| Untracked 
| 106|0x0000000086a00000, 0x0000000086a00000, 0x0000000086b00000|  0%| F|  |TAMS 0x0000000086a00000, 0x0000000086a00000| Untracked 
| 107|0x0000000086b00000, 0x0000000086c00000, 0x0000000086c00000|100%| O|  |TAMS 0x0000000086c00000, 0x0000000086b00000| Untracked 
| 108|0x0000000086c00000, 0x0000000086d00000, 0x0000000086d00000|100%| O|  |TAMS 0x0000000086d00000, 0x0000000086c00000| Untracked 
| 109|0x0000000086d00000, 0x0000000086e00000, 0x0000000086e00000|100%| O|  |TAMS 0x0000000086e00000, 0x0000000086d00000| Untracked 
| 110|0x0000000086e00000, 0x0000000086f00000, 0x0000000086f00000|100%|HS|  |TAMS 0x0000000086f00000, 0x0000000086e00000| Complete 
| 111|0x0000000086f00000, 0x0000000087000000, 0x0000000087000000|100%| O|  |TAMS 0x0000000087000000, 0x0000000086f00000| Untracked 
| 112|0x0000000087000000, 0x0000000087100000, 0x0000000087100000|100%| O|  |TAMS 0x0000000087100000, 0x0000000087000000| Untracked 
| 113|0x0000000087100000, 0x0000000087200000, 0x0000000087200000|100%| O|  |TAMS 0x0000000087200000, 0x0000000087100000| Untracked 
| 114|0x0000000087200000, 0x0000000087300000, 0x0000000087300000|100%| O|  |TAMS 0x0000000087300000, 0x0000000087200000| Untracked 
| 115|0x0000000087300000, 0x0000000087400000, 0x0000000087400000|100%| O|  |TAMS 0x0000000087400000, 0x0000000087300000| Untracked 
| 116|0x0000000087400000, 0x0000000087500000, 0x0000000087500000|100%| O|  |TAMS 0x0000000087500000, 0x0000000087400000| Untracked 
| 117|0x0000000087500000, 0x0000000087600000, 0x0000000087600000|100%| O|  |TAMS 0x0000000087600000, 0x0000000087500000| Untracked 
| 118|0x0000000087600000, 0x0000000087700000, 0x0000000087700000|100%| O|  |TAMS 0x0000000087700000, 0x0000000087600000| Untracked 
| 119|0x0000000087700000, 0x0000000087800000, 0x0000000087800000|100%| O|  |TAMS 0x0000000087800000, 0x0000000087700000| Untracked 
| 120|0x0000000087800000, 0x0000000087900000, 0x0000000087900000|100%| O|  |TAMS 0x0000000087900000, 0x0000000087800000| Untracked 
| 121|0x0000000087900000, 0x0000000087a00000, 0x0000000087a00000|100%| O|  |TAMS 0x0000000087a00000, 0x0000000087900000| Untracked 
| 122|0x0000000087a00000, 0x0000000087b00000, 0x0000000087b00000|100%| O|  |TAMS 0x0000000087b00000, 0x0000000087a00000| Untracked 
| 123|0x0000000087b00000, 0x0000000087c00000, 0x0000000087c00000|100%| O|  |TAMS 0x0000000087c00000, 0x0000000087b00000| Untracked 
| 124|0x0000000087c00000, 0x0000000087d00000, 0x0000000087d00000|100%| O|  |TAMS 0x0000000087d00000, 0x0000000087c00000| Untracked 
| 125|0x0000000087d00000, 0x0000000087e00000, 0x0000000087e00000|100%| O|  |TAMS 0x0000000087e00000, 0x0000000087d00000| Untracked 
| 126|0x0000000087e00000, 0x0000000087f00000, 0x0000000087f00000|100%| O|  |TAMS 0x0000000087f00000, 0x0000000087e00000| Untracked 
| 127|0x0000000087f00000, 0x0000000088000000, 0x0000000088000000|100%| O|  |TAMS 0x0000000088000000, 0x0000000087f00000| Untracked 
| 128|0x0000000088000000, 0x0000000088100000, 0x0000000088100000|100%| O|  |TAMS 0x0000000088100000, 0x0000000088000000| Untracked 
| 129|0x0000000088100000, 0x0000000088200000, 0x0000000088200000|100%| O|  |TAMS 0x0000000088200000, 0x0000000088100000| Untracked 
| 130|0x0000000088200000, 0x0000000088200000, 0x0000000088300000|  0%| F|  |TAMS 0x0000000088200000, 0x0000000088200000| Untracked 
| 131|0x0000000088300000, 0x0000000088300000, 0x0000000088400000|  0%| F|  |TAMS 0x0000000088300000, 0x0000000088300000| Untracked 
| 132|0x0000000088400000, 0x0000000088400000, 0x0000000088500000|  0%| F|  |TAMS 0x0000000088400000, 0x0000000088400000| Untracked 
| 133|0x0000000088500000, 0x0000000088500000, 0x0000000088600000|  0%| F|  |TAMS 0x0000000088500000, 0x0000000088500000| Untracked 
| 134|0x0000000088600000, 0x0000000088600000, 0x0000000088700000|  0%| F|  |TAMS 0x0000000088600000, 0x0000000088600000| Untracked 
| 135|0x0000000088700000, 0x0000000088700000, 0x0000000088800000|  0%| F|  |TAMS 0x0000000088700000, 0x0000000088700000| Untracked 
| 136|0x0000000088800000, 0x0000000088800000, 0x0000000088900000|  0%| F|  |TAMS 0x0000000088800000, 0x0000000088800000| Untracked 
| 137|0x0000000088900000, 0x0000000088900000, 0x0000000088a00000|  0%| F|  |TAMS 0x0000000088900000, 0x0000000088900000| Untracked 
| 138|0x0000000088a00000, 0x0000000088a00000, 0x0000000088b00000|  0%| F|  |TAMS 0x0000000088a00000, 0x0000000088a00000| Untracked 
| 139|0x0000000088b00000, 0x0000000088b00000, 0x0000000088c00000|  0%| F|  |TAMS 0x0000000088b00000, 0x0000000088b00000| Untracked 
| 140|0x0000000088c00000, 0x0000000088c00000, 0x0000000088d00000|  0%| F|  |TAMS 0x0000000088c00000, 0x0000000088c00000| Untracked 
| 141|0x0000000088d00000, 0x0000000088d00000, 0x0000000088e00000|  0%| F|  |TAMS 0x0000000088d00000, 0x0000000088d00000| Untracked 
| 142|0x0000000088e00000, 0x0000000088e00000, 0x0000000088f00000|  0%| F|  |TAMS 0x0000000088e00000, 0x0000000088e00000| Untracked 
| 143|0x0000000088f00000, 0x0000000088f00000, 0x0000000089000000|  0%| F|  |TAMS 0x0000000088f00000, 0x0000000088f00000| Untracked 
| 144|0x0000000089000000, 0x0000000089100000, 0x0000000089100000|100%| O|  |TAMS 0x0000000089000000, 0x0000000089000000| Untracked 
| 145|0x0000000089100000, 0x0000000089200000, 0x0000000089200000|100%| O|  |TAMS 0x0000000089100000, 0x0000000089100000| Untracked 
| 146|0x0000000089200000, 0x0000000089300000, 0x0000000089300000|100%| O|  |TAMS 0x0000000089200000, 0x0000000089200000| Untracked 
| 147|0x0000000089300000, 0x0000000089400000, 0x0000000089400000|100%| O|  |TAMS 0x0000000089300000, 0x0000000089300000| Untracked 
| 148|0x0000000089400000, 0x0000000089438800, 0x0000000089500000| 22%| O|  |TAMS 0x0000000089400000, 0x0000000089400000| Untracked 
| 149|0x0000000089500000, 0x0000000089500000, 0x0000000089600000|  0%| F|  |TAMS 0x0000000089500000, 0x0000000089500000| Untracked 
| 150|0x0000000089600000, 0x0000000089600000, 0x0000000089700000|  0%| F|  |TAMS 0x0000000089600000, 0x0000000089600000| Untracked 
| 151|0x0000000089700000, 0x0000000089700000, 0x0000000089800000|  0%| F|  |TAMS 0x0000000089700000, 0x0000000089700000| Untracked 
| 152|0x0000000089800000, 0x0000000089800000, 0x0000000089900000|  0%| F|  |TAMS 0x0000000089800000, 0x0000000089800000| Untracked 
| 153|0x0000000089900000, 0x0000000089900000, 0x0000000089a00000|  0%| F|  |TAMS 0x0000000089900000, 0x0000000089900000| Untracked 
| 154|0x0000000089a00000, 0x0000000089a00000, 0x0000000089b00000|  0%| F|  |TAMS 0x0000000089a00000, 0x0000000089a00000| Untracked 
| 155|0x0000000089b00000, 0x0000000089b00000, 0x0000000089c00000|  0%| F|  |TAMS 0x0000000089b00000, 0x0000000089b00000| Untracked 
| 156|0x0000000089c00000, 0x0000000089c00000, 0x0000000089d00000|  0%| F|  |TAMS 0x0000000089c00000, 0x0000000089c00000| Untracked 
| 157|0x0000000089d00000, 0x0000000089d00000, 0x0000000089e00000|  0%| F|  |TAMS 0x0000000089d00000, 0x0000000089d00000| Untracked 
| 158|0x0000000089e00000, 0x0000000089e00000, 0x0000000089f00000|  0%| F|  |TAMS 0x0000000089e00000, 0x0000000089e00000| Untracked 
| 159|0x0000000089f00000, 0x0000000089f00000, 0x000000008a000000|  0%| F|  |TAMS 0x0000000089f00000, 0x0000000089f00000| Untracked 
| 160|0x000000008a000000, 0x000000008a000000, 0x000000008a100000|  0%| F|  |TAMS 0x000000008a000000, 0x000000008a000000| Untracked 
| 161|0x000000008a100000, 0x000000008a100000, 0x000000008a200000|  0%| F|  |TAMS 0x000000008a100000, 0x000000008a100000| Untracked 
| 162|0x000000008a200000, 0x000000008a200000, 0x000000008a300000|  0%| F|  |TAMS 0x000000008a200000, 0x000000008a200000| Untracked 
| 163|0x000000008a300000, 0x000000008a300000, 0x000000008a400000|  0%| F|  |TAMS 0x000000008a300000, 0x000000008a300000| Untracked 
| 164|0x000000008a400000, 0x000000008a400000, 0x000000008a500000|  0%| F|  |TAMS 0x000000008a400000, 0x000000008a400000| Untracked 
| 165|0x000000008a500000, 0x000000008a500000, 0x000000008a600000|  0%| F|  |TAMS 0x000000008a500000, 0x000000008a500000| Untracked 
| 166|0x000000008a600000, 0x000000008a600000, 0x000000008a700000|  0%| F|  |TAMS 0x000000008a600000, 0x000000008a600000| Untracked 
| 167|0x000000008a700000, 0x000000008a700000, 0x000000008a800000|  0%| F|  |TAMS 0x000000008a700000, 0x000000008a700000| Untracked 
| 168|0x000000008a800000, 0x000000008a800000, 0x000000008a900000|  0%| F|  |TAMS 0x000000008a800000, 0x000000008a800000| Untracked 
| 169|0x000000008a900000, 0x000000008a900000, 0x000000008aa00000|  0%| F|  |TAMS 0x000000008a900000, 0x000000008a900000| Untracked 
| 170|0x000000008aa00000, 0x000000008aa00000, 0x000000008ab00000|  0%| F|  |TAMS 0x000000008aa00000, 0x000000008aa00000| Untracked 
| 171|0x000000008ab00000, 0x000000008ab00000, 0x000000008ac00000|  0%| F|  |TAMS 0x000000008ab00000, 0x000000008ab00000| Untracked 
| 172|0x000000008ac00000, 0x000000008ac00000, 0x000000008ad00000|  0%| F|  |TAMS 0x000000008ac00000, 0x000000008ac00000| Untracked 
| 173|0x000000008ad00000, 0x000000008ad00000, 0x000000008ae00000|  0%| F|  |TAMS 0x000000008ad00000, 0x000000008ad00000| Untracked 
| 174|0x000000008ae00000, 0x000000008ae00000, 0x000000008af00000|  0%| F|  |TAMS 0x000000008ae00000, 0x000000008ae00000| Untracked 
| 175|0x000000008af00000, 0x000000008af00000, 0x000000008b000000|  0%| F|  |TAMS 0x000000008af00000, 0x000000008af00000| Untracked 
| 176|0x000000008b000000, 0x000000008b000000, 0x000000008b100000|  0%| F|  |TAMS 0x000000008b000000, 0x000000008b000000| Untracked 
| 177|0x000000008b100000, 0x000000008b100000, 0x000000008b200000|  0%| F|  |TAMS 0x000000008b100000, 0x000000008b100000| Untracked 
| 178|0x000000008b200000, 0x000000008b200000, 0x000000008b300000|  0%| F|  |TAMS 0x000000008b200000, 0x000000008b200000| Untracked 
| 179|0x000000008b300000, 0x000000008b300000, 0x000000008b400000|  0%| F|  |TAMS 0x000000008b300000, 0x000000008b300000| Untracked 
| 180|0x000000008b400000, 0x000000008b400000, 0x000000008b500000|  0%| F|  |TAMS 0x000000008b400000, 0x000000008b400000| Untracked 
| 181|0x000000008b500000, 0x000000008b500000, 0x000000008b600000|  0%| F|  |TAMS 0x000000008b500000, 0x000000008b500000| Untracked 
| 182|0x000000008b600000, 0x000000008b600000, 0x000000008b700000|  0%| F|  |TAMS 0x000000008b600000, 0x000000008b600000| Untracked 
| 183|0x000000008b700000, 0x000000008b700000, 0x000000008b800000|  0%| F|  |TAMS 0x000000008b700000, 0x000000008b700000| Untracked 
| 184|0x000000008b800000, 0x000000008b800000, 0x000000008b900000|  0%| F|  |TAMS 0x000000008b800000, 0x000000008b800000| Untracked 
| 185|0x000000008b900000, 0x000000008b900000, 0x000000008ba00000|  0%| F|  |TAMS 0x000000008b900000, 0x000000008b900000| Untracked 
| 186|0x000000008ba00000, 0x000000008ba00000, 0x000000008bb00000|  0%| F|  |TAMS 0x000000008ba00000, 0x000000008ba00000| Untracked 
| 187|0x000000008bb00000, 0x000000008bb00000, 0x000000008bc00000|  0%| F|  |TAMS 0x000000008bb00000, 0x000000008bb00000| Untracked 
| 188|0x000000008bc00000, 0x000000008bc00000, 0x000000008bd00000|  0%| F|  |TAMS 0x000000008bc00000, 0x000000008bc00000| Untracked 
| 189|0x000000008bd00000, 0x000000008bd00000, 0x000000008be00000|  0%| F|  |TAMS 0x000000008bd00000, 0x000000008bd00000| Untracked 
| 190|0x000000008be00000, 0x000000008be00000, 0x000000008bf00000|  0%| F|  |TAMS 0x000000008be00000, 0x000000008be00000| Untracked 
| 191|0x000000008bf00000, 0x000000008bf00000, 0x000000008c000000|  0%| F|  |TAMS 0x000000008bf00000, 0x000000008bf00000| Untracked 
| 192|0x000000008c000000, 0x000000008c000000, 0x000000008c100000|  0%| F|  |TAMS 0x000000008c000000, 0x000000008c000000| Untracked 
| 193|0x000000008c100000, 0x000000008c100000, 0x000000008c200000|  0%| F|  |TAMS 0x000000008c100000, 0x000000008c100000| Untracked 
| 194|0x000000008c200000, 0x000000008c200000, 0x000000008c300000|  0%| F|  |TAMS 0x000000008c200000, 0x000000008c200000| Untracked 
| 195|0x000000008c300000, 0x000000008c300000, 0x000000008c400000|  0%| F|  |TAMS 0x000000008c300000, 0x000000008c300000| Untracked 
| 196|0x000000008c400000, 0x000000008c400000, 0x000000008c500000|  0%| F|  |TAMS 0x000000008c400000, 0x000000008c400000| Untracked 
| 197|0x000000008c500000, 0x000000008c500000, 0x000000008c600000|  0%| F|  |TAMS 0x000000008c500000, 0x000000008c500000| Untracked 
| 198|0x000000008c600000, 0x000000008c600000, 0x000000008c700000|  0%| F|  |TAMS 0x000000008c600000, 0x000000008c600000| Untracked 
| 199|0x000000008c700000, 0x000000008c700000, 0x000000008c800000|  0%| F|  |TAMS 0x000000008c700000, 0x000000008c700000| Untracked 
| 200|0x000000008c800000, 0x000000008c800000, 0x000000008c900000|  0%| F|  |TAMS 0x000000008c800000, 0x000000008c800000| Untracked 
| 201|0x000000008c900000, 0x000000008c900000, 0x000000008ca00000|  0%| F|  |TAMS 0x000000008c900000, 0x000000008c900000| Untracked 
| 202|0x000000008ca00000, 0x000000008ca00000, 0x000000008cb00000|  0%| F|  |TAMS 0x000000008ca00000, 0x000000008ca00000| Untracked 
| 203|0x000000008cb00000, 0x000000008cb00000, 0x000000008cc00000|  0%| F|  |TAMS 0x000000008cb00000, 0x000000008cb00000| Untracked 
| 204|0x000000008cc00000, 0x000000008cc00000, 0x000000008cd00000|  0%| F|  |TAMS 0x000000008cc00000, 0x000000008cc00000| Untracked 
| 205|0x000000008cd00000, 0x000000008cd00000, 0x000000008ce00000|  0%| F|  |TAMS 0x000000008cd00000, 0x000000008cd00000| Untracked 
| 206|0x000000008ce00000, 0x000000008ce00000, 0x000000008cf00000|  0%| F|  |TAMS 0x000000008ce00000, 0x000000008ce00000| Untracked 
| 207|0x000000008cf00000, 0x000000008cf00000, 0x000000008d000000|  0%| F|  |TAMS 0x000000008cf00000, 0x000000008cf00000| Untracked 
| 208|0x000000008d000000, 0x000000008d000000, 0x000000008d100000|  0%| F|  |TAMS 0x000000008d000000, 0x000000008d000000| Untracked 
| 209|0x000000008d100000, 0x000000008d100000, 0x000000008d200000|  0%| F|  |TAMS 0x000000008d100000, 0x000000008d100000| Untracked 
| 210|0x000000008d200000, 0x000000008d200000, 0x000000008d300000|  0%| F|  |TAMS 0x000000008d200000, 0x000000008d200000| Untracked 
| 211|0x000000008d300000, 0x000000008d300000, 0x000000008d400000|  0%| F|  |TAMS 0x000000008d300000, 0x000000008d300000| Untracked 
| 212|0x000000008d400000, 0x000000008d400000, 0x000000008d500000|  0%| F|  |TAMS 0x000000008d400000, 0x000000008d400000| Untracked 
| 213|0x000000008d500000, 0x000000008d500000, 0x000000008d600000|  0%| F|  |TAMS 0x000000008d500000, 0x000000008d500000| Untracked 
| 214|0x000000008d600000, 0x000000008d600000, 0x000000008d700000|  0%| F|  |TAMS 0x000000008d600000, 0x000000008d600000| Untracked 
| 215|0x000000008d700000, 0x000000008d700000, 0x000000008d800000|  0%| F|  |TAMS 0x000000008d700000, 0x000000008d700000| Untracked 
| 216|0x000000008d800000, 0x000000008d800000, 0x000000008d900000|  0%| F|  |TAMS 0x000000008d800000, 0x000000008d800000| Untracked 
| 217|0x000000008d900000, 0x000000008d900000, 0x000000008da00000|  0%| F|  |TAMS 0x000000008d900000, 0x000000008d900000| Untracked 
| 218|0x000000008da00000, 0x000000008da00000, 0x000000008db00000|  0%| F|  |TAMS 0x000000008da00000, 0x000000008da00000| Untracked 
| 219|0x000000008db00000, 0x000000008db00000, 0x000000008dc00000|  0%| F|  |TAMS 0x000000008db00000, 0x000000008db00000| Untracked 
| 220|0x000000008dc00000, 0x000000008dc00000, 0x000000008dd00000|  0%| F|  |TAMS 0x000000008dc00000, 0x000000008dc00000| Untracked 
| 221|0x000000008dd00000, 0x000000008dd00000, 0x000000008de00000|  0%| F|  |TAMS 0x000000008dd00000, 0x000000008dd00000| Untracked 
| 222|0x000000008de00000, 0x000000008de00000, 0x000000008df00000|  0%| F|  |TAMS 0x000000008de00000, 0x000000008de00000| Untracked 
| 223|0x000000008df00000, 0x000000008df00000, 0x000000008e000000|  0%| F|  |TAMS 0x000000008df00000, 0x000000008df00000| Untracked 
| 224|0x000000008e000000, 0x000000008e000000, 0x000000008e100000|  0%| F|  |TAMS 0x000000008e000000, 0x000000008e000000| Untracked 
| 225|0x000000008e100000, 0x000000008e100000, 0x000000008e200000|  0%| F|  |TAMS 0x000000008e100000, 0x000000008e100000| Untracked 
| 226|0x000000008e200000, 0x000000008e200000, 0x000000008e300000|  0%| F|  |TAMS 0x000000008e200000, 0x000000008e200000| Untracked 
| 227|0x000000008e300000, 0x000000008e300000, 0x000000008e400000|  0%| F|  |TAMS 0x000000008e300000, 0x000000008e300000| Untracked 
| 228|0x000000008e400000, 0x000000008e400000, 0x000000008e500000|  0%| F|  |TAMS 0x000000008e400000, 0x000000008e400000| Untracked 
| 229|0x000000008e500000, 0x000000008e500000, 0x000000008e600000|  0%| F|  |TAMS 0x000000008e500000, 0x000000008e500000| Untracked 
| 230|0x000000008e600000, 0x000000008e600000, 0x000000008e700000|  0%| F|  |TAMS 0x000000008e600000, 0x000000008e600000| Untracked 
| 231|0x000000008e700000, 0x000000008e700000, 0x000000008e800000|  0%| F|  |TAMS 0x000000008e700000, 0x000000008e700000| Untracked 
| 232|0x000000008e800000, 0x000000008e800000, 0x000000008e900000|  0%| F|  |TAMS 0x000000008e800000, 0x000000008e800000| Untracked 
| 233|0x000000008e900000, 0x000000008e900000, 0x000000008ea00000|  0%| F|  |TAMS 0x000000008e900000, 0x000000008e900000| Untracked 
| 234|0x000000008ea00000, 0x000000008ea00000, 0x000000008eb00000|  0%| F|  |TAMS 0x000000008ea00000, 0x000000008ea00000| Untracked 
| 235|0x000000008eb00000, 0x000000008eb00000, 0x000000008ec00000|  0%| F|  |TAMS 0x000000008eb00000, 0x000000008eb00000| Untracked 
| 236|0x000000008ec00000, 0x000000008ec00000, 0x000000008ed00000|  0%| F|  |TAMS 0x000000008ec00000, 0x000000008ec00000| Untracked 
| 237|0x000000008ed00000, 0x000000008ed00000, 0x000000008ee00000|  0%| F|  |TAMS 0x000000008ed00000, 0x000000008ed00000| Untracked 
| 238|0x000000008ee00000, 0x000000008ee00000, 0x000000008ef00000|  0%| F|  |TAMS 0x000000008ee00000, 0x000000008ee00000| Untracked 
| 239|0x000000008ef00000, 0x000000008ef00000, 0x000000008f000000|  0%| F|  |TAMS 0x000000008ef00000, 0x000000008ef00000| Untracked 
| 240|0x000000008f000000, 0x000000008f000000, 0x000000008f100000|  0%| F|  |TAMS 0x000000008f000000, 0x000000008f000000| Untracked 
| 241|0x000000008f100000, 0x000000008f100000, 0x000000008f200000|  0%| F|  |TAMS 0x000000008f100000, 0x000000008f100000| Untracked 
| 242|0x000000008f200000, 0x000000008f200000, 0x000000008f300000|  0%| F|  |TAMS 0x000000008f200000, 0x000000008f200000| Untracked 
| 243|0x000000008f300000, 0x000000008f300000, 0x000000008f400000|  0%| F|  |TAMS 0x000000008f300000, 0x000000008f300000| Untracked 
| 244|0x000000008f400000, 0x000000008f400000, 0x000000008f500000|  0%| F|  |TAMS 0x000000008f400000, 0x000000008f400000| Untracked 
| 245|0x000000008f500000, 0x000000008f500000, 0x000000008f600000|  0%| F|  |TAMS 0x000000008f500000, 0x000000008f500000| Untracked 
| 246|0x000000008f600000, 0x000000008f600000, 0x000000008f700000|  0%| F|  |TAMS 0x000000008f600000, 0x000000008f600000| Untracked 
| 247|0x000000008f700000, 0x000000008f700000, 0x000000008f800000|  0%| F|  |TAMS 0x000000008f700000, 0x000000008f700000| Untracked 
| 248|0x000000008f800000, 0x000000008f800000, 0x000000008f900000|  0%| F|  |TAMS 0x000000008f800000, 0x000000008f800000| Untracked 
| 249|0x000000008f900000, 0x000000008f900000, 0x000000008fa00000|  0%| F|  |TAMS 0x000000008f900000, 0x000000008f900000| Untracked 
| 250|0x000000008fa00000, 0x000000008fa00000, 0x000000008fb00000|  0%| F|  |TAMS 0x000000008fa00000, 0x000000008fa00000| Untracked 
| 251|0x000000008fb00000, 0x000000008fb00000, 0x000000008fc00000|  0%| F|  |TAMS 0x000000008fb00000, 0x000000008fb00000| Untracked 
| 252|0x000000008fc00000, 0x000000008fc00000, 0x000000008fd00000|  0%| F|  |TAMS 0x000000008fc00000, 0x000000008fc00000| Untracked 
| 253|0x000000008fd00000, 0x000000008fd00000, 0x000000008fe00000|  0%| F|  |TAMS 0x000000008fd00000, 0x000000008fd00000| Untracked 
| 254|0x000000008fe00000, 0x000000008fe00000, 0x000000008ff00000|  0%| F|  |TAMS 0x000000008fe00000, 0x000000008fe00000| Untracked 
| 255|0x000000008ff00000, 0x000000008ff00000, 0x0000000090000000|  0%| F|  |TAMS 0x000000008ff00000, 0x000000008ff00000| Untracked 
| 256|0x0000000090000000, 0x0000000090000000, 0x0000000090100000|  0%| F|  |TAMS 0x0000000090000000, 0x0000000090000000| Untracked 
| 257|0x0000000090100000, 0x0000000090100000, 0x0000000090200000|  0%| F|  |TAMS 0x0000000090100000, 0x0000000090100000| Untracked 
| 258|0x0000000090200000, 0x0000000090200000, 0x0000000090300000|  0%| F|  |TAMS 0x0000000090200000, 0x0000000090200000| Untracked 
| 259|0x0000000090300000, 0x0000000090400000, 0x0000000090400000|100%| S|CS|TAMS 0x0000000090300000, 0x0000000090300000| Complete 
| 260|0x0000000090400000, 0x0000000090500000, 0x0000000090500000|100%| S|CS|TAMS 0x0000000090400000, 0x0000000090400000| Complete 
| 261|0x0000000090500000, 0x0000000090600000, 0x0000000090600000|100%| S|CS|TAMS 0x0000000090500000, 0x0000000090500000| Complete 
| 262|0x0000000090600000, 0x0000000090700000, 0x0000000090700000|100%| S|CS|TAMS 0x0000000090600000, 0x0000000090600000| Complete 
| 263|0x0000000090700000, 0x0000000090800000, 0x0000000090800000|100%| S|CS|TAMS 0x0000000090700000, 0x0000000090700000| Complete 
| 264|0x0000000090800000, 0x0000000090900000, 0x0000000090900000|100%| S|CS|TAMS 0x0000000090800000, 0x0000000090800000| Complete 
| 265|0x0000000090900000, 0x0000000090a00000, 0x0000000090a00000|100%| S|CS|TAMS 0x0000000090900000, 0x0000000090900000| Complete 
| 266|0x0000000090a00000, 0x0000000090b00000, 0x0000000090b00000|100%| S|CS|TAMS 0x0000000090a00000, 0x0000000090a00000| Complete 
| 267|0x0000000090b00000, 0x0000000090c00000, 0x0000000090c00000|100%| S|CS|TAMS 0x0000000090b00000, 0x0000000090b00000| Complete 
| 268|0x0000000090c00000, 0x0000000090c00000, 0x0000000090d00000|  0%| F|  |TAMS 0x0000000090c00000, 0x0000000090c00000| Untracked 
| 269|0x0000000090d00000, 0x0000000090d00000, 0x0000000090e00000|  0%| F|  |TAMS 0x0000000090d00000, 0x0000000090d00000| Untracked 
| 270|0x0000000090e00000, 0x0000000090e00000, 0x0000000090f00000|  0%| F|  |TAMS 0x0000000090e00000, 0x0000000090e00000| Untracked 
| 271|0x0000000090f00000, 0x0000000090f00000, 0x0000000091000000|  0%| F|  |TAMS 0x0000000090f00000, 0x0000000090f00000| Untracked 
| 272|0x0000000091000000, 0x0000000091000000, 0x0000000091100000|  0%| F|  |TAMS 0x0000000091000000, 0x0000000091000000| Untracked 
| 273|0x0000000091100000, 0x0000000091100000, 0x0000000091200000|  0%| F|  |TAMS 0x0000000091100000, 0x0000000091100000| Untracked 
| 274|0x0000000091200000, 0x0000000091200000, 0x0000000091300000|  0%| F|  |TAMS 0x0000000091200000, 0x0000000091200000| Untracked 
| 275|0x0000000091300000, 0x0000000091300000, 0x0000000091400000|  0%| F|  |TAMS 0x0000000091300000, 0x0000000091300000| Untracked 
| 276|0x0000000091400000, 0x0000000091400000, 0x0000000091500000|  0%| F|  |TAMS 0x0000000091400000, 0x0000000091400000| Untracked 
| 277|0x0000000091500000, 0x0000000091500000, 0x0000000091600000|  0%| F|  |TAMS 0x0000000091500000, 0x0000000091500000| Untracked 
| 278|0x0000000091600000, 0x0000000091600000, 0x0000000091700000|  0%| F|  |TAMS 0x0000000091600000, 0x0000000091600000| Untracked 
| 279|0x0000000091700000, 0x0000000091700000, 0x0000000091800000|  0%| F|  |TAMS 0x0000000091700000, 0x0000000091700000| Untracked 
| 280|0x0000000091800000, 0x0000000091800000, 0x0000000091900000|  0%| F|  |TAMS 0x0000000091800000, 0x0000000091800000| Untracked 
| 281|0x0000000091900000, 0x0000000091900000, 0x0000000091a00000|  0%| F|  |TAMS 0x0000000091900000, 0x0000000091900000| Untracked 
| 282|0x0000000091a00000, 0x0000000091a00000, 0x0000000091b00000|  0%| F|  |TAMS 0x0000000091a00000, 0x0000000091a00000| Untracked 
| 283|0x0000000091b00000, 0x0000000091b00000, 0x0000000091c00000|  0%| F|  |TAMS 0x0000000091b00000, 0x0000000091b00000| Untracked 
| 284|0x0000000091c00000, 0x0000000091c00000, 0x0000000091d00000|  0%| F|  |TAMS 0x0000000091c00000, 0x0000000091c00000| Untracked 
| 285|0x0000000091d00000, 0x0000000091d00000, 0x0000000091e00000|  0%| F|  |TAMS 0x0000000091d00000, 0x0000000091d00000| Untracked 
| 286|0x0000000091e00000, 0x0000000091e00000, 0x0000000091f00000|  0%| F|  |TAMS 0x0000000091e00000, 0x0000000091e00000| Untracked 
| 287|0x0000000091f00000, 0x0000000091f00000, 0x0000000092000000|  0%| F|  |TAMS 0x0000000091f00000, 0x0000000091f00000| Untracked 
| 288|0x0000000092000000, 0x0000000092000000, 0x0000000092100000|  0%| F|  |TAMS 0x0000000092000000, 0x0000000092000000| Untracked 
| 289|0x0000000092100000, 0x0000000092100000, 0x0000000092200000|  0%| F|  |TAMS 0x0000000092100000, 0x0000000092100000| Untracked 
| 290|0x0000000092200000, 0x0000000092200000, 0x0000000092300000|  0%| F|  |TAMS 0x0000000092200000, 0x0000000092200000| Untracked 
| 291|0x0000000092300000, 0x0000000092300000, 0x0000000092400000|  0%| F|  |TAMS 0x0000000092300000, 0x0000000092300000| Untracked 
| 292|0x0000000092400000, 0x0000000092400000, 0x0000000092500000|  0%| F|  |TAMS 0x0000000092400000, 0x0000000092400000| Untracked 
| 293|0x0000000092500000, 0x0000000092500000, 0x0000000092600000|  0%| F|  |TAMS 0x0000000092500000, 0x0000000092500000| Untracked 
| 294|0x0000000092600000, 0x0000000092600000, 0x0000000092700000|  0%| F|  |TAMS 0x0000000092600000, 0x0000000092600000| Untracked 
| 295|0x0000000092700000, 0x0000000092700000, 0x0000000092800000|  0%| F|  |TAMS 0x0000000092700000, 0x0000000092700000| Untracked 
| 296|0x0000000092800000, 0x0000000092800000, 0x0000000092900000|  0%| F|  |TAMS 0x0000000092800000, 0x0000000092800000| Untracked 
| 297|0x0000000092900000, 0x0000000092900000, 0x0000000092a00000|  0%| F|  |TAMS 0x0000000092900000, 0x0000000092900000| Untracked 
| 298|0x0000000092a00000, 0x0000000092a00000, 0x0000000092b00000|  0%| F|  |TAMS 0x0000000092a00000, 0x0000000092a00000| Untracked 
| 299|0x0000000092b00000, 0x0000000092b00000, 0x0000000092c00000|  0%| F|  |TAMS 0x0000000092b00000, 0x0000000092b00000| Untracked 
| 300|0x0000000092c00000, 0x0000000092c00000, 0x0000000092d00000|  0%| F|  |TAMS 0x0000000092c00000, 0x0000000092c00000| Untracked 
| 301|0x0000000092d00000, 0x0000000092d00000, 0x0000000092e00000|  0%| F|  |TAMS 0x0000000092d00000, 0x0000000092d00000| Untracked 
| 302|0x0000000092e00000, 0x0000000092e00000, 0x0000000092f00000|  0%| F|  |TAMS 0x0000000092e00000, 0x0000000092e00000| Untracked 
| 303|0x0000000092f00000, 0x0000000092f00000, 0x0000000093000000|  0%| F|  |TAMS 0x0000000092f00000, 0x0000000092f00000| Untracked 
| 304|0x0000000093000000, 0x0000000093000000, 0x0000000093100000|  0%| F|  |TAMS 0x0000000093000000, 0x0000000093000000| Untracked 
| 305|0x0000000093100000, 0x0000000093100000, 0x0000000093200000|  0%| F|  |TAMS 0x0000000093100000, 0x0000000093100000| Untracked 
| 306|0x0000000093200000, 0x0000000093200000, 0x0000000093300000|  0%| F|  |TAMS 0x0000000093200000, 0x0000000093200000| Untracked 
| 307|0x0000000093300000, 0x0000000093300000, 0x0000000093400000|  0%| F|  |TAMS 0x0000000093300000, 0x0000000093300000| Untracked 
| 308|0x0000000093400000, 0x0000000093400000, 0x0000000093500000|  0%| F|  |TAMS 0x0000000093400000, 0x0000000093400000| Untracked 
| 309|0x0000000093500000, 0x0000000093500000, 0x0000000093600000|  0%| F|  |TAMS 0x0000000093500000, 0x0000000093500000| Untracked 
| 310|0x0000000093600000, 0x0000000093600000, 0x0000000093700000|  0%| F|  |TAMS 0x0000000093600000, 0x0000000093600000| Untracked 
| 311|0x0000000093700000, 0x0000000093700000, 0x0000000093800000|  0%| F|  |TAMS 0x0000000093700000, 0x0000000093700000| Untracked 
| 312|0x0000000093800000, 0x0000000093800000, 0x0000000093900000|  0%| F|  |TAMS 0x0000000093800000, 0x0000000093800000| Untracked 
| 313|0x0000000093900000, 0x0000000093900000, 0x0000000093a00000|  0%| F|  |TAMS 0x0000000093900000, 0x0000000093900000| Untracked 
| 314|0x0000000093a00000, 0x0000000093a00000, 0x0000000093b00000|  0%| F|  |TAMS 0x0000000093a00000, 0x0000000093a00000| Untracked 
| 315|0x0000000093b00000, 0x0000000093b00000, 0x0000000093c00000|  0%| F|  |TAMS 0x0000000093b00000, 0x0000000093b00000| Untracked 
| 316|0x0000000093c00000, 0x0000000093c00000, 0x0000000093d00000|  0%| F|  |TAMS 0x0000000093c00000, 0x0000000093c00000| Untracked 
| 317|0x0000000093d00000, 0x0000000093d00000, 0x0000000093e00000|  0%| F|  |TAMS 0x0000000093d00000, 0x0000000093d00000| Untracked 
| 318|0x0000000093e00000, 0x0000000093e00000, 0x0000000093f00000|  0%| F|  |TAMS 0x0000000093e00000, 0x0000000093e00000| Untracked 
| 319|0x0000000093f00000, 0x0000000093f00000, 0x0000000094000000|  0%| F|  |TAMS 0x0000000093f00000, 0x0000000093f00000| Untracked 
| 320|0x0000000094000000, 0x0000000094000000, 0x0000000094100000|  0%| F|  |TAMS 0x0000000094000000, 0x0000000094000000| Untracked 
| 321|0x0000000094100000, 0x0000000094100000, 0x0000000094200000|  0%| F|  |TAMS 0x0000000094100000, 0x0000000094100000| Untracked 
| 322|0x0000000094200000, 0x0000000094200000, 0x0000000094300000|  0%| F|  |TAMS 0x0000000094200000, 0x0000000094200000| Untracked 
| 323|0x0000000094300000, 0x0000000094300000, 0x0000000094400000|  0%| F|  |TAMS 0x0000000094300000, 0x0000000094300000| Untracked 
| 324|0x0000000094400000, 0x0000000094400000, 0x0000000094500000|  0%| F|  |TAMS 0x0000000094400000, 0x0000000094400000| Untracked 
| 325|0x0000000094500000, 0x0000000094500000, 0x0000000094600000|  0%| F|  |TAMS 0x0000000094500000, 0x0000000094500000| Untracked 
| 326|0x0000000094600000, 0x0000000094600000, 0x0000000094700000|  0%| F|  |TAMS 0x0000000094600000, 0x0000000094600000| Untracked 
| 327|0x0000000094700000, 0x0000000094700000, 0x0000000094800000|  0%| F|  |TAMS 0x0000000094700000, 0x0000000094700000| Untracked 
| 328|0x0000000094800000, 0x0000000094800000, 0x0000000094900000|  0%| F|  |TAMS 0x0000000094800000, 0x0000000094800000| Untracked 
| 329|0x0000000094900000, 0x0000000094900000, 0x0000000094a00000|  0%| F|  |TAMS 0x0000000094900000, 0x0000000094900000| Untracked 
| 330|0x0000000094a00000, 0x0000000094a00000, 0x0000000094b00000|  0%| F|  |TAMS 0x0000000094a00000, 0x0000000094a00000| Untracked 
| 331|0x0000000094b00000, 0x0000000094b00000, 0x0000000094c00000|  0%| F|  |TAMS 0x0000000094b00000, 0x0000000094b00000| Untracked 
| 332|0x0000000094c00000, 0x0000000094c00000, 0x0000000094d00000|  0%| F|  |TAMS 0x0000000094c00000, 0x0000000094c00000| Untracked 
| 333|0x0000000094d00000, 0x0000000094d00000, 0x0000000094e00000|  0%| F|  |TAMS 0x0000000094d00000, 0x0000000094d00000| Untracked 
| 334|0x0000000094e00000, 0x0000000094e00000, 0x0000000094f00000|  0%| F|  |TAMS 0x0000000094e00000, 0x0000000094e00000| Untracked 

Card table byte_map: [0x000001a7d5070000,0x000001a7d5470000] _byte_map_base: 0x000001a7d4c70000

Marking Bits (Prev, Next): (CMBitMap*) 0x000001a7c1750170, (CMBitMap*) 0x000001a7c1750138
 Prev Bits: [0x000001a7d7870000, 0x000001a7d9870000)
 Next Bits: [0x000001a7d5870000, 0x000001a7d7870000)

Polling page: 0x000001a7bfd30000

Metaspace:

Usage:
  Non-class:    101.50 MB capacity,    99.70 MB ( 98%) used,     1.48 MB (  1%) free+waste,   317.88 KB ( <1%) overhead. 
      Class:     15.20 MB capacity,    14.20 MB ( 93%) used,   881.32 KB (  6%) free+waste,   140.38 KB ( <1%) overhead. 
       Both:    116.70 MB capacity,   113.90 MB ( 98%) used,     2.34 MB (  2%) free+waste,   458.25 KB ( <1%) overhead. 

Virtual space:
  Non-class space:      102.00 MB reserved,     102.00 MB (100%) committed 
      Class space:        1.00 GB reserved,      15.50 MB (  2%) committed 
             Both:        1.10 GB reserved,     117.50 MB ( 10%) committed 

Chunk freelists:
   Non-Class:  452.00 KB
       Class:  308.00 KB
        Both:  760.00 KB

MaxMetaspaceSize: 17179869184.00 GB
CompressedClassSpaceSize: 1.00 GB

CodeHeap 'non-profiled nmethods': size=120000Kb used=9415Kb max_used=9415Kb free=110584Kb
 bounds [0x000001a7cccd0000, 0x000001a7cd610000, 0x000001a7d4200000]
CodeHeap 'profiled nmethods': size=120000Kb used=36962Kb max_used=36962Kb free=83037Kb
 bounds [0x000001a7c57a0000, 0x000001a7c7bc0000, 0x000001a7cccd0000]
CodeHeap 'non-nmethods': size=5760Kb used=2355Kb max_used=2411Kb free=3404Kb
 bounds [0x000001a7c5200000, 0x000001a7c5470000, 0x000001a7c57a0000]
 total_blobs=18152 nmethods=17189 adapters=873
 compilation: enabled
              stopped_count=0, restarted_count=0
 full_count=0

Compilation events (20 events):
Event: 6807.532 Thread 0x000001a7dc2d6800 nmethod 18038 0x000001a7c7bb3190 code [0x000001a7c7bb3680, 0x000001a7c7bb4da8]
Event: 6807.532 Thread 0x000001a7dc2d6800 18057       2       com.android.aapt.Resources$String::access$29100 (4 bytes)
Event: 6807.532 Thread 0x000001a7dc2d6800 nmethod 18057 0x000001a7c7bb5a10 code [0x000001a7c7bb5bc0, 0x000001a7c7bb5cb8]
Event: 6807.532 Thread 0x000001a7dc2d6800 18028       2       com.android.aaptcompiler.android.UtilKt::isTruthy (10 bytes)
Event: 6807.532 Thread 0x000001a7dc2d6800 nmethod 18028 0x000001a7c7bb5d90 code [0x000001a7c7bb5f40, 0x000001a7c7bb6038]
Event: 6807.532 Thread 0x000001a7dc2d6800 18030       2       com.android.aaptcompiler.android.ResTableConfig$Companion::unpackLanguageOrRegion$aaptcompiler (137 bytes)
Event: 6807.534 Thread 0x000001a7dc2d6800 nmethod 18030 0x000001a7c7bb6110 code [0x000001a7c7bb6340, 0x000001a7c7bb68d8]
Event: 6807.534 Thread 0x000001a7dc2d6800 18040       2       com.android.aapt.Resources$Item$Builder::buildPartial (300 bytes)
Event: 6807.536 Thread 0x000001a7dc2d6800 nmethod 18040 0x000001a7c7bb6c10 code [0x000001a7c7bb6e60, 0x000001a7c7bb77c8]
Event: 6807.536 Thread 0x000001a7dc2d6800 18061       2       com.android.aapt.ConfigurationOuterClass$Configuration::access$1202 (7 bytes)
Event: 6807.536 Thread 0x000001a7dc2d6800 nmethod 18061 0x000001a7c7bb7910 code [0x000001a7c7bb7ac0, 0x000001a7c7bb7b98]
Event: 6807.536 Thread 0x000001a7dc2d6800 18062       2       com.android.aapt.ConfigurationOuterClass$Configuration::access$2402 (7 bytes)
Event: 6807.536 Thread 0x000001a7dc2d6800 nmethod 18062 0x000001a7c7bb7c90 code [0x000001a7c7bb7e40, 0x000001a7c7bb7f18]
Event: 6807.536 Thread 0x000001a7dc2d6800 18063       2       com.android.aapt.ConfigurationOuterClass$Configuration::access$2702 (7 bytes)
Event: 6807.536 Thread 0x000001a7dc2d6800 nmethod 18063 0x000001a7c7bb8010 code [0x000001a7c7bb81c0, 0x000001a7c7bb8298]
Event: 6807.536 Thread 0x000001a7dc2d6800 18064       2       com.android.aapt.ConfigurationOuterClass$Configuration::access$3002 (7 bytes)
Event: 6807.536 Thread 0x000001a7dc2d6800 nmethod 18064 0x000001a7c7bb8390 code [0x000001a7c7bb8540, 0x000001a7c7bb8678]
Event: 6807.536 Thread 0x000001a7dc2d6800 18041       2       com.android.aapt.Resources$Item::<init> (6 bytes)
Event: 6807.537 Thread 0x000001a7dc2d6800 nmethod 18041 0x000001a7c7bb8790 code [0x000001a7c7bb8940, 0x000001a7c7bb8ab8]
Event: 6807.537 Thread 0x000001a7dc2d6800 18042       2       com.android.aapt.Resources$Item::<init> (16 bytes)

GC Heap History (20 events):
Event: 6800.512 GC heap after
{Heap after GC invocations=101 (full 0):
 garbage-first heap   total 204800K, used 108623K [0x0000000080000000, 0x0000000100000000)
  region size 1024K, 2 young (2048K), 2 survivors (2048K)
 Metaspace       used 110844K, capacity 113580K, committed 114816K, reserved 1148928K
  class space    used 14053K, capacity 15075K, committed 15488K, reserved 1048576K
}
Event: 6801.102 GC heap before
{Heap before GC invocations=101 (full 0):
 garbage-first heap   total 204800K, used 129103K [0x0000000080000000, 0x0000000100000000)
  region size 1024K, 22 young (22528K), 2 survivors (2048K)
 Metaspace       used 111134K, capacity 113885K, committed 115072K, reserved 1148928K
  class space    used 14088K, capacity 15125K, committed 15488K, reserved 1048576K
}
Event: 6801.146 GC heap after
{Heap after GC invocations=102 (full 0):
 garbage-first heap   total 204800K, used 109466K [0x0000000080000000, 0x0000000100000000)
  region size 1024K, 3 young (3072K), 3 survivors (3072K)
 Metaspace       used 111134K, capacity 113885K, committed 115072K, reserved 1148928K
  class space    used 14088K, capacity 15125K, committed 15488K, reserved 1048576K
}
Event: 6802.525 GC heap before
{Heap before GC invocations=103 (full 0):
 garbage-first heap   total 204800K, used 129946K [0x0000000080000000, 0x0000000100000000)
  region size 1024K, 24 young (24576K), 3 survivors (3072K)
 Metaspace       used 112085K, capacity 114925K, committed 115968K, reserved 1148928K
  class space    used 14193K, capacity 15235K, committed 15616K, reserved 1048576K
}
Event: 6802.551 GC heap after
{Heap after GC invocations=104 (full 0):
 garbage-first heap   total 204800K, used 111057K [0x0000000080000000, 0x0000000100000000)
  region size 1024K, 3 young (3072K), 3 survivors (3072K)
 Metaspace       used 112085K, capacity 114925K, committed 115968K, reserved 1148928K
  class space    used 14193K, capacity 15235K, committed 15616K, reserved 1048576K
}
Event: 6802.683 GC heap before
{Heap before GC invocations=104 (full 0):
 garbage-first heap   total 204800K, used 118225K [0x0000000080000000, 0x0000000100000000)
  region size 1024K, 10 young (10240K), 3 survivors (3072K)
 Metaspace       used 112162K, capacity 114925K, committed 115968K, reserved 1148928K
  class space    used 14193K, capacity 15235K, committed 15616K, reserved 1048576K
}
Event: 6802.711 GC heap after
{Heap after GC invocations=105 (full 0):
 garbage-first heap   total 204800K, used 113055K [0x0000000080000000, 0x0000000100000000)
  region size 1024K, 2 young (2048K), 2 survivors (2048K)
 Metaspace       used 112162K, capacity 114925K, committed 115968K, reserved 1148928K
  class space    used 14193K, capacity 15235K, committed 15616K, reserved 1048576K
}
Event: 6803.019 GC heap before
{Heap before GC invocations=105 (full 0):
 garbage-first heap   total 204800K, used 128415K [0x0000000080000000, 0x0000000100000000)
  region size 1024K, 18 young (18432K), 2 survivors (2048K)
 Metaspace       used 112217K, capacity 114989K, committed 115968K, reserved 1148928K
  class space    used 14193K, capacity 15235K, committed 15616K, reserved 1048576K
}
Event: 6803.029 GC heap after
{Heap after GC invocations=106 (full 0):
 garbage-first heap   total 204800K, used 117654K [0x0000000080000000, 0x0000000100000000)
  region size 1024K, 5 young (5120K), 5 survivors (5120K)
 Metaspace       used 112217K, capacity 114989K, committed 115968K, reserved 1148928K
  class space    used 14193K, capacity 15235K, committed 15616K, reserved 1048576K
}
Event: 6803.793 GC heap before
{Heap before GC invocations=107 (full 0):
 garbage-first heap   total 204800K, used 148374K [0x0000000080000000, 0x0000000100000000)
  region size 1024K, 33 young (33792K), 5 survivors (5120K)
 Metaspace       used 112288K, capacity 115053K, committed 116224K, reserved 1150976K
  class space    used 14193K, capacity 15235K, committed 15616K, reserved 1048576K
}
Event: 6803.930 GC heap after
{Heap after GC invocations=108 (full 0):
 garbage-first heap   total 204800K, used 130198K [0x0000000080000000, 0x0000000100000000)
  region size 1024K, 5 young (5120K), 5 survivors (5120K)
 Metaspace       used 112288K, capacity 115053K, committed 116224K, reserved 1150976K
  class space    used 14193K, capacity 15235K, committed 15616K, reserved 1048576K
}
Event: 6804.063 GC heap before
{Heap before GC invocations=108 (full 0):
 garbage-first heap   total 204800K, used 135318K [0x0000000080000000, 0x0000000100000000)
  region size 1024K, 10 young (10240K), 5 survivors (5120K)
 Metaspace       used 112458K, capacity 115249K, committed 116224K, reserved 1150976K
  class space    used 14211K, capacity 15236K, committed 15616K, reserved 1048576K
}
Event: 6804.129 GC heap after
{Heap after GC invocations=109 (full 0):
 garbage-first heap   total 343040K, used 131977K [0x0000000080000000, 0x0000000100000000)
  region size 1024K, 2 young (2048K), 2 survivors (2048K)
 Metaspace       used 112458K, capacity 115249K, committed 116224K, reserved 1150976K
  class space    used 14211K, capacity 15236K, committed 15616K, reserved 1048576K
}
Event: 6804.447 GC heap before
{Heap before GC invocations=109 (full 0):
 garbage-first heap   total 343040K, used 142217K [0x0000000080000000, 0x0000000100000000)
  region size 1024K, 13 young (13312K), 2 survivors (2048K)
 Metaspace       used 112889K, capacity 115727K, committed 116736K, reserved 1150976K
  class space    used 14251K, capacity 15289K, committed 15616K, reserved 1048576K
}
Event: 6804.523 GC heap after
{Heap after GC invocations=110 (full 0):
 garbage-first heap   total 343040K, used 132342K [0x0000000080000000, 0x0000000100000000)
  region size 1024K, 2 young (2048K), 2 survivors (2048K)
 Metaspace       used 112889K, capacity 115727K, committed 116736K, reserved 1150976K
  class space    used 14251K, capacity 15289K, committed 15616K, reserved 1048576K
}
Event: 6805.594 GC heap before
{Heap before GC invocations=111 (full 0):
 garbage-first heap   total 343040K, used 183542K [0x0000000080000000, 0x0000000100000000)
  region size 1024K, 44 young (45056K), 2 survivors (2048K)
 Metaspace       used 113011K, capacity 115796K, committed 116736K, reserved 1150976K
  class space    used 14260K, capacity 15290K, committed 15616K, reserved 1048576K
}
Event: 6805.624 GC heap after
{Heap after GC invocations=112 (full 0):
 garbage-first heap   total 343040K, used 134683K [0x0000000080000000, 0x0000000100000000)
  region size 1024K, 5 young (5120K), 5 survivors (5120K)
 Metaspace       used 113011K, capacity 115796K, committed 116736K, reserved 1150976K
  class space    used 14260K, capacity 15290K, committed 15616K, reserved 1048576K
}
Event: 6806.083 GC heap before
{Heap before GC invocations=112 (full 0):
 garbage-first heap   total 343040K, used 183835K [0x0000000080000000, 0x0000000100000000)
  region size 1024K, 53 young (54272K), 5 survivors (5120K)
 Metaspace       used 113050K, capacity 115802K, committed 116736K, reserved 1150976K
  class space    used 14262K, capacity 15292K, committed 15616K, reserved 1048576K
}
Event: 6806.115 GC heap after
{Heap after GC invocations=113 (full 0):
 garbage-first heap   total 343040K, used 139107K [0x0000000080000000, 0x0000000100000000)
  region size 1024K, 7 young (7168K), 7 survivors (7168K)
 Metaspace       used 113050K, capacity 115802K, committed 116736K, reserved 1150976K
  class space    used 14262K, capacity 15292K, committed 15616K, reserved 1048576K
}
Event: 6807.566 GC heap before
{Heap before GC invocations=114 (full 0):
 garbage-first heap   total 343040K, used 214883K [0x0000000080000000, 0x0000000100000000)
  region size 1024K, 67 young (68608K), 7 survivors (7168K)
 Metaspace       used 116637K, capacity 119496K, committed 120320K, reserved 1153024K
  class space    used 14542K, capacity 15564K, committed 15872K, reserved 1048576K
}

Deoptimization events (20 events):
Event: 6807.078 Thread 0x000001a7df98f000 Uncommon trap: trap_request=0xffffff4d fr.pc=0x000001a7ccf9f428 relative=0x0000000000000188
Event: 6807.078 Thread 0x000001a7df98f000 Uncommon trap: reason=unstable_if action=reinterpret pc=0x000001a7ccf9f428 method=java.lang.String.equals(Ljava/lang/Object;)Z @ 27 c2
Event: 6807.078 Thread 0x000001a7df98f000 DEOPT PACKING pc=0x000001a7ccf9f428 sp=0x000000216c2fd7a0
Event: 6807.078 Thread 0x000001a7df98f000 DEOPT UNPACKING pc=0x000001a7c52083af sp=0x000000216c2fd730 mode 2
Event: 6807.078 Thread 0x000001a7df98f000 Uncommon trap: trap_request=0xffffff4d fr.pc=0x000001a7cccd6000 relative=0x00000000000001e0
Event: 6807.078 Thread 0x000001a7df98f000 Uncommon trap: reason=unstable_if action=reinterpret pc=0x000001a7cccd6000 method=java.lang.String.isLatin1()Z @ 10 c2
Event: 6807.078 Thread 0x000001a7df98f000 DEOPT PACKING pc=0x000001a7cccd6000 sp=0x000000216c2fd790
Event: 6807.078 Thread 0x000001a7df98f000 DEOPT UNPACKING pc=0x000001a7c52083af sp=0x000000216c2fd6b8 mode 2
Event: 6807.107 Thread 0x000001a7df98d800 Uncommon trap: trap_request=0xffffff4d fr.pc=0x000001a7cce87dc8 relative=0x0000000000000408
Event: 6807.107 Thread 0x000001a7df98d800 Uncommon trap: reason=unstable_if action=reinterpret pc=0x000001a7cce87dc8 method=java.lang.String.substring(I)Ljava/lang/String; @ 43 c2
Event: 6807.107 Thread 0x000001a7df98d800 DEOPT PACKING pc=0x000001a7cce87dc8 sp=0x000000216c8fdd10
Event: 6807.107 Thread 0x000001a7df98d800 DEOPT UNPACKING pc=0x000001a7c52083af sp=0x000000216c8fdce8 mode 2
Event: 6807.362 Thread 0x000001a7df991800 DEOPT PACKING pc=0x000001a7c7aef3f5 sp=0x000000216c3fcf70
Event: 6807.362 Thread 0x000001a7df991800 DEOPT UNPACKING pc=0x000001a7c5228ede sp=0x000000216c3fc438 mode 0
Event: 6807.397 Thread 0x000001a7df991800 DEOPT PACKING pc=0x000001a7c7b2d810 sp=0x000000216c3fca40
Event: 6807.398 Thread 0x000001a7df991800 DEOPT UNPACKING pc=0x000001a7c5228ede sp=0x000000216c3fbfb8 mode 0
Event: 6807.408 Thread 0x000001a7df991800 DEOPT PACKING pc=0x000001a7c7b4c67f sp=0x000000216c3fc8f0
Event: 6807.408 Thread 0x000001a7df991800 DEOPT UNPACKING pc=0x000001a7c5228ede sp=0x000000216c3fbe30 mode 0
Event: 6807.436 Thread 0x000001a7df991800 DEOPT PACKING pc=0x000001a7c7b51800 sp=0x000000216c3fceb0
Event: 6807.436 Thread 0x000001a7df991800 DEOPT UNPACKING pc=0x000001a7c5228ede sp=0x000000216c3fc3d8 mode 0

Classes redefined (0 events):
No events

Internal exceptions (20 events):
Event: 6800.342 Thread 0x000001a7dce3b800 Exception <a 'java/lang/NoSuchMethodError'{0x000000008c05b570}: <clinit>> (0x000000008c05b570) thrown at [./src/hotspot/share/prims/jni.cpp, line 1362]
Event: 6800.820 Thread 0x000001a7e0da3800 Exception <a 'java/lang/NoSuchMethodError'{0x000000008b9bb630}: <clinit>> (0x000000008b9bb630) thrown at [./src/hotspot/share/prims/jni.cpp, line 1362]
Event: 6804.235 Thread 0x000001a7e0da4800 Exception <a 'java/lang/NoSuchMethodError'{0x0000000094cdc5a0}: <clinit>> (0x0000000094cdc5a0) thrown at [./src/hotspot/share/prims/jni.cpp, line 1362]
Event: 6804.239 Thread 0x000001a7e0da4800 Exception <a 'java/lang/NoSuchMethodError'{0x0000000094cec860}: <clinit>> (0x0000000094cec860) thrown at [./src/hotspot/share/prims/jni.cpp, line 1362]
Event: 6804.253 Thread 0x000001a7e0da4800 Exception <a 'java/lang/NoSuchMethodError'{0x0000000094b5c368}: <clinit>> (0x0000000094b5c368) thrown at [./src/hotspot/share/prims/jni.cpp, line 1362]
Event: 6804.254 Thread 0x000001a7e0da4800 Exception <a 'java/lang/NoSuchMethodError'{0x0000000094b5ef30}: <clinit>> (0x0000000094b5ef30) thrown at [./src/hotspot/share/prims/jni.cpp, line 1362]
Event: 6804.257 Thread 0x000001a7e0da4800 Exception <a 'java/lang/NoSuchMethodError'{0x0000000094b63910}: <clinit>> (0x0000000094b63910) thrown at [./src/hotspot/share/prims/jni.cpp, line 1362]
Event: 6804.259 Thread 0x000001a7e0da4800 Exception <a 'java/lang/NoSuchMethodError'{0x0000000094b6f0b0}: <clinit>> (0x0000000094b6f0b0) thrown at [./src/hotspot/share/prims/jni.cpp, line 1362]
Event: 6804.271 Thread 0x000001a7e0da4800 Exception <a 'java/lang/NoSuchMethodError'{0x0000000094bd8010}: <clinit>> (0x0000000094bd8010) thrown at [./src/hotspot/share/prims/jni.cpp, line 1362]
Event: 6804.276 Thread 0x000001a7e0da4800 Exception <a 'java/lang/NoSuchMethodError'{0x0000000094a0a210}: <clinit>> (0x0000000094a0a210) thrown at [./src/hotspot/share/prims/jni.cpp, line 1362]
Event: 6804.276 Thread 0x000001a7e0da4800 Exception <a 'java/lang/NoSuchMethodError'{0x0000000094a0d678}: <clinit>> (0x0000000094a0d678) thrown at [./src/hotspot/share/prims/jni.cpp, line 1362]
Event: 6804.276 Thread 0x000001a7e0da4800 Exception <a 'java/lang/NoSuchMethodError'{0x0000000094a102e8}: <clinit>> (0x0000000094a102e8) thrown at [./src/hotspot/share/prims/jni.cpp, line 1362]
Event: 6804.278 Thread 0x000001a7e0da4800 Exception <a 'java/lang/NoSuchMethodError'{0x0000000094a282f8}: <clinit>> (0x0000000094a282f8) thrown at [./src/hotspot/share/prims/jni.cpp, line 1362]
Event: 6804.279 Thread 0x000001a7e0da4800 Exception <a 'java/lang/NoSuchMethodError'{0x0000000094a3f618}: <clinit>> (0x0000000094a3f618) thrown at [./src/hotspot/share/prims/jni.cpp, line 1362]
Event: 6804.283 Thread 0x000001a7e0da4800 Exception <a 'java/lang/NoSuchMethodError'{0x0000000094a54098}: <clinit>> (0x0000000094a54098) thrown at [./src/hotspot/share/prims/jni.cpp, line 1362]
Event: 6804.286 Thread 0x000001a7e0da4800 Exception <a 'java/lang/NoSuchMethodError'{0x0000000094a76c70}: <clinit>> (0x0000000094a76c70) thrown at [./src/hotspot/share/prims/jni.cpp, line 1362]
Event: 6804.288 Thread 0x000001a7e0da4800 Exception <a 'java/lang/NoSuchMethodError'{0x0000000094a9c2d8}: <clinit>> (0x0000000094a9c2d8) thrown at [./src/hotspot/share/prims/jni.cpp, line 1362]
Event: 6804.290 Thread 0x000001a7e0da4800 Exception <a 'java/lang/NoSuchMethodError'{0x0000000094ab0898}: <clinit>> (0x0000000094ab0898) thrown at [./src/hotspot/share/prims/jni.cpp, line 1362]
Event: 6806.220 Thread 0x000001a7e0da4800 Implicit null exception at 0x000001a7cd5ad3bc to 0x000001a7cd5b1f40
Event: 6806.918 Thread 0x000001a7e0da4800 Exception <a 'java/lang/NoSuchMethodError'{0x0000000094af40f0}: <clinit>> (0x0000000094af40f0) thrown at [./src/hotspot/share/prims/jni.cpp, line 1362]

Events (20 events):
Event: 6807.440 loading class com/android/aapt/Resources$StringPool$Builder done
Event: 6807.442 loading class com/android/aaptcompiler/Container$EntryType
Event: 6807.442 loading class com/android/aaptcompiler/Container$EntryType done
Event: 6807.443 loading class com/google/protobuf/WireFormat
Event: 6807.443 loading class com/google/protobuf/WireFormat done
Event: 6807.451 loading class com/android/aaptcompiler/FileReference
Event: 6807.451 loading class com/android/aaptcompiler/FileReference done
Event: 6807.452 loading class com/android/aapt/Resources$Primitive$NullTypeOrBuilder
Event: 6807.452 loading class com/android/aapt/Resources$Primitive$NullTypeOrBuilder done
Event: 6807.453 loading class com/android/aapt/Resources$Primitive$EmptyTypeOrBuilder
Event: 6807.453 loading class com/android/aapt/Resources$Primitive$EmptyTypeOrBuilder done
Event: 6807.453 loading class com/android/aapt/Resources$Primitive$1
Event: 6807.453 loading class com/android/aapt/Resources$Primitive$1 done
Event: 6807.454 loading class com/android/aapt/Resources$Primitive$Builder
Event: 6807.454 loading class com/android/aapt/Resources$Primitive$Builder done
Event: 6807.455 loading class com/android/aapt/Resources$Primitive$EmptyType
Event: 6807.455 loading class com/android/aapt/Resources$Primitive$EmptyType done
Event: 6807.457 loading class com/android/aapt/Resources$Primitive$NullType
Event: 6807.457 loading class com/android/aapt/Resources$Primitive$NullType done
Event: 6807.537 Executing VM operation: G1CollectForAllocation


Dynamic libraries:
0x00007ff62d610000 - 0x00007ff62d61a000 	C:\Program Files\Android\Android Studio\jre\bin\java.exe
0x00007fff21c10000 - 0x00007fff21e05000 	C:\WINDOWS\SYSTEM32\ntdll.dll
0x00007fff217d0000 - 0x00007fff2188d000 	C:\WINDOWS\System32\KERNEL32.DLL
0x00007fff1f640000 - 0x00007fff1f90d000 	C:\WINDOWS\System32\KERNELBASE.dll
0x00007fff1f9c0000 - 0x00007fff1fac0000 	C:\WINDOWS\System32\ucrtbase.dll
0x00007fff16ed0000 - 0x00007fff16ee9000 	C:\Program Files\Android\Android Studio\jre\bin\jli.dll
0x00007fff166c0000 - 0x00007fff166d7000 	C:\Program Files\Android\Android Studio\jre\bin\VCRUNTIME140.dll
0x00007fff20fb0000 - 0x00007fff21150000 	C:\WINDOWS\System32\USER32.dll
0x00007fff01870000 - 0x00007fff01b0a000 	C:\WINDOWS\WinSxS\amd64_microsoft.windows.common-controls_6595b64144ccf1df_6.0.19041.1110_none_60b5254171f9507e\COMCTL32.dll
0x00007fff1f4b0000 - 0x00007fff1f4d2000 	C:\WINDOWS\System32\win32u.dll
0x00007fff21730000 - 0x00007fff217ce000 	C:\WINDOWS\System32\msvcrt.dll
0x00007fff21150000 - 0x00007fff2117a000 	C:\WINDOWS\System32\GDI32.dll
0x00007fff1f3a0000 - 0x00007fff1f4ab000 	C:\WINDOWS\System32\gdi32full.dll
0x00007fff1fb50000 - 0x00007fff1fbed000 	C:\WINDOWS\System32\msvcp_win.dll
0x00007fff20650000 - 0x00007fff20680000 	C:\WINDOWS\System32\IMM32.DLL
0x00007fff15cb0000 - 0x00007fff15d4d000 	C:\Program Files\Android\Android Studio\jre\bin\msvcp140.dll
0x00007ffed7ef0000 - 0x00007ffed89bf000 	C:\Program Files\Android\Android Studio\jre\bin\server\jvm.dll
0x00007fff21250000 - 0x00007fff212fe000 	C:\WINDOWS\System32\ADVAPI32.dll
0x00007fff20810000 - 0x00007fff208ac000 	C:\WINDOWS\System32\sechost.dll
0x00007fff203d0000 - 0x00007fff204f5000 	C:\WINDOWS\System32\RPCRT4.dll
0x00007fff209d0000 - 0x00007fff209d8000 	C:\WINDOWS\System32\PSAPI.DLL
0x00007fff00760000 - 0x00007fff00787000 	C:\WINDOWS\SYSTEM32\WINMM.dll
0x00007fff01e50000 - 0x00007fff01e59000 	C:\WINDOWS\SYSTEM32\WSOCK32.dll
0x00007fff15f90000 - 0x00007fff15f9a000 	C:\WINDOWS\SYSTEM32\VERSION.dll
0x00007fff20f40000 - 0x00007fff20fab000 	C:\WINDOWS\System32\WS2_32.dll
0x00007fff1dc00000 - 0x00007fff1dc12000 	C:\WINDOWS\SYSTEM32\kernel.appcore.dll
0x00007fff01b50000 - 0x00007fff01b61000 	C:\Program Files\Android\Android Studio\jre\bin\verify.dll
0x00007fff1d110000 - 0x00007fff1d2f4000 	C:\WINDOWS\SYSTEM32\DBGHELP.DLL
0x00007fff07650000 - 0x00007fff0767c000 	C:\WINDOWS\SYSTEM32\dbgcore.DLL
0x00007fff1fac0000 - 0x00007fff1fb42000 	C:\WINDOWS\System32\bcryptPrimitives.dll
0x00007ffeffae0000 - 0x00007ffeffb09000 	C:\Program Files\Android\Android Studio\jre\bin\java.dll
0x00007fff01e40000 - 0x00007fff01e4b000 	C:\Program Files\Android\Android Studio\jre\bin\jimage.dll
0x00007ffeffb20000 - 0x00007ffeffb38000 	C:\Program Files\Android\Android Studio\jre\bin\zip.dll
0x00007fff1fc80000 - 0x00007fff203c4000 	C:\WINDOWS\System32\SHELL32.dll
0x00007fff1d300000 - 0x00007fff1da94000 	C:\WINDOWS\SYSTEM32\windows.storage.dll
0x00007fff213d0000 - 0x00007fff21724000 	C:\WINDOWS\System32\combase.dll
0x00007fff1ed80000 - 0x00007fff1edac000 	C:\WINDOWS\SYSTEM32\Wldp.dll
0x00007fff20760000 - 0x00007fff2080d000 	C:\WINDOWS\System32\SHCORE.dll
0x00007fff20a60000 - 0x00007fff20ab5000 	C:\WINDOWS\System32\shlwapi.dll
0x00007fff1f260000 - 0x00007fff1f27f000 	C:\WINDOWS\SYSTEM32\profapi.dll
0x00007ffeff6a0000 - 0x00007ffeff6ba000 	C:\Program Files\Android\Android Studio\jre\bin\net.dll
0x00007fff048f0000 - 0x00007fff049fa000 	C:\WINDOWS\SYSTEM32\WINHTTP.dll
0x00007fff1eae0000 - 0x00007fff1eb4a000 	C:\WINDOWS\system32\mswsock.dll
0x00007ffefef40000 - 0x00007ffefef54000 	C:\Program Files\Android\Android Studio\jre\bin\nio.dll
0x00007ffedb550000 - 0x00007ffedb577000 	C:\Users\user\.gradle\native\8bec1ad78214c89d9ad589b4d07fe93259594b29d510b10fafb7a158f7737e5d\windows-amd64\native-platform.dll
0x00007ffebabd0000 - 0x00007ffebad0d000 	C:\Users\user\.gradle\native\53dbd7edfb1c66fb8903c78663c9afc45aea4f116125fa6feffd364cf09443e8\windows-amd64\native-platform-file-events.dll
0x00007fff01d00000 - 0x00007fff01d0a000 	C:\Program Files\Android\Android Studio\jre\bin\management.dll
0x00007ffeffad0000 - 0x00007ffeffadc000 	C:\Program Files\Android\Android Studio\jre\bin\management_ext.dll
0x00007fff1ece0000 - 0x00007fff1ecf8000 	C:\WINDOWS\SYSTEM32\CRYPTSP.dll
0x00007fff1e3f0000 - 0x00007fff1e424000 	C:\WINDOWS\system32\rsaenh.dll
0x00007fff1f370000 - 0x00007fff1f397000 	C:\WINDOWS\System32\bcrypt.dll
0x00007fff1f220000 - 0x00007fff1f24e000 	C:\WINDOWS\SYSTEM32\USERENV.dll
0x00007fff1ecd0000 - 0x00007fff1ecdc000 	C:\WINDOWS\SYSTEM32\CRYPTBASE.dll
0x00007fff1e760000 - 0x00007fff1e79b000 	C:\WINDOWS\SYSTEM32\IPHLPAPI.DLL
0x00007fff21180000 - 0x00007fff21188000 	C:\WINDOWS\System32\NSI.dll
0x00007fff148d0000 - 0x00007fff148e7000 	C:\WINDOWS\SYSTEM32\dhcpcsvc6.DLL
0x00007fff154b0000 - 0x00007fff154cd000 	C:\WINDOWS\SYSTEM32\dhcpcsvc.DLL
0x00007fff1e7d0000 - 0x00007fff1e89b000 	C:\WINDOWS\SYSTEM32\DNSAPI.dll

dbghelp: loaded successfully - version: 4.0.5 - missing functions: none
symbol engine: initialized successfully - sym options: 0x614 - pdb path: .;C:\Program Files\Android\Android Studio\jre\bin;C:\WINDOWS\SYSTEM32;C:\WINDOWS\WinSxS\amd64_microsoft.windows.common-controls_6595b64144ccf1df_6.0.19041.1110_none_60b5254171f9507e;C:\Program Files\Android\Android Studio\jre\bin\server;C:\Users\user\.gradle\native\8bec1ad78214c89d9ad589b4d07fe93259594b29d510b10fafb7a158f7737e5d\windows-amd64;C:\Users\user\.gradle\native\53dbd7edfb1c66fb8903c78663c9afc45aea4f116125fa6feffd364cf09443e8\windows-amd64

VM Arguments:
jvm_args: --add-opens=java.base/java.util=ALL-UNNAMED --add-opens=java.base/java.lang=ALL-UNNAMED --add-opens=java.base/java.lang.invoke=ALL-UNNAMED --add-opens=java.base/java.util=ALL-UNNAMED --add-opens=java.prefs/java.util.prefs=ALL-UNNAMED --add-opens=java.prefs/java.util.prefs=ALL-UNNAMED --add-opens=java.base/java.nio.charset=ALL-UNNAMED --add-opens=java.base/java.net=ALL-UNNAMED --add-opens=java.base/java.util.concurrent.atomic=ALL-UNNAMED -Xmx2048m -Dfile.encoding=UTF-8 -Duser.country=ID -Duser.language=en -Duser.variant 
java_command: org.gradle.launcher.daemon.bootstrap.GradleDaemon 7.0.2
java_class_path (initial): C:\Users\user\.gradle\wrapper\dists\gradle-7.0.2-bin\857tjihv64xamwrf0h14cai3r\gradle-7.0.2\lib\gradle-launcher-7.0.2.jar
Launcher Type: SUN_STANDARD

[Global flags]
     intx CICompilerCount                          = 4                                         {product} {ergonomic}
     uint ConcGCThreads                            = 2                                         {product} {ergonomic}
     uint G1ConcRefinementThreads                  = 8                                         {product} {ergonomic}
   size_t G1HeapRegionSize                         = 1048576                                   {product} {ergonomic}
    uintx GCDrainStackTargetSize                   = 64                                        {product} {ergonomic}
   size_t InitialHeapSize                          = 62914560                                  {product} {ergonomic}
   size_t MarkStackSize                            = 4194304                                   {product} {ergonomic}
   size_t MaxHeapSize                              = 2147483648                                {product} {command line}
   size_t MaxNewSize                               = 1287651328                                {product} {ergonomic}
   size_t MinHeapDeltaBytes                        = 1048576                                   {product} {ergonomic}
    uintx NonNMethodCodeHeapSize                   = 5836300                                {pd product} {ergonomic}
    uintx NonProfiledCodeHeapSize                  = 122910970                              {pd product} {ergonomic}
    uintx ProfiledCodeHeapSize                     = 122910970                              {pd product} {ergonomic}
    uintx ReservedCodeCacheSize                    = 251658240                              {pd product} {ergonomic}
     bool SegmentedCodeCache                       = true                                      {product} {ergonomic}
     bool UseCompressedClassPointers               = true                                 {lp64_product} {ergonomic}
     bool UseCompressedOops                        = true                                 {lp64_product} {ergonomic}
     bool UseG1GC                                  = true                                      {product} {ergonomic}
     bool UseLargePagesIndividualAllocation        = false                                  {pd product} {ergonomic}

Logging:
Log output configuration:
 #0: stdout all=warning uptime,level,tags
 #1: stderr all=off uptime,level,tags

Environment Variables:
JAVA_HOME=C:\Program Files\Zulu\zulu-8
PATH=C:\Program Files\Zulu\zulu-8\bin\;C:\Program Files\Gradle\gradle-6.6\bin;C:\Program Files\Common Files\Oracle\Java\javapath;C:\ProgramData\Oracle\Java\javapath;C:\WINDOWS\system32;C:\WINDOWS;C:\WINDOWS\System32\Wbem;C:\WINDOWS\System32\WindowsPowerShell\v1.0\;C:\WINDOWS\System32\OpenSSH\;C:\Program Files\dotnet\;C:\Users\user\Desktop\apktool;C:\Users\user\AppData\Local\Microsoft\WindowsApps;C:\Users\user\.dotnet\tools;C:\sqlite3;C:\adb;%JAVA_HOME%\bin;D:\Node.js\;C:\Program Files\Git\cmd;C:\PATH_Programs;C:\Users\user\AppData\Local\Microsoft\WindowsApps;C:\Users\user\.dotnet\tools;C:\sqlite3;D:\Microsoft VS Code\bin;C:\Users\user\AppData\Roaming\npm;C:\PATH_Programs;
USERNAME=user
OS=Windows_NT
PROCESSOR_IDENTIFIER=Intel64 Family 6 Model 126 Stepping 5, GenuineIntel



---------------  S Y S T E M  ---------------

OS: Windows 10 , 64 bit Build 19041 (10.0.19041.1706)
OS uptime: 0 days 2:47 hours

CPU:total 8 (initial active 8) (4 cores per cpu, 2 threads per core) family 6 model 126 stepping 5 microcode 0xa0, cmov, cx8, fxsr, mmx, sse, sse2, sse3, ssse3, sse4.1, sse4.2, popcnt, avx, avx2, aes, clmul, erms, 3dnowpref, lzcnt, ht, tsc, tscinvbit, bmi1, bmi2, adx, evex, sha, fma

Memory: 4k page, system-wide physical 3784M (177M free)
TotalPageFile size 7880M (AvailPageFile size 130M)
current process WorkingSet (physical memory assigned to process): 267M, peak: 465M
current process commit charge ("private bytes"): 688M, peak: 920M

vm_info: OpenJDK 64-Bit Server VM (11.0.10+0-b96-7249189) for windows-amd64 JRE (11.0.10+0-b96-7249189), built on Mar 31 2021 21:44:00 by "builder" with MS VC++ 14.0 (VS2015)

END.
