#
# There is insufficient memory for the Java Runtime Environment to continue.
# Native memory allocation (malloc) failed to allocate 2461296 bytes for Chunk::new
# Possible reasons:
#   The system is out of physical RAM or swap space
#   The process is running with CompressedOops enabled, and the Java Heap may be blocking the growth of the native heap
# Possible solutions:
#   Reduce memory load on the system
#   Increase physical memory or swap space
#   Check if swap backing store is full
#   Decrease Java heap size (-Xmx/-Xms)
#   Decrease number of Java threads
#   Decrease Java thread stack sizes (-Xss)
#   Set larger code cache with -XX:ReservedCodeCacheSize=
#   JVM is running with Unscaled Compressed Oops mode in which the Java heap is
#     placed in the first 4GB address space. The Java Heap base address is the
#     maximum limit for the native heap growth. Please use -XX:HeapBaseMinAddress
#     to set the Java Heap base and to place the Java Heap above 4GB virtual address.
# This output file may be truncated or incomplete.
#
#  Out of Memory Error (./src/hotspot/share/memory/arena.cpp:197), pid=26324, tid=2164
#
# JRE version: OpenJDK Runtime Environment (11.0.10) (build 11.0.10+0-b96-7249189)
# Java VM: OpenJDK 64-Bit Server VM (11.0.10+0-b96-7249189, mixed mode, tiered, compressed oops, g1 gc, windows-amd64)
# No core dump will be written. Minidumps are not enabled by default on client versions of Windows
#

---------------  S U M M A R Y ------------

Command Line: org.jetbrains.kotlin.cli.jvm.K2JVMCompiler @D:\Android Studio\SubmissionBMAAP\app\build\20220619_1576219619037458385.compiler.options

Host: Intel(R) Core(TM) i5-1035G1 CPU @ 1.00GHz, 8 cores, 3G,  Windows 10 , 64 bit Build 19041 (10.0.19041.1706)
Time: Sun Jun 19 20:47:02 2022 SE Asia Standard Time elapsed time: 12.166654 seconds (0d 0h 0m 12s)

---------------  T H R E A D  ---------------

Current thread (0x000001cbbff3f800):  JavaThread "C2 CompilerThread0" daemon [_thread_in_native, id=2164, stack(0x000000c907100000,0x000000c907200000)]


Current CompileTask:
C2:  12166 7816       4       jdk.internal.loader.BuiltinClassLoader::loadClass (22 bytes)

Stack: [0x000000c907100000,0x000000c907200000]
Native frames: (J=compiled Java code, j=interpreted, Vv=VM code, C=native code)
V  [jvm.dll+0x5ecfaa]
V  [jvm.dll+0x722bd5]
V  [jvm.dll+0x72412d]
V  [jvm.dll+0x7247e3]
V  [jvm.dll+0x242928]
V  [jvm.dll+0xbc4fc]
V  [jvm.dll+0xbca0c]
V  [jvm.dll+0x352d7d]
V  [jvm.dll+0x19800c]
V  [jvm.dll+0x1fb70e]
V  [jvm.dll+0x1fa7f4]
V  [jvm.dll+0x18354c]
V  [jvm.dll+0x208ee7]
V  [jvm.dll+0x207731]
V  [jvm.dll+0x6eb1cf]
V  [jvm.dll+0x6e3d45]
V  [jvm.dll+0x5ebe96]
C  [ucrtbase.dll+0x21bb2]
C  [KERNEL32.DLL+0x17034]
C  [ntdll.dll+0x52651]


---------------  P R O C E S S  ---------------

Threads class SMR info:
_java_thread_list=0x000001cbc01f9890, length=10, elements={
0x000001cba5c8f000, 0x000001cbbff17000, 0x000001cbbff18000, 0x000001cbbff38000,
0x000001cbbff3b000, 0x000001cbbff3d000, 0x000001cbbff3f800, 0x000001cbbff85800,
0x000001cbbff86800, 0x000001cbc0206000
}

Java Threads: ( => current thread )
  0x000001cba5c8f000 JavaThread "main" [_thread_in_Java, id=21804, stack(0x000000c906500000,0x000000c906600000)]
  0x000001cbbff17000 JavaThread "Reference Handler" daemon [_thread_blocked, id=27332, stack(0x000000c906c00000,0x000000c906d00000)]
  0x000001cbbff18000 JavaThread "Finalizer" daemon [_thread_blocked, id=8324, stack(0x000000c906d00000,0x000000c906e00000)]
  0x000001cbbff38000 JavaThread "Signal Dispatcher" daemon [_thread_blocked, id=28248, stack(0x000000c906e00000,0x000000c906f00000)]
  0x000001cbbff3b000 JavaThread "Attach Listener" daemon [_thread_blocked, id=26528, stack(0x000000c906f00000,0x000000c907000000)]
  0x000001cbbff3d000 JavaThread "Service Thread" daemon [_thread_blocked, id=16448, stack(0x000000c907000000,0x000000c907100000)]
=>0x000001cbbff3f800 JavaThread "C2 CompilerThread0" daemon [_thread_in_native, id=2164, stack(0x000000c907100000,0x000000c907200000)]
  0x000001cbbff85800 JavaThread "C1 CompilerThread0" daemon [_thread_in_native_trans, id=27380, stack(0x000000c907200000,0x000000c907300000)]
  0x000001cbbff86800 JavaThread "Sweeper thread" daemon [_thread_blocked, id=8460, stack(0x000000c907300000,0x000000c907400000)]
  0x000001cbc0206000 JavaThread "Common-Cleaner" daemon [_thread_blocked, id=23748, stack(0x000000c907500000,0x000000c907600000)]

Other Threads:
  0x000001cbbfef3800 VMThread "VM Thread" [stack: 0x000000c906b00000,0x000000c906c00000] [id=3948]
  0x000001cbc01fc800 WatcherThread [stack: 0x000000c907400000,0x000000c907500000] [id=3020]
  0x000001cba5ca1800 GCTaskThread "GC Thread#0" [stack: 0x000000c906600000,0x000000c906700000] [id=21560]
  0x000001cbc0753800 GCTaskThread "GC Thread#1" [stack: 0x000000c907600000,0x000000c907700000] [id=264]
  0x000001cba5cba800 ConcurrentGCThread "G1 Main Marker" [stack: 0x000000c906700000,0x000000c906800000] [id=27688]
  0x000001cba5cbc800 ConcurrentGCThread "G1 Conc#0" [stack: 0x000000c906800000,0x000000c906900000] [id=28064]
  0x000001cbc0ca5000 ConcurrentGCThread "G1 Conc#1" [stack: 0x000000c907700000,0x000000c907800000] [id=28136]
  0x000001cba5d15000 ConcurrentGCThread "G1 Refine#0" [stack: 0x000000c906900000,0x000000c906a00000] [id=29328]
  0x000001cbc3ebe800 ConcurrentGCThread "G1 Refine#1" [stack: 0x000000c907800000,0x000000c907900000] [id=8552]
  0x000001cba5d16000 ConcurrentGCThread "G1 Young RemSet Sampling" [stack: 0x000000c906a00000,0x000000c906b00000] [id=27696]

Threads with active compile tasks:
C2 CompilerThread0  12196 7816       4       jdk.internal.loader.BuiltinClassLoader::loadClass (22 bytes)
C1 CompilerThread0  12196 8320       2       org.jetbrains.kotlin.descriptors.impl.PropertyDescriptorImpl::copy (43 bytes)

VM state:not at safepoint (normal execution)

VM Mutex/Monitor currently owned by a thread:  ([mutex/lock_event])
[0x000001cba5c89c40] Patching_lock - owner thread: 0x0000000000000000

Heap address: 0x00000000c4c00000, size: 948 MB, Compressed Oops mode: 32-bit
Narrow klass base: 0x0000000000000000, Narrow klass shift: 3
Compressed class space size: 1073741824 Address: 0x0000000100000000

Heap:
 garbage-first heap   total 118784K, used 67948K [0x00000000c4c00000, 0x0000000100000000)
  region size 1024K, 13 young (13312K), 2 survivors (2048K)
 Metaspace       used 61882K, capacity 62472K, committed 62720K, reserved 1105920K
  class space    used 6820K, capacity 7065K, committed 7168K, reserved 1048576K
Heap Regions: E=young(eden), S=young(survivor), O=old, HS=humongous(starts), HC=humongous(continues), CS=collection set, F=free, A=archive, TAMS=top-at-mark-start (previous, next)
|   0|0x00000000c4c00000, 0x00000000c4d00000, 0x00000000c4d00000|100%|HS|  |TAMS 0x00000000c4d00000, 0x00000000c4c00000| Complete 
|   1|0x00000000c4d00000, 0x00000000c4e00000, 0x00000000c4e00000|100%|HC|  |TAMS 0x00000000c4e00000, 0x00000000c4d00000| Complete 
|   2|0x00000000c4e00000, 0x00000000c4f00000, 0x00000000c4f00000|100%|HC|  |TAMS 0x00000000c4f00000, 0x00000000c4e00000| Complete 
|   3|0x00000000c4f00000, 0x00000000c5000000, 0x00000000c5000000|100%| O|  |TAMS 0x00000000c5000000, 0x00000000c4f00000| Untracked 
|   4|0x00000000c5000000, 0x00000000c5100000, 0x00000000c5100000|100%| O|  |TAMS 0x00000000c5100000, 0x00000000c5000000| Untracked 
|   5|0x00000000c5100000, 0x00000000c5200000, 0x00000000c5200000|100%| O|  |TAMS 0x00000000c5200000, 0x00000000c5100000| Untracked 
|   6|0x00000000c5200000, 0x00000000c5300000, 0x00000000c5300000|100%| O|  |TAMS 0x00000000c5300000, 0x00000000c5200000| Untracked 
|   7|0x00000000c5300000, 0x00000000c5400000, 0x00000000c5400000|100%| O|  |TAMS 0x00000000c5400000, 0x00000000c5300000| Untracked 
|   8|0x00000000c5400000, 0x00000000c5500000, 0x00000000c5500000|100%| O|  |TAMS 0x00000000c5500000, 0x00000000c5400000| Untracked 
|   9|0x00000000c5500000, 0x00000000c5600000, 0x00000000c5600000|100%|HS|  |TAMS 0x00000000c5600000, 0x00000000c5500000| Complete 
|  10|0x00000000c5600000, 0x00000000c5700000, 0x00000000c5700000|100%|HC|  |TAMS 0x00000000c5700000, 0x00000000c5600000| Complete 
|  11|0x00000000c5700000, 0x00000000c5800000, 0x00000000c5800000|100%|HC|  |TAMS 0x00000000c5800000, 0x00000000c5700000| Complete 
|  12|0x00000000c5800000, 0x00000000c5900000, 0x00000000c5900000|100%|HS|  |TAMS 0x00000000c5900000, 0x00000000c5800000| Complete 
|  13|0x00000000c5900000, 0x00000000c5a00000, 0x00000000c5a00000|100%|HC|  |TAMS 0x00000000c5a00000, 0x00000000c5900000| Complete 
|  14|0x00000000c5a00000, 0x00000000c5b00000, 0x00000000c5b00000|100%|HC|  |TAMS 0x00000000c5b00000, 0x00000000c5a00000| Complete 
|  15|0x00000000c5b00000, 0x00000000c5c00000, 0x00000000c5c00000|100%| O|  |TAMS 0x00000000c5c00000, 0x00000000c5b00000| Untracked 
|  16|0x00000000c5c00000, 0x00000000c5d00000, 0x00000000c5d00000|100%| O|  |TAMS 0x00000000c5d00000, 0x00000000c5c00000| Untracked 
|  17|0x00000000c5d00000, 0x00000000c5e00000, 0x00000000c5e00000|100%| O|  |TAMS 0x00000000c5e00000, 0x00000000c5d00000| Untracked 
|  18|0x00000000c5e00000, 0x00000000c5f00000, 0x00000000c5f00000|100%| O|  |TAMS 0x00000000c5f00000, 0x00000000c5e00000| Untracked 
|  19|0x00000000c5f00000, 0x00000000c6000000, 0x00000000c6000000|100%| O|  |TAMS 0x00000000c6000000, 0x00000000c5f00000| Untracked 
|  20|0x00000000c6000000, 0x00000000c6100000, 0x00000000c6100000|100%| O|  |TAMS 0x00000000c6100000, 0x00000000c6000000| Untracked 
|  21|0x00000000c6100000, 0x00000000c6200000, 0x00000000c6200000|100%| O|  |TAMS 0x00000000c6200000, 0x00000000c6100000| Untracked 
|  22|0x00000000c6200000, 0x00000000c6300000, 0x00000000c6300000|100%|HS|  |TAMS 0x00000000c6300000, 0x00000000c6200000| Complete 
|  23|0x00000000c6300000, 0x00000000c6400000, 0x00000000c6400000|100%|HC|  |TAMS 0x00000000c6400000, 0x00000000c6300000| Complete 
|  24|0x00000000c6400000, 0x00000000c6500000, 0x00000000c6500000|100%| O|  |TAMS 0x00000000c6500000, 0x00000000c6400000| Untracked 
|  25|0x00000000c6500000, 0x00000000c6600000, 0x00000000c6600000|100%| O|  |TAMS 0x00000000c6600000, 0x00000000c6500000| Untracked 
|  26|0x00000000c6600000, 0x00000000c6700000, 0x00000000c6700000|100%| O|  |TAMS 0x00000000c6700000, 0x00000000c6600000| Untracked 
|  27|0x00000000c6700000, 0x00000000c6800000, 0x00000000c6800000|100%| O|  |TAMS 0x00000000c6800000, 0x00000000c6700000| Untracked 
|  28|0x00000000c6800000, 0x00000000c6900000, 0x00000000c6900000|100%| O|  |TAMS 0x00000000c6900000, 0x00000000c6800000| Untracked 
|  29|0x00000000c6900000, 0x00000000c6a00000, 0x00000000c6a00000|100%| O|  |TAMS 0x00000000c6a00000, 0x00000000c6900000| Untracked 
|  30|0x00000000c6a00000, 0x00000000c6b00000, 0x00000000c6b00000|100%| O|  |TAMS 0x00000000c6b00000, 0x00000000c6a00000| Untracked 
|  31|0x00000000c6b00000, 0x00000000c6c00000, 0x00000000c6c00000|100%| O|  |TAMS 0x00000000c6c00000, 0x00000000c6b00000| Untracked 
|  32|0x00000000c6c00000, 0x00000000c6d00000, 0x00000000c6d00000|100%| O|  |TAMS 0x00000000c6d00000, 0x00000000c6c00000| Untracked 
|  33|0x00000000c6d00000, 0x00000000c6e00000, 0x00000000c6e00000|100%| O|  |TAMS 0x00000000c6e00000, 0x00000000c6d00000| Untracked 
|  34|0x00000000c6e00000, 0x00000000c6f00000, 0x00000000c6f00000|100%| O|  |TAMS 0x00000000c6f00000, 0x00000000c6e00000| Untracked 
|  35|0x00000000c6f00000, 0x00000000c7000000, 0x00000000c7000000|100%| O|  |TAMS 0x00000000c7000000, 0x00000000c6f00000| Untracked 
|  36|0x00000000c7000000, 0x00000000c7100000, 0x00000000c7100000|100%| O|  |TAMS 0x00000000c7100000, 0x00000000c7000000| Untracked 
|  37|0x00000000c7100000, 0x00000000c7200000, 0x00000000c7200000|100%| O|  |TAMS 0x00000000c7200000, 0x00000000c7100000| Untracked 
|  38|0x00000000c7200000, 0x00000000c7300000, 0x00000000c7300000|100%| O|  |TAMS 0x00000000c7300000, 0x00000000c7200000| Untracked 
|  39|0x00000000c7300000, 0x00000000c7400000, 0x00000000c7400000|100%| O|  |TAMS 0x00000000c7400000, 0x00000000c7300000| Untracked 
|  40|0x00000000c7400000, 0x00000000c7500000, 0x00000000c7500000|100%| O|  |TAMS 0x00000000c7500000, 0x00000000c7400000| Untracked 
|  41|0x00000000c7500000, 0x00000000c7600000, 0x00000000c7600000|100%| O|  |TAMS 0x00000000c7600000, 0x00000000c7500000| Untracked 
|  42|0x00000000c7600000, 0x00000000c7700000, 0x00000000c7700000|100%| O|  |TAMS 0x00000000c7700000, 0x00000000c7600000| Untracked 
|  43|0x00000000c7700000, 0x00000000c7800000, 0x00000000c7800000|100%| O|  |TAMS 0x00000000c7800000, 0x00000000c7700000| Untracked 
|  44|0x00000000c7800000, 0x00000000c7900000, 0x00000000c7900000|100%| O|  |TAMS 0x00000000c7900000, 0x00000000c7800000| Untracked 
|  45|0x00000000c7900000, 0x00000000c7a00000, 0x00000000c7a00000|100%| O|  |TAMS 0x00000000c7a00000, 0x00000000c7900000| Untracked 
|  46|0x00000000c7a00000, 0x00000000c7b00000, 0x00000000c7b00000|100%| O|  |TAMS 0x00000000c7b00000, 0x00000000c7a00000| Untracked 
|  47|0x00000000c7b00000, 0x00000000c7c00000, 0x00000000c7c00000|100%| O|  |TAMS 0x00000000c7bbe000, 0x00000000c7b00000| Untracked 
|  48|0x00000000c7c00000, 0x00000000c7d00000, 0x00000000c7d00000|100%| O|  |TAMS 0x00000000c7c00000, 0x00000000c7c00000| Untracked 
|  49|0x00000000c7d00000, 0x00000000c7e00000, 0x00000000c7e00000|100%| O|  |TAMS 0x00000000c7d00000, 0x00000000c7d00000| Untracked 
|  50|0x00000000c7e00000, 0x00000000c7f00000, 0x00000000c7f00000|100%| O|  |TAMS 0x00000000c7e00000, 0x00000000c7e00000| Untracked 
|  51|0x00000000c7f00000, 0x00000000c8000000, 0x00000000c8000000|100%| O|  |TAMS 0x00000000c7f00000, 0x00000000c7f00000| Untracked 
|  52|0x00000000c8000000, 0x00000000c8100000, 0x00000000c8100000|100%| O|  |TAMS 0x00000000c8000000, 0x00000000c8000000| Untracked 
|  53|0x00000000c8100000, 0x00000000c8200000, 0x00000000c8200000|100%| O|  |TAMS 0x00000000c8100000, 0x00000000c8100000| Untracked 
|  54|0x00000000c8200000, 0x00000000c8300000, 0x00000000c8300000|100%| O|  |TAMS 0x00000000c8200000, 0x00000000c8200000| Untracked 
|  55|0x00000000c8300000, 0x00000000c8300000, 0x00000000c8400000|  0%| F|  |TAMS 0x00000000c8300000, 0x00000000c8300000| Untracked 
|  56|0x00000000c8400000, 0x00000000c8400000, 0x00000000c8500000|  0%| F|  |TAMS 0x00000000c8400000, 0x00000000c8400000| Untracked 
|  57|0x00000000c8500000, 0x00000000c8500000, 0x00000000c8600000|  0%| F|  |TAMS 0x00000000c8500000, 0x00000000c8500000| Untracked 
|  58|0x00000000c8600000, 0x00000000c8600000, 0x00000000c8700000|  0%| F|  |TAMS 0x00000000c8600000, 0x00000000c8600000| Untracked 
|  59|0x00000000c8700000, 0x00000000c8700000, 0x00000000c8800000|  0%| F|  |TAMS 0x00000000c8700000, 0x00000000c8700000| Untracked 
|  60|0x00000000c8800000, 0x00000000c8800000, 0x00000000c8900000|  0%| F|  |TAMS 0x00000000c8800000, 0x00000000c8800000| Untracked 
|  61|0x00000000c8900000, 0x00000000c8900000, 0x00000000c8a00000|  0%| F|  |TAMS 0x00000000c8900000, 0x00000000c8900000| Untracked 
|  62|0x00000000c8a00000, 0x00000000c8a00000, 0x00000000c8b00000|  0%| F|  |TAMS 0x00000000c8a00000, 0x00000000c8a00000| Untracked 
|  63|0x00000000c8b00000, 0x00000000c8b00000, 0x00000000c8c00000|  0%| F|  |TAMS 0x00000000c8b00000, 0x00000000c8b00000| Untracked 
|  64|0x00000000c8c00000, 0x00000000c8c00000, 0x00000000c8d00000|  0%| F|  |TAMS 0x00000000c8c00000, 0x00000000c8c00000| Untracked 
|  65|0x00000000c8d00000, 0x00000000c8d00000, 0x00000000c8e00000|  0%| F|  |TAMS 0x00000000c8d00000, 0x00000000c8d00000| Untracked 
|  66|0x00000000c8e00000, 0x00000000c8e00000, 0x00000000c8f00000|  0%| F|  |TAMS 0x00000000c8e00000, 0x00000000c8e00000| Untracked 
|  67|0x00000000c8f00000, 0x00000000c8f00000, 0x00000000c9000000|  0%| F|  |TAMS 0x00000000c8f00000, 0x00000000c8f00000| Untracked 
|  68|0x00000000c9000000, 0x00000000c9000000, 0x00000000c9100000|  0%| F|  |TAMS 0x00000000c9000000, 0x00000000c9000000| Untracked 
|  69|0x00000000c9100000, 0x00000000c9100000, 0x00000000c9200000|  0%| F|  |TAMS 0x00000000c9100000, 0x00000000c9100000| Untracked 
|  70|0x00000000c9200000, 0x00000000c9200000, 0x00000000c9300000|  0%| F|  |TAMS 0x00000000c9200000, 0x00000000c9200000| Untracked 
|  71|0x00000000c9300000, 0x00000000c9300000, 0x00000000c9400000|  0%| F|  |TAMS 0x00000000c9300000, 0x00000000c9300000| Untracked 
|  72|0x00000000c9400000, 0x00000000c9400000, 0x00000000c9500000|  0%| F|  |TAMS 0x00000000c9400000, 0x00000000c9400000| Untracked 
|  73|0x00000000c9500000, 0x00000000c9500000, 0x00000000c9600000|  0%| F|  |TAMS 0x00000000c9500000, 0x00000000c9500000| Untracked 
|  74|0x00000000c9600000, 0x00000000c9600000, 0x00000000c9700000|  0%| F|  |TAMS 0x00000000c9600000, 0x00000000c9600000| Untracked 
|  75|0x00000000c9700000, 0x00000000c9700000, 0x00000000c9800000|  0%| F|  |TAMS 0x00000000c9700000, 0x00000000c9700000| Untracked 
|  76|0x00000000c9800000, 0x00000000c9800000, 0x00000000c9900000|  0%| F|  |TAMS 0x00000000c9800000, 0x00000000c9800000| Untracked 
|  77|0x00000000c9900000, 0x00000000c9900000, 0x00000000c9a00000|  0%| F|  |TAMS 0x00000000c9900000, 0x00000000c9900000| Untracked 
|  78|0x00000000c9a00000, 0x00000000c9a00000, 0x00000000c9b00000|  0%| F|  |TAMS 0x00000000c9a00000, 0x00000000c9a00000| Untracked 
|  79|0x00000000c9b00000, 0x00000000c9b00000, 0x00000000c9c00000|  0%| F|  |TAMS 0x00000000c9b00000, 0x00000000c9b00000| Untracked 
|  80|0x00000000c9c00000, 0x00000000c9c00000, 0x00000000c9d00000|  0%| F|  |TAMS 0x00000000c9c00000, 0x00000000c9c00000| Untracked 
|  81|0x00000000c9d00000, 0x00000000c9d00000, 0x00000000c9e00000|  0%| F|  |TAMS 0x00000000c9d00000, 0x00000000c9d00000| Untracked 
|  82|0x00000000c9e00000, 0x00000000c9e00000, 0x00000000c9f00000|  0%| F|  |TAMS 0x00000000c9e00000, 0x00000000c9e00000| Untracked 
|  83|0x00000000c9f00000, 0x00000000c9f5b1d8, 0x00000000ca000000| 35%| S|CS|TAMS 0x00000000c9f00000, 0x00000000c9f00000| Complete 
|  84|0x00000000ca000000, 0x00000000ca000000, 0x00000000ca100000|  0%| F|  |TAMS 0x00000000ca000000, 0x00000000ca000000| Untracked 
|  85|0x00000000ca100000, 0x00000000ca100000, 0x00000000ca200000|  0%| F|  |TAMS 0x00000000ca100000, 0x00000000ca100000| Untracked 
|  86|0x00000000ca200000, 0x00000000ca200000, 0x00000000ca300000|  0%| F|  |TAMS 0x00000000ca200000, 0x00000000ca200000| Untracked 
|  87|0x00000000ca300000, 0x00000000ca300000, 0x00000000ca400000|  0%| F|  |TAMS 0x00000000ca300000, 0x00000000ca300000| Untracked 
|  88|0x00000000ca400000, 0x00000000ca500000, 0x00000000ca500000|100%| S|CS|TAMS 0x00000000ca400000, 0x00000000ca400000| Complete 
|  89|0x00000000ca500000, 0x00000000ca500000, 0x00000000ca600000|  0%| F|  |TAMS 0x00000000ca500000, 0x00000000ca500000| Untracked 
|  90|0x00000000ca600000, 0x00000000ca600000, 0x00000000ca700000|  0%| F|  |TAMS 0x00000000ca600000, 0x00000000ca600000| Untracked 
|  91|0x00000000ca700000, 0x00000000ca700000, 0x00000000ca800000|  0%| F|  |TAMS 0x00000000ca700000, 0x00000000ca700000| Untracked 
|  92|0x00000000ca800000, 0x00000000ca800000, 0x00000000ca900000|  0%| F|  |TAMS 0x00000000ca800000, 0x00000000ca800000| Untracked 
|  93|0x00000000ca900000, 0x00000000ca900000, 0x00000000caa00000|  0%| F|  |TAMS 0x00000000ca900000, 0x00000000ca900000| Untracked 
|  94|0x00000000caa00000, 0x00000000caa00000, 0x00000000cab00000|  0%| F|  |TAMS 0x00000000caa00000, 0x00000000caa00000| Untracked 
|  95|0x00000000cab00000, 0x00000000cab00000, 0x00000000cac00000|  0%| F|  |TAMS 0x00000000cab00000, 0x00000000cab00000| Untracked 
|  96|0x00000000cac00000, 0x00000000cac00000, 0x00000000cad00000|  0%| F|  |TAMS 0x00000000cac00000, 0x00000000cac00000| Untracked 
|  97|0x00000000cad00000, 0x00000000cad00000, 0x00000000cae00000|  0%| F|  |TAMS 0x00000000cad00000, 0x00000000cad00000| Untracked 
|  98|0x00000000cae00000, 0x00000000cae00000, 0x00000000caf00000|  0%| F|  |TAMS 0x00000000cae00000, 0x00000000cae00000| Untracked 
|  99|0x00000000caf00000, 0x00000000caf00000, 0x00000000cb000000|  0%| F|  |TAMS 0x00000000caf00000, 0x00000000caf00000| Untracked 
| 100|0x00000000cb000000, 0x00000000cb000000, 0x00000000cb100000|  0%| F|  |TAMS 0x00000000cb000000, 0x00000000cb000000| Untracked 
| 101|0x00000000cb100000, 0x00000000cb100000, 0x00000000cb200000|  0%| F|  |TAMS 0x00000000cb100000, 0x00000000cb100000| Untracked 
| 102|0x00000000cb200000, 0x00000000cb200000, 0x00000000cb300000|  0%| F|  |TAMS 0x00000000cb200000, 0x00000000cb200000| Untracked 
| 103|0x00000000cb300000, 0x00000000cb300000, 0x00000000cb400000|  0%| F|  |TAMS 0x00000000cb300000, 0x00000000cb300000| Untracked 
| 104|0x00000000cb400000, 0x00000000cb400000, 0x00000000cb500000|  0%| F|  |TAMS 0x00000000cb400000, 0x00000000cb400000| Untracked 
| 105|0x00000000cb500000, 0x00000000cb600000, 0x00000000cb600000|100%| E|  |TAMS 0x00000000cb500000, 0x00000000cb500000| Complete 
| 106|0x00000000cb600000, 0x00000000cb700000, 0x00000000cb700000|100%| E|CS|TAMS 0x00000000cb600000, 0x00000000cb600000| Complete 
| 107|0x00000000cb700000, 0x00000000cb800000, 0x00000000cb800000|100%| E|CS|TAMS 0x00000000cb700000, 0x00000000cb700000| Complete 
| 108|0x00000000cb800000, 0x00000000cb900000, 0x00000000cb900000|100%| E|CS|TAMS 0x00000000cb800000, 0x00000000cb800000| Complete 
| 109|0x00000000cb900000, 0x00000000cba00000, 0x00000000cba00000|100%| E|CS|TAMS 0x00000000cb900000, 0x00000000cb900000| Complete 
| 110|0x00000000cba00000, 0x00000000cbb00000, 0x00000000cbb00000|100%| E|CS|TAMS 0x00000000cba00000, 0x00000000cba00000| Complete 
| 111|0x00000000cbb00000, 0x00000000cbc00000, 0x00000000cbc00000|100%| E|CS|TAMS 0x00000000cbb00000, 0x00000000cbb00000| Complete 
| 112|0x00000000cbc00000, 0x00000000cbd00000, 0x00000000cbd00000|100%| E|CS|TAMS 0x00000000cbc00000, 0x00000000cbc00000| Complete 
| 113|0x00000000cbd00000, 0x00000000cbe00000, 0x00000000cbe00000|100%| E|CS|TAMS 0x00000000cbd00000, 0x00000000cbd00000| Complete 
| 114|0x00000000cbe00000, 0x00000000cbf00000, 0x00000000cbf00000|100%| E|CS|TAMS 0x00000000cbe00000, 0x00000000cbe00000| Complete 
| 115|0x00000000cbf00000, 0x00000000cc000000, 0x00000000cc000000|100%| E|CS|TAMS 0x00000000cbf00000, 0x00000000cbf00000| Complete 

Card table byte_map: [0x000001cbbab90000,0x000001cbbad70000] _byte_map_base: 0x000001cbba56a000

Marking Bits (Prev, Next): (CMBitMap*) 0x000001cba5cb5e70, (CMBitMap*) 0x000001cba5cb5e38
 Prev Bits: [0x000001cbbbe20000, 0x000001cbbccf0000)
 Next Bits: [0x000001cbbaf50000, 0x000001cbbbe20000)

Polling page: 0x000001cba5b60000

Metaspace:

Usage:
  Non-class:     54.11 MB capacity,    53.78 MB (>99%) used,   249.92 KB ( <1%) free+waste,    89.44 KB ( <1%) overhead. 
      Class:      6.90 MB capacity,     6.66 MB ( 97%) used,   209.16 KB (  3%) free+waste,    35.19 KB ( <1%) overhead. 
       Both:     61.01 MB capacity,    60.44 MB (>99%) used,   459.09 KB ( <1%) free+waste,   124.63 KB ( <1%) overhead. 

Virtual space:
  Non-class space:       56.00 MB reserved,      54.25 MB ( 97%) committed 
      Class space:        1.00 GB reserved,       7.00 MB ( <1%) committed 
             Both:        1.05 GB reserved,      61.25 MB (  6%) committed 

Chunk freelists:
   Non-Class:  17.00 KB
       Class:  7.00 KB
        Both:  24.00 KB

MaxMetaspaceSize: 17179869184.00 GB
CompressedClassSpaceSize: 1.00 GB

CodeHeap 'non-profiled nmethods': size=120000Kb used=2732Kb max_used=2732Kb free=117268Kb
 bounds [0x000001cbb2a10000, 0x000001cbb2cc0000, 0x000001cbb9f40000]
CodeHeap 'profiled nmethods': size=120000Kb used=18915Kb max_used=18915Kb free=101084Kb
 bounds [0x000001cbab4e0000, 0x000001cbac760000, 0x000001cbb2a10000]
CodeHeap 'non-nmethods': size=5760Kb used=1255Kb max_used=1255Kb free=4504Kb
 bounds [0x000001cbaaf40000, 0x000001cbab1b0000, 0x000001cbab4e0000]
 total_blobs=8825 nmethods=8212 adapters=522
 compilation: enabled
              stopped_count=0, restarted_count=0
 full_count=0

Compilation events (20 events):
Event: 12.155 Thread 0x000001cbbff85800 nmethod 8255 0x000001cbac72ed90 code [0x000001cbac72f060, 0x000001cbac72f898]
Event: 12.155 Thread 0x000001cbbff85800 8258       2       org.jetbrains.kotlin.ir.expressions.IrFunctionAccessExpression::<init> (14 bytes)
Event: 12.156 Thread 0x000001cbbff85800 nmethod 8258 0x000001cbac72fd10 code [0x000001cbac72fec0, 0x000001cbac730218]
Event: 12.156 Thread 0x000001cbbff85800 8259       2       org.jetbrains.kotlin.ir.expressions.IrMemberAccessExpression::<init> (13 bytes)
Event: 12.156 Thread 0x000001cbbff85800 nmethod 8259 0x000001cbac730310 code [0x000001cbac7304c0, 0x000001cbac730718]
Event: 12.156 Thread 0x000001cbbff85800 8260       2       org.jetbrains.kotlin.descriptors.impl.AbstractReceiverParameterDescriptor::getOriginal (5 bytes)
Event: 12.156 Thread 0x000001cbbff85800 nmethod 8260 0x000001cbac730810 code [0x000001cbac7309c0, 0x000001cbac730ab8]
Event: 12.156 Thread 0x000001cbbff85800 8256   !   2       org.jetbrains.kotlin.ir.util.SymbolTable::referenceSimpleFunction (267 bytes)
Event: 12.157 Thread 0x000001cbbff85800 nmethod 8256 0x000001cbac730b90 code [0x000001cbac730de0, 0x000001cbac7314c8]
Event: 12.157 Thread 0x000001cbbff85800 8257       2       org.jetbrains.kotlin.psi2ir.generators.DeclarationGeneratorExtension::<init> (16 bytes)
Event: 12.158 Thread 0x000001cbbff85800 nmethod 8257 0x000001cbac731a90 code [0x000001cbac731c80, 0x000001cbac731f78]
Event: 12.158 Thread 0x000001cbbff85800 8261       2       org.jetbrains.kotlin.ir.expressions.impl.IrConstructorCallImpl::<init> (55 bytes)
Event: 12.159 Thread 0x000001cbbff85800 nmethod 8261 0x000001cbac732190 code [0x000001cbac7323e0, 0x000001cbac732bf8]
Event: 12.159 Thread 0x000001cbbff85800 8262       2       org.jetbrains.kotlin.ir.expressions.IrConstructorCall::<init> (7 bytes)
Event: 12.160 Thread 0x000001cbbff85800 nmethod 8262 0x000001cbac732f90 code [0x000001cbac733140, 0x000001cbac733498]
Event: 12.160 Thread 0x000001cbbff85800 8263       2       org.jetbrains.kotlin.psi2ir.generators.FunctionGenerator::<init> (12 bytes)
Event: 12.161 Thread 0x000001cbbff85800 nmethod 8263 0x000001cbac733590 code [0x000001cbac7337c0, 0x000001cbac733c58]
Event: 12.161 Thread 0x000001cbbff85800 8264       2       org.jetbrains.kotlin.psi2ir.generators.DeclarationGeneratorKt::createBodyGenerator (27 bytes)
Event: 12.161 Thread 0x000001cbbff85800 nmethod 8264 0x000001cbac733f10 code [0x000001cbac734160, 0x000001cbac734618]
Event: 12.161 Thread 0x000001cbbff85800 8270       2       org.jetbrains.kotlin.backend.jvm.serialization.JvmIdSignatureDescriptor$JvmDescriptorBasedSignatureBuilder::collectContainingClasses (87 bytes)

GC Heap History (20 events):
Event: 7.423 GC heap before
{Heap before GC invocations=11 (full 0):
 garbage-first heap   total 73728K, used 52160K [0x00000000c4c00000, 0x0000000100000000)
  region size 1024K, 22 young (22528K), 2 survivors (2048K)
 Metaspace       used 45449K, capacity 45894K, committed 46080K, reserved 1089536K
  class space    used 5366K, capacity 5546K, committed 5632K, reserved 1048576K
}
Event: 7.439 GC heap after
{Heap after GC invocations=12 (full 0):
 garbage-first heap   total 73728K, used 35822K [0x00000000c4c00000, 0x0000000100000000)
  region size 1024K, 3 young (3072K), 3 survivors (3072K)
 Metaspace       used 45449K, capacity 45894K, committed 46080K, reserved 1089536K
  class space    used 5366K, capacity 5546K, committed 5632K, reserved 1048576K
}
Event: 7.624 GC heap before
{Heap before GC invocations=12 (full 0):
 garbage-first heap   total 73728K, used 53230K [0x00000000c4c00000, 0x0000000100000000)
  region size 1024K, 20 young (20480K), 3 survivors (3072K)
 Metaspace       used 46230K, capacity 46726K, committed 46848K, reserved 1091584K
  class space    used 5436K, capacity 5610K, committed 5632K, reserved 1048576K
}
Event: 7.634 GC heap after
{Heap after GC invocations=13 (full 0):
 garbage-first heap   total 73728K, used 36436K [0x00000000c4c00000, 0x0000000100000000)
  region size 1024K, 2 young (2048K), 2 survivors (2048K)
 Metaspace       used 46230K, capacity 46726K, committed 46848K, reserved 1091584K
  class space    used 5436K, capacity 5610K, committed 5632K, reserved 1048576K
}
Event: 7.895 GC heap before
{Heap before GC invocations=13 (full 0):
 garbage-first heap   total 73728K, used 53844K [0x00000000c4c00000, 0x0000000100000000)
  region size 1024K, 19 young (19456K), 2 survivors (2048K)
 Metaspace       used 47346K, capacity 47866K, committed 48000K, reserved 1091584K
  class space    used 5527K, capacity 5710K, committed 5760K, reserved 1048576K
}
Event: 7.908 GC heap after
{Heap after GC invocations=14 (full 0):
 garbage-first heap   total 73728K, used 39422K [0x00000000c4c00000, 0x0000000100000000)
  region size 1024K, 3 young (3072K), 3 survivors (3072K)
 Metaspace       used 47346K, capacity 47866K, committed 48000K, reserved 1091584K
  class space    used 5527K, capacity 5710K, committed 5760K, reserved 1048576K
}
Event: 8.381 GC heap before
{Heap before GC invocations=15 (full 0):
 garbage-first heap   total 73728K, used 55806K [0x00000000c4c00000, 0x0000000100000000)
  region size 1024K, 19 young (19456K), 3 survivors (3072K)
 Metaspace       used 49072K, capacity 49627K, committed 49920K, reserved 1093632K
  class space    used 5635K, capacity 5821K, committed 5888K, reserved 1048576K
}
Event: 8.404 GC heap after
{Heap after GC invocations=16 (full 0):
 garbage-first heap   total 89088K, used 42622K [0x00000000c4c00000, 0x0000000100000000)
  region size 1024K, 3 young (3072K), 3 survivors (3072K)
 Metaspace       used 49072K, capacity 49627K, committed 49920K, reserved 1093632K
  class space    used 5635K, capacity 5821K, committed 5888K, reserved 1048576K
}
Event: 8.439 GC heap before
{Heap before GC invocations=16 (full 0):
 garbage-first heap   total 89088K, used 43646K [0x00000000c4c00000, 0x0000000100000000)
  region size 1024K, 4 young (4096K), 3 survivors (3072K)
 Metaspace       used 49117K, capacity 49627K, committed 49920K, reserved 1093632K
  class space    used 5635K, capacity 5821K, committed 5888K, reserved 1048576K
}
Event: 8.449 GC heap after
{Heap after GC invocations=17 (full 0):
 garbage-first heap   total 89088K, used 43320K [0x00000000c4c00000, 0x0000000100000000)
  region size 1024K, 1 young (1024K), 1 survivors (1024K)
 Metaspace       used 49117K, capacity 49627K, committed 49920K, reserved 1093632K
  class space    used 5635K, capacity 5821K, committed 5888K, reserved 1048576K
}
Event: 8.844 GC heap before
{Heap before GC invocations=17 (full 0):
 garbage-first heap   total 89088K, used 63800K [0x00000000c4c00000, 0x0000000100000000)
  region size 1024K, 21 young (21504K), 1 survivors (1024K)
 Metaspace       used 49546K, capacity 50076K, committed 50176K, reserved 1093632K
  class space    used 5645K, capacity 5821K, committed 5888K, reserved 1048576K
}
Event: 8.863 GC heap after
{Heap after GC invocations=18 (full 0):
 garbage-first heap   total 89088K, used 46907K [0x00000000c4c00000, 0x0000000100000000)
  region size 1024K, 3 young (3072K), 3 survivors (3072K)
 Metaspace       used 49546K, capacity 50076K, committed 50176K, reserved 1093632K
  class space    used 5645K, capacity 5821K, committed 5888K, reserved 1048576K
}
Event: 9.201 GC heap before
{Heap before GC invocations=19 (full 0):
 garbage-first heap   total 89088K, used 65339K [0x00000000c4c00000, 0x0000000100000000)
  region size 1024K, 22 young (22528K), 3 survivors (3072K)
 Metaspace       used 51475K, capacity 51976K, committed 52224K, reserved 1095680K
  class space    used 5849K, capacity 6028K, committed 6144K, reserved 1048576K
}
Event: 9.217 GC heap after
{Heap after GC invocations=20 (full 0):
 garbage-first heap   total 89088K, used 48488K [0x00000000c4c00000, 0x0000000100000000)
  region size 1024K, 3 young (3072K), 3 survivors (3072K)
 Metaspace       used 51475K, capacity 51976K, committed 52224K, reserved 1095680K
  class space    used 5849K, capacity 6028K, committed 6144K, reserved 1048576K
}
Event: 9.913 GC heap before
{Heap before GC invocations=20 (full 0):
 garbage-first heap   total 89088K, used 65896K [0x00000000c4c00000, 0x0000000100000000)
  region size 1024K, 21 young (21504K), 3 survivors (3072K)
 Metaspace       used 53621K, capacity 54169K, committed 54272K, reserved 1097728K
  class space    used 6092K, capacity 6306K, committed 6400K, reserved 1048576K
}
Event: 9.928 GC heap after
{Heap after GC invocations=21 (full 0):
 garbage-first heap   total 118784K, used 51960K [0x00000000c4c00000, 0x0000000100000000)
  region size 1024K, 3 young (3072K), 3 survivors (3072K)
 Metaspace       used 53621K, capacity 54169K, committed 54272K, reserved 1097728K
  class space    used 6092K, capacity 6306K, committed 6400K, reserved 1048576K
}
Event: 11.121 GC heap before
{Heap before GC invocations=22 (full 0):
 garbage-first heap   total 118784K, used 80632K [0x00000000c4c00000, 0x0000000100000000)
  region size 1024K, 31 young (31744K), 3 survivors (3072K)
 Metaspace       used 56231K, capacity 56841K, committed 56960K, reserved 1099776K
  class space    used 6262K, capacity 6511K, committed 6528K, reserved 1048576K
}
Event: 11.139 GC heap after
{Heap after GC invocations=23 (full 0):
 garbage-first heap   total 118784K, used 56087K [0x00000000c4c00000, 0x0000000100000000)
  region size 1024K, 4 young (4096K), 4 survivors (4096K)
 Metaspace       used 56231K, capacity 56841K, committed 56960K, reserved 1099776K
  class space    used 6262K, capacity 6511K, committed 6528K, reserved 1048576K
}
Event: 11.991 GC heap before
{Heap before GC invocations=23 (full 0):
 garbage-first heap   total 118784K, used 83735K [0x00000000c4c00000, 0x0000000100000000)
  region size 1024K, 31 young (31744K), 4 survivors (4096K)
 Metaspace       used 61532K, capacity 62148K, committed 62464K, reserved 1103872K
  class space    used 6814K, capacity 7064K, committed 7168K, reserved 1048576K
}
Event: 12.008 GC heap after
{Heap after GC invocations=24 (full 0):
 garbage-first heap   total 118784K, used 57708K [0x00000000c4c00000, 0x0000000100000000)
  region size 1024K, 2 young (2048K), 2 survivors (2048K)
 Metaspace       used 61532K, capacity 62148K, committed 62464K, reserved 1103872K
  class space    used 6814K, capacity 7064K, committed 7168K, reserved 1048576K
}

Deoptimization events (20 events):
Event: 12.111 Thread 0x000001cba5c8f000 DEOPT PACKING pc=0x000001cbac665c50 sp=0x000000c9065fd780
Event: 12.111 Thread 0x000001cba5c8f000 DEOPT UNPACKING pc=0x000001cbaaf68ede sp=0x000000c9065fcc08 mode 0
Event: 12.119 Thread 0x000001cba5c8f000 DEOPT PACKING pc=0x000001cbac665c50 sp=0x000000c9065fd850
Event: 12.119 Thread 0x000001cba5c8f000 DEOPT UNPACKING pc=0x000001cbaaf68ede sp=0x000000c9065fccd8 mode 0
Event: 12.125 Thread 0x000001cba5c8f000 DEOPT PACKING pc=0x000001cbac665c50 sp=0x000000c9065fd6a0
Event: 12.125 Thread 0x000001cba5c8f000 DEOPT UNPACKING pc=0x000001cbaaf68ede sp=0x000000c9065fcb28 mode 0
Event: 12.130 Thread 0x000001cba5c8f000 DEOPT PACKING pc=0x000001cbac665c50 sp=0x000000c9065fd770
Event: 12.130 Thread 0x000001cba5c8f000 DEOPT UNPACKING pc=0x000001cbaaf68ede sp=0x000000c9065fcbf8 mode 0
Event: 12.135 Thread 0x000001cba5c8f000 DEOPT PACKING pc=0x000001cbac665c50 sp=0x000000c9065fd780
Event: 12.135 Thread 0x000001cba5c8f000 DEOPT UNPACKING pc=0x000001cbaaf68ede sp=0x000000c9065fcc08 mode 0
Event: 12.143 Thread 0x000001cba5c8f000 DEOPT PACKING pc=0x000001cbac665c50 sp=0x000000c9065fd810
Event: 12.143 Thread 0x000001cba5c8f000 DEOPT UNPACKING pc=0x000001cbaaf68ede sp=0x000000c9065fcc98 mode 0
Event: 12.149 Thread 0x000001cba5c8f000 DEOPT PACKING pc=0x000001cbac665c50 sp=0x000000c9065fd780
Event: 12.149 Thread 0x000001cba5c8f000 DEOPT UNPACKING pc=0x000001cbaaf68ede sp=0x000000c9065fcc08 mode 0
Event: 12.153 Thread 0x000001cba5c8f000 DEOPT PACKING pc=0x000001cbac665c50 sp=0x000000c9065fd810
Event: 12.153 Thread 0x000001cba5c8f000 DEOPT UNPACKING pc=0x000001cbaaf68ede sp=0x000000c9065fcc98 mode 0
Event: 12.157 Thread 0x000001cba5c8f000 DEOPT PACKING pc=0x000001cbac665c50 sp=0x000000c9065fd6c0
Event: 12.157 Thread 0x000001cba5c8f000 DEOPT UNPACKING pc=0x000001cbaaf68ede sp=0x000000c9065fcb48 mode 0
Event: 12.161 Thread 0x000001cba5c8f000 DEOPT PACKING pc=0x000001cbac665c50 sp=0x000000c9065fd810
Event: 12.161 Thread 0x000001cba5c8f000 DEOPT UNPACKING pc=0x000001cbaaf68ede sp=0x000000c9065fcc98 mode 0

Classes redefined (0 events):
No events

Internal exceptions (20 events):
Event: 5.567 Thread 0x000001cba5c8f000 Exception <a 'java/lang/NoSuchMethodError'{0x00000000c87b3ff8}: 'java.lang.Object java.lang.invoke.DirectMethodHandle$Holder.invokeVirtual(java.lang.Object, java.lang.Object, java.lang.Object)'> (0x00000000c87b3ff8) thrown at [./src/hotspot/share/interpreter/linkResolver.cpp, line 773]
Event: 6.565 Thread 0x000001cba5c8f000 Exception <a 'java/lang/NoSuchMethodError'{0x00000000c8a56aa8}: 'java.lang.Object java.lang.invoke.Invokers$Holder.linkToTargetMethod(java.lang.Object, int, java.lang.Object)'> (0x00000000c8a56aa8) thrown at [./src/hotspot/share/interpreter/linkResolver.cpp, line 773]
Event: 6.652 Thread 0x000001cba5c8f000 Exception <a 'java/lang/NoSuchMethodError'{0x00000000c8825200}: 'java.lang.Object java.lang.invoke.DirectMethodHandle$Holder.invokeStatic(java.lang.Object, java.lang.Object, java.lang.Object, int)'> (0x00000000c8825200) thrown at [./src/hotspot/share/interpreter/linkResolver.cpp, line 773]
Event: 6.653 Thread 0x000001cba5c8f000 Exception <a 'java/lang/NoSuchMethodError'{0x00000000c8828e70}: 'java.lang.Object java.lang.invoke.DirectMethodHandle$Holder.invokeSpecial(java.lang.Object, java.lang.Object, java.lang.Object, java.lang.Object, int)'> (0x00000000c8828e70) thrown at [./src/hotspot/share/interpreter/linkResolver.cpp, line 773]
Event: 6.653 Thread 0x000001cba5c8f000 Exception <a 'java/lang/NoSuchMethodError'{0x00000000c882c180}: 'java.lang.Object java.lang.invoke.Invokers$Holder.linkToTargetMethod(java.lang.Object, java.lang.Object, int, java.lang.Object)'> (0x00000000c882c180) thrown at [./src/hotspot/share/interpreter/linkResolver.cpp, line 773]
Event: 8.035 Thread 0x000001cba5c8f000 Exception <a 'java/lang/NoSuchMethodError'{0x00000000c9070e88}: 'java.lang.Object java.lang.invoke.DirectMethodHandle$Holder.invokeSpecial(java.lang.Object, java.lang.Object, java.lang.Object, java.lang.Object, java.lang.Object, java.lang.Object, java.lang.Object, java.lang.Object, java.lang.Object)'> (0x00000000c9070e88) thrown at [./src/hotspot/share/interpreter/linkResolver.cpp, line 773]
Event: 8.035 Thread 0x000001cba5c8f000 Exception <a 'java/lang/NoSuchMethodError'{0x00000000c9075080}: 'java.lang.Object java.lang.invoke.Invokers$Holder.linkToTargetMethod(java.lang.Object, java.lang.Object, java.lang.Object, java.lang.Object, java.lang.Object, java.lang.Object, java.lang.Object, java.lang.Object)'> (0x00000000c9075080) thrown at [./src/hotspot/share/interpreter/linkResolver.cpp, line 773]
Event: 8.144 Thread 0x000001cba5c8f000 Exception <a 'java/lang/NoSuchMethodError'{0x00000000c8b0e338}: 'java.lang.Object java.lang.invoke.DirectMethodHandle$Holder.invokeStaticInit(java.lang.Object, java.lang.Object, java.lang.Object)'> (0x00000000c8b0e338) thrown at [./src/hotspot/share/interpreter/linkResolver.cpp, line 773]
Event: 8.997 Thread 0x000001cba5c8f000 Implicit null exception at 0x000001cbb2bd02af to 0x000001cbb2bd02dc
Event: 9.009 Thread 0x000001cba5c8f000 Implicit null exception at 0x000001cbb2bd0633 to 0x000001cbb2bd09e0
Event: 9.021 Thread 0x000001cba5c8f000 Exception <a 'java/lang/NoSuchMethodError'{0x00000000c9b2e110}: 'int java.lang.invoke.DirectMethodHandle$Holder.invokeInterface(java.lang.Object, java.lang.Object)'> (0x00000000c9b2e110) thrown at [./src/hotspot/share/interpreter/linkResolver.cpp, line 773]
Event: 9.083 Thread 0x000001cba5c8f000 Exception <a 'java/lang/NoSuchMethodError'{0x00000000c9640b40}: 'java.lang.Object java.lang.invoke.Invokers$Holder.linkToTargetMethod(java.lang.Object, java.lang.Object, java.lang.Object, java.lang.Object, java.lang.Object, java.lang.Object)'> (0x00000000c9640b40) thrown at [./src/hotspot/share/interpreter/linkResolver.cpp, line 773]
Event: 9.150 Thread 0x000001cba5c8f000 Implicit null exception at 0x000001cbb2b1c54c to 0x000001cbb2b1c628
Event: 9.304 Thread 0x000001cba5c8f000 Exception <a 'java/lang/NoSuchMethodError'{0x00000000c9fb5b70}: 'java.lang.Object java.lang.invoke.Invokers$Holder.linkToTargetMethod(java.lang.Object, java.lang.Object, java.lang.Object, int, int, java.lang.Object)'> (0x00000000c9fb5b70) thrown at [./src/hotspot/share/interpreter/linkResolver.cpp, line 773]
Event: 9.449 Thread 0x000001cba5c8f000 Exception <a 'java/lang/NoSuchMethodError'{0x00000000c9a0c0e0}: 'int java.lang.invoke.DirectMethodHandle$Holder.invokeStaticInit(java.lang.Object, int)'> (0x00000000c9a0c0e0) thrown at [./src/hotspot/share/interpreter/linkResolver.cpp, line 773]
Event: 10.056 Thread 0x000001cba5c8f000 Exception <a 'java/lang/NoSuchMethodError'{0x00000000cbd9cff8}: 'java.lang.Object java.lang.invoke.DirectMethodHandle$Holder.invokeInterface(java.lang.Object, java.lang.Object, java.lang.Object)'> (0x00000000cbd9cff8) thrown at [./src/hotspot/share/interpreter/linkResolver.cpp, line 773]
Event: 10.056 Thread 0x000001cba5c8f000 Exception <a 'java/lang/IncompatibleClassChangeError'{0x00000000cbda04d0}: Found class java.lang.Object, but interface was expected> (0x00000000cbda04d0) thrown at [./src/hotspot/share/interpreter/linkResolver.cpp, line 839]
Event: 10.137 Thread 0x000001cba5c8f000 Exception <a 'java/lang/NoSuchMethodError'{0x00000000cbc80b28}: 'java.lang.Object java.lang.invoke.DirectMethodHandle$Holder.invokeStatic(java.lang.Object, int, java.lang.Object, java.lang.Object)'> (0x00000000cbc80b28) thrown at [./src/hotspot/share/interpreter/linkResolver.cpp, line 773]
Event: 10.194 Thread 0x000001cba5c8f000 Exception <a 'java/lang/NoSuchMethodError'{0x00000000cba273b0}: 'java.lang.Object java.lang.invoke.Invokers$Holder.linkToTargetMethod(java.lang.Object, java.lang.Object, java.lang.Object, java.lang.Object, java.lang.Object, java.lang.Object, java.lang.Object)'> (0x00000000cba273b0) thrown at [./src/hotspot/share/interpreter/linkResolver.cpp, line 773]
Event: 11.307 Thread 0x000001cba5c8f000 Implicit null exception at 0x000001cbb2a69b75 to 0x000001cbb2a69d3c

Events (20 events):
Event: 12.037 loading class org/jetbrains/kotlin/ir/descriptors/IrBasedTypeParameterDescriptor
Event: 12.037 loading class org/jetbrains/kotlin/ir/descriptors/IrBasedTypeParameterDescriptor done
Event: 12.038 loading class org/jetbrains/kotlin/ir/descriptors/IrBasedDeclarationDescriptor
Event: 12.038 loading class org/jetbrains/kotlin/ir/descriptors/IrBasedDeclarationDescriptor done
Event: 12.039 Executing VM operation: Deoptimize
Event: 12.040 Executing VM operation: Deoptimize done
Event: 12.041 loading class org/jetbrains/kotlin/ir/util/OriginalDescriptorsKt
Event: 12.041 loading class org/jetbrains/kotlin/ir/util/OriginalDescriptorsKt done
Event: 12.041 loading class org/jetbrains/kotlin/ir/util/ScopedTypeParametersResolver
Event: 12.041 loading class org/jetbrains/kotlin/ir/util/ScopedTypeParametersResolver done
Event: 12.042 loading class org/jetbrains/kotlin/ir/util/TypeParametersResolver
Event: 12.042 loading class org/jetbrains/kotlin/ir/util/TypeParametersResolver done
Event: 12.045 loading class org/jetbrains/kotlin/ir/types/impl/IrTypeProjectionImpl
Event: 12.045 loading class org/jetbrains/kotlin/ir/types/impl/IrTypeProjectionImpl done
Event: 12.072 loading class org/jetbrains/kotlin/psi2ir/generators/PropertyGenerator
Event: 12.072 loading class org/jetbrains/kotlin/psi2ir/generators/PropertyGenerator done
Event: 12.137 loading class org/jetbrains/kotlin/ir/types/impl/IrStarProjectionImpl
Event: 12.137 loading class org/jetbrains/kotlin/ir/types/impl/IrStarProjectionImpl done
Event: 12.137 loading class org/jetbrains/kotlin/ir/types/IrStarProjection
Event: 12.137 loading class org/jetbrains/kotlin/ir/types/IrStarProjection done


Dynamic libraries:
0x00007ff6fe350000 - 0x00007ff6fe35a000 	C:\Program Files\Android\Android Studio\jre\bin\java.exe
0x00007ffb6cdf0000 - 0x00007ffb6cfe5000 	C:\WINDOWS\SYSTEM32\ntdll.dll
0x00007ffb6af00000 - 0x00007ffb6afbd000 	C:\WINDOWS\System32\KERNEL32.DLL
0x00007ffb6a960000 - 0x00007ffb6ac2d000 	C:\WINDOWS\System32\KERNELBASE.dll
0x00007ffb6a5a0000 - 0x00007ffb6a6a0000 	C:\WINDOWS\System32\ucrtbase.dll
0x00007ffb47ac0000 - 0x00007ffb47ad9000 	C:\Program Files\Android\Android Studio\jre\bin\jli.dll
0x00007ffb46950000 - 0x00007ffb46967000 	C:\Program Files\Android\Android Studio\jre\bin\VCRUNTIME140.dll
0x00007ffb6ba90000 - 0x00007ffb6bc30000 	C:\WINDOWS\System32\USER32.dll
0x00007ffb6a6a0000 - 0x00007ffb6a6c2000 	C:\WINDOWS\System32\win32u.dll
0x00007ffb4c7a0000 - 0x00007ffb4ca3a000 	C:\WINDOWS\WinSxS\amd64_microsoft.windows.common-controls_6595b64144ccf1df_6.0.19041.1110_none_60b5254171f9507e\COMCTL32.dll
0x00007ffb6bc90000 - 0x00007ffb6bcba000 	C:\WINDOWS\System32\GDI32.dll
0x00007ffb6c0c0000 - 0x00007ffb6c15e000 	C:\WINDOWS\System32\msvcrt.dll
0x00007ffb6a7d0000 - 0x00007ffb6a8db000 	C:\WINDOWS\System32\gdi32full.dll
0x00007ffb6a500000 - 0x00007ffb6a59d000 	C:\WINDOWS\System32\msvcp_win.dll
0x00007ffb6b830000 - 0x00007ffb6b860000 	C:\WINDOWS\System32\IMM32.DLL
0x00007ffb248f0000 - 0x00007ffb2498d000 	C:\Program Files\Android\Android Studio\jre\bin\msvcp140.dll
0x00007ffb08090000 - 0x00007ffb08b5f000 	C:\Program Files\Android\Android Studio\jre\bin\server\jvm.dll
0x00007ffb6bee0000 - 0x00007ffb6bf8e000 	C:\WINDOWS\System32\ADVAPI32.dll
0x00007ffb6bcc0000 - 0x00007ffb6bd5c000 	C:\WINDOWS\System32\sechost.dll
0x00007ffb6bf90000 - 0x00007ffb6c0b5000 	C:\WINDOWS\System32\RPCRT4.dll
0x00007ffb6b630000 - 0x00007ffb6b638000 	C:\WINDOWS\System32\PSAPI.DLL
0x00007ffb4a740000 - 0x00007ffb4a749000 	C:\WINDOWS\SYSTEM32\WSOCK32.dll
0x00007ffb6cd40000 - 0x00007ffb6cdab000 	C:\WINDOWS\System32\WS2_32.dll
0x00007ffb4b490000 - 0x00007ffb4b4b7000 	C:\WINDOWS\SYSTEM32\WINMM.dll
0x00007ffb61120000 - 0x00007ffb6112a000 	C:\WINDOWS\SYSTEM32\VERSION.dll
0x00007ffb68de0000 - 0x00007ffb68df2000 	C:\WINDOWS\SYSTEM32\kernel.appcore.dll
0x00007ffb48290000 - 0x00007ffb482a1000 	C:\Program Files\Android\Android Studio\jre\bin\verify.dll
0x00007ffb682f0000 - 0x00007ffb684d4000 	C:\WINDOWS\SYSTEM32\DBGHELP.DLL
0x00007ffb52840000 - 0x00007ffb5286c000 	C:\WINDOWS\SYSTEM32\dbgcore.DLL
0x00007ffb6a740000 - 0x00007ffb6a7c2000 	C:\WINDOWS\System32\bcryptPrimitives.dll
0x00007ffb34050000 - 0x00007ffb34079000 	C:\Program Files\Android\Android Studio\jre\bin\java.dll
0x00007ffb4a490000 - 0x00007ffb4a49b000 	C:\Program Files\Android\Android Studio\jre\bin\jimage.dll
0x00007ffb48250000 - 0x00007ffb48268000 	C:\Program Files\Android\Android Studio\jre\bin\zip.dll
0x00007ffb6c5f0000 - 0x00007ffb6cd34000 	C:\WINDOWS\System32\SHELL32.dll
0x00007ffb684e0000 - 0x00007ffb68c74000 	C:\WINDOWS\SYSTEM32\windows.storage.dll
0x00007ffb6c290000 - 0x00007ffb6c5e4000 	C:\WINDOWS\System32\combase.dll
0x00007ffb69f60000 - 0x00007ffb69f8c000 	C:\WINDOWS\SYSTEM32\Wldp.dll
0x00007ffb6ae50000 - 0x00007ffb6aefd000 	C:\WINDOWS\System32\SHCORE.dll
0x00007ffb6bc30000 - 0x00007ffb6bc85000 	C:\WINDOWS\System32\shlwapi.dll
0x00007ffb6a440000 - 0x00007ffb6a45f000 	C:\WINDOWS\SYSTEM32\profapi.dll
0x00007ffb481d0000 - 0x00007ffb481ea000 	C:\Program Files\Android\Android Studio\jre\bin\net.dll
0x00007ffb4fb40000 - 0x00007ffb4fc4a000 	C:\WINDOWS\SYSTEM32\WINHTTP.dll
0x00007ffb69cc0000 - 0x00007ffb69d2a000 	C:\WINDOWS\system32\mswsock.dll
0x00007ffb47730000 - 0x00007ffb47744000 	C:\Program Files\Android\Android Studio\jre\bin\nio.dll

dbghelp: loaded successfully - version: 4.0.5 - missing functions: none
symbol engine: initialized successfully - sym options: 0x614 - pdb path: .;C:\Program Files\Android\Android Studio\jre\bin;C:\WINDOWS\SYSTEM32;C:\WINDOWS\WinSxS\amd64_microsoft.windows.common-controls_6595b64144ccf1df_6.0.19041.1110_none_60b5254171f9507e;C:\Program Files\Android\Android Studio\jre\bin\server

VM Arguments:
java_command: org.jetbrains.kotlin.cli.jvm.K2JVMCompiler @D:\Android Studio\SubmissionBMAAP\app\build\20220619_1576219619037458385.compiler.options
java_class_path (initial): C:\Users\user\.gradle\caches\modules-2\files-2.1\org.jetbrains.kotlin\kotlin-compiler-embeddable\1.5.20\1900e8b9aca0a9caffd45b99b36e3720a0a284f8\kotlin-compiler-embeddable-1.5.20.jar;C:\Users\user\.gradle\caches\modules-2\files-2.1\org.jetbrains.kotlin\kotlin-reflect\1.5.20\63810951f09a27f7827977f1bc21094042a915e\kotlin-reflect-1.5.20.jar;C:\Users\user\.gradle\caches\modules-2\files-2.1\org.jetbrains.kotlin\kotlin-stdlib\1.5.20\9de35cc611bcecec8edce1d56d8e659953806751\kotlin-stdlib-1.5.20.jar;C:\Users\user\.gradle\caches\modules-2\files-2.1\org.jetbrains.kotlin\kotlin-script-runtime\1.5.20\4381bb58d37b84d4d1afe55ec35542dd9b77e101\kotlin-script-runtime-1.5.20.jar;C:\Users\user\.gradle\caches\modules-2\files-2.1\org.jetbrains.kotlin\kotlin-daemon-embeddable\1.5.20\36c38cda019834dcd2959cc33a12768adcd94256\kotlin-daemon-embeddable-1.5.20.jar;C:\Users\user\.gradle\caches\modules-2\files-2.1\org.jetbrains.intellij.deps\trove4j\1.0.20181211\216c2e14b070f334479d800987affe4054cd563f\trove4j-1.0.20181211.jar;C:\Users\user\.gradle\caches\modules-2\files-2.1\org.jetbrains\annotations\13.0\919f0dfe192fb4e063e7dacadee7f8bb9a2672a9\annotations-13.0.jar;C:\Users\user\.gradle\caches\modules-2\files-2.1\org.jetbrains.kotlin\kotlin-stdlib-common\1.5.20\3d79dbd48bf605f4aac1e7028981a1953e245cbb\kotlin-stdlib-common-1.5.20.jar
Launcher Type: SUN_STANDARD

[Global flags]
     intx CICompilerCount                          = 4                                         {product} {ergonomic}
     uint ConcGCThreads                            = 2                                         {product} {ergonomic}
     uint G1ConcRefinementThreads                  = 8                                         {product} {ergonomic}
   size_t G1HeapRegionSize                         = 1048576                                   {product} {ergonomic}
    uintx GCDrainStackTargetSize                   = 64                                        {product} {ergonomic}
   size_t InitialHeapSize                          = 62914560                                  {product} {ergonomic}
   size_t MarkStackSize                            = 4194304                                   {product} {ergonomic}
   size_t MaxHeapSize                              = 994050048                                 {product} {ergonomic}
   size_t MaxNewSize                               = 595591168                                 {product} {ergonomic}
   size_t MinHeapDeltaBytes                        = 1048576                                   {product} {ergonomic}
    uintx NonNMethodCodeHeapSize                   = 5836300                                {pd product} {ergonomic}
    uintx NonProfiledCodeHeapSize                  = 122910970                              {pd product} {ergonomic}
    uintx ProfiledCodeHeapSize                     = 122910970                              {pd product} {ergonomic}
    uintx ReservedCodeCacheSize                    = 251658240                              {pd product} {ergonomic}
     bool SegmentedCodeCache                       = true                                      {product} {ergonomic}
     bool UseCompressedClassPointers               = true                                 {lp64_product} {ergonomic}
     bool UseCompressedOops                        = true                                 {lp64_product} {ergonomic}
     bool UseG1GC                                  = true                                      {product} {ergonomic}
     bool UseLargePagesIndividualAllocation        = false                                  {pd product} {ergonomic}

Logging:
Log output configuration:
 #0: stdout all=warning uptime,level,tags
 #1: stderr all=off uptime,level,tags

Environment Variables:
JAVA_HOME=C:\Program Files\Zulu\zulu-8
PATH=C:\Program Files\Zulu\zulu-8\bin\;C:\Program Files\Gradle\gradle-6.6\bin;C:\Program Files\Common Files\Oracle\Java\javapath;C:\ProgramData\Oracle\Java\javapath;C:\WINDOWS\system32;C:\WINDOWS;C:\WINDOWS\System32\Wbem;C:\WINDOWS\System32\WindowsPowerShell\v1.0\;C:\WINDOWS\System32\OpenSSH\;C:\Program Files\dotnet\;C:\Users\user\Desktop\apktool;C:\Users\user\AppData\Local\Microsoft\WindowsApps;C:\Users\user\.dotnet\tools;C:\sqlite3;C:\adb;%JAVA_HOME%\bin;D:\Node.js\;C:\Program Files\Git\cmd;C:\PATH_Programs;C:\Users\user\AppData\Local\Microsoft\WindowsApps;C:\Users\user\.dotnet\tools;C:\sqlite3;D:\Microsoft VS Code\bin;C:\Users\user\AppData\Roaming\npm;C:\PATH_Programs;
USERNAME=user
OS=Windows_NT
PROCESSOR_IDENTIFIER=Intel64 Family 6 Model 126 Stepping 5, GenuineIntel



---------------  S Y S T E M  ---------------

OS: Windows 10 , 64 bit Build 19041 (10.0.19041.1706)
OS uptime: 0 days 2:03 hours

CPU:total 8 (initial active 8) (4 cores per cpu, 2 threads per core) family 6 model 126 stepping 5 microcode 0xa0, cmov, cx8, fxsr, mmx, sse, sse2, sse3, ssse3, sse4.1, sse4.2, popcnt, avx, avx2, aes, clmul, erms, 3dnowpref, lzcnt, ht, tsc, tscinvbit, bmi1, bmi2, adx, evex, sha, fma

Memory: 4k page, system-wide physical 3784M (267M free)
TotalPageFile size 7880M (AvailPageFile size 5M)
current process WorkingSet (physical memory assigned to process): 286M, peak: 290M
current process commit charge ("private bytes"): 325M, peak: 328M

vm_info: OpenJDK 64-Bit Server VM (11.0.10+0-b96-7249189) for windows-amd64 JRE (11.0.10+0-b96-7249189), built on Mar 31 2021 21:44:00 by "builder" with MS VC++ 14.0 (VS2015)

END.
