#
# There is insufficient memory for the Java Runtime Environment to continue.
# Native memory allocation (mmap) failed to map 15728640 bytes for Failed to commit area from 0x00000000c9500000 to 0x00000000ca400000 of length 15728640.
# Possible reasons:
#   The system is out of physical RAM or swap space
#   The process is running with CompressedOops enabled, and the Java Heap may be blocking the growth of the native heap
# Possible solutions:
#   Reduce memory load on the system
#   Increase physical memory or swap space
#   Check if swap backing store is full
#   Decrease Java heap size (-Xmx/-Xms)
#   Decrease number of Java threads
#   Decrease Java thread stack sizes (-Xss)
#   Set larger code cache with -XX:ReservedCodeCacheSize=
#   JVM is running with Unscaled Compressed Oops mode in which the Java heap is
#     placed in the first 4GB address space. The Java Heap base address is the
#     maximum limit for the native heap growth. Please use -XX:HeapBaseMinAddress
#     to set the Java Heap base and to place the Java Heap above 4GB virtual address.
# This output file may be truncated or incomplete.
#
#  Out of Memory Error (./src/hotspot/os/windows/os_windows.cpp:3301), pid=17156, tid=28268
#
# JRE version: OpenJDK Runtime Environment (11.0.10) (build 11.0.10+0-b96-7249189)
# Java VM: OpenJDK 64-Bit Server VM (11.0.10+0-b96-7249189, mixed mode, tiered, compressed oops, g1 gc, windows-amd64)
# No core dump will be written. Minidumps are not enabled by default on client versions of Windows
#

---------------  S U M M A R Y ------------

Command Line: org.jetbrains.kotlin.cli.jvm.K2JVMCompiler @D:\Android Studio\SubmissionBMAAP\app\build\20220619_6149666712854713729.compiler.options

Host: Intel(R) Core(TM) i5-1035G1 CPU @ 1.00GHz, 8 cores, 3G,  Windows 10 , 64 bit Build 19041 (10.0.19041.1706)
Time: Sun Jun 19 20:48:54 2022 SE Asia Standard Time elapsed time: 8.492088 seconds (0d 0h 0m 8s)

---------------  T H R E A D  ---------------

Current thread (0x00000193fe282800):  VMThread "VM Thread" [stack: 0x000000027f700000,0x000000027f800000] [id=28268]

Stack: [0x000000027f700000,0x000000027f800000]
[error occurred during error reporting (printing stack bounds), id 0xc0000005, EXCEPTION_ACCESS_VIOLATION (0xc0000005) at pc=0x00000193800010e7]

Native frames: (J=compiled Java code, j=interpreted, Vv=VM code, C=native code)
V  [jvm.dll+0x5ecfaa]
V  [jvm.dll+0x722bd5]
V  [jvm.dll+0x72412d]
V  [jvm.dll+0x724745]
V  [jvm.dll+0x7246fb]
V  [jvm.dll+0x5ec348]
V  [jvm.dll+0x5ecad8]
C  [ntdll.dll+0xa209f]
C  [ntdll.dll+0x51454]
C  [ntdll.dll+0xa0bce]
C  0x00000193800010e7

VM_Operation (0x000000027f1f9ee0): G1CollectForAllocation, mode: safepoint, requested by thread 0x00000193f4f4c000


---------------  P R O C E S S  ---------------

Threads class SMR info:
_java_thread_list=0x00000193fe59cda0, length=10, elements={
0x00000193f4f4c000, 0x00000193fe2a6000, 0x00000193fe2af000, 0x00000193fe2c5000,
0x00000193fe2c6000, 0x00000193fe2ca000, 0x00000193fe2cc800, 0x00000193fe2ce000,
0x00000193fe461000, 0x00000193fe5a6000
}

Java Threads: ( => current thread )
  0x00000193f4f4c000 JavaThread "main" [_thread_blocked, id=28076, stack(0x000000027f100000,0x000000027f200000)]
  0x00000193fe2a6000 JavaThread "Reference Handler" daemon [_thread_blocked, id=14776, stack(0x000000027f800000,0x000000027f900000)]
  0x00000193fe2af000 JavaThread "Finalizer" daemon [_thread_blocked, id=26992, stack(0x000000027f900000,0x000000027fa00000)]
  0x00000193fe2c5000 JavaThread "Signal Dispatcher" daemon [_thread_blocked, id=27900, stack(0x000000027fa00000,0x000000027fb00000)]
  0x00000193fe2c6000 JavaThread "Attach Listener" daemon [_thread_blocked, id=18152, stack(0x000000027fb00000,0x000000027fc00000)]
  0x00000193fe2ca000 JavaThread "Service Thread" daemon [_thread_blocked, id=17340, stack(0x000000027fc00000,0x000000027fd00000)]
  0x00000193fe2cc800 JavaThread "C2 CompilerThread0" daemon [_thread_blocked, id=26360, stack(0x000000027fd00000,0x000000027fe00000)]
  0x00000193fe2ce000 JavaThread "C1 CompilerThread0" daemon [_thread_blocked, id=20324, stack(0x000000027fe00000,0x000000027ff00000)]
  0x00000193fe461000 JavaThread "Sweeper thread" daemon [_thread_blocked, id=27972, stack(0x000000027ff00000,0x0000000280000000)]
  0x00000193fe5a6000 JavaThread "Common-Cleaner" daemon [_thread_blocked, id=18492, stack(0x0000000200100000,0x0000000200200000)]

Other Threads:
=>0x00000193fe282800 VMThread "VM Thread" [stack: 0x000000027f700000,0x000000027f800000] [id=28268]
  0x00000193fe5a0000 WatcherThread [stack: 0x0000000200000000,0x0000000200100000] [id=29376]
  0x00000193f4f63000 GCTaskThread "GC Thread#0" [stack: 0x000000027f200000,0x000000027f300000] [id=22472]
  0x00000193fec05800 GCTaskThread "GC Thread#1" [stack: 0x0000000200200000,0x0000000200300000] [id=14360]
  0x00000193f4f7d800 ConcurrentGCThread "G1 Main Marker" [stack: 0x000000027f300000,0x000000027f400000] [id=29072]
  0x00000193f4f7e800 ConcurrentGCThread "G1 Conc#0" [stack: 0x000000027f400000,0x000000027f500000] [id=26668]
  0x000001938f13d000 ConcurrentGCThread "G1 Conc#1" [stack: 0x0000000200300000,0x0000000200400000] [id=28340]
  0x00000193f4fd9800 ConcurrentGCThread "G1 Refine#0" [stack: 0x000000027f500000,0x000000027f600000] [id=28908]
  0x00000193f4fda800 ConcurrentGCThread "G1 Young RemSet Sampling" [stack: 0x000000027f600000,0x000000027f700000] [id=11388]

Threads with active compile tasks:
C2 CompilerThread0   8508 5024       4       kotlin.collections.CollectionsKt__MutableCollectionsKt::addAll (79 bytes)

VM state:at safepoint (normal execution)

VM Mutex/Monitor currently owned by a thread:  ([mutex/lock_event])
[0x00000193f4f49b10] Threads_lock - owner thread: 0x00000193fe282800
[0x00000193f4f48910] Heap_lock - owner thread: 0x00000193f4f4c000

Heap address: 0x00000000c4c00000, size: 948 MB, Compressed Oops mode: 32-bit
Narrow klass base: 0x0000000000000000, Narrow klass shift: 3
Compressed class space size: 1073741824 Address: 0x0000000100000000

Heap:
 garbage-first heap   total 90112K, used 41593K [0x00000000c4c00000, 0x0000000100000000)
  region size 1024K, 3 young (3072K), 3 survivors (3072K)
 Metaspace       used 49416K, capacity 49948K, committed 50176K, reserved 1093632K
  class space    used 5643K, capacity 5821K, committed 5888K, reserved 1048576K
Heap Regions: E=young(eden), S=young(survivor), O=old, HS=humongous(starts), HC=humongous(continues), CS=collection set, F=free, A=archive, TAMS=top-at-mark-start (previous, next)
|   0|0x00000000c4c00000, 0x00000000c4d00000, 0x00000000c4d00000|100%|HS|  |TAMS 0x00000000c4d00000, 0x00000000c4d00000| Complete 
|   1|0x00000000c4d00000, 0x00000000c4e00000, 0x00000000c4e00000|100%|HC|  |TAMS 0x00000000c4e00000, 0x00000000c4e00000| Complete 
|   2|0x00000000c4e00000, 0x00000000c4f00000, 0x00000000c4f00000|100%|HC|  |TAMS 0x00000000c4f00000, 0x00000000c4f00000| Complete 
|   3|0x00000000c4f00000, 0x00000000c5000000, 0x00000000c5000000|100%| O|  |TAMS 0x00000000c5000000, 0x00000000c5000000| Untracked 
|   4|0x00000000c5000000, 0x00000000c5100000, 0x00000000c5100000|100%| O|  |TAMS 0x00000000c5100000, 0x00000000c5100000| Untracked 
|   5|0x00000000c5100000, 0x00000000c5200000, 0x00000000c5200000|100%| O|  |TAMS 0x00000000c5200000, 0x00000000c5200000| Untracked 
|   6|0x00000000c5200000, 0x00000000c5300000, 0x00000000c5300000|100%| O|  |TAMS 0x00000000c5300000, 0x00000000c5300000| Untracked 
|   7|0x00000000c5300000, 0x00000000c5400000, 0x00000000c5400000|100%| O|  |TAMS 0x00000000c5400000, 0x00000000c5400000| Untracked 
|   8|0x00000000c5400000, 0x00000000c5500000, 0x00000000c5500000|100%| O|  |TAMS 0x00000000c5500000, 0x00000000c5500000| Untracked 
|   9|0x00000000c5500000, 0x00000000c5600000, 0x00000000c5600000|100%|HS|  |TAMS 0x00000000c5600000, 0x00000000c5600000| Complete 
|  10|0x00000000c5600000, 0x00000000c5700000, 0x00000000c5700000|100%|HC|  |TAMS 0x00000000c5700000, 0x00000000c5700000| Complete 
|  11|0x00000000c5700000, 0x00000000c5800000, 0x00000000c5800000|100%|HC|  |TAMS 0x00000000c5800000, 0x00000000c5800000| Complete 
|  12|0x00000000c5800000, 0x00000000c5900000, 0x00000000c5900000|100%|HS|  |TAMS 0x00000000c5900000, 0x00000000c5900000| Complete 
|  13|0x00000000c5900000, 0x00000000c5a00000, 0x00000000c5a00000|100%|HC|  |TAMS 0x00000000c5a00000, 0x00000000c5a00000| Complete 
|  14|0x00000000c5a00000, 0x00000000c5b00000, 0x00000000c5b00000|100%|HC|  |TAMS 0x00000000c5b00000, 0x00000000c5b00000| Complete 
|  15|0x00000000c5b00000, 0x00000000c5c00000, 0x00000000c5c00000|100%| O|  |TAMS 0x00000000c5be6c00, 0x00000000c5c00000| Untracked 
|  16|0x00000000c5c00000, 0x00000000c5d00000, 0x00000000c5d00000|100%| O|  |TAMS 0x00000000c5c00000, 0x00000000c5d00000| Untracked 
|  17|0x00000000c5d00000, 0x00000000c5e00000, 0x00000000c5e00000|100%| O|  |TAMS 0x00000000c5e00000, 0x00000000c5e00000| Untracked 
|  18|0x00000000c5e00000, 0x00000000c5f00000, 0x00000000c5f00000|100%| O|  |TAMS 0x00000000c5f00000, 0x00000000c5f00000| Untracked 
|  19|0x00000000c5f00000, 0x00000000c6000000, 0x00000000c6000000|100%| O|  |TAMS 0x00000000c6000000, 0x00000000c6000000| Untracked 
|  20|0x00000000c6000000, 0x00000000c6100000, 0x00000000c6100000|100%| O|  |TAMS 0x00000000c6000000, 0x00000000c6100000| Untracked 
|  21|0x00000000c6100000, 0x00000000c6200000, 0x00000000c6200000|100%| O|  |TAMS 0x00000000c6100000, 0x00000000c6200000| Untracked 
|  22|0x00000000c6200000, 0x00000000c6300000, 0x00000000c6300000|100%|HS|  |TAMS 0x00000000c6300000, 0x00000000c6300000| Complete 
|  23|0x00000000c6300000, 0x00000000c6400000, 0x00000000c6400000|100%|HC|  |TAMS 0x00000000c6400000, 0x00000000c6400000| Complete 
|  24|0x00000000c6400000, 0x00000000c6500000, 0x00000000c6500000|100%| O|  |TAMS 0x00000000c6500000, 0x00000000c6500000| Untracked 
|  25|0x00000000c6500000, 0x00000000c6600000, 0x00000000c6600000|100%| O|  |TAMS 0x00000000c6600000, 0x00000000c6600000| Untracked 
|  26|0x00000000c6600000, 0x00000000c6700000, 0x00000000c6700000|100%| O|  |TAMS 0x00000000c6700000, 0x00000000c6700000| Untracked 
|  27|0x00000000c6700000, 0x00000000c6800000, 0x00000000c6800000|100%| O|  |TAMS 0x00000000c6700000, 0x00000000c6800000| Untracked 
|  28|0x00000000c6800000, 0x00000000c6900000, 0x00000000c6900000|100%| O|  |TAMS 0x00000000c6800000, 0x00000000c6900000| Untracked 
|  29|0x00000000c6900000, 0x00000000c6a00000, 0x00000000c6a00000|100%| O|  |TAMS 0x00000000c6900000, 0x00000000c6a00000| Untracked 
|  30|0x00000000c6a00000, 0x00000000c6b00000, 0x00000000c6b00000|100%| O|  |TAMS 0x00000000c6a00000, 0x00000000c6b00000| Untracked 
|  31|0x00000000c6b00000, 0x00000000c6c00000, 0x00000000c6c00000|100%| O|  |TAMS 0x00000000c6b00000, 0x00000000c6c00000| Untracked 
|  32|0x00000000c6c00000, 0x00000000c6d00000, 0x00000000c6d00000|100%| O|  |TAMS 0x00000000c6c00000, 0x00000000c6d00000| Untracked 
|  33|0x00000000c6d00000, 0x00000000c6e00000, 0x00000000c6e00000|100%| O|  |TAMS 0x00000000c6d00000, 0x00000000c6e00000| Untracked 
|  34|0x00000000c6e00000, 0x00000000c6f00000, 0x00000000c6f00000|100%| O|  |TAMS 0x00000000c6e00000, 0x00000000c6f00000| Untracked 
|  35|0x00000000c6f00000, 0x00000000c7000000, 0x00000000c7000000|100%| O|  |TAMS 0x00000000c6f00000, 0x00000000c7000000| Untracked 
|  36|0x00000000c7000000, 0x00000000c7100000, 0x00000000c7100000|100%| O|  |TAMS 0x00000000c7000000, 0x00000000c7100000| Untracked 
|  37|0x00000000c7100000, 0x00000000c719e600, 0x00000000c7200000| 61%| O|  |TAMS 0x00000000c7100000, 0x00000000c719e600| Untracked 
|  38|0x00000000c7200000, 0x00000000c7200000, 0x00000000c7300000|  0%| F|  |TAMS 0x00000000c7200000, 0x00000000c7200000| Untracked 
|  39|0x00000000c7300000, 0x00000000c7300000, 0x00000000c7400000|  0%| F|  |TAMS 0x00000000c7300000, 0x00000000c7300000| Untracked 
|  40|0x00000000c7400000, 0x00000000c7400000, 0x00000000c7500000|  0%| F|  |TAMS 0x00000000c7400000, 0x00000000c7400000| Untracked 
|  41|0x00000000c7500000, 0x00000000c7500000, 0x00000000c7600000|  0%| F|  |TAMS 0x00000000c7500000, 0x00000000c7500000| Untracked 
|  42|0x00000000c7600000, 0x00000000c7600000, 0x00000000c7700000|  0%| F|  |TAMS 0x00000000c7600000, 0x00000000c7600000| Untracked 
|  43|0x00000000c7700000, 0x00000000c7700000, 0x00000000c7800000|  0%| F|  |TAMS 0x00000000c7700000, 0x00000000c7700000| Untracked 
|  44|0x00000000c7800000, 0x00000000c7800000, 0x00000000c7900000|  0%| F|  |TAMS 0x00000000c7800000, 0x00000000c7800000| Untracked 
|  45|0x00000000c7900000, 0x00000000c7900000, 0x00000000c7a00000|  0%| F|  |TAMS 0x00000000c7900000, 0x00000000c7900000| Untracked 
|  46|0x00000000c7a00000, 0x00000000c7a00000, 0x00000000c7b00000|  0%| F|  |TAMS 0x00000000c7a00000, 0x00000000c7a00000| Untracked 
|  47|0x00000000c7b00000, 0x00000000c7b00000, 0x00000000c7c00000|  0%| F|  |TAMS 0x00000000c7b00000, 0x00000000c7b00000| Untracked 
|  48|0x00000000c7c00000, 0x00000000c7c00000, 0x00000000c7d00000|  0%| F|  |TAMS 0x00000000c7c00000, 0x00000000c7c00000| Untracked 
|  49|0x00000000c7d00000, 0x00000000c7e00000, 0x00000000c7e00000|100%| S|CS|TAMS 0x00000000c7d00000, 0x00000000c7d00000| Complete 
|  50|0x00000000c7e00000, 0x00000000c7e00000, 0x00000000c7f00000|  0%| F|  |TAMS 0x00000000c7e00000, 0x00000000c7e00000| Untracked 
|  51|0x00000000c7f00000, 0x00000000c7f00000, 0x00000000c8000000|  0%| F|  |TAMS 0x00000000c7f00000, 0x00000000c7f00000| Untracked 
|  52|0x00000000c8000000, 0x00000000c8100000, 0x00000000c8100000|100%| S|CS|TAMS 0x00000000c8000000, 0x00000000c8000000| Complete 
|  53|0x00000000c8100000, 0x00000000c8200000, 0x00000000c8200000|100%| S|CS|TAMS 0x00000000c8100000, 0x00000000c8100000| Complete 
|  54|0x00000000c8200000, 0x00000000c8200000, 0x00000000c8300000|  0%| F|  |TAMS 0x00000000c8200000, 0x00000000c8200000| Untracked 
|  55|0x00000000c8300000, 0x00000000c8300000, 0x00000000c8400000|  0%| F|  |TAMS 0x00000000c8300000, 0x00000000c8300000| Untracked 
|  56|0x00000000c8400000, 0x00000000c8400000, 0x00000000c8500000|  0%| F|  |TAMS 0x00000000c8400000, 0x00000000c8400000| Untracked 
|  57|0x00000000c8500000, 0x00000000c8500000, 0x00000000c8600000|  0%| F|  |TAMS 0x00000000c8500000, 0x00000000c8500000| Untracked 
|  58|0x00000000c8600000, 0x00000000c8600000, 0x00000000c8700000|  0%| F|  |TAMS 0x00000000c8600000, 0x00000000c8600000| Untracked 
|  59|0x00000000c8700000, 0x00000000c8700000, 0x00000000c8800000|  0%| F|  |TAMS 0x00000000c8700000, 0x00000000c8700000| Untracked 
|  60|0x00000000c8800000, 0x00000000c8800000, 0x00000000c8900000|  0%| F|  |TAMS 0x00000000c8800000, 0x00000000c8800000| Untracked 
|  61|0x00000000c8900000, 0x00000000c8900000, 0x00000000c8a00000|  0%| F|  |TAMS 0x00000000c8900000, 0x00000000c8900000| Untracked 
|  62|0x00000000c8a00000, 0x00000000c8a00000, 0x00000000c8b00000|  0%| F|  |TAMS 0x00000000c8a00000, 0x00000000c8a00000| Untracked 
|  63|0x00000000c8b00000, 0x00000000c8b00000, 0x00000000c8c00000|  0%| F|  |TAMS 0x00000000c8b00000, 0x00000000c8b00000| Untracked 
|  64|0x00000000c8c00000, 0x00000000c8c00000, 0x00000000c8d00000|  0%| F|  |TAMS 0x00000000c8c00000, 0x00000000c8c00000| Untracked 
|  65|0x00000000c8d00000, 0x00000000c8d00000, 0x00000000c8e00000|  0%| F|  |TAMS 0x00000000c8d00000, 0x00000000c8d00000| Untracked 
|  66|0x00000000c8e00000, 0x00000000c8e00000, 0x00000000c8f00000|  0%| F|  |TAMS 0x00000000c8e00000, 0x00000000c8e00000| Untracked 
|  67|0x00000000c8f00000, 0x00000000c8f00000, 0x00000000c9000000|  0%| F|  |TAMS 0x00000000c8f00000, 0x00000000c8f00000| Untracked 
|  68|0x00000000c9000000, 0x00000000c9000000, 0x00000000c9100000|  0%| F|  |TAMS 0x00000000c9000000, 0x00000000c9000000| Untracked 
|  69|0x00000000c9100000, 0x00000000c9100000, 0x00000000c9200000|  0%| F|  |TAMS 0x00000000c9100000, 0x00000000c9100000| Untracked 
|  70|0x00000000c9200000, 0x00000000c9200000, 0x00000000c9300000|  0%| F|  |TAMS 0x00000000c9200000, 0x00000000c9200000| Untracked 
|  71|0x00000000c9300000, 0x00000000c9300000, 0x00000000c9400000|  0%| F|  |TAMS 0x00000000c9300000, 0x00000000c9300000| Untracked 
|  72|0x00000000c9400000, 0x00000000c9400000, 0x00000000c9500000|  0%| F|  |TAMS 0x00000000c9400000, 0x00000000c9400000| Untracked 

Card table byte_map: [0x00000193f8f50000,0x00000193f9130000] _byte_map_base: 0x00000193f892a000

Marking Bits (Prev, Next): (CMBitMap*) 0x00000193f4f79178, (CMBitMap*) 0x00000193f4f791b0
 Prev Bits: [0x00000193f9310000, 0x00000193fa1e0000)
 Next Bits: [0x00000193fa1e0000, 0x00000193fb0b0000)

Polling page: 0x00000193f4730000

Metaspace:

Usage:
  Non-class:     43.09 MB capacity,    42.75 MB (>99%) used,   283.75 KB ( <1%) free+waste,    70.88 KB ( <1%) overhead. 
      Class:      5.68 MB capacity,     5.51 MB ( 97%) used,   148.15 KB (  3%) free+waste,    29.13 KB ( <1%) overhead. 
       Both:     48.78 MB capacity,    48.26 MB ( 99%) used,   431.90 KB ( <1%) free+waste,   100.00 KB ( <1%) overhead. 

Virtual space:
  Non-class space:       44.00 MB reserved,      43.25 MB ( 98%) committed 
      Class space:        1.00 GB reserved,       5.75 MB ( <1%) committed 
             Both:        1.04 GB reserved,      49.00 MB (  5%) committed 

Chunk freelists:
   Non-Class:  33.00 KB
       Class:  3.00 KB
        Both:  36.00 KB

MaxMetaspaceSize: 17179869184.00 GB
CompressedClassSpaceSize: 1.00 GB

CodeHeap 'non-profiled nmethods': size=120000Kb used=1923Kb max_used=1923Kb free=118076Kb
 bounds [0x0000019387ad0000, 0x0000019387d40000, 0x000001938f000000]
CodeHeap 'profiled nmethods': size=120000Kb used=11712Kb max_used=11712Kb free=108287Kb
 bounds [0x00000193805a0000, 0x0000019381120000, 0x0000019387ad0000]
CodeHeap 'non-nmethods': size=5760Kb used=1204Kb max_used=1240Kb free=4555Kb
 bounds [0x0000019380000000, 0x0000019380270000, 0x00000193805a0000]
 total_blobs=5545 nmethods=4999 adapters=455
 compilation: enabled
              stopped_count=0, restarted_count=0
 full_count=0

Compilation events (20 events):
Event: 8.452 Thread 0x00000193fe2ce000 5049       3       org.jetbrains.kotlin.resolve.OverridingUtil::getBasicOverridabilityProblem (134 bytes)
Event: 8.454 Thread 0x00000193fe2ce000 nmethod 5049 0x0000019381108710 code [0x0000019381108ac0, 0x000001938110a548]
Event: 8.454 Thread 0x00000193fe2ce000 5053       3       java.util.concurrent.locks.AbstractQueuedSynchronizer::doReleaseShared (79 bytes)
Event: 8.455 Thread 0x00000193fe2ce000 nmethod 5053 0x000001938110ab10 code [0x000001938110ad20, 0x000001938110b308]
Event: 8.455 Thread 0x00000193fe2ce000 5056       3       javaslang.collection.HashMap::empty (4 bytes)
Event: 8.455 Thread 0x00000193fe2ce000 nmethod 5056 0x000001938110b490 code [0x000001938110b640, 0x000001938110b738]
Event: 8.455 Thread 0x00000193fe2ce000 5057       3       org.jetbrains.kotlin.resolve.DescriptorUtils::isDescriptorWithLocalVisibility (28 bytes)
Event: 8.455 Thread 0x00000193fe2ce000 nmethod 5057 0x000001938110b810 code [0x000001938110b9e0, 0x000001938110be28]
Event: 8.456 Thread 0x00000193fe2ce000 5058       3       org.jetbrains.kotlin.descriptors.impl.SimpleFunctionDescriptorImpl::getOriginal (5 bytes)
Event: 8.456 Thread 0x00000193fe2ce000 nmethod 5058 0x000001938110bf10 code [0x000001938110c100, 0x000001938110c648]
Event: 8.456 Thread 0x00000193fe2ce000 5059       3       org.jetbrains.kotlin.serialization.deserialization.descriptors.DeserializedClassDescriptor::getUnsubstitutedMemberScope (16 bytes)
Event: 8.457 Thread 0x00000193fe2ce000 nmethod 5059 0x000001938110c790 code [0x000001938110c9c0, 0x000001938110cf88]
Event: 8.458 Thread 0x00000193fe2ce000 5060       3       org.jetbrains.kotlin.descriptors.DescriptorUtilKt::getTopLevelContainingClassifier (56 bytes)
Event: 8.458 Thread 0x00000193fe2ce000 nmethod 5060 0x000001938110d210 code [0x000001938110d520, 0x000001938110e668]
Event: 8.458 Thread 0x00000193fe2ce000 5062       3       org.jetbrains.kotlin.load.java.typeEnhancement.SignatureEnhancement::partsForValueParameter (90 bytes)
Event: 8.459 Thread 0x00000193fe2ce000 nmethod 5062 0x000001938110eb10 code [0x000001938110ed00, 0x000001938110f108]
Event: 8.459 Thread 0x00000193fe2ce000 5061       3       org.jetbrains.kotlin.descriptors.DescriptorUtilKt::isTopLevelInPackage (16 bytes)
Event: 8.459 Thread 0x00000193fe2ce000 nmethod 5061 0x000001938110f290 code [0x000001938110f4c0, 0x000001938110fbe8]
Event: 8.462 Thread 0x00000193fe2ce000 5063       3       org.jetbrains.kotlin.descriptors.impl.AbstractTypeParameterDescriptor$TypeParameterTypeConstructor::getDeclarationDescriptor (13 bytes)
Event: 8.462 Thread 0x00000193fe2ce000 nmethod 5063 0x000001938110fe90 code [0x0000019381110040, 0x00000193811101c8]

GC Heap History (20 events):
Event: 1.768 GC heap after
{Heap after GC invocations=3 (full 0):
 garbage-first heap   total 61440K, used 9908K [0x00000000c4c00000, 0x0000000100000000)
  region size 1024K, 1 young (1024K), 1 survivors (1024K)
 Metaspace       used 20909K, capacity 21101K, committed 21248K, reserved 1069056K
  class space    used 2219K, capacity 2286K, committed 2304K, reserved 1048576K
}
Event: 2.446 GC heap before
{Heap before GC invocations=4 (full 0):
 garbage-first heap   total 61440K, used 37556K [0x00000000c4c00000, 0x0000000100000000)
  region size 1024K, 22 young (22528K), 1 survivors (1024K)
 Metaspace       used 26294K, capacity 26663K, committed 26752K, reserved 1073152K
  class space    used 2797K, capacity 2938K, committed 2944K, reserved 1048576K
}
Event: 2.450 GC heap after
{Heap after GC invocations=5 (full 0):
 garbage-first heap   total 61440K, used 17043K [0x00000000c4c00000, 0x0000000100000000)
  region size 1024K, 2 young (2048K), 2 survivors (2048K)
 Metaspace       used 26294K, capacity 26663K, committed 26752K, reserved 1073152K
  class space    used 2797K, capacity 2938K, committed 2944K, reserved 1048576K
}
Event: 3.475 GC heap before
{Heap before GC invocations=5 (full 0):
 garbage-first heap   total 61440K, used 39571K [0x00000000c4c00000, 0x0000000100000000)
  region size 1024K, 22 young (22528K), 2 survivors (2048K)
 Metaspace       used 29473K, capacity 29888K, committed 30080K, reserved 1075200K
  class space    used 3478K, capacity 3630K, committed 3712K, reserved 1048576K
}
Event: 3.491 GC heap after
{Heap after GC invocations=6 (full 0):
 garbage-first heap   total 61440K, used 23147K [0x00000000c4c00000, 0x0000000100000000)
  region size 1024K, 3 young (3072K), 3 survivors (3072K)
 Metaspace       used 29473K, capacity 29888K, committed 30080K, reserved 1075200K
  class space    used 3478K, capacity 3630K, committed 3712K, reserved 1048576K
}
Event: 4.119 GC heap before
{Heap before GC invocations=6 (full 0):
 garbage-first heap   total 61440K, used 44651K [0x00000000c4c00000, 0x0000000100000000)
  region size 1024K, 20 young (20480K), 3 survivors (3072K)
 Metaspace       used 33192K, capacity 33622K, committed 33792K, reserved 1079296K
  class space    used 3926K, capacity 4085K, committed 4096K, reserved 1048576K
}
Event: 4.128 GC heap after
{Heap after GC invocations=7 (full 0):
 garbage-first heap   total 61440K, used 24638K [0x00000000c4c00000, 0x0000000100000000)
  region size 1024K, 2 young (2048K), 2 survivors (2048K)
 Metaspace       used 33192K, capacity 33622K, committed 33792K, reserved 1079296K
  class space    used 3926K, capacity 4085K, committed 4096K, reserved 1048576K
}
Event: 4.531 GC heap before
{Heap before GC invocations=7 (full 0):
 garbage-first heap   total 61440K, used 33854K [0x00000000c4c00000, 0x0000000100000000)
  region size 1024K, 12 young (12288K), 2 survivors (2048K)
 Metaspace       used 35102K, capacity 35535K, committed 35584K, reserved 1081344K
  class space    used 4140K, capacity 4316K, committed 4352K, reserved 1048576K
}
Event: 4.537 GC heap after
{Heap after GC invocations=8 (full 0):
 garbage-first heap   total 74752K, used 25660K [0x00000000c4c00000, 0x0000000100000000)
  region size 1024K, 2 young (2048K), 2 survivors (2048K)
 Metaspace       used 35102K, capacity 35535K, committed 35584K, reserved 1081344K
  class space    used 4140K, capacity 4316K, committed 4352K, reserved 1048576K
}
Event: 5.345 GC heap before
{Heap before GC invocations=9 (full 0):
 garbage-first heap   total 74752K, used 46140K [0x00000000c4c00000, 0x0000000100000000)
  region size 1024K, 23 young (23552K), 2 survivors (2048K)
 Metaspace       used 39060K, capacity 39516K, committed 39680K, reserved 1083392K
  class space    used 4648K, capacity 4831K, committed 4864K, reserved 1048576K
}
Event: 5.354 GC heap after
{Heap after GC invocations=10 (full 0):
 garbage-first heap   total 74752K, used 28312K [0x00000000c4c00000, 0x0000000100000000)
  region size 1024K, 3 young (3072K), 3 survivors (3072K)
 Metaspace       used 39060K, capacity 39516K, committed 39680K, reserved 1083392K
  class space    used 4648K, capacity 4831K, committed 4864K, reserved 1048576K
}
Event: 6.348 GC heap before
{Heap before GC invocations=10 (full 0):
 garbage-first heap   total 74752K, used 48792K [0x00000000c4c00000, 0x0000000100000000)
  region size 1024K, 24 young (24576K), 3 survivors (3072K)
 Metaspace       used 44622K, capacity 45105K, committed 45184K, reserved 1089536K
  class space    used 5291K, capacity 5474K, committed 5504K, reserved 1048576K
}
Event: 6.360 GC heap after
{Heap after GC invocations=11 (full 0):
 garbage-first heap   total 74752K, used 30409K [0x00000000c4c00000, 0x0000000100000000)
  region size 1024K, 2 young (2048K), 2 survivors (2048K)
 Metaspace       used 44622K, capacity 45105K, committed 45184K, reserved 1089536K
  class space    used 5291K, capacity 5474K, committed 5504K, reserved 1048576K
}
Event: 6.667 GC heap before
{Heap before GC invocations=11 (full 0):
 garbage-first heap   total 74752K, used 52937K [0x00000000c4c00000, 0x0000000100000000)
  region size 1024K, 23 young (23552K), 2 survivors (2048K)
 Metaspace       used 45472K, capacity 45958K, committed 46080K, reserved 1089536K
  class space    used 5366K, capacity 5546K, committed 5632K, reserved 1048576K
}
Event: 6.674 GC heap after
{Heap after GC invocations=12 (full 0):
 garbage-first heap   total 74752K, used 32949K [0x00000000c4c00000, 0x0000000100000000)
  region size 1024K, 3 young (3072K), 3 survivors (3072K)
 Metaspace       used 45472K, capacity 45958K, committed 46080K, reserved 1089536K
  class space    used 5366K, capacity 5546K, committed 5632K, reserved 1048576K
}
Event: 6.896 GC heap before
{Heap before GC invocations=12 (full 0):
 garbage-first heap   total 74752K, used 53429K [0x00000000c4c00000, 0x0000000100000000)
  region size 1024K, 23 young (23552K), 3 survivors (3072K)
 Metaspace       used 46529K, capacity 47080K, committed 47232K, reserved 1091584K
  class space    used 5462K, capacity 5643K, committed 5760K, reserved 1048576K
}
Event: 6.904 GC heap after
{Heap after GC invocations=13 (full 0):
 garbage-first heap   total 74752K, used 33756K [0x00000000c4c00000, 0x0000000100000000)
  region size 1024K, 2 young (2048K), 2 survivors (2048K)
 Metaspace       used 46529K, capacity 47080K, committed 47232K, reserved 1091584K
  class space    used 5462K, capacity 5643K, committed 5760K, reserved 1048576K
}
Event: 7.857 GC heap before
{Heap before GC invocations=13 (full 0):
 garbage-first heap   total 74752K, used 53212K [0x00000000c4c00000, 0x0000000100000000)
  region size 1024K, 22 young (22528K), 2 survivors (2048K)
 Metaspace       used 48556K, capacity 49115K, committed 49408K, reserved 1093632K
  class space    used 5622K, capacity 5821K, committed 5888K, reserved 1048576K
}
Event: 7.869 GC heap after
{Heap after GC invocations=14 (full 0):
 garbage-first heap   total 74752K, used 37888K [0x00000000c4c00000, 0x0000000100000000)
  region size 1024K, 3 young (3072K), 3 survivors (3072K)
 Metaspace       used 48556K, capacity 49115K, committed 49408K, reserved 1093632K
  class space    used 5622K, capacity 5821K, committed 5888K, reserved 1048576K
}
Event: 8.464 GC heap before
{Heap before GC invocations=14 (full 0):
 garbage-first heap   total 74752K, used 57344K [0x00000000c4c00000, 0x0000000100000000)
  region size 1024K, 22 young (22528K), 3 survivors (3072K)
 Metaspace       used 49416K, capacity 49948K, committed 50176K, reserved 1093632K
  class space    used 5643K, capacity 5821K, committed 5888K, reserved 1048576K
}

Deoptimization events (20 events):
Event: 7.152 Thread 0x00000193f4f4c000 Uncommon trap: trap_request=0xffffffde fr.pc=0x0000019387bec6f8 relative=0x0000000000000198
Event: 7.152 Thread 0x00000193f4f4c000 Uncommon trap: reason=class_check action=maybe_recompile pc=0x0000019387bec6f8 method=java.lang.Character.codePointAt(Ljava/lang/CharSequence;I)I @ 2 c2
Event: 7.152 Thread 0x00000193f4f4c000 DEOPT PACKING pc=0x0000019387bec6f8 sp=0x000000027f1fd000
Event: 7.152 Thread 0x00000193f4f4c000 DEOPT UNPACKING pc=0x00000193800083af sp=0x000000027f1fcfb8 mode 2
Event: 7.152 Thread 0x00000193f4f4c000 Uncommon trap: trap_request=0xffffffde fr.pc=0x0000019387bee9d8 relative=0x0000000000000858
Event: 7.152 Thread 0x00000193f4f4c000 Uncommon trap: reason=class_check action=maybe_recompile pc=0x0000019387bee9d8 method=java.lang.Character.codePointAt(Ljava/lang/CharSequence;I)I @ 2 c2
Event: 7.152 Thread 0x00000193f4f4c000 DEOPT PACKING pc=0x0000019387bee9d8 sp=0x000000027f1fd0b0
Event: 7.152 Thread 0x00000193f4f4c000 DEOPT UNPACKING pc=0x00000193800083af sp=0x000000027f1fcfc0 mode 2
Event: 7.293 Thread 0x00000193f4f4c000 DEOPT PACKING pc=0x0000019380af1cb0 sp=0x000000027f1fa400
Event: 7.293 Thread 0x00000193f4f4c000 DEOPT UNPACKING pc=0x0000019380028ede sp=0x000000027f1f9918 mode 0
Event: 7.491 Thread 0x00000193f4f4c000 DEOPT PACKING pc=0x0000019380af1cb0 sp=0x000000027f1fcc50
Event: 7.491 Thread 0x00000193f4f4c000 DEOPT UNPACKING pc=0x0000019380028ede sp=0x000000027f1fc168 mode 0
Event: 7.708 Thread 0x00000193f4f4c000 DEOPT PACKING pc=0x0000019380ac897f sp=0x000000027f1fa8d0
Event: 7.708 Thread 0x00000193f4f4c000 DEOPT UNPACKING pc=0x0000019380028ede sp=0x000000027f1f9d20 mode 0
Event: 7.854 Thread 0x00000193f4f4c000 Uncommon trap: trap_request=0xffffff4d fr.pc=0x0000019387c529c8 relative=0x0000000000002c68
Event: 7.854 Thread 0x00000193f4f4c000 Uncommon trap: reason=unstable_if action=reinterpret pc=0x0000019387c529c8 method=org.jetbrains.org.objectweb.asm.ClassReader.readMethod(Lorg/jetbrains/org/objectweb/asm/ClassVisitor;Lorg/jetbrains/org/objectweb/asm/Context;I)I @ 316 c2
Event: 7.854 Thread 0x00000193f4f4c000 DEOPT PACKING pc=0x0000019387c529c8 sp=0x000000027f1f8c60
Event: 7.854 Thread 0x00000193f4f4c000 DEOPT UNPACKING pc=0x00000193800083af sp=0x000000027f1f8be8 mode 2
Event: 8.330 Thread 0x00000193f4f4c000 DEOPT PACKING pc=0x0000019380e0d0e7 sp=0x000000027f1fc130
Event: 8.330 Thread 0x00000193f4f4c000 DEOPT UNPACKING pc=0x0000019380028ede sp=0x000000027f1fb5d8 mode 0

Classes redefined (0 events):
No events

Internal exceptions (20 events):
Event: 2.085 Thread 0x00000193f4f4c000 Exception <a 'java/lang/NoSuchMethodError'{0x00000000c7ef75b8}: 'java.lang.Object java.lang.invoke.DirectMethodHandle$Holder.invokeSpecial(java.lang.Object, java.lang.Object, int, int, java.lang.Object, java.lang.Object, java.lang.Object)'> (0x00000000c7ef75b8) thrown at [./src/hotspot/share/interpreter/linkResolver.cpp, line 773]
Event: 2.085 Thread 0x00000193f4f4c000 Exception <a 'java/lang/NoSuchMethodError'{0x00000000c7efadf0}: 'java.lang.Object java.lang.invoke.DelegatingMethodHandle$Holder.reinvoke_L(java.lang.Object, int, int, java.lang.Object, java.lang.Object, java.lang.Object)'> (0x00000000c7efadf0) thrown at [./src/hotspot/share/interpreter/linkResolver.cpp, line 773]
Event: 2.086 Thread 0x00000193f4f4c000 Exception <a 'java/lang/NoSuchMethodError'{0x00000000c7eff178}: 'java.lang.Object java.lang.invoke.DirectMethodHandle$Holder.invokeStatic(java.lang.Object, java.lang.Object, java.lang.Object, java.lang.Object, int)'> (0x00000000c7eff178) thrown at [./src/hotspot/share/interpreter/linkResolver.cpp, line 773]
Event: 2.141 Thread 0x00000193f4f4c000 Implicit null exception at 0x0000019387b574ac to 0x0000019387b57730
Event: 2.204 Thread 0x00000193f4f4c000 Exception <a 'java/lang/NoSuchMethodError'{0x00000000c787c658}: 'void java.lang.invoke.DirectMethodHandle$Holder.invokeStatic(java.lang.Object, java.lang.Object, java.lang.Object, java.lang.Object)'> (0x00000000c787c658) thrown at [./src/hotspot/share/interpreter/linkResolver.cpp, line 773]
Event: 2.290 Thread 0x00000193f4f4c000 Exception <a 'java/lang/NoSuchMethodError'{0x00000000c77cada0}: 'void java.lang.invoke.DirectMethodHandle$Holder.invokeSpecial(java.lang.Object, java.lang.Object)'> (0x00000000c77cada0) thrown at [./src/hotspot/share/interpreter/linkResolver.cpp, line 773]
Event: 2.367 Thread 0x00000193f4f4c000 Exception <a 'java/lang/NoSuchMethodError'{0x00000000c746f098}: 'void java.lang.invoke.DirectMethodHandle$Holder.invokeStaticInit(java.lang.Object, java.lang.Object)'> (0x00000000c746f098) thrown at [./src/hotspot/share/interpreter/linkResolver.cpp, line 773]
Event: 2.379 Thread 0x00000193f4f4c000 Exception <a 'java/lang/NoSuchMethodError'{0x00000000c74ad6e8}: 'void java.lang.invoke.DirectMethodHandle$Holder.invokeInterface(java.lang.Object, java.lang.Object)'> (0x00000000c74ad6e8) thrown at [./src/hotspot/share/interpreter/linkResolver.cpp, line 773]
Event: 2.525 Thread 0x00000193f4f4c000 Exception <a 'java/lang/NoSuchMethodError'{0x00000000c86cdfd8}: 'void java.lang.invoke.DirectMethodHandle$Holder.invokeVirtual(java.lang.Object, java.lang.Object)'> (0x00000000c86cdfd8) thrown at [./src/hotspot/share/interpreter/linkResolver.cpp, line 773]
Event: 2.545 Thread 0x00000193f4f4c000 Exception <a 'java/lang/NoSuchMethodError'{0x00000000c85447a0}: 'int java.lang.invoke.DirectMethodHandle$Holder.invokeVirtual(java.lang.Object, java.lang.Object)'> (0x00000000c85447a0) thrown at [./src/hotspot/share/interpreter/linkResolver.cpp, line 773]
Event: 3.524 Thread 0x00000193f4f4c000 Implicit null exception at 0x0000019387b347f4 to 0x0000019387b34a0c
Event: 3.526 Thread 0x00000193f4f4c000 Implicit null exception at 0x0000019387b3125e to 0x0000019387b319ca
Event: 4.088 Thread 0x00000193f4f4c000 Exception <a 'java/lang/NoSuchMethodError'{0x00000000c78b7d10}: 'java.lang.Object java.lang.invoke.DirectMethodHandle$Holder.invokeVirtual(java.lang.Object, java.lang.Object, java.lang.Object)'> (0x00000000c78b7d10) thrown at [./src/hotspot/share/interpreter/linkResolver.cpp, line 773]
Event: 5.782 Thread 0x00000193f4f4c000 Exception <a 'java/lang/NoSuchMethodError'{0x00000000c8c270d0}: 'java.lang.Object java.lang.invoke.Invokers$Holder.linkToTargetMethod(java.lang.Object, int, java.lang.Object)'> (0x00000000c8c270d0) thrown at [./src/hotspot/share/interpreter/linkResolver.cpp, line 773]
Event: 5.856 Thread 0x00000193f4f4c000 Exception <a 'java/lang/NoSuchMethodError'{0x00000000c8bf3938}: 'java.lang.Object java.lang.invoke.DirectMethodHandle$Holder.invokeStatic(java.lang.Object, java.lang.Object, java.lang.Object, int)'> (0x00000000c8bf3938) thrown at [./src/hotspot/share/interpreter/linkResolver.cpp, line 773]
Event: 5.857 Thread 0x00000193f4f4c000 Exception <a 'java/lang/NoSuchMethodError'{0x00000000c8bf75a8}: 'java.lang.Object java.lang.invoke.DirectMethodHandle$Holder.invokeSpecial(java.lang.Object, java.lang.Object, java.lang.Object, java.lang.Object, int)'> (0x00000000c8bf75a8) thrown at [./src/hotspot/share/interpreter/linkResolver.cpp, line 773]
Event: 5.857 Thread 0x00000193f4f4c000 Exception <a 'java/lang/NoSuchMethodError'{0x00000000c8bfa8b8}: 'java.lang.Object java.lang.invoke.Invokers$Holder.linkToTargetMethod(java.lang.Object, java.lang.Object, int, java.lang.Object)'> (0x00000000c8bfa8b8) thrown at [./src/hotspot/share/interpreter/linkResolver.cpp, line 773]
Event: 7.456 Thread 0x00000193f4f4c000 Exception <a 'java/lang/NoSuchMethodError'{0x00000000c864dfa8}: 'java.lang.Object java.lang.invoke.DirectMethodHandle$Holder.invokeSpecial(java.lang.Object, java.lang.Object, java.lang.Object, java.lang.Object, java.lang.Object, java.lang.Object, java.lang.Object, java.lang.Object, java.lang.Object)'> (0x00000000c864dfa8) thrown at [./src/hotspot/share/interpreter/linkResolver.cpp, line 773]
Event: 7.457 Thread 0x00000193f4f4c000 Exception <a 'java/lang/NoSuchMethodError'{0x00000000c86521a0}: 'java.lang.Object java.lang.invoke.Invokers$Holder.linkToTargetMethod(java.lang.Object, java.lang.Object, java.lang.Object, java.lang.Object, java.lang.Object, java.lang.Object, java.lang.Object, java.lang.Object)'> (0x00000000c86521a0) thrown at [./src/hotspot/share/interpreter/linkResolver.cpp, line 773]
Event: 7.806 Thread 0x00000193f4f4c000 Exception <a 'java/lang/NoSuchMethodError'{0x00000000c82ec4b0}: 'java.lang.Object java.lang.invoke.DirectMethodHandle$Holder.invokeStaticInit(java.lang.Object, java.lang.Object, java.lang.Object)'> (0x00000000c82ec4b0) thrown at [./src/hotspot/share/interpreter/linkResolver.cpp, line 773]

Events (20 events):
Event: 8.212 loading class org/jetbrains/kotlin/types/StarProjectionImplKt done
Event: 8.213 loading class org/jetbrains/kotlin/types/StarProjectionImplKt$starProjectionType$1
Event: 8.213 loading class org/jetbrains/kotlin/types/StarProjectionImplKt$starProjectionType$1 done
Event: 8.215 loading class org/jetbrains/kotlin/types/checker/NewCapturedTypeConstructor
Event: 8.215 loading class org/jetbrains/kotlin/types/checker/NewCapturedTypeConstructor done
Event: 8.216 loading class org/jetbrains/kotlin/types/checker/NewCapturedTypeConstructor$_supertypes$2
Event: 8.216 loading class org/jetbrains/kotlin/types/checker/NewCapturedTypeConstructor$_supertypes$2 done
Event: 8.217 loading class org/jetbrains/kotlin/types/checker/NewCapturedTypeConstructor$initializeSupertypes$2
Event: 8.217 loading class org/jetbrains/kotlin/types/checker/NewCapturedTypeConstructor$initializeSupertypes$2 done
Event: 8.254 loading class org/jetbrains/kotlin/types/checker/ClassicTypeCheckerContext$Companion$classicSubstitutionSupertypePolicy$2
Event: 8.254 loading class org/jetbrains/kotlin/types/checker/ClassicTypeCheckerContext$Companion$classicSubstitutionSupertypePolicy$2 done
Event: 8.254 loading class org/jetbrains/kotlin/types/AbstractTypeCheckerContext$SupertypesPolicy$DoCustomTransform
Event: 8.254 loading class org/jetbrains/kotlin/types/AbstractTypeCheckerContext$SupertypesPolicy$DoCustomTransform done
Event: 8.254 loading class org/jetbrains/kotlin/types/AbstractTypeCheckerContext$SupertypesPolicy$None
Event: 8.254 loading class org/jetbrains/kotlin/types/AbstractTypeCheckerContext$SupertypesPolicy$None done
Event: 8.367 Executing VM operation: ICBufferFull
Event: 8.367 Executing VM operation: ICBufferFull done
Event: 8.460 Executing VM operation: ICBufferFull
Event: 8.460 Executing VM operation: ICBufferFull done
Event: 8.464 Executing VM operation: G1CollectForAllocation


Dynamic libraries:
0x00007ff6fe350000 - 0x00007ff6fe35a000 	C:\Program Files\Android\Android Studio\jre\bin\java.exe
0x00007ffb6cdf0000 - 0x00007ffb6cfe5000 	C:\WINDOWS\SYSTEM32\ntdll.dll
0x00007ffb6af00000 - 0x00007ffb6afbd000 	C:\WINDOWS\System32\KERNEL32.DLL
0x00007ffb6a960000 - 0x00007ffb6ac2d000 	C:\WINDOWS\System32\KERNELBASE.dll
0x00007ffb6a5a0000 - 0x00007ffb6a6a0000 	C:\WINDOWS\System32\ucrtbase.dll
0x00007ffb47ac0000 - 0x00007ffb47ad9000 	C:\Program Files\Android\Android Studio\jre\bin\jli.dll
0x00007ffb46950000 - 0x00007ffb46967000 	C:\Program Files\Android\Android Studio\jre\bin\VCRUNTIME140.dll
0x00007ffb6ba90000 - 0x00007ffb6bc30000 	C:\WINDOWS\System32\USER32.dll
0x00007ffb4c7a0000 - 0x00007ffb4ca3a000 	C:\WINDOWS\WinSxS\amd64_microsoft.windows.common-controls_6595b64144ccf1df_6.0.19041.1110_none_60b5254171f9507e\COMCTL32.dll
0x00007ffb6c0c0000 - 0x00007ffb6c15e000 	C:\WINDOWS\System32\msvcrt.dll
0x00007ffb6bc90000 - 0x00007ffb6bcba000 	C:\WINDOWS\System32\GDI32.dll
0x00007ffb6a6a0000 - 0x00007ffb6a6c2000 	C:\WINDOWS\System32\win32u.dll
0x00007ffb6a7d0000 - 0x00007ffb6a8db000 	C:\WINDOWS\System32\gdi32full.dll
0x00007ffb6a500000 - 0x00007ffb6a59d000 	C:\WINDOWS\System32\msvcp_win.dll
0x00007ffb6b830000 - 0x00007ffb6b860000 	C:\WINDOWS\System32\IMM32.DLL
0x00007ffb248f0000 - 0x00007ffb2498d000 	C:\Program Files\Android\Android Studio\jre\bin\msvcp140.dll
0x00007ffb08090000 - 0x00007ffb08b5f000 	C:\Program Files\Android\Android Studio\jre\bin\server\jvm.dll
0x00007ffb6bee0000 - 0x00007ffb6bf8e000 	C:\WINDOWS\System32\ADVAPI32.dll
0x00007ffb6bcc0000 - 0x00007ffb6bd5c000 	C:\WINDOWS\System32\sechost.dll
0x00007ffb6bf90000 - 0x00007ffb6c0b5000 	C:\WINDOWS\System32\RPCRT4.dll
0x00007ffb6b630000 - 0x00007ffb6b638000 	C:\WINDOWS\System32\PSAPI.DLL
0x00007ffb4a740000 - 0x00007ffb4a749000 	C:\WINDOWS\SYSTEM32\WSOCK32.dll
0x00007ffb4b490000 - 0x00007ffb4b4b7000 	C:\WINDOWS\SYSTEM32\WINMM.dll
0x00007ffb61120000 - 0x00007ffb6112a000 	C:\WINDOWS\SYSTEM32\VERSION.dll
0x00007ffb6cd40000 - 0x00007ffb6cdab000 	C:\WINDOWS\System32\WS2_32.dll
0x00007ffb68de0000 - 0x00007ffb68df2000 	C:\WINDOWS\SYSTEM32\kernel.appcore.dll
0x00007ffb48290000 - 0x00007ffb482a1000 	C:\Program Files\Android\Android Studio\jre\bin\verify.dll
0x00007ffb682f0000 - 0x00007ffb684d4000 	C:\WINDOWS\SYSTEM32\DBGHELP.DLL
0x00007ffb52840000 - 0x00007ffb5286c000 	C:\WINDOWS\SYSTEM32\dbgcore.DLL
0x00007ffb6a740000 - 0x00007ffb6a7c2000 	C:\WINDOWS\System32\bcryptPrimitives.dll
0x00007ffb34050000 - 0x00007ffb34079000 	C:\Program Files\Android\Android Studio\jre\bin\java.dll
0x00007ffb4a490000 - 0x00007ffb4a49b000 	C:\Program Files\Android\Android Studio\jre\bin\jimage.dll
0x00007ffb48250000 - 0x00007ffb48268000 	C:\Program Files\Android\Android Studio\jre\bin\zip.dll
0x00007ffb6c5f0000 - 0x00007ffb6cd34000 	C:\WINDOWS\System32\SHELL32.dll
0x00007ffb684e0000 - 0x00007ffb68c74000 	C:\WINDOWS\SYSTEM32\windows.storage.dll
0x00007ffb6c290000 - 0x00007ffb6c5e4000 	C:\WINDOWS\System32\combase.dll
0x00007ffb69f60000 - 0x00007ffb69f8c000 	C:\WINDOWS\SYSTEM32\Wldp.dll
0x00007ffb6ae50000 - 0x00007ffb6aefd000 	C:\WINDOWS\System32\SHCORE.dll
0x00007ffb6bc30000 - 0x00007ffb6bc85000 	C:\WINDOWS\System32\shlwapi.dll
0x00007ffb6a440000 - 0x00007ffb6a45f000 	C:\WINDOWS\SYSTEM32\profapi.dll
0x00007ffb481d0000 - 0x00007ffb481ea000 	C:\Program Files\Android\Android Studio\jre\bin\net.dll
0x00007ffb4fb40000 - 0x00007ffb4fc4a000 	C:\WINDOWS\SYSTEM32\WINHTTP.dll
0x00007ffb69cc0000 - 0x00007ffb69d2a000 	C:\WINDOWS\system32\mswsock.dll
0x00007ffb47730000 - 0x00007ffb47744000 	C:\Program Files\Android\Android Studio\jre\bin\nio.dll

dbghelp: loaded successfully - version: 4.0.5 - missing functions: none
symbol engine: initialized successfully - sym options: 0x614 - pdb path: .;C:\Program Files\Android\Android Studio\jre\bin;C:\WINDOWS\SYSTEM32;C:\WINDOWS\WinSxS\amd64_microsoft.windows.common-controls_6595b64144ccf1df_6.0.19041.1110_none_60b5254171f9507e;C:\Program Files\Android\Android Studio\jre\bin\server

VM Arguments:
java_command: org.jetbrains.kotlin.cli.jvm.K2JVMCompiler @D:\Android Studio\SubmissionBMAAP\app\build\20220619_6149666712854713729.compiler.options
java_class_path (initial): C:\Users\user\.gradle\caches\modules-2\files-2.1\org.jetbrains.kotlin\kotlin-compiler-embeddable\1.5.20\1900e8b9aca0a9caffd45b99b36e3720a0a284f8\kotlin-compiler-embeddable-1.5.20.jar;C:\Users\user\.gradle\caches\modules-2\files-2.1\org.jetbrains.kotlin\kotlin-reflect\1.5.20\63810951f09a27f7827977f1bc21094042a915e\kotlin-reflect-1.5.20.jar;C:\Users\user\.gradle\caches\modules-2\files-2.1\org.jetbrains.kotlin\kotlin-stdlib\1.5.20\9de35cc611bcecec8edce1d56d8e659953806751\kotlin-stdlib-1.5.20.jar;C:\Users\user\.gradle\caches\modules-2\files-2.1\org.jetbrains.kotlin\kotlin-script-runtime\1.5.20\4381bb58d37b84d4d1afe55ec35542dd9b77e101\kotlin-script-runtime-1.5.20.jar;C:\Users\user\.gradle\caches\modules-2\files-2.1\org.jetbrains.kotlin\kotlin-daemon-embeddable\1.5.20\36c38cda019834dcd2959cc33a12768adcd94256\kotlin-daemon-embeddable-1.5.20.jar;C:\Users\user\.gradle\caches\modules-2\files-2.1\org.jetbrains.intellij.deps\trove4j\1.0.20181211\216c2e14b070f334479d800987affe4054cd563f\trove4j-1.0.20181211.jar;C:\Users\user\.gradle\caches\modules-2\files-2.1\org.jetbrains\annotations\13.0\919f0dfe192fb4e063e7dacadee7f8bb9a2672a9\annotations-13.0.jar;C:\Users\user\.gradle\caches\modules-2\files-2.1\org.jetbrains.kotlin\kotlin-stdlib-common\1.5.20\3d79dbd48bf605f4aac1e7028981a1953e245cbb\kotlin-stdlib-common-1.5.20.jar
Launcher Type: SUN_STANDARD

[Global flags]
     intx CICompilerCount                          = 4                                         {product} {ergonomic}
     uint ConcGCThreads                            = 2                                         {product} {ergonomic}
     uint G1ConcRefinementThreads                  = 8                                         {product} {ergonomic}
   size_t G1HeapRegionSize                         = 1048576                                   {product} {ergonomic}
    uintx GCDrainStackTargetSize                   = 64                                        {product} {ergonomic}
   size_t InitialHeapSize                          = 62914560                                  {product} {ergonomic}
   size_t MarkStackSize                            = 4194304                                   {product} {ergonomic}
   size_t MaxHeapSize                              = 994050048                                 {product} {ergonomic}
   size_t MaxNewSize                               = 595591168                                 {product} {ergonomic}
   size_t MinHeapDeltaBytes                        = 1048576                                   {product} {ergonomic}
    uintx NonNMethodCodeHeapSize                   = 5836300                                {pd product} {ergonomic}
    uintx NonProfiledCodeHeapSize                  = 122910970                              {pd product} {ergonomic}
    uintx ProfiledCodeHeapSize                     = 122910970                              {pd product} {ergonomic}
    uintx ReservedCodeCacheSize                    = 251658240                              {pd product} {ergonomic}
     bool SegmentedCodeCache                       = true                                      {product} {ergonomic}
     bool UseCompressedClassPointers               = true                                 {lp64_product} {ergonomic}
     bool UseCompressedOops                        = true                                 {lp64_product} {ergonomic}
     bool UseG1GC                                  = true                                      {product} {ergonomic}
     bool UseLargePagesIndividualAllocation        = false                                  {pd product} {ergonomic}

Logging:
Log output configuration:
 #0: stdout all=warning uptime,level,tags
 #1: stderr all=off uptime,level,tags

Environment Variables:
JAVA_HOME=C:\Program Files\Zulu\zulu-8
PATH=C:\Program Files\Zulu\zulu-8\bin\;C:\Program Files\Gradle\gradle-6.6\bin;C:\Program Files\Common Files\Oracle\Java\javapath;C:\ProgramData\Oracle\Java\javapath;C:\WINDOWS\system32;C:\WINDOWS;C:\WINDOWS\System32\Wbem;C:\WINDOWS\System32\WindowsPowerShell\v1.0\;C:\WINDOWS\System32\OpenSSH\;C:\Program Files\dotnet\;C:\Users\user\Desktop\apktool;C:\Users\user\AppData\Local\Microsoft\WindowsApps;C:\Users\user\.dotnet\tools;C:\sqlite3;C:\adb;%JAVA_HOME%\bin;D:\Node.js\;C:\Program Files\Git\cmd;C:\PATH_Programs;C:\Users\user\AppData\Local\Microsoft\WindowsApps;C:\Users\user\.dotnet\tools;C:\sqlite3;D:\Microsoft VS Code\bin;C:\Users\user\AppData\Roaming\npm;C:\PATH_Programs;
USERNAME=user
OS=Windows_NT
PROCESSOR_IDENTIFIER=Intel64 Family 6 Model 126 Stepping 5, GenuineIntel



---------------  S Y S T E M  ---------------

OS: Windows 10 , 64 bit Build 19041 (10.0.19041.1706)
OS uptime: 0 days 2:05 hours

CPU:total 8 (initial active 8) (4 cores per cpu, 2 threads per core) family 6 model 126 stepping 5 microcode 0xa0, cmov, cx8, fxsr, mmx, sse, sse2, sse3, ssse3, sse4.1, sse4.2, popcnt, avx, avx2, aes, clmul, erms, 3dnowpref, lzcnt, ht, tsc, tscinvbit, bmi1, bmi2, adx, evex, sha, fma

Memory: 4k page, system-wide physical 3784M (215M free)
TotalPageFile size 7880M (AvailPageFile size 16M)
current process WorkingSet (physical memory assigned to process): 198M, peak: 207M
current process commit charge ("private bytes"): 252M, peak: 267M

vm_info: OpenJDK 64-Bit Server VM (11.0.10+0-b96-7249189) for windows-amd64 JRE (11.0.10+0-b96-7249189), built on Mar 31 2021 21:44:00 by "builder" with MS VC++ 14.0 (VS2015)

END.
