#
# There is insufficient memory for the Java Runtime Environment to continue.
# Native memory allocation (mmap) failed to map 293601280 bytes for Failed to commit area from 0x0000000091800000 to 0x00000000a3000000 of length 293601280.
# Possible reasons:
#   The system is out of physical RAM or swap space
#   The process is running with CompressedOops enabled, and the Java Heap may be blocking the growth of the native heap
# Possible solutions:
#   Reduce memory load on the system
#   Increase physical memory or swap space
#   Check if swap backing store is full
#   Decrease Java heap size (-Xmx/-Xms)
#   Decrease number of Java threads
#   Decrease Java thread stack sizes (-Xss)
#   Set larger code cache with -XX:ReservedCodeCacheSize=
#   JVM is running with Unscaled Compressed Oops mode in which the Java heap is
#     placed in the first 4GB address space. The Java Heap base address is the
#     maximum limit for the native heap growth. Please use -XX:HeapBaseMinAddress
#     to set the Java Heap base and to place the Java Heap above 4GB virtual address.
# This output file may be truncated or incomplete.
#
#  Out of Memory Error (./src/hotspot/os/windows/os_windows.cpp:3301), pid=49188, tid=49220
#
# JRE version: OpenJDK Runtime Environment (11.0.10) (build 11.0.10+0-b96-7249189)
# Java VM: OpenJDK 64-Bit Server VM (11.0.10+0-b96-7249189, mixed mode, tiered, compressed oops, g1 gc, windows-amd64)
# No core dump will be written. Minidumps are not enabled by default on client versions of Windows
#

---------------  S U M M A R Y ------------

Command Line: --add-opens=java.base/java.util=ALL-UNNAMED --add-opens=java.base/java.lang=ALL-UNNAMED --add-opens=java.base/java.lang.invoke=ALL-UNNAMED --add-opens=java.base/java.util=ALL-UNNAMED --add-opens=java.prefs/java.util.prefs=ALL-UNNAMED --add-opens=java.prefs/java.util.prefs=ALL-UNNAMED --add-opens=java.base/java.nio.charset=ALL-UNNAMED --add-opens=java.base/java.net=ALL-UNNAMED --add-opens=java.base/java.util.concurrent.atomic=ALL-UNNAMED -Xmx2048m -Dfile.encoding=UTF-8 -Duser.country=ID -Duser.language=en -Duser.variant org.gradle.launcher.daemon.bootstrap.GradleDaemon 7.0.2

Host: Intel(R) Core(TM) i5-1035G1 CPU @ 1.00GHz, 8 cores, 3G,  Windows 10 , 64 bit Build 19041 (10.0.19041.1706)
Time: Sat Jun 18 22:17:11 2022 SE Asia Standard Time elapsed time: 23.871330 seconds (0d 0h 0m 23s)

---------------  T H R E A D  ---------------

Current thread (0x000001edce4fa000):  VMThread "VM Thread" [stack: 0x000000aee2400000,0x000000aee2500000] [id=49220]

Stack: [0x000000aee2400000,0x000000aee2500000]
[error occurred during error reporting (printing stack bounds), id 0xc0000005, EXCEPTION_ACCESS_VIOLATION (0xc0000005) at pc=0x000001edb74a10e7]

Native frames: (J=compiled Java code, j=interpreted, Vv=VM code, C=native code)
V  [jvm.dll+0x5ecfaa]
V  [jvm.dll+0x722bd5]
V  [jvm.dll+0x72412d]
V  [jvm.dll+0x724745]
V  [jvm.dll+0x7246fb]
V  [jvm.dll+0x5ec348]
V  [jvm.dll+0x5ecad8]
C  [ntdll.dll+0xa209f]
C  [ntdll.dll+0x51454]
C  [ntdll.dll+0xa0bce]
C  0x000001edb74a10e7

VM_Operation (0x000000aee6bfd080): G1CollectForAllocation, mode: safepoint, requested by thread 0x000001edd3ba6800


---------------  P R O C E S S  ---------------

Threads class SMR info:
_java_thread_list=0x000001edd77bbe40, length=74, elements={
0x000001edb39ac800, 0x000001edce4fc800, 0x000001edce4fe800, 0x000001edce55d000,
0x000001edce55e000, 0x000001edce55f000, 0x000001edce56c000, 0x000001edce573000,
0x000001edce574800, 0x000001edceff7800, 0x000001edd1264800, 0x000001edcff8e000,
0x000001edd0998800, 0x000001edd0d04800, 0x000001edd099b800, 0x000001edcffbf800,
0x000001edcfa8e800, 0x000001edcfa8f000, 0x000001edd09d4000, 0x000001edd0ef6800,
0x000001edd0ef2800, 0x000001edd0ef7000, 0x000001edd0ef8000, 0x000001edd0ef4000,
0x000001edd0ef3000, 0x000001edd0ef9000, 0x000001edd0ef5000, 0x000001edd0ef5800,
0x000001edd15af800, 0x000001edd15b6800, 0x000001edd15b4000, 0x000001edd15b0800,
0x000001edd15b7000, 0x000001edd15b2000, 0x000001edd15b8800, 0x000001edd15b4800,
0x000001edd15b3000, 0x000001edd15bc000, 0x000001edd15bd800, 0x000001edd15ba800,
0x000001edd15be800, 0x000001edd15b9800, 0x000001edd15bd000, 0x000001edd15bb000,
0x000001edd3b9d000, 0x000001edd3b98000, 0x000001edd3b9d800, 0x000001edd3b99800,
0x000001edd3b9a800, 0x000001edd3b9e800, 0x000001edd3b99000, 0x000001edd3b9f800,
0x000001edd3ba0000, 0x000001edd3ba1000, 0x000001edd3b9b000, 0x000001edd3ba2000,
0x000001edd3b9c000, 0x000001edd3ba3800, 0x000001edd3ba4000, 0x000001edd3ba2800,
0x000001edd3ba5000, 0x000001edd3ba6000, 0x000001edd3ba6800, 0x000001edd782b000,
0x000001edd7828800, 0x000001edd782c800, 0x000001edd782d800, 0x000001edd782c000,
0x000001edd782a000, 0x000001edd782e800, 0x000001edd782f000, 0x000001edd7829800,
0x000001edd7831800, 0x000001edd7834000
}

Java Threads: ( => current thread )
  0x000001edb39ac800 JavaThread "main" [_thread_blocked, id=49252, stack(0x000000aee1e00000,0x000000aee1f00000)]
  0x000001edce4fc800 JavaThread "Reference Handler" daemon [_thread_blocked, id=49308, stack(0x000000aee2500000,0x000000aee2600000)]
  0x000001edce4fe800 JavaThread "Finalizer" daemon [_thread_blocked, id=49312, stack(0x000000aee2600000,0x000000aee2700000)]
  0x000001edce55d000 JavaThread "Signal Dispatcher" daemon [_thread_blocked, id=49344, stack(0x000000aee2700000,0x000000aee2800000)]
  0x000001edce55e000 JavaThread "Attach Listener" daemon [_thread_blocked, id=49340, stack(0x000000aee2800000,0x000000aee2900000)]
  0x000001edce55f000 JavaThread "Service Thread" daemon [_thread_blocked, id=49336, stack(0x000000aee2900000,0x000000aee2a00000)]
  0x000001edce56c000 JavaThread "C2 CompilerThread0" daemon [_thread_blocked, id=49320, stack(0x000000aee2a00000,0x000000aee2b00000)]
  0x000001edce573000 JavaThread "C1 CompilerThread0" daemon [_thread_blocked, id=49328, stack(0x000000aee2b00000,0x000000aee2c00000)]
  0x000001edce574800 JavaThread "Sweeper thread" daemon [_thread_blocked, id=49356, stack(0x000000aee2c00000,0x000000aee2d00000)]
  0x000001edceff7800 JavaThread "Common-Cleaner" daemon [_thread_blocked, id=49428, stack(0x000000aee2d00000,0x000000aee2e00000)]
  0x000001edd1264800 JavaThread "Daemon health stats" [_thread_blocked, id=49568, stack(0x000000aee3000000,0x000000aee3100000)]
  0x000001edcff8e000 JavaThread "Incoming local TCP Connector on port 52718" [_thread_in_native, id=49624, stack(0x000000aee3100000,0x000000aee3200000)]
  0x000001edd0998800 JavaThread "Daemon periodic checks" [_thread_blocked, id=31400, stack(0x000000aee3200000,0x000000aee3300000)]
  0x000001edd0d04800 JavaThread "Daemon" [_thread_blocked, id=49620, stack(0x000000aee3300000,0x000000aee3400000)]
  0x000001edd099b800 JavaThread "Handler for socket connection from /127.0.0.1:52718 to /127.0.0.1:52719" [_thread_in_native, id=49744, stack(0x000000aee3400000,0x000000aee3500000)]
  0x000001edcffbf800 JavaThread "Cancel handler" [_thread_blocked, id=38712, stack(0x000000aee3500000,0x000000aee3600000)]
  0x000001edcfa8e800 JavaThread "Daemon worker" [_thread_blocked, id=49480, stack(0x000000aee3600000,0x000000aee3700000)]
  0x000001edcfa8f000 JavaThread "Asynchronous log dispatcher for DefaultDaemonConnection: socket connection from /127.0.0.1:52718 to /127.0.0.1:52719" [_thread_blocked, id=49540, stack(0x000000aee3700000,0x000000aee3800000)]
  0x000001edd09d4000 JavaThread "Stdin handler" [_thread_blocked, id=49556, stack(0x000000aee3800000,0x000000aee3900000)]
  0x000001edd0ef6800 JavaThread "Daemon client event forwarder" [_thread_blocked, id=49576, stack(0x000000aee3900000,0x000000aee3a00000)]
  0x000001edd0ef2800 JavaThread "Cache worker for file hash cache (C:\Users\user\.gradle\caches\7.0.2\fileHashes)" [_thread_blocked, id=49604, stack(0x000000aee4000000,0x000000aee4100000)]
  0x000001edd0ef7000 JavaThread "File lock request listener" [_thread_in_native, id=49608, stack(0x000000aee4100000,0x000000aee4200000)]
  0x000001edd0ef8000 JavaThread "Cache worker for journal cache (C:\Users\user\.gradle\caches\journal-1)" [_thread_blocked, id=49692, stack(0x000000aee4300000,0x000000aee4400000)]
  0x000001edd0ef4000 JavaThread "Cache worker for file hash cache (D:\Android Studio\SubmissionBMAAP\.gradle\7.0.2\fileHashes)" [_thread_blocked, id=49880, stack(0x000000aee4400000,0x000000aee4500000)]
  0x000001edd0ef3000 JavaThread "File watcher server" daemon [_thread_blocked, id=49852, stack(0x000000aee4500000,0x000000aee4600000)]
  0x000001edd0ef9000 JavaThread "File watcher consumer" daemon [_thread_blocked, id=49856, stack(0x000000aee4600000,0x000000aee4700000)]
  0x000001edd0ef5000 JavaThread "Cache worker for checksums cache (D:\Android Studio\SubmissionBMAAP\.gradle\checksums)" [_thread_blocked, id=49848, stack(0x000000aee4700000,0x000000aee4800000)]
  0x000001edd0ef5800 JavaThread "Cache worker for cache directory md-supplier (C:\Users\user\.gradle\caches\7.0.2\md-supplier)" [_thread_blocked, id=49824, stack(0x000000aee4800000,0x000000aee4900000)]
  0x000001edd15af800 JavaThread "Cache worker for cache directory md-rule (C:\Users\user\.gradle\caches\7.0.2\md-rule)" [_thread_blocked, id=49460, stack(0x000000aee4900000,0x000000aee4a00000)]
  0x000001edd15b6800 JavaThread "Cache worker for execution history cache (C:\Users\user\.gradle\caches\7.0.2\executionHistory)" [_thread_blocked, id=49820, stack(0x000000aee4a00000,0x000000aee4b00000)]
  0x000001edd15b4000 JavaThread "jar transforms" [_thread_blocked, id=49988, stack(0x000000aee4b00000,0x000000aee4c00000)]
  0x000001edd15b0800 JavaThread "jar transforms Thread 2" [_thread_blocked, id=49980, stack(0x000000aee4c00000,0x000000aee4d00000)]
  0x000001edd15b7000 JavaThread "Cache worker for file content cache (C:\Users\user\.gradle\caches\7.0.2\fileContent)" [_thread_blocked, id=50016, stack(0x000000aee4d00000,0x000000aee4e00000)]
  0x000001edd15b2000 JavaThread "Cache worker for dependencies-accessors (D:\Android Studio\SubmissionBMAAP\.gradle\7.0.2\dependencies-accessors)" [_thread_blocked, id=50084, stack(0x000000aee4e00000,0x000000aee4f00000)]
  0x000001edd15b8800 JavaThread "jar transforms Thread 3" [_thread_blocked, id=50080, stack(0x000000aee4f00000,0x000000aee5000000)]
  0x000001edd15b4800 JavaThread "Cache worker for Build Output Cleanup Cache (D:\Android Studio\SubmissionBMAAP\.gradle\buildOutputCleanup)" [_thread_blocked, id=50152, stack(0x000000aee5000000,0x000000aee5100000)]
  0x000001edd15b3000 JavaThread "Build operations" [_thread_blocked, id=50168, stack(0x000000aee5100000,0x000000aee5200000)]
  0x000001edd15bc000 JavaThread "Build operations Thread 2" [_thread_blocked, id=50140, stack(0x000000aee5200000,0x000000aee5300000)]
  0x000001edd15bd800 JavaThread "Build operations Thread 3" [_thread_blocked, id=50136, stack(0x000000aee5300000,0x000000aee5400000)]
  0x000001edd15ba800 JavaThread "Build operations Thread 4" [_thread_blocked, id=50144, stack(0x000000aee5400000,0x000000aee5500000)]
  0x000001edd15be800 JavaThread "Build operations Thread 5" [_thread_blocked, id=50112, stack(0x000000aee5500000,0x000000aee5600000)]
  0x000001edd15b9800 JavaThread "Build operations Thread 6" [_thread_blocked, id=48760, stack(0x000000aee5600000,0x000000aee5700000)]
  0x000001edd15bd000 JavaThread "Build operations Thread 7" [_thread_blocked, id=50108, stack(0x000000aee5700000,0x000000aee5800000)]
  0x000001edd15bb000 JavaThread "Build operations Thread 8" [_thread_blocked, id=48816, stack(0x000000aee5800000,0x000000aee5900000)]
  0x000001edd3b9d000 JavaThread "jar transforms Thread 4" [_thread_blocked, id=48472, stack(0x000000aee5900000,0x000000aee5a00000)]
  0x000001edd3b98000 JavaThread "jar transforms Thread 5" [_thread_blocked, id=17024, stack(0x000000aee5a00000,0x000000aee5b00000)]
  0x000001edd3b9d800 JavaThread "jar transforms Thread 6" [_thread_blocked, id=48476, stack(0x000000aee5b00000,0x000000aee5c00000)]
  0x000001edd3b99800 JavaThread "jar transforms Thread 7" [_thread_blocked, id=49232, stack(0x000000aee5c00000,0x000000aee5d00000)]
  0x000001edd3b9a800 JavaThread "jar transforms Thread 8" [_thread_blocked, id=49240, stack(0x000000aee5d00000,0x000000aee5e00000)]
  0x000001edd3b9e800 JavaThread "Memory manager" [_thread_blocked, id=48996, stack(0x000000aee5e00000,0x000000aee5f00000)]
  0x000001edd3b99000 JavaThread "build event listener" [_thread_blocked, id=36644, stack(0x000000aee5f00000,0x000000aee6000000)]
  0x000001edd3b9f800 JavaThread "Execution worker for ':'" [_thread_blocked, id=9624, stack(0x000000aee6000000,0x000000aee6100000)]
  0x000001edd3ba0000 JavaThread "Execution worker for ':' Thread 2" [_thread_blocked, id=49396, stack(0x000000aee6100000,0x000000aee6200000)]
  0x000001edd3ba1000 JavaThread "Execution worker for ':' Thread 3" [_thread_blocked, id=38176, stack(0x000000aee6200000,0x000000aee6300000)]
  0x000001edd3b9b000 JavaThread "Execution worker for ':' Thread 4" [_thread_blocked, id=49496, stack(0x000000aee6300000,0x000000aee6400000)]
  0x000001edd3ba2000 JavaThread "Execution worker for ':' Thread 5" [_thread_blocked, id=49368, stack(0x000000aee6400000,0x000000aee6500000)]
  0x000001edd3b9c000 JavaThread "Execution worker for ':' Thread 6" [_thread_blocked, id=49520, stack(0x000000aee6500000,0x000000aee6600000)]
  0x000001edd3ba3800 JavaThread "Execution worker for ':' Thread 7" [_thread_blocked, id=49272, stack(0x000000aee6600000,0x000000aee6700000)]
  0x000001edd3ba4000 JavaThread "Cache worker for execution history cache (D:\Android Studio\SubmissionBMAAP\.gradle\7.0.2\executionHistory)" [_thread_blocked, id=49264, stack(0x000000aee6700000,0x000000aee6800000)]
  0x000001edd3ba2800 JavaThread "WorkerExecutor Queue" [_thread_blocked, id=49752, stack(0x000000aee6800000,0x000000aee6900000)]
  0x000001edd3ba5000 JavaThread "WorkerExecutor Queue Thread 2" [_thread_blocked, id=49796, stack(0x000000aee6900000,0x000000aee6a00000)]
  0x000001edd3ba6000 JavaThread "WorkerExecutor Queue Thread 3" [_thread_blocked, id=37904, stack(0x000000aee6a00000,0x000000aee6b00000)]
  0x000001edd3ba6800 JavaThread "WorkerExecutor Queue Thread 4" [_thread_blocked, id=49860, stack(0x000000aee6b00000,0x000000aee6c00000)]
  0x000001edd782b000 JavaThread "pool-3-thread-1" [_thread_blocked, id=49864, stack(0x000000aee6c00000,0x000000aee6d00000)]
  0x000001edd7828800 JavaThread "stderr" [_thread_in_native, id=49840, stack(0x000000aee6d00000,0x000000aee6e00000)]
  0x000001edd782c800 JavaThread "stdout" [_thread_in_native, id=49836, stack(0x000000aee6e00000,0x000000aee6f00000)]
  0x000001edd782d800 JavaThread "ForkJoinPool-1-worker-3" daemon [_thread_blocked, id=50000, stack(0x000000aee6f00000,0x000000aee7000000)]
  0x000001edd782c000 JavaThread "ForkJoinPool-1-worker-5" daemon [_thread_blocked, id=49996, stack(0x000000aee7000000,0x000000aee7100000)]
  0x000001edd782a000 JavaThread "ForkJoinPool-1-worker-7" daemon [_thread_blocked, id=50048, stack(0x000000aee7100000,0x000000aee7200000)]
  0x000001edd782e800 JavaThread "ForkJoinPool-1-worker-9" daemon [_thread_blocked, id=50056, stack(0x000000aee7200000,0x000000aee7300000)]
  0x000001edd782f000 JavaThread "ForkJoinPool-1-worker-11" daemon [_thread_blocked, id=50052, stack(0x000000aee7300000,0x000000aee7400000)]
  0x000001edd7829800 JavaThread "ForkJoinPool-1-worker-13" daemon [_thread_blocked, id=50092, stack(0x000000aee7400000,0x000000aee7500000)]
  0x000001edd7831800 JavaThread "ForkJoinPool-1-worker-15" daemon [_thread_blocked, id=49972, stack(0x000000aee7500000,0x000000aee7600000)]
  0x000001edd7834000 JavaThread "ForkJoinPool-1-worker-1" daemon [_thread_blocked, id=50088, stack(0x000000aee7600000,0x000000aee7700000)]

Other Threads:
=>0x000001edce4fa000 VMThread "VM Thread" [stack: 0x000000aee2400000,0x000000aee2500000] [id=49220]
  0x000001edcf019800 WatcherThread [stack: 0x000000aee2e00000,0x000000aee2f00000] [id=49424]
  0x000001edb39c4000 GCTaskThread "GC Thread#0" [stack: 0x000000aee1f00000,0x000000aee2000000] [id=49256]
  0x000001edcfe44800 GCTaskThread "GC Thread#1" [stack: 0x000000aee2f00000,0x000000aee3000000] [id=49400]
  0x000001edd09d4800 GCTaskThread "GC Thread#2" [stack: 0x000000aee3a00000,0x000000aee3b00000] [id=49580]
  0x000001edd0fb2000 GCTaskThread "GC Thread#3" [stack: 0x000000aee3b00000,0x000000aee3c00000] [id=49584]
  0x000001edd0f0a800 GCTaskThread "GC Thread#4" [stack: 0x000000aee3c00000,0x000000aee3d00000] [id=49592]
  0x000001edd10a8000 GCTaskThread "GC Thread#5" [stack: 0x000000aee3d00000,0x000000aee3e00000] [id=49588]
  0x000001edd1062800 GCTaskThread "GC Thread#6" [stack: 0x000000aee3e00000,0x000000aee3f00000] [id=49596]
  0x000001edd1063000 GCTaskThread "GC Thread#7" [stack: 0x000000aee3f00000,0x000000aee4000000] [id=49600]
  0x000001edb39f6800 ConcurrentGCThread "G1 Main Marker" [stack: 0x000000aee2000000,0x000000aee2100000] [id=49248]
  0x000001edb39f7800 ConcurrentGCThread "G1 Conc#0" [stack: 0x000000aee2100000,0x000000aee2200000] [id=49224]
  0x000001edd117b800 ConcurrentGCThread "G1 Conc#1" [stack: 0x000000aee4200000,0x000000aee4300000] [id=49548]
  0x000001edb3a55000 ConcurrentGCThread "G1 Refine#0" [stack: 0x000000aee2200000,0x000000aee2300000] [id=48764]
  0x000001edd55a8800 ConcurrentGCThread "G1 Refine#1" [stack: 0x000000aee7700000,0x000000aee7800000] [id=50012]
  0x000001edd7af0800 ConcurrentGCThread "G1 Refine#2" [stack: 0x000000aee7800000,0x000000aee7900000] [id=49468]
  0x000001edd5a03800 ConcurrentGCThread "G1 Refine#3" [stack: 0x000000aee7900000,0x000000aee7a00000] [id=49992]
  0x000001edd32fb800 ConcurrentGCThread "G1 Refine#4" [stack: 0x000000aee7a00000,0x000000aee7b00000] [id=50020]
  0x000001edd1754000 ConcurrentGCThread "G1 Refine#5" [stack: 0x000000aee7b00000,0x000000aee7c00000] [id=50100]
  0x000001edd16c0800 ConcurrentGCThread "G1 Refine#6" [stack: 0x000000aee7c00000,0x000000aee7d00000] [id=50068]
  0x000001edd0457800 ConcurrentGCThread "G1 Refine#7" [stack: 0x000000aee7d00000,0x000000aee7e00000] [id=50044]
  0x000001edb3a56000 ConcurrentGCThread "G1 Young RemSet Sampling" [stack: 0x000000aee2300000,0x000000aee2400000] [id=32972]

Threads with active compile tasks:
C2 CompilerThread0  24065 10815 %     4       com.android.tools.r8.dex.j::a @ 44 (1038 bytes)

VM state:at safepoint (normal execution)

VM Mutex/Monitor currently owned by a thread:  ([mutex/lock_event])
[0x000001edb39a7780] Threads_lock - owner thread: 0x000001edce4fa000
[0x000001edb39a7420] Heap_lock - owner thread: 0x000001edd3ba6800

Heap address: 0x0000000080000000, size: 2048 MB, Compressed Oops mode: 32-bit
Narrow klass base: 0x0000000000000000, Narrow klass shift: 3
Compressed class space size: 1073741824 Address: 0x0000000100000000

Heap:
 garbage-first heap   total 573440K, used 181797K [0x0000000080000000, 0x0000000100000000)
  region size 1024K, 7 young (7168K), 7 survivors (7168K)
 Metaspace       used 95447K, capacity 97903K, committed 97996K, reserved 1134592K
  class space    used 12586K, capacity 13516K, committed 13568K, reserved 1048576K
Heap Regions: E=young(eden), S=young(survivor), O=old, HS=humongous(starts), HC=humongous(continues), CS=collection set, F=free, A=archive, TAMS=top-at-mark-start (previous, next)
|   0|0x0000000080000000, 0x0000000080100000, 0x0000000080100000|100%| O|  |TAMS 0x0000000080100000, 0x0000000080000000| Untracked 
|   1|0x0000000080100000, 0x0000000080200000, 0x0000000080200000|100%| O|  |TAMS 0x0000000080200000, 0x0000000080100000| Untracked 
|   2|0x0000000080200000, 0x0000000080300000, 0x0000000080300000|100%| O|  |TAMS 0x0000000080300000, 0x0000000080200000| Untracked 
|   3|0x0000000080300000, 0x0000000080400000, 0x0000000080400000|100%|HS|  |TAMS 0x0000000080400000, 0x0000000080300000| Complete 
|   4|0x0000000080400000, 0x0000000080500000, 0x0000000080500000|100%|HC|  |TAMS 0x0000000080500000, 0x0000000080400000| Complete 
|   5|0x0000000080500000, 0x0000000080600000, 0x0000000080600000|100%|HC|  |TAMS 0x0000000080600000, 0x0000000080500000| Complete 
|   6|0x0000000080600000, 0x0000000080700000, 0x0000000080700000|100%| O|  |TAMS 0x0000000080700000, 0x0000000080600000| Untracked 
|   7|0x0000000080700000, 0x0000000080800000, 0x0000000080800000|100%| O|  |TAMS 0x0000000080800000, 0x0000000080700000| Untracked 
|   8|0x0000000080800000, 0x0000000080900000, 0x0000000080900000|100%| O|  |TAMS 0x0000000080900000, 0x0000000080800000| Untracked 
|   9|0x0000000080900000, 0x0000000080a00000, 0x0000000080a00000|100%| O|  |TAMS 0x0000000080a00000, 0x0000000080900000| Untracked 
|  10|0x0000000080a00000, 0x0000000080b00000, 0x0000000080b00000|100%| O|  |TAMS 0x0000000080b00000, 0x0000000080a00000| Untracked 
|  11|0x0000000080b00000, 0x0000000080c00000, 0x0000000080c00000|100%| O|  |TAMS 0x0000000080c00000, 0x0000000080b00000| Untracked 
|  12|0x0000000080c00000, 0x0000000080d00000, 0x0000000080d00000|100%| O|  |TAMS 0x0000000080d00000, 0x0000000080c00000| Untracked 
|  13|0x0000000080d00000, 0x0000000080e00000, 0x0000000080e00000|100%| O|  |TAMS 0x0000000080e00000, 0x0000000080d00000| Untracked 
|  14|0x0000000080e00000, 0x0000000080f00000, 0x0000000080f00000|100%| O|  |TAMS 0x0000000080f00000, 0x0000000080e00000| Untracked 
|  15|0x0000000080f00000, 0x0000000081000000, 0x0000000081000000|100%| O|  |TAMS 0x0000000081000000, 0x0000000080f00000| Untracked 
|  16|0x0000000081000000, 0x0000000081100000, 0x0000000081100000|100%| O|  |TAMS 0x0000000081100000, 0x0000000081000000| Untracked 
|  17|0x0000000081100000, 0x0000000081200000, 0x0000000081200000|100%| O|  |TAMS 0x0000000081200000, 0x0000000081100000| Untracked 
|  18|0x0000000081200000, 0x0000000081300000, 0x0000000081300000|100%| O|  |TAMS 0x0000000081300000, 0x0000000081200000| Untracked 
|  19|0x0000000081300000, 0x0000000081400000, 0x0000000081400000|100%| O|  |TAMS 0x0000000081400000, 0x0000000081300000| Untracked 
|  20|0x0000000081400000, 0x0000000081500000, 0x0000000081500000|100%| O|  |TAMS 0x0000000081500000, 0x0000000081400000| Untracked 
|  21|0x0000000081500000, 0x0000000081600000, 0x0000000081600000|100%| O|  |TAMS 0x0000000081600000, 0x0000000081500000| Untracked 
|  22|0x0000000081600000, 0x0000000081700000, 0x0000000081700000|100%| O|  |TAMS 0x0000000081700000, 0x0000000081600000| Untracked 
|  23|0x0000000081700000, 0x0000000081800000, 0x0000000081800000|100%| O|  |TAMS 0x0000000081800000, 0x0000000081700000| Untracked 
|  24|0x0000000081800000, 0x0000000081900000, 0x0000000081900000|100%| O|  |TAMS 0x0000000081900000, 0x0000000081800000| Untracked 
|  25|0x0000000081900000, 0x0000000081a00000, 0x0000000081a00000|100%| O|  |TAMS 0x0000000081a00000, 0x0000000081900000| Untracked 
|  26|0x0000000081a00000, 0x0000000081b00000, 0x0000000081b00000|100%| O|  |TAMS 0x0000000081b00000, 0x0000000081a00000| Untracked 
|  27|0x0000000081b00000, 0x0000000081c00000, 0x0000000081c00000|100%| O|  |TAMS 0x0000000081c00000, 0x0000000081b00000| Untracked 
|  28|0x0000000081c00000, 0x0000000081d00000, 0x0000000081d00000|100%| O|  |TAMS 0x0000000081d00000, 0x0000000081c00000| Untracked 
|  29|0x0000000081d00000, 0x0000000081e00000, 0x0000000081e00000|100%|HS|  |TAMS 0x0000000081e00000, 0x0000000081d00000| Complete 
|  30|0x0000000081e00000, 0x0000000081f00000, 0x0000000081f00000|100%|HS|  |TAMS 0x0000000081f00000, 0x0000000081e00000| Complete 
|  31|0x0000000081f00000, 0x0000000082000000, 0x0000000082000000|100%|HS|  |TAMS 0x0000000082000000, 0x0000000081f00000| Complete 
|  32|0x0000000082000000, 0x0000000082100000, 0x0000000082100000|100%| O|  |TAMS 0x0000000082100000, 0x0000000082000000| Untracked 
|  33|0x0000000082100000, 0x0000000082200000, 0x0000000082200000|100%| O|  |TAMS 0x0000000082200000, 0x0000000082100000| Untracked 
|  34|0x0000000082200000, 0x0000000082300000, 0x0000000082300000|100%| O|  |TAMS 0x0000000082300000, 0x0000000082200000| Untracked 
|  35|0x0000000082300000, 0x0000000082400000, 0x0000000082400000|100%| O|  |TAMS 0x0000000082400000, 0x0000000082300000| Untracked 
|  36|0x0000000082400000, 0x0000000082500000, 0x0000000082500000|100%|HS|  |TAMS 0x0000000082500000, 0x0000000082400000| Complete 
|  37|0x0000000082500000, 0x0000000082600000, 0x0000000082600000|100%|HC|  |TAMS 0x0000000082600000, 0x0000000082500000| Complete 
|  38|0x0000000082600000, 0x0000000082700000, 0x0000000082700000|100%|HC|  |TAMS 0x0000000082700000, 0x0000000082600000| Complete 
|  39|0x0000000082700000, 0x0000000082800000, 0x0000000082800000|100%| O|  |TAMS 0x0000000082800000, 0x0000000082700000| Untracked 
|  40|0x0000000082800000, 0x0000000082900000, 0x0000000082900000|100%| O|  |TAMS 0x0000000082900000, 0x0000000082800000| Untracked 
|  41|0x0000000082900000, 0x0000000082a00000, 0x0000000082a00000|100%| O|  |TAMS 0x0000000082a00000, 0x0000000082900000| Untracked 
|  42|0x0000000082a00000, 0x0000000082b00000, 0x0000000082b00000|100%|HS|  |TAMS 0x0000000082b00000, 0x0000000082a00000| Complete 
|  43|0x0000000082b00000, 0x0000000082c00000, 0x0000000082c00000|100%|HC|  |TAMS 0x0000000082c00000, 0x0000000082b00000| Complete 
|  44|0x0000000082c00000, 0x0000000082d00000, 0x0000000082d00000|100%| O|  |TAMS 0x0000000082d00000, 0x0000000082c00000| Untracked 
|  45|0x0000000082d00000, 0x0000000082e00000, 0x0000000082e00000|100%| O|  |TAMS 0x0000000082e00000, 0x0000000082d00000| Untracked 
|  46|0x0000000082e00000, 0x0000000082f00000, 0x0000000082f00000|100%| O|  |TAMS 0x0000000082f00000, 0x0000000082e00000| Untracked 
|  47|0x0000000082f00000, 0x0000000083000000, 0x0000000083000000|100%| O|  |TAMS 0x0000000083000000, 0x0000000082f00000| Untracked 
|  48|0x0000000083000000, 0x0000000083100000, 0x0000000083100000|100%| O|  |TAMS 0x0000000083100000, 0x0000000083000000| Untracked 
|  49|0x0000000083100000, 0x0000000083200000, 0x0000000083200000|100%| O|  |TAMS 0x0000000083200000, 0x0000000083100000| Untracked 
|  50|0x0000000083200000, 0x0000000083300000, 0x0000000083300000|100%| O|  |TAMS 0x0000000083300000, 0x0000000083200000| Untracked 
|  51|0x0000000083300000, 0x0000000083400000, 0x0000000083400000|100%| O|  |TAMS 0x0000000083400000, 0x0000000083300000| Untracked 
|  52|0x0000000083400000, 0x0000000083500000, 0x0000000083500000|100%| O|  |TAMS 0x0000000083500000, 0x0000000083400000| Untracked 
|  53|0x0000000083500000, 0x0000000083600000, 0x0000000083600000|100%| O|  |TAMS 0x0000000083600000, 0x0000000083500000| Untracked 
|  54|0x0000000083600000, 0x0000000083700000, 0x0000000083700000|100%| O|  |TAMS 0x0000000083700000, 0x0000000083600000| Untracked 
|  55|0x0000000083700000, 0x0000000083800000, 0x0000000083800000|100%| O|  |TAMS 0x0000000083800000, 0x0000000083700000| Untracked 
|  56|0x0000000083800000, 0x0000000083900000, 0x0000000083900000|100%| O|  |TAMS 0x0000000083900000, 0x0000000083800000| Untracked 
|  57|0x0000000083900000, 0x0000000083a00000, 0x0000000083a00000|100%| O|  |TAMS 0x0000000083a00000, 0x0000000083900000| Untracked 
|  58|0x0000000083a00000, 0x0000000083b00000, 0x0000000083b00000|100%| O|  |TAMS 0x0000000083b00000, 0x0000000083a00000| Untracked 
|  59|0x0000000083b00000, 0x0000000083c00000, 0x0000000083c00000|100%| O|  |TAMS 0x0000000083c00000, 0x0000000083b00000| Untracked 
|  60|0x0000000083c00000, 0x0000000083d00000, 0x0000000083d00000|100%| O|  |TAMS 0x0000000083d00000, 0x0000000083c00000| Untracked 
|  61|0x0000000083d00000, 0x0000000083e00000, 0x0000000083e00000|100%| O|  |TAMS 0x0000000083e00000, 0x0000000083d00000| Untracked 
|  62|0x0000000083e00000, 0x0000000083f00000, 0x0000000083f00000|100%| O|  |TAMS 0x0000000083f00000, 0x0000000083e00000| Untracked 
|  63|0x0000000083f00000, 0x0000000084000000, 0x0000000084000000|100%| O|  |TAMS 0x0000000084000000, 0x0000000083f00000| Untracked 
|  64|0x0000000084000000, 0x0000000084100000, 0x0000000084100000|100%| O|  |TAMS 0x0000000084100000, 0x0000000084000000| Untracked 
|  65|0x0000000084100000, 0x0000000084200000, 0x0000000084200000|100%| O|  |TAMS 0x0000000084200000, 0x0000000084100000| Untracked 
|  66|0x0000000084200000, 0x0000000084300000, 0x0000000084300000|100%| O|  |TAMS 0x0000000084300000, 0x0000000084200000| Untracked 
|  67|0x0000000084300000, 0x0000000084400000, 0x0000000084400000|100%| O|  |TAMS 0x0000000084400000, 0x0000000084300000| Untracked 
|  68|0x0000000084400000, 0x0000000084500000, 0x0000000084500000|100%| O|  |TAMS 0x0000000084500000, 0x0000000084400000| Untracked 
|  69|0x0000000084500000, 0x0000000084600000, 0x0000000084600000|100%|HS|  |TAMS 0x0000000084600000, 0x0000000084500000| Complete 
|  70|0x0000000084600000, 0x0000000084700000, 0x0000000084700000|100%|HC|  |TAMS 0x0000000084700000, 0x0000000084600000| Complete 
|  71|0x0000000084700000, 0x0000000084800000, 0x0000000084800000|100%|HS|  |TAMS 0x0000000084800000, 0x0000000084700000| Complete 
|  72|0x0000000084800000, 0x0000000084900000, 0x0000000084900000|100%|HS|  |TAMS 0x0000000084900000, 0x0000000084800000| Complete 
|  73|0x0000000084900000, 0x0000000084a00000, 0x0000000084a00000|100%|HS|  |TAMS 0x0000000084a00000, 0x0000000084900000| Complete 
|  74|0x0000000084a00000, 0x0000000084b00000, 0x0000000084b00000|100%|HS|  |TAMS 0x0000000084b00000, 0x0000000084a00000| Complete 
|  75|0x0000000084b00000, 0x0000000084c00000, 0x0000000084c00000|100%|HC|  |TAMS 0x0000000084c00000, 0x0000000084b00000| Complete 
|  76|0x0000000084c00000, 0x0000000084d00000, 0x0000000084d00000|100%|HC|  |TAMS 0x0000000084d00000, 0x0000000084c00000| Complete 
|  77|0x0000000084d00000, 0x0000000084e00000, 0x0000000084e00000|100%|HS|  |TAMS 0x0000000084e00000, 0x0000000084d00000| Complete 
|  78|0x0000000084e00000, 0x0000000084f00000, 0x0000000084f00000|100%|HC|  |TAMS 0x0000000084f00000, 0x0000000084e00000| Complete 
|  79|0x0000000084f00000, 0x0000000085000000, 0x0000000085000000|100%| O|  |TAMS 0x0000000085000000, 0x0000000084f00000| Untracked 
|  80|0x0000000085000000, 0x0000000085100000, 0x0000000085100000|100%| O|  |TAMS 0x0000000085100000, 0x0000000085000000| Untracked 
|  81|0x0000000085100000, 0x0000000085200000, 0x0000000085200000|100%|HS|  |TAMS 0x0000000085200000, 0x0000000085100000| Complete 
|  82|0x0000000085200000, 0x0000000085300000, 0x0000000085300000|100%|HC|  |TAMS 0x0000000085300000, 0x0000000085200000| Complete 
|  83|0x0000000085300000, 0x0000000085400000, 0x0000000085400000|100%| O|  |TAMS 0x0000000085400000, 0x0000000085300000| Untracked 
|  84|0x0000000085400000, 0x0000000085500000, 0x0000000085500000|100%|HS|  |TAMS 0x0000000085500000, 0x0000000085400000| Complete 
|  85|0x0000000085500000, 0x0000000085600000, 0x0000000085600000|100%| O|  |TAMS 0x0000000085600000, 0x0000000085500000| Untracked 
|  86|0x0000000085600000, 0x0000000085700000, 0x0000000085700000|100%|HS|  |TAMS 0x0000000085700000, 0x0000000085600000| Complete 
|  87|0x0000000085700000, 0x0000000085800000, 0x0000000085800000|100%| O|  |TAMS 0x0000000085800000, 0x0000000085700000| Untracked 
|  88|0x0000000085800000, 0x0000000085900000, 0x0000000085900000|100%|HS|  |TAMS 0x0000000085900000, 0x0000000085800000| Complete 
|  89|0x0000000085900000, 0x0000000085a00000, 0x0000000085a00000|100%| O|  |TAMS 0x0000000085a00000, 0x0000000085900000| Untracked 
|  90|0x0000000085a00000, 0x0000000085b00000, 0x0000000085b00000|100%| O|  |TAMS 0x0000000085b00000, 0x0000000085a00000| Untracked 
|  91|0x0000000085b00000, 0x0000000085c00000, 0x0000000085c00000|100%| O|  |TAMS 0x0000000085c00000, 0x0000000085b00000| Untracked 
|  92|0x0000000085c00000, 0x0000000085d00000, 0x0000000085d00000|100%|HS|  |TAMS 0x0000000085d00000, 0x0000000085c00000| Complete 
|  93|0x0000000085d00000, 0x0000000085e00000, 0x0000000085e00000|100%|HC|  |TAMS 0x0000000085e00000, 0x0000000085d00000| Complete 
|  94|0x0000000085e00000, 0x0000000085f00000, 0x0000000085f00000|100%|HC|  |TAMS 0x0000000085f00000, 0x0000000085e00000| Complete 
|  95|0x0000000085f00000, 0x0000000086000000, 0x0000000086000000|100%| O|  |TAMS 0x0000000086000000, 0x0000000085f00000| Untracked 
|  96|0x0000000086000000, 0x0000000086100000, 0x0000000086100000|100%| O|  |TAMS 0x0000000086100000, 0x0000000086000000| Untracked 
|  97|0x0000000086100000, 0x0000000086200000, 0x0000000086200000|100%|HS|  |TAMS 0x0000000086200000, 0x0000000086100000| Complete 
|  98|0x0000000086200000, 0x0000000086300000, 0x0000000086300000|100%|HC|  |TAMS 0x0000000086300000, 0x0000000086200000| Complete 
|  99|0x0000000086300000, 0x0000000086400000, 0x0000000086400000|100%|HS|  |TAMS 0x0000000086400000, 0x0000000086300000| Complete 
| 100|0x0000000086400000, 0x0000000086500000, 0x0000000086500000|100%|HS|  |TAMS 0x0000000086500000, 0x0000000086400000| Complete 
| 101|0x0000000086500000, 0x0000000086600000, 0x0000000086600000|100%| O|  |TAMS 0x0000000086600000, 0x0000000086500000| Untracked 
| 102|0x0000000086600000, 0x0000000086700000, 0x0000000086700000|100%| O|  |TAMS 0x0000000086700000, 0x0000000086600000| Untracked 
| 103|0x0000000086700000, 0x0000000086800000, 0x0000000086800000|100%| O|  |TAMS 0x0000000086800000, 0x0000000086700000| Untracked 
| 104|0x0000000086800000, 0x0000000086900000, 0x0000000086900000|100%| O|  |TAMS 0x0000000086900000, 0x0000000086800000| Untracked 
| 105|0x0000000086900000, 0x0000000086a00000, 0x0000000086a00000|100%| O|  |TAMS 0x0000000086a00000, 0x0000000086900000| Untracked 
| 106|0x0000000086a00000, 0x0000000086b00000, 0x0000000086b00000|100%| O|  |TAMS 0x0000000086b00000, 0x0000000086a00000| Untracked 
| 107|0x0000000086b00000, 0x0000000086c00000, 0x0000000086c00000|100%| O|  |TAMS 0x0000000086b00000, 0x0000000086b00000| Untracked 
| 108|0x0000000086c00000, 0x0000000086d00000, 0x0000000086d00000|100%| O|  |TAMS 0x0000000086c00000, 0x0000000086c00000| Untracked 
| 109|0x0000000086d00000, 0x0000000086e00000, 0x0000000086e00000|100%| O|  |TAMS 0x0000000086d00000, 0x0000000086d00000| Untracked 
| 110|0x0000000086e00000, 0x0000000086f00000, 0x0000000086f00000|100%| O|  |TAMS 0x0000000086e00000, 0x0000000086e00000| Untracked 
| 111|0x0000000086f00000, 0x0000000087000000, 0x0000000087000000|100%| O|  |TAMS 0x0000000087000000, 0x0000000086f00000| Untracked 
| 112|0x0000000087000000, 0x0000000087100000, 0x0000000087100000|100%| O|  |TAMS 0x0000000087100000, 0x0000000087000000| Untracked 
| 113|0x0000000087100000, 0x0000000087200000, 0x0000000087200000|100%| O|  |TAMS 0x0000000087200000, 0x0000000087100000| Untracked 
| 114|0x0000000087200000, 0x0000000087300000, 0x0000000087300000|100%| O|  |TAMS 0x0000000087300000, 0x0000000087200000| Untracked 
| 115|0x0000000087300000, 0x0000000087400000, 0x0000000087400000|100%| O|  |TAMS 0x0000000087400000, 0x0000000087300000| Untracked 
| 116|0x0000000087400000, 0x0000000087500000, 0x0000000087500000|100%| O|  |TAMS 0x0000000087500000, 0x0000000087400000| Untracked 
| 117|0x0000000087500000, 0x0000000087600000, 0x0000000087600000|100%| O|  |TAMS 0x0000000087600000, 0x0000000087500000| Untracked 
| 118|0x0000000087600000, 0x0000000087700000, 0x0000000087700000|100%| O|  |TAMS 0x0000000087700000, 0x0000000087600000| Untracked 
| 119|0x0000000087700000, 0x0000000087800000, 0x0000000087800000|100%| O|  |TAMS 0x0000000087800000, 0x0000000087700000| Untracked 
| 120|0x0000000087800000, 0x0000000087900000, 0x0000000087900000|100%| O|  |TAMS 0x0000000087900000, 0x0000000087800000| Untracked 
| 121|0x0000000087900000, 0x0000000087a00000, 0x0000000087a00000|100%| O|  |TAMS 0x0000000087a00000, 0x0000000087900000| Untracked 
| 122|0x0000000087a00000, 0x0000000087b00000, 0x0000000087b00000|100%| O|  |TAMS 0x0000000087b00000, 0x0000000087a00000| Untracked 
| 123|0x0000000087b00000, 0x0000000087c00000, 0x0000000087c00000|100%| O|  |TAMS 0x0000000087c00000, 0x0000000087b00000| Untracked 
| 124|0x0000000087c00000, 0x0000000087d00000, 0x0000000087d00000|100%| O|  |TAMS 0x0000000087d00000, 0x0000000087c00000| Untracked 
| 125|0x0000000087d00000, 0x0000000087e00000, 0x0000000087e00000|100%| O|  |TAMS 0x0000000087d00000, 0x0000000087d00000| Untracked 
| 126|0x0000000087e00000, 0x0000000087f00000, 0x0000000087f00000|100%| O|  |TAMS 0x0000000087e00000, 0x0000000087e00000| Untracked 
| 127|0x0000000087f00000, 0x0000000088000000, 0x0000000088000000|100%| O|  |TAMS 0x0000000087f00000, 0x0000000087f00000| Untracked 
| 128|0x0000000088000000, 0x0000000088100000, 0x0000000088100000|100%| O|  |TAMS 0x0000000088000000, 0x0000000088000000| Untracked 
| 129|0x0000000088100000, 0x0000000088200000, 0x0000000088200000|100%| O|  |TAMS 0x0000000088100000, 0x0000000088100000| Untracked 
| 130|0x0000000088200000, 0x0000000088300000, 0x0000000088300000|100%| O|  |TAMS 0x0000000088200000, 0x0000000088200000| Untracked 
| 131|0x0000000088300000, 0x0000000088400000, 0x0000000088400000|100%| O|  |TAMS 0x0000000088300000, 0x0000000088300000| Untracked 
| 132|0x0000000088400000, 0x0000000088410200, 0x0000000088500000|  6%| O|  |TAMS 0x0000000088400000, 0x0000000088400000| Untracked 
| 133|0x0000000088500000, 0x0000000088500000, 0x0000000088600000|  0%| F|  |TAMS 0x0000000088500000, 0x0000000088500000| Untracked 
| 134|0x0000000088600000, 0x0000000088600000, 0x0000000088700000|  0%| F|  |TAMS 0x0000000088600000, 0x0000000088600000| Untracked 
| 135|0x0000000088700000, 0x0000000088700000, 0x0000000088800000|  0%| F|  |TAMS 0x0000000088700000, 0x0000000088700000| Untracked 
| 136|0x0000000088800000, 0x0000000088800000, 0x0000000088900000|  0%| F|  |TAMS 0x0000000088800000, 0x0000000088800000| Untracked 
| 137|0x0000000088900000, 0x0000000088a00000, 0x0000000088a00000|100%| O|  |TAMS 0x0000000088a00000, 0x0000000088900000| Untracked 
| 138|0x0000000088a00000, 0x0000000088b00000, 0x0000000088b00000|100%| O|  |TAMS 0x0000000088b00000, 0x0000000088a00000| Untracked 
| 139|0x0000000088b00000, 0x0000000088c00000, 0x0000000088c00000|100%| O|  |TAMS 0x0000000088c00000, 0x0000000088b00000| Untracked 
| 140|0x0000000088c00000, 0x0000000088d00000, 0x0000000088d00000|100%| O|  |TAMS 0x0000000088d00000, 0x0000000088c00000| Untracked 
| 141|0x0000000088d00000, 0x0000000088e00000, 0x0000000088e00000|100%| O|  |TAMS 0x0000000088e00000, 0x0000000088d00000| Untracked 
| 142|0x0000000088e00000, 0x0000000088f00000, 0x0000000088f00000|100%| O|  |TAMS 0x0000000088f00000, 0x0000000088e00000| Untracked 
| 143|0x0000000088f00000, 0x0000000089000000, 0x0000000089000000|100%| O|  |TAMS 0x0000000089000000, 0x0000000088f00000| Untracked 
| 144|0x0000000089000000, 0x0000000089100000, 0x0000000089100000|100%| O|  |TAMS 0x0000000089100000, 0x0000000089000000| Untracked 
| 145|0x0000000089100000, 0x0000000089100000, 0x0000000089200000|  0%| F|  |TAMS 0x0000000089100000, 0x0000000089100000| Untracked 
| 146|0x0000000089200000, 0x0000000089200000, 0x0000000089300000|  0%| F|  |TAMS 0x0000000089200000, 0x0000000089200000| Untracked 
| 147|0x0000000089300000, 0x0000000089300000, 0x0000000089400000|  0%| F|  |TAMS 0x0000000089300000, 0x0000000089300000| Untracked 
| 148|0x0000000089400000, 0x0000000089400000, 0x0000000089500000|  0%| F|  |TAMS 0x0000000089400000, 0x0000000089400000| Untracked 
| 149|0x0000000089500000, 0x0000000089500000, 0x0000000089600000|  0%| F|  |TAMS 0x0000000089500000, 0x0000000089500000| Untracked 
| 150|0x0000000089600000, 0x0000000089600000, 0x0000000089700000|  0%| F|  |TAMS 0x0000000089600000, 0x0000000089600000| Untracked 
| 151|0x0000000089700000, 0x0000000089700000, 0x0000000089800000|  0%| F|  |TAMS 0x0000000089700000, 0x0000000089700000| Untracked 
| 152|0x0000000089800000, 0x0000000089800000, 0x0000000089900000|  0%| F|  |TAMS 0x0000000089800000, 0x0000000089800000| Untracked 
| 153|0x0000000089900000, 0x0000000089900000, 0x0000000089a00000|  0%| F|  |TAMS 0x0000000089900000, 0x0000000089900000| Untracked 
| 154|0x0000000089a00000, 0x0000000089a00000, 0x0000000089b00000|  0%| F|  |TAMS 0x0000000089a00000, 0x0000000089a00000| Untracked 
| 155|0x0000000089b00000, 0x0000000089b00000, 0x0000000089c00000|  0%| F|  |TAMS 0x0000000089b00000, 0x0000000089b00000| Untracked 
| 156|0x0000000089c00000, 0x0000000089c00000, 0x0000000089d00000|  0%| F|  |TAMS 0x0000000089c00000, 0x0000000089c00000| Untracked 
| 157|0x0000000089d00000, 0x0000000089d00000, 0x0000000089e00000|  0%| F|  |TAMS 0x0000000089d00000, 0x0000000089d00000| Untracked 
| 158|0x0000000089e00000, 0x0000000089e00000, 0x0000000089f00000|  0%| F|  |TAMS 0x0000000089e00000, 0x0000000089e00000| Untracked 
| 159|0x0000000089f00000, 0x0000000089f00000, 0x000000008a000000|  0%| F|  |TAMS 0x0000000089f00000, 0x0000000089f00000| Untracked 
| 160|0x000000008a000000, 0x000000008a000000, 0x000000008a100000|  0%| F|  |TAMS 0x000000008a000000, 0x000000008a000000| Untracked 
| 161|0x000000008a100000, 0x000000008a100000, 0x000000008a200000|  0%| F|  |TAMS 0x000000008a100000, 0x000000008a100000| Untracked 
| 162|0x000000008a200000, 0x000000008a200000, 0x000000008a300000|  0%| F|  |TAMS 0x000000008a200000, 0x000000008a200000| Untracked 
| 163|0x000000008a300000, 0x000000008a300000, 0x000000008a400000|  0%| F|  |TAMS 0x000000008a300000, 0x000000008a300000| Untracked 
| 164|0x000000008a400000, 0x000000008a400000, 0x000000008a500000|  0%| F|  |TAMS 0x000000008a400000, 0x000000008a400000| Untracked 
| 165|0x000000008a500000, 0x000000008a500000, 0x000000008a600000|  0%| F|  |TAMS 0x000000008a500000, 0x000000008a500000| Untracked 
| 166|0x000000008a600000, 0x000000008a600000, 0x000000008a700000|  0%| F|  |TAMS 0x000000008a600000, 0x000000008a600000| Untracked 
| 167|0x000000008a700000, 0x000000008a700000, 0x000000008a800000|  0%| F|  |TAMS 0x000000008a700000, 0x000000008a700000| Untracked 
| 168|0x000000008a800000, 0x000000008a800000, 0x000000008a900000|  0%| F|  |TAMS 0x000000008a800000, 0x000000008a800000| Untracked 
| 169|0x000000008a900000, 0x000000008a900000, 0x000000008aa00000|  0%| F|  |TAMS 0x000000008a900000, 0x000000008a900000| Untracked 
| 170|0x000000008aa00000, 0x000000008aa00000, 0x000000008ab00000|  0%| F|  |TAMS 0x000000008aa00000, 0x000000008aa00000| Untracked 
| 171|0x000000008ab00000, 0x000000008ab00000, 0x000000008ac00000|  0%| F|  |TAMS 0x000000008ab00000, 0x000000008ab00000| Untracked 
| 172|0x000000008ac00000, 0x000000008ac00000, 0x000000008ad00000|  0%| F|  |TAMS 0x000000008ac00000, 0x000000008ac00000| Untracked 
| 173|0x000000008ad00000, 0x000000008ad00000, 0x000000008ae00000|  0%| F|  |TAMS 0x000000008ad00000, 0x000000008ad00000| Untracked 
| 174|0x000000008ae00000, 0x000000008ae00000, 0x000000008af00000|  0%| F|  |TAMS 0x000000008ae00000, 0x000000008ae00000| Untracked 
| 175|0x000000008af00000, 0x000000008af00000, 0x000000008b000000|  0%| F|  |TAMS 0x000000008af00000, 0x000000008af00000| Untracked 
| 176|0x000000008b000000, 0x000000008b000000, 0x000000008b100000|  0%| F|  |TAMS 0x000000008b000000, 0x000000008b000000| Untracked 
| 177|0x000000008b100000, 0x000000008b100000, 0x000000008b200000|  0%| F|  |TAMS 0x000000008b100000, 0x000000008b100000| Untracked 
| 178|0x000000008b200000, 0x000000008b200000, 0x000000008b300000|  0%| F|  |TAMS 0x000000008b200000, 0x000000008b200000| Untracked 
| 179|0x000000008b300000, 0x000000008b300000, 0x000000008b400000|  0%| F|  |TAMS 0x000000008b300000, 0x000000008b300000| Untracked 
| 180|0x000000008b400000, 0x000000008b400000, 0x000000008b500000|  0%| F|  |TAMS 0x000000008b400000, 0x000000008b400000| Untracked 
| 181|0x000000008b500000, 0x000000008b500000, 0x000000008b600000|  0%| F|  |TAMS 0x000000008b500000, 0x000000008b500000| Untracked 
| 182|0x000000008b600000, 0x000000008b600000, 0x000000008b700000|  0%| F|  |TAMS 0x000000008b600000, 0x000000008b600000| Untracked 
| 183|0x000000008b700000, 0x000000008b700000, 0x000000008b800000|  0%| F|  |TAMS 0x000000008b700000, 0x000000008b700000| Untracked 
| 184|0x000000008b800000, 0x000000008b800000, 0x000000008b900000|  0%| F|  |TAMS 0x000000008b800000, 0x000000008b800000| Untracked 
| 185|0x000000008b900000, 0x000000008b900000, 0x000000008ba00000|  0%| F|  |TAMS 0x000000008b900000, 0x000000008b900000| Untracked 
| 186|0x000000008ba00000, 0x000000008ba00000, 0x000000008bb00000|  0%| F|  |TAMS 0x000000008ba00000, 0x000000008ba00000| Untracked 
| 187|0x000000008bb00000, 0x000000008bb79490, 0x000000008bc00000| 47%| S|CS|TAMS 0x000000008bb00000, 0x000000008bb00000| Complete 
| 188|0x000000008bc00000, 0x000000008bd00000, 0x000000008bd00000|100%| S|CS|TAMS 0x000000008bc00000, 0x000000008bc00000| Complete 
| 189|0x000000008bd00000, 0x000000008be00000, 0x000000008be00000|100%| S|CS|TAMS 0x000000008bd00000, 0x000000008bd00000| Complete 
| 190|0x000000008be00000, 0x000000008bf00000, 0x000000008bf00000|100%| S|CS|TAMS 0x000000008be00000, 0x000000008be00000| Complete 
| 191|0x000000008bf00000, 0x000000008bf00000, 0x000000008c000000|  0%| F|  |TAMS 0x000000008bf00000, 0x000000008bf00000| Untracked 
| 192|0x000000008c000000, 0x000000008c000000, 0x000000008c100000|  0%| F|  |TAMS 0x000000008c000000, 0x000000008c000000| Untracked 
| 193|0x000000008c100000, 0x000000008c100000, 0x000000008c200000|  0%| F|  |TAMS 0x000000008c100000, 0x000000008c100000| Untracked 
| 194|0x000000008c200000, 0x000000008c200000, 0x000000008c300000|  0%| F|  |TAMS 0x000000008c200000, 0x000000008c200000| Untracked 
| 195|0x000000008c300000, 0x000000008c300000, 0x000000008c400000|  0%| F|  |TAMS 0x000000008c300000, 0x000000008c300000| Untracked 
| 196|0x000000008c400000, 0x000000008c400000, 0x000000008c500000|  0%| F|  |TAMS 0x000000008c400000, 0x000000008c400000| Untracked 
| 197|0x000000008c500000, 0x000000008c500000, 0x000000008c600000|  0%| F|  |TAMS 0x000000008c500000, 0x000000008c500000| Untracked 
| 198|0x000000008c600000, 0x000000008c600000, 0x000000008c700000|  0%| F|  |TAMS 0x000000008c600000, 0x000000008c600000| Untracked 
| 199|0x000000008c700000, 0x000000008c700000, 0x000000008c800000|  0%| F|  |TAMS 0x000000008c700000, 0x000000008c700000| Untracked 
| 200|0x000000008c800000, 0x000000008c900000, 0x000000008c900000|100%| S|CS|TAMS 0x000000008c800000, 0x000000008c800000| Complete 
| 201|0x000000008c900000, 0x000000008ca00000, 0x000000008ca00000|100%| S|CS|TAMS 0x000000008c900000, 0x000000008c900000| Complete 
| 202|0x000000008ca00000, 0x000000008cb00000, 0x000000008cb00000|100%| S|CS|TAMS 0x000000008ca00000, 0x000000008ca00000| Complete 
| 203|0x000000008cb00000, 0x000000008cb00000, 0x000000008cc00000|  0%| F|  |TAMS 0x000000008cb00000, 0x000000008cb00000| Untracked 
| 204|0x000000008cc00000, 0x000000008cc00000, 0x000000008cd00000|  0%| F|  |TAMS 0x000000008cc00000, 0x000000008cc00000| Untracked 
| 205|0x000000008cd00000, 0x000000008cd00000, 0x000000008ce00000|  0%| F|  |TAMS 0x000000008cd00000, 0x000000008cd00000| Untracked 
| 206|0x000000008ce00000, 0x000000008ce00000, 0x000000008cf00000|  0%| F|  |TAMS 0x000000008ce00000, 0x000000008ce00000| Untracked 
| 207|0x000000008cf00000, 0x000000008cf00000, 0x000000008d000000|  0%| F|  |TAMS 0x000000008cf00000, 0x000000008cf00000| Untracked 
| 208|0x000000008d000000, 0x000000008d000000, 0x000000008d100000|  0%| F|  |TAMS 0x000000008d000000, 0x000000008d000000| Untracked 
| 209|0x000000008d100000, 0x000000008d100000, 0x000000008d200000|  0%| F|  |TAMS 0x000000008d100000, 0x000000008d100000| Untracked 
| 210|0x000000008d200000, 0x000000008d200000, 0x000000008d300000|  0%| F|  |TAMS 0x000000008d200000, 0x000000008d200000| Untracked 
| 211|0x000000008d300000, 0x000000008d300000, 0x000000008d400000|  0%| F|  |TAMS 0x000000008d300000, 0x000000008d300000| Untracked 
| 212|0x000000008d400000, 0x000000008d400000, 0x000000008d500000|  0%| F|  |TAMS 0x000000008d400000, 0x000000008d400000| Untracked 
| 213|0x000000008d500000, 0x000000008d500000, 0x000000008d600000|  0%| F|  |TAMS 0x000000008d500000, 0x000000008d500000| Untracked 
| 214|0x000000008d600000, 0x000000008d600000, 0x000000008d700000|  0%| F|  |TAMS 0x000000008d600000, 0x000000008d600000| Untracked 
| 215|0x000000008d700000, 0x000000008d700000, 0x000000008d800000|  0%| F|  |TAMS 0x000000008d700000, 0x000000008d700000| Untracked 
| 216|0x000000008d800000, 0x000000008d800000, 0x000000008d900000|  0%| F|  |TAMS 0x000000008d800000, 0x000000008d800000| Untracked 
| 217|0x000000008d900000, 0x000000008d900000, 0x000000008da00000|  0%| F|  |TAMS 0x000000008d900000, 0x000000008d900000| Untracked 
| 218|0x000000008da00000, 0x000000008da00000, 0x000000008db00000|  0%| F|  |TAMS 0x000000008da00000, 0x000000008da00000| Untracked 
| 219|0x000000008db00000, 0x000000008db00000, 0x000000008dc00000|  0%| F|  |TAMS 0x000000008db00000, 0x000000008db00000| Untracked 
| 220|0x000000008dc00000, 0x000000008dc00000, 0x000000008dd00000|  0%| F|  |TAMS 0x000000008dc00000, 0x000000008dc00000| Untracked 
| 221|0x000000008dd00000, 0x000000008dd00000, 0x000000008de00000|  0%| F|  |TAMS 0x000000008dd00000, 0x000000008dd00000| Untracked 
| 222|0x000000008de00000, 0x000000008de00000, 0x000000008df00000|  0%| F|  |TAMS 0x000000008de00000, 0x000000008de00000| Untracked 
| 223|0x000000008df00000, 0x000000008df00000, 0x000000008e000000|  0%| F|  |TAMS 0x000000008df00000, 0x000000008df00000| Untracked 
| 224|0x000000008e000000, 0x000000008e000000, 0x000000008e100000|  0%| F|  |TAMS 0x000000008e000000, 0x000000008e000000| Untracked 
| 225|0x000000008e100000, 0x000000008e100000, 0x000000008e200000|  0%| F|  |TAMS 0x000000008e100000, 0x000000008e100000| Untracked 
| 226|0x000000008e200000, 0x000000008e200000, 0x000000008e300000|  0%| F|  |TAMS 0x000000008e200000, 0x000000008e200000| Untracked 
| 227|0x000000008e300000, 0x000000008e300000, 0x000000008e400000|  0%| F|  |TAMS 0x000000008e300000, 0x000000008e300000| Untracked 
| 228|0x000000008e400000, 0x000000008e400000, 0x000000008e500000|  0%| F|  |TAMS 0x000000008e400000, 0x000000008e400000| Untracked 
| 229|0x000000008e500000, 0x000000008e500000, 0x000000008e600000|  0%| F|  |TAMS 0x000000008e500000, 0x000000008e500000| Untracked 
| 230|0x000000008e600000, 0x000000008e600000, 0x000000008e700000|  0%| F|  |TAMS 0x000000008e600000, 0x000000008e600000| Untracked 
| 231|0x000000008e700000, 0x000000008e700000, 0x000000008e800000|  0%| F|  |TAMS 0x000000008e700000, 0x000000008e700000| Untracked 
| 232|0x000000008e800000, 0x000000008e800000, 0x000000008e900000|  0%| F|  |TAMS 0x000000008e800000, 0x000000008e800000| Untracked 
| 233|0x000000008e900000, 0x000000008e900000, 0x000000008ea00000|  0%| F|  |TAMS 0x000000008e900000, 0x000000008e900000| Untracked 
| 234|0x000000008ea00000, 0x000000008ea00000, 0x000000008eb00000|  0%| F|  |TAMS 0x000000008ea00000, 0x000000008ea00000| Untracked 
| 235|0x000000008eb00000, 0x000000008eb00000, 0x000000008ec00000|  0%| F|  |TAMS 0x000000008eb00000, 0x000000008eb00000| Untracked 
| 236|0x000000008ec00000, 0x000000008ec00000, 0x000000008ed00000|  0%| F|  |TAMS 0x000000008ec00000, 0x000000008ec00000| Untracked 
| 237|0x000000008ed00000, 0x000000008ed00000, 0x000000008ee00000|  0%| F|  |TAMS 0x000000008ed00000, 0x000000008ed00000| Untracked 
| 238|0x000000008ee00000, 0x000000008ee00000, 0x000000008ef00000|  0%| F|  |TAMS 0x000000008ee00000, 0x000000008ee00000| Untracked 
| 239|0x000000008ef00000, 0x000000008ef00000, 0x000000008f000000|  0%| F|  |TAMS 0x000000008ef00000, 0x000000008ef00000| Untracked 
| 240|0x000000008f000000, 0x000000008f000000, 0x000000008f100000|  0%| F|  |TAMS 0x000000008f000000, 0x000000008f000000| Untracked 
| 241|0x000000008f100000, 0x000000008f100000, 0x000000008f200000|  0%| F|  |TAMS 0x000000008f100000, 0x000000008f100000| Untracked 
| 242|0x000000008f200000, 0x000000008f200000, 0x000000008f300000|  0%| F|  |TAMS 0x000000008f200000, 0x000000008f200000| Untracked 
| 243|0x000000008f300000, 0x000000008f300000, 0x000000008f400000|  0%| F|  |TAMS 0x000000008f300000, 0x000000008f300000| Untracked 
| 244|0x000000008f400000, 0x000000008f400000, 0x000000008f500000|  0%| F|  |TAMS 0x000000008f400000, 0x000000008f400000| Untracked 
| 245|0x000000008f500000, 0x000000008f500000, 0x000000008f600000|  0%| F|  |TAMS 0x000000008f500000, 0x000000008f500000| Untracked 
| 246|0x000000008f600000, 0x000000008f600000, 0x000000008f700000|  0%| F|  |TAMS 0x000000008f600000, 0x000000008f600000| Untracked 
| 247|0x000000008f700000, 0x000000008f700000, 0x000000008f800000|  0%| F|  |TAMS 0x000000008f700000, 0x000000008f700000| Untracked 
| 248|0x000000008f800000, 0x000000008f800000, 0x000000008f900000|  0%| F|  |TAMS 0x000000008f800000, 0x000000008f800000| Untracked 
| 249|0x000000008f900000, 0x000000008fa00000, 0x000000008fa00000|100%| O|  |TAMS 0x000000008fa00000, 0x000000008f900000| Untracked 
| 250|0x000000008fa00000, 0x000000008fb00000, 0x000000008fb00000|100%| O|  |TAMS 0x000000008fb00000, 0x000000008fa00000| Untracked 
| 251|0x000000008fb00000, 0x000000008fc00000, 0x000000008fc00000|100%| O|  |TAMS 0x000000008fc00000, 0x000000008fb00000| Untracked 
| 252|0x000000008fc00000, 0x000000008fd00000, 0x000000008fd00000|100%| O|  |TAMS 0x000000008fd00000, 0x000000008fc00000| Untracked 
| 253|0x000000008fd00000, 0x000000008fe00000, 0x000000008fe00000|100%| O|  |TAMS 0x000000008fe00000, 0x000000008fd00000| Untracked 
| 254|0x000000008fe00000, 0x000000008ff00000, 0x000000008ff00000|100%| O|  |TAMS 0x000000008ff00000, 0x000000008fe00000| Untracked 
| 255|0x000000008ff00000, 0x0000000090000000, 0x0000000090000000|100%| O|  |TAMS 0x0000000090000000, 0x000000008ff00000| Untracked 
| 256|0x0000000090000000, 0x0000000090100000, 0x0000000090100000|100%| O|  |TAMS 0x0000000090100000, 0x0000000090000000| Untracked 
| 257|0x0000000090100000, 0x0000000090200000, 0x0000000090200000|100%| O|  |TAMS 0x0000000090200000, 0x0000000090100000| Untracked 
| 258|0x0000000090200000, 0x0000000090300000, 0x0000000090300000|100%| O|  |TAMS 0x0000000090300000, 0x0000000090200000| Untracked 
| 259|0x0000000090300000, 0x0000000090400000, 0x0000000090400000|100%| O|  |TAMS 0x0000000090400000, 0x0000000090300000| Untracked 
| 260|0x0000000090400000, 0x0000000090500000, 0x0000000090500000|100%| O|  |TAMS 0x0000000090500000, 0x0000000090400000| Untracked 
| 261|0x0000000090500000, 0x0000000090600000, 0x0000000090600000|100%| O|  |TAMS 0x0000000090600000, 0x0000000090500000| Untracked 
| 262|0x0000000090600000, 0x0000000090700000, 0x0000000090700000|100%| O|  |TAMS 0x0000000090700000, 0x0000000090600000| Untracked 
| 263|0x0000000090700000, 0x0000000090800000, 0x0000000090800000|100%| O|  |TAMS 0x0000000090800000, 0x0000000090700000| Untracked 
| 264|0x0000000090800000, 0x0000000090900000, 0x0000000090900000|100%| O|  |TAMS 0x0000000090900000, 0x0000000090800000| Untracked 
| 265|0x0000000090900000, 0x0000000090a00000, 0x0000000090a00000|100%| O|  |TAMS 0x0000000090a00000, 0x0000000090900000| Untracked 
| 266|0x0000000090a00000, 0x0000000090b00000, 0x0000000090b00000|100%| O|  |TAMS 0x0000000090b00000, 0x0000000090a00000| Untracked 
| 267|0x0000000090b00000, 0x0000000090c00000, 0x0000000090c00000|100%| O|  |TAMS 0x0000000090c00000, 0x0000000090b00000| Untracked 
| 268|0x0000000090c00000, 0x0000000090d00000, 0x0000000090d00000|100%| O|  |TAMS 0x0000000090d00000, 0x0000000090c00000| Untracked 
| 269|0x0000000090d00000, 0x0000000090e00000, 0x0000000090e00000|100%| O|  |TAMS 0x0000000090e00000, 0x0000000090d00000| Untracked 
| 270|0x0000000090e00000, 0x0000000090f00000, 0x0000000090f00000|100%| O|  |TAMS 0x0000000090f00000, 0x0000000090e00000| Untracked 
| 271|0x0000000090f00000, 0x0000000091000000, 0x0000000091000000|100%| O|  |TAMS 0x0000000091000000, 0x0000000090f00000| Untracked 
| 272|0x0000000091000000, 0x0000000091100000, 0x0000000091100000|100%| O|  |TAMS 0x0000000091100000, 0x0000000091000000| Untracked 
| 273|0x0000000091100000, 0x0000000091200000, 0x0000000091200000|100%| O|  |TAMS 0x0000000091200000, 0x0000000091100000| Untracked 
| 274|0x0000000091200000, 0x0000000091300000, 0x0000000091300000|100%| O|  |TAMS 0x0000000091300000, 0x0000000091200000| Untracked 
| 275|0x0000000091300000, 0x0000000091400000, 0x0000000091400000|100%| O|  |TAMS 0x0000000091400000, 0x0000000091300000| Untracked 
| 276|0x0000000091400000, 0x0000000091500000, 0x0000000091500000|100%| O|  |TAMS 0x0000000091500000, 0x0000000091400000| Untracked 
| 277|0x0000000091500000, 0x0000000091600000, 0x0000000091600000|100%| O|  |TAMS 0x0000000091600000, 0x0000000091500000| Untracked 
| 278|0x0000000091600000, 0x0000000091700000, 0x0000000091700000|100%| O|  |TAMS 0x0000000091700000, 0x0000000091600000| Untracked 
| 279|0x0000000091700000, 0x0000000091800000, 0x0000000091800000|100%| O|  |TAMS 0x0000000091800000, 0x0000000091700000| Untracked 

Card table byte_map: [0x000001edc7300000,0x000001edc7700000] _byte_map_base: 0x000001edc6f00000

Marking Bits (Prev, Next): (CMBitMap*) 0x000001edb39eda48, (CMBitMap*) 0x000001edb39eda80
 Prev Bits: [0x000001edc7b00000, 0x000001edc9b00000)
 Next Bits: [0x000001edc9b00000, 0x000001edcbb00000)

Polling page: 0x000001edb2000000

Metaspace:

Usage:
  Non-class:     82.41 MB capacity,    80.92 MB ( 98%) used,     1.21 MB (  1%) free+waste,   289.69 KB ( <1%) overhead. 
      Class:     13.20 MB capacity,    12.29 MB ( 93%) used,   797.87 KB (  6%) free+waste,   132.00 KB ( <1%) overhead. 
       Both:     95.61 MB capacity,    93.21 MB ( 97%) used,     1.99 MB (  2%) free+waste,   421.69 KB ( <1%) overhead. 

Virtual space:
  Non-class space:       84.00 MB reserved,      82.45 MB ( 98%) committed 
      Class space:        1.00 GB reserved,      13.25 MB (  1%) committed 
             Both:        1.08 GB reserved,      95.70 MB (  9%) committed 

Chunk freelists:
   Non-Class:  41.00 KB
       Class:  20.00 KB
        Both:  61.00 KB

MaxMetaspaceSize: 17179869184.00 GB
CompressedClassSpaceSize: 1.00 GB

CodeHeap 'non-profiled nmethods': size=120000Kb used=4761Kb max_used=4761Kb free=115238Kb
 bounds [0x000001edbef70000, 0x000001edbf420000, 0x000001edc64a0000]
CodeHeap 'profiled nmethods': size=120000Kb used=22541Kb max_used=22541Kb free=97458Kb
 bounds [0x000001edb7a40000, 0x000001edb9050000, 0x000001edbef70000]
CodeHeap 'non-nmethods': size=5760Kb used=2316Kb max_used=2374Kb free=3443Kb
 bounds [0x000001edb74a0000, 0x000001edb7710000, 0x000001edb7a40000]
 total_blobs=12008 nmethods=11101 adapters=818
 compilation: enabled
              stopped_count=0, restarted_count=0
 full_count=0

Compilation events (20 events):
Event: 23.673 Thread 0x000001edce573000 11418       2       com.android.tools.r8.graph.f0$d::<init> (10 bytes)
Event: 23.674 Thread 0x000001edce573000 nmethod 11418 0x000001edb903e290 code [0x000001edb903e440, 0x000001edb903e578]
Event: 23.675 Thread 0x000001edce573000 11419       3       java.lang.Iterable::forEach (39 bytes)
Event: 23.676 Thread 0x000001edce573000 nmethod 11419 0x000001edb903e610 code [0x000001edb903e820, 0x000001edb903ee08]
Event: 23.680 Thread 0x000001edce573000 11422       2       com.android.tools.r8.graph.f0$o::<init> (7 bytes)
Event: 23.680 Thread 0x000001edce573000 nmethod 11422 0x000001edb903f010 code [0x000001edb903f1c0, 0x000001edb903f318]
Event: 23.680 Thread 0x000001edce573000 11421       2       com.android.tools.r8.graph.r::a (19 bytes)
Event: 23.680 Thread 0x000001edce573000 nmethod 11421 0x000001edb903f390 code [0x000001edb903f540, 0x000001edb903f6e8]
Event: 23.681 Thread 0x000001edce573000 11423       2       com.android.tools.r8.graph.r::a (71 bytes)
Event: 23.682 Thread 0x000001edce573000 nmethod 11423 0x000001edb903f810 code [0x000001edb903fa20, 0x000001edb903ff78]
Event: 23.703 Thread 0x000001edce573000 11426 %     3       com.android.tools.r8.internal.v6::a @ 33 (102 bytes)
Event: 23.704 Thread 0x000001edce573000 nmethod 11426% 0x000001edb9040210 code [0x000001edb90404e0, 0x000001edb90415d8]
Event: 23.704 Thread 0x000001edce573000 11427 %     3       java.util.ArrayList::forEach @ 24 (74 bytes)
Event: 23.705 Thread 0x000001edce573000 nmethod 11427% 0x000001edb9041b90 code [0x000001edb9041da0, 0x000001edb9042428]
Event: 23.705 Thread 0x000001edce573000 11428       1       com.android.tools.r8.code.v1::m (2 bytes)
Event: 23.705 Thread 0x000001edce573000 nmethod 11428 0x000001edbf416310 code [0x000001edbf4164c0, 0x000001edbf416578]
Event: 23.705 Thread 0x000001edce573000 11429       2       com.android.tools.r8.dex.b::a (127 bytes)
Event: 23.706 Thread 0x000001edce573000 nmethod 11429 0x000001edb9042710 code [0x000001edb9042940, 0x000001edb9042da8]
Event: 23.706 Thread 0x000001edce573000 11430       2       com.android.tools.r8.dex.b$$Lambda$1443/0x0000000100b18c40::accept (12 bytes)
Event: 23.706 Thread 0x000001edce573000 nmethod 11430 0x000001edb9043110 code [0x000001edb90432c0, 0x000001edb9043408]

GC Heap History (20 events):
Event: 13.108 GC heap after
{Heap after GC invocations=35 (full 0):
 garbage-first heap   total 107520K, used 58712K [0x0000000080000000, 0x0000000100000000)
  region size 1024K, 2 young (2048K), 2 survivors (2048K)
 Metaspace       used 64791K, capacity 66356K, committed 66636K, reserved 1107968K
  class space    used 8220K, capacity 8787K, committed 8832K, reserved 1048576K
}
Event: 13.364 GC heap before
{Heap before GC invocations=35 (full 0):
 garbage-first heap   total 107520K, used 83288K [0x0000000080000000, 0x0000000100000000)
  region size 1024K, 26 young (26624K), 2 survivors (2048K)
 Metaspace       used 65427K, capacity 67091K, committed 67276K, reserved 1107968K
  class space    used 8304K, capacity 8923K, committed 8960K, reserved 1048576K
}
Event: 13.383 GC heap after
{Heap after GC invocations=36 (full 0):
 garbage-first heap   total 149504K, used 61110K [0x0000000080000000, 0x0000000100000000)
  region size 1024K, 4 young (4096K), 4 survivors (4096K)
 Metaspace       used 65427K, capacity 67091K, committed 67276K, reserved 1107968K
  class space    used 8304K, capacity 8923K, committed 8960K, reserved 1048576K
}
Event: 14.739 GC heap before
{Heap before GC invocations=37 (full 0):
 garbage-first heap   total 149504K, used 103094K [0x0000000080000000, 0x0000000100000000)
  region size 1024K, 45 young (46080K), 4 survivors (4096K)
 Metaspace       used 69879K, capacity 71528K, committed 71884K, reserved 1112064K
  class space    used 9019K, capacity 9611K, committed 9728K, reserved 1048576K
}
Event: 14.825 GC heap after
{Heap after GC invocations=38 (full 0):
 garbage-first heap   total 149504K, used 64106K [0x0000000080000000, 0x0000000100000000)
  region size 1024K, 6 young (6144K), 6 survivors (6144K)
 Metaspace       used 69879K, capacity 71528K, committed 71884K, reserved 1112064K
  class space    used 9019K, capacity 9611K, committed 9728K, reserved 1048576K
}
Event: 15.529 GC heap before
{Heap before GC invocations=38 (full 0):
 garbage-first heap   total 149504K, used 108138K [0x0000000080000000, 0x0000000100000000)
  region size 1024K, 49 young (50176K), 6 survivors (6144K)
 Metaspace       used 73739K, capacity 75453K, committed 75724K, reserved 1114112K
  class space    used 9568K, capacity 10204K, committed 10240K, reserved 1048576K
}
Event: 15.539 GC heap after
{Heap after GC invocations=39 (full 0):
 garbage-first heap   total 149504K, used 67109K [0x0000000080000000, 0x0000000100000000)
  region size 1024K, 6 young (6144K), 6 survivors (6144K)
 Metaspace       used 73739K, capacity 75453K, committed 75724K, reserved 1114112K
  class space    used 9568K, capacity 10204K, committed 10240K, reserved 1048576K
}
Event: 16.248 GC heap before
{Heap before GC invocations=39 (full 0):
 garbage-first heap   total 149504K, used 112165K [0x0000000080000000, 0x0000000100000000)
  region size 1024K, 50 young (51200K), 6 survivors (6144K)
 Metaspace       used 78786K, capacity 80647K, committed 80844K, reserved 1120256K
  class space    used 10231K, capacity 10893K, committed 11008K, reserved 1048576K
}
Event: 16.262 GC heap after
{Heap after GC invocations=40 (full 0):
 garbage-first heap   total 149504K, used 70355K [0x0000000080000000, 0x0000000100000000)
  region size 1024K, 6 young (6144K), 6 survivors (6144K)
 Metaspace       used 78786K, capacity 80647K, committed 80844K, reserved 1120256K
  class space    used 10231K, capacity 10893K, committed 11008K, reserved 1048576K
}
Event: 17.276 GC heap before
{Heap before GC invocations=40 (full 0):
 garbage-first heap   total 149504K, used 115411K [0x0000000080000000, 0x0000000100000000)
  region size 1024K, 50 young (51200K), 6 survivors (6144K)
 Metaspace       used 81697K, capacity 83809K, committed 84044K, reserved 1122304K
  class space    used 10724K, capacity 11525K, committed 11648K, reserved 1048576K
}
Event: 17.295 GC heap after
{Heap after GC invocations=41 (full 0):
 garbage-first heap   total 254976K, used 73400K [0x0000000080000000, 0x0000000100000000)
  region size 1024K, 7 young (7168K), 7 survivors (7168K)
 Metaspace       used 81697K, capacity 83809K, committed 84044K, reserved 1122304K
  class space    used 10724K, capacity 11525K, committed 11648K, reserved 1048576K
}
Event: 18.691 GC heap before
{Heap before GC invocations=41 (full 0):
 garbage-first heap   total 254976K, used 149176K [0x0000000080000000, 0x0000000100000000)
  region size 1024K, 82 young (83968K), 7 survivors (7168K)
 Metaspace       used 82564K, capacity 84738K, committed 84812K, reserved 1122304K
  class space    used 10771K, capacity 11615K, committed 11648K, reserved 1048576K
}
Event: 18.706 GC heap after
{Heap after GC invocations=42 (full 0):
 garbage-first heap   total 254976K, used 78501K [0x0000000080000000, 0x0000000100000000)
  region size 1024K, 9 young (9216K), 9 survivors (9216K)
 Metaspace       used 82564K, capacity 84738K, committed 84812K, reserved 1122304K
  class space    used 10771K, capacity 11615K, committed 11648K, reserved 1048576K
}
Event: 20.049 GC heap before
{Heap before GC invocations=42 (full 0):
 garbage-first heap   total 254976K, used 200357K [0x0000000080000000, 0x0000000100000000)
  region size 1024K, 124 young (126976K), 9 survivors (9216K)
 Metaspace       used 87346K, capacity 89572K, committed 89676K, reserved 1126400K
  class space    used 11318K, capacity 12122K, committed 12160K, reserved 1048576K
}
Event: 20.063 GC heap after
{Heap after GC invocations=43 (full 0):
 garbage-first heap   total 254976K, used 88634K [0x0000000080000000, 0x0000000100000000)
  region size 1024K, 14 young (14336K), 14 survivors (14336K)
 Metaspace       used 87346K, capacity 89572K, committed 89676K, reserved 1126400K
  class space    used 11318K, capacity 12122K, committed 12160K, reserved 1048576K
}
Event: 21.394 GC heap before
{Heap before GC invocations=43 (full 0):
 garbage-first heap   total 254976K, used 229946K [0x0000000080000000, 0x0000000100000000)
  region size 1024K, 126 young (129024K), 14 survivors (14336K)
 Metaspace       used 93200K, capacity 95620K, committed 95948K, reserved 1132544K
  class space    used 12291K, capacity 13197K, committed 13312K, reserved 1048576K
}
Event: 21.588 GC heap after
{Heap after GC invocations=44 (full 0):
 garbage-first heap   total 286720K, used 146810K [0x0000000080000000, 0x0000000100000000)
  region size 1024K, 16 young (16384K), 16 survivors (16384K)
 Metaspace       used 93200K, capacity 95620K, committed 95948K, reserved 1132544K
  class space    used 12291K, capacity 13197K, committed 13312K, reserved 1048576K
}
Event: 21.911 GC heap before
{Heap before GC invocations=44 (full 0):
 garbage-first heap   total 286720K, used 195962K [0x0000000080000000, 0x0000000100000000)
  region size 1024K, 65 young (66560K), 16 survivors (16384K)
 Metaspace       used 93309K, capacity 95762K, committed 95948K, reserved 1132544K
  class space    used 12292K, capacity 13198K, committed 13312K, reserved 1048576K
}
Event: 22.103 GC heap after
{Heap after GC invocations=45 (full 0):
 garbage-first heap   total 286720K, used 173056K [0x0000000080000000, 0x0000000100000000)
  region size 1024K, 9 young (9216K), 9 survivors (9216K)
 Metaspace       used 93309K, capacity 95762K, committed 95948K, reserved 1132544K
  class space    used 12292K, capacity 13198K, committed 13312K, reserved 1048576K
}
Event: 23.707 GC heap before
{Heap before GC invocations=46 (full 0):
 garbage-first heap   total 286720K, used 219136K [0x0000000080000000, 0x0000000100000000)
  region size 1024K, 55 young (56320K), 9 survivors (9216K)
 Metaspace       used 95447K, capacity 97903K, committed 97996K, reserved 1134592K
  class space    used 12586K, capacity 13516K, committed 13568K, reserved 1048576K
}

Deoptimization events (20 events):
Event: 22.485 Thread 0x000001edd3ba6800 Uncommon trap: trap_request=0xffffffde fr.pc=0x000001edbf3dd4f8 relative=0x0000000000000118
Event: 22.486 Thread 0x000001edd3ba6800 Uncommon trap: reason=class_check action=maybe_recompile pc=0x000001edbf3dd4f8 method=java.util.Map.computeIfAbsent(Ljava/lang/Object;Ljava/util/function/Function;)Ljava/lang/Object; @ 7 c2
Event: 22.486 Thread 0x000001edd3ba6800 DEOPT PACKING pc=0x000001edbf3dd4f8 sp=0x000000aee6bfd650
Event: 22.487 Thread 0x000001edd3ba6800 DEOPT UNPACKING pc=0x000001edb74a83af sp=0x000000aee6bfd5e8 mode 2
Event: 22.488 Thread 0x000001edd3ba6800 Uncommon trap: trap_request=0xffffffde fr.pc=0x000001edbf3dd4f8 relative=0x0000000000000118
Event: 22.488 Thread 0x000001edd3ba6800 Uncommon trap: reason=class_check action=maybe_recompile pc=0x000001edbf3dd4f8 method=java.util.Map.computeIfAbsent(Ljava/lang/Object;Ljava/util/function/Function;)Ljava/lang/Object; @ 7 c2
Event: 22.488 Thread 0x000001edd3ba6800 DEOPT PACKING pc=0x000001edbf3dd4f8 sp=0x000000aee6bfd650
Event: 22.488 Thread 0x000001edd3ba6800 DEOPT UNPACKING pc=0x000001edb74a83af sp=0x000000aee6bfd5e8 mode 2
Event: 22.488 Thread 0x000001edd3ba6800 Uncommon trap: trap_request=0xffffffde fr.pc=0x000001edbf3dd4f8 relative=0x0000000000000118
Event: 22.488 Thread 0x000001edd3ba6800 Uncommon trap: reason=class_check action=maybe_recompile pc=0x000001edbf3dd4f8 method=java.util.Map.computeIfAbsent(Ljava/lang/Object;Ljava/util/function/Function;)Ljava/lang/Object; @ 7 c2
Event: 22.488 Thread 0x000001edd3ba6800 DEOPT PACKING pc=0x000001edbf3dd4f8 sp=0x000000aee6bfd650
Event: 22.488 Thread 0x000001edd3ba6800 DEOPT UNPACKING pc=0x000001edb74a83af sp=0x000000aee6bfd5e8 mode 2
Event: 22.488 Thread 0x000001edd3ba6800 Uncommon trap: trap_request=0xffffffde fr.pc=0x000001edbf3dd4f8 relative=0x0000000000000118
Event: 22.488 Thread 0x000001edd3ba6800 Uncommon trap: reason=class_check action=maybe_recompile pc=0x000001edbf3dd4f8 method=java.util.Map.computeIfAbsent(Ljava/lang/Object;Ljava/util/function/Function;)Ljava/lang/Object; @ 7 c2
Event: 22.488 Thread 0x000001edd3ba6800 DEOPT PACKING pc=0x000001edbf3dd4f8 sp=0x000000aee6bfd650
Event: 22.488 Thread 0x000001edd3ba6800 DEOPT UNPACKING pc=0x000001edb74a83af sp=0x000000aee6bfd5e8 mode 2
Event: 23.123 Thread 0x000001edd782d800 DEOPT PACKING pc=0x000001edb8f81810 sp=0x000000aee6ffe4f0
Event: 23.123 Thread 0x000001edd782d800 DEOPT UNPACKING pc=0x000001edb74c8ede sp=0x000000aee6ffda28 mode 0
Event: 23.668 Thread 0x000001edd3ba6800 DEOPT PACKING pc=0x000001edb8fd2eeb sp=0x000000aee6bfd4b0
Event: 23.668 Thread 0x000001edd3ba6800 DEOPT UNPACKING pc=0x000001edb74c8ede sp=0x000000aee6bfc980 mode 0

Classes redefined (0 events):
No events

Internal exceptions (20 events):
Event: 20.347 Thread 0x000001edd3ba2800 Exception <a 'java/lang/NoSuchMethodError'{0x000000008e913198}: 'java.lang.Object java.lang.invoke.DirectMethodHandle$Holder.invokeStaticInit(java.lang.Object, java.lang.Object, long, java.lang.Object)'> (0x000000008e913198) thrown at [./src/hotspot/share/interpreter/linkResolver.cpp, line 773]
Event: 20.348 Thread 0x000001edd3ba2800 Exception <a 'java/lang/NoSuchMethodError'{0x000000008e919330}: 'java.lang.Object java.lang.invoke.DirectMethodHandle$Holder.invokeStatic(java.lang.Object, java.lang.Object, long)'> (0x000000008e919330) thrown at [./src/hotspot/share/interpreter/linkResolver.cpp, line 773]
Event: 20.348 Thread 0x000001edd3ba2800 Exception <a 'java/lang/NoSuchMethodError'{0x000000008e91f8a8}: 'java.lang.Object java.lang.invoke.Invokers$Holder.linkToTargetMethod(java.lang.Object, long, java.lang.Object)'> (0x000000008e91f8a8) thrown at [./src/hotspot/share/interpreter/linkResolver.cpp, line 773]
Event: 20.502 Thread 0x000001edd3ba6800 Exception <a 'java/lang/NoSuchMethodError'{0x000000008e4dc490}: 'java.lang.Object java.lang.invoke.DirectMethodHandle$Holder.invokeStatic(java.lang.Object, java.lang.Object, java.lang.Object, java.lang.Object, java.lang.Object, java.lang.Object, java.lang.Object, java.lang.Object, java.lang.Object, java.lang.Object, java.lang.Object, java.lang.Object, java.lang.Object, java.lang.Object, java.lang.Object, java.lang.Object, java.lang.Object, java.lang.Object, int, java.lang.Object)'> (0x000000008e4dc490) thr
Event: 20.502 Thread 0x000001edd3ba6800 Exception <a 'java/lang/NoSuchMethodError'{0x000000008e4e1d20}: 'java.lang.Object java.lang.invoke.DirectMethodHandle$Holder.invokeStaticInit(java.lang.Object, java.lang.Object, java.lang.Object, java.lang.Object, java.lang.Object, java.lang.Object, java.lang.Object, java.lang.Object, java.lang.Object, java.lang.Object, java.lang.Object, java.lang.Object, java.lang.Object, java.lang.Object, java.lang.Object, java.lang.Object, java.lang.Object, java.lang.Object, int, java.lang.Object)'> (0x000000008e4e1d20)
Event: 20.804 Thread 0x000001edd3ba2800 Exception <a 'java/lang/NoSuchMethodError'{0x000000008be6db98}: 'int java.lang.invoke.DirectMethodHandle$Holder.invokeSpecialIFC(java.lang.Object, java.lang.Object, java.lang.Object)'> (0x000000008be6db98) thrown at [./src/hotspot/share/interpreter/linkResolver.cpp, line 773]
Event: 20.911 Thread 0x000001edd7831800 Exception <a 'java/lang/IncompatibleClassChangeError'{0x000000008b3c9848}: Found class java.lang.Object, but interface was expected> (0x000000008b3c9848) thrown at [./src/hotspot/share/interpreter/linkResolver.cpp, line 839]
Event: 20.956 Thread 0x000001edd7834000 Exception <a 'java/lang/IncompatibleClassChangeError'{0x000000008b3fd0d0}: Found class java.lang.Object, but interface was expected> (0x000000008b3fd0d0) thrown at [./src/hotspot/share/interpreter/linkResolver.cpp, line 839]
Event: 20.958 Thread 0x000001edd7834000 Exception <a 'java/lang/IncompatibleClassChangeError'{0x000000008b153ea8}: Found class java.lang.Object, but interface was expected> (0x000000008b153ea8) thrown at [./src/hotspot/share/interpreter/linkResolver.cpp, line 839]
Event: 20.963 Thread 0x000001edd782d800 Exception <a 'java/lang/NoSuchMethodError'{0x000000008b19ca20}: 'java.lang.Object java.lang.invoke.DirectMethodHandle$Holder.newInvokeSpecial(java.lang.Object, int)'> (0x000000008b19ca20) thrown at [./src/hotspot/share/interpreter/linkResolver.cpp, line 773]
Event: 22.331 Thread 0x000001edd3ba6800 Exception <a 'java/lang/NoSuchMethodError'{0x000000008f72bcb0}: 'int java.lang.invoke.DirectMethodHandle$Holder.invokeVirtual(java.lang.Object, java.lang.Object, java.lang.Object, java.lang.Object)'> (0x000000008f72bcb0) thrown at [./src/hotspot/share/interpreter/linkResolver.cpp, line 773]
Event: 22.546 Thread 0x000001edd3ba6800 Exception <a 'java/lang/NoSuchMethodError'{0x000000008f6c1d30}: 'void java.lang.invoke.DirectMethodHandle$Holder.invokeStatic(java.lang.Object, java.lang.Object, java.lang.Object, int)'> (0x000000008f6c1d30) thrown at [./src/hotspot/share/interpreter/linkResolver.cpp, line 773]
Event: 22.551 Thread 0x000001edd3ba6800 Exception <a 'java/lang/IncompatibleClassChangeError'{0x000000008f6c9db0}: Found class java.lang.Object, but interface was expected> (0x000000008f6c9db0) thrown at [./src/hotspot/share/interpreter/linkResolver.cpp, line 839]
Event: 22.593 Thread 0x000001edd782e800 Exception <a 'java/lang/NoSuchMethodError'{0x000000008f6ff3a0}: 'int java.lang.invoke.DirectMethodHandle$Holder.invokeVirtual(java.lang.Object, java.lang.Object, java.lang.Object)'> (0x000000008f6ff3a0) thrown at [./src/hotspot/share/interpreter/linkResolver.cpp, line 773]
Event: 22.593 Thread 0x000001edd782c000 Exception <a 'java/lang/NoSuchMethodError'{0x000000008f5a2418}: 'int java.lang.invoke.DirectMethodHandle$Holder.invokeVirtual(java.lang.Object, java.lang.Object, java.lang.Object)'> (0x000000008f5a2418) thrown at [./src/hotspot/share/interpreter/linkResolver.cpp, line 773]
Event: 23.305 Thread 0x000001edd3ba6800 Exception <a 'java/lang/NoSuchMethodError'{0x000000008e069fa8}: 'java.lang.Object java.lang.invoke.Invokers$Holder.linkToTargetMethod(java.lang.Object, int, java.lang.Object, java.lang.Object, java.lang.Object, java.lang.Object)'> (0x000000008e069fa8) thrown at [./src/hotspot/share/interpreter/linkResolver.cpp, line 773]
Event: 23.307 Thread 0x000001edd3ba6800 Exception <a 'java/lang/NoSuchMethodError'{0x000000008e06dc60}: 'void java.lang.invoke.DirectMethodHandle$Holder.invokeSpecial(java.lang.Object, java.lang.Object, java.lang.Object, java.lang.Object, java.lang.Object, java.lang.Object, java.lang.Object, java.lang.Object, java.lang.Object)'> (0x000000008e06dc60) thrown at [./src/hotspot/share/interpreter/linkResolver.cpp, line 773]
Event: 23.308 Thread 0x000001edd3ba6800 Exception <a 'java/lang/NoSuchMethodError'{0x000000008e076e58}: 'java.lang.Object java.lang.invoke.Invokers$Holder.linkToTargetMethod(java.lang.Object, java.lang.Object, java.lang.Object, java.lang.Object, java.lang.Object, java.lang.Object, java.lang.Object)'> (0x000000008e076e58) thrown at [./src/hotspot/share/interpreter/linkResolver.cpp, line 773]
Event: 23.337 Thread 0x000001edd3ba6800 Exception <a 'java/lang/IncompatibleClassChangeError'{0x000000008e09e880}: Found class java.lang.Object, but interface was expected> (0x000000008e09e880) thrown at [./src/hotspot/share/interpreter/linkResolver.cpp, line 839]
Event: 23.402 Thread 0x000001edd3ba6800 Exception <a 'java/lang/NoSuchMethodError'{0x000000008dfed0b0}: 'void java.lang.invoke.DirectMethodHandle$Holder.invokeStatic(java.lang.Object, java.lang.Object, java.lang.Object, java.lang.Object, java.lang.Object, java.lang.Object, java.lang.Object, java.lang.Object)'> (0x000000008dfed0b0) thrown at [./src/hotspot/share/interpreter/linkResolver.cpp, line 773]

Events (20 events):
Event: 23.643 loading class com/android/tools/r8/internal/dk done
Event: 23.652 loading class com/android/tools/r8/graph/O
Event: 23.652 loading class com/android/tools/r8/graph/O done
Event: 23.653 loading class com/android/tools/r8/graph/O
Event: 23.653 loading class com/android/tools/r8/graph/O done
Event: 23.653 loading class com/android/tools/r8/dex/b
Event: 23.653 loading class com/android/tools/r8/dex/b done
Event: 23.653 loading class com/android/tools/r8/graph/P
Event: 23.653 loading class com/android/tools/r8/graph/P done
Event: 23.653 loading class com/android/tools/r8/graph/P
Event: 23.653 loading class com/android/tools/r8/graph/P done
Event: 23.653 loading class com/android/tools/r8/dex/b
Event: 23.653 loading class com/android/tools/r8/dex/b done
Event: 23.704 loading class com/android/tools/r8/graph/Z
Event: 23.704 loading class com/android/tools/r8/graph/Z done
Event: 23.704 loading class com/android/tools/r8/graph/Z
Event: 23.704 loading class com/android/tools/r8/graph/Z done
Event: 23.704 loading class com/android/tools/r8/dex/b
Event: 23.704 loading class com/android/tools/r8/dex/b done
Event: 23.707 Executing VM operation: G1CollectForAllocation


Dynamic libraries:
0x00007ff7cd7a0000 - 0x00007ff7cd7aa000 	C:\Program Files\Android\Android Studio\jre\bin\java.exe
0x00007fff21c10000 - 0x00007fff21e05000 	C:\WINDOWS\SYSTEM32\ntdll.dll
0x00007fff217d0000 - 0x00007fff2188d000 	C:\WINDOWS\System32\KERNEL32.DLL
0x00007fff1f640000 - 0x00007fff1f90d000 	C:\WINDOWS\System32\KERNELBASE.dll
0x00007fff1f9c0000 - 0x00007fff1fac0000 	C:\WINDOWS\System32\ucrtbase.dll
0x00007fff16ed0000 - 0x00007fff16ee9000 	C:\Program Files\Android\Android Studio\jre\bin\jli.dll
0x00007fff166c0000 - 0x00007fff166d7000 	C:\Program Files\Android\Android Studio\jre\bin\VCRUNTIME140.dll
0x00007fff20fb0000 - 0x00007fff21150000 	C:\WINDOWS\System32\USER32.dll
0x00007fff1f4b0000 - 0x00007fff1f4d2000 	C:\WINDOWS\System32\win32u.dll
0x00007fff01870000 - 0x00007fff01b0a000 	C:\WINDOWS\WinSxS\amd64_microsoft.windows.common-controls_6595b64144ccf1df_6.0.19041.1110_none_60b5254171f9507e\COMCTL32.dll
0x00007fff21150000 - 0x00007fff2117a000 	C:\WINDOWS\System32\GDI32.dll
0x00007fff21730000 - 0x00007fff217ce000 	C:\WINDOWS\System32\msvcrt.dll
0x00007fff1f3a0000 - 0x00007fff1f4ab000 	C:\WINDOWS\System32\gdi32full.dll
0x00007fff1fb50000 - 0x00007fff1fbed000 	C:\WINDOWS\System32\msvcp_win.dll
0x00007fff20650000 - 0x00007fff20680000 	C:\WINDOWS\System32\IMM32.DLL
0x00007ffeea230000 - 0x00007ffeea2cd000 	C:\Program Files\Android\Android Studio\jre\bin\msvcp140.dll
0x00007ffed7ef0000 - 0x00007ffed89bf000 	C:\Program Files\Android\Android Studio\jre\bin\server\jvm.dll
0x00007fff21250000 - 0x00007fff212fe000 	C:\WINDOWS\System32\ADVAPI32.dll
0x00007fff20810000 - 0x00007fff208ac000 	C:\WINDOWS\System32\sechost.dll
0x00007fff203d0000 - 0x00007fff204f5000 	C:\WINDOWS\System32\RPCRT4.dll
0x00007fff209d0000 - 0x00007fff209d8000 	C:\WINDOWS\System32\PSAPI.DLL
0x00007fff01e50000 - 0x00007fff01e59000 	C:\WINDOWS\SYSTEM32\WSOCK32.dll
0x00007fff00760000 - 0x00007fff00787000 	C:\WINDOWS\SYSTEM32\WINMM.dll
0x00007fff15f90000 - 0x00007fff15f9a000 	C:\WINDOWS\SYSTEM32\VERSION.dll
0x00007fff20f40000 - 0x00007fff20fab000 	C:\WINDOWS\System32\WS2_32.dll
0x00007fff1dc00000 - 0x00007fff1dc12000 	C:\WINDOWS\SYSTEM32\kernel.appcore.dll
0x00007fff01b50000 - 0x00007fff01b61000 	C:\Program Files\Android\Android Studio\jre\bin\verify.dll
0x00007fff1d110000 - 0x00007fff1d2f4000 	C:\WINDOWS\SYSTEM32\DBGHELP.DLL
0x00007fff07650000 - 0x00007fff0767c000 	C:\WINDOWS\SYSTEM32\dbgcore.DLL
0x00007fff1fac0000 - 0x00007fff1fb42000 	C:\WINDOWS\System32\bcryptPrimitives.dll
0x00007ffeffae0000 - 0x00007ffeffb09000 	C:\Program Files\Android\Android Studio\jre\bin\java.dll
0x00007fff01e40000 - 0x00007fff01e4b000 	C:\Program Files\Android\Android Studio\jre\bin\jimage.dll
0x00007ffeffb20000 - 0x00007ffeffb38000 	C:\Program Files\Android\Android Studio\jre\bin\zip.dll
0x00007fff1fc80000 - 0x00007fff203c4000 	C:\WINDOWS\System32\SHELL32.dll
0x00007fff1d300000 - 0x00007fff1da94000 	C:\WINDOWS\SYSTEM32\windows.storage.dll
0x00007fff213d0000 - 0x00007fff21724000 	C:\WINDOWS\System32\combase.dll
0x00007fff1ed80000 - 0x00007fff1edac000 	C:\WINDOWS\SYSTEM32\Wldp.dll
0x00007fff20760000 - 0x00007fff2080d000 	C:\WINDOWS\System32\SHCORE.dll
0x00007fff20a60000 - 0x00007fff20ab5000 	C:\WINDOWS\System32\shlwapi.dll
0x00007fff1f260000 - 0x00007fff1f27f000 	C:\WINDOWS\SYSTEM32\profapi.dll
0x00007ffeff6a0000 - 0x00007ffeff6ba000 	C:\Program Files\Android\Android Studio\jre\bin\net.dll
0x00007fff048f0000 - 0x00007fff049fa000 	C:\WINDOWS\SYSTEM32\WINHTTP.dll
0x00007fff1eae0000 - 0x00007fff1eb4a000 	C:\WINDOWS\system32\mswsock.dll
0x00007ffefef40000 - 0x00007ffefef54000 	C:\Program Files\Android\Android Studio\jre\bin\nio.dll
0x00007ffedb550000 - 0x00007ffedb577000 	C:\Users\user\.gradle\native\8bec1ad78214c89d9ad589b4d07fe93259594b29d510b10fafb7a158f7737e5d\windows-amd64\native-platform.dll
0x00007ffebabd0000 - 0x00007ffebad0d000 	C:\Users\user\.gradle\native\53dbd7edfb1c66fb8903c78663c9afc45aea4f116125fa6feffd364cf09443e8\windows-amd64\native-platform-file-events.dll
0x00007fff01d00000 - 0x00007fff01d0a000 	C:\Program Files\Android\Android Studio\jre\bin\management.dll
0x00007ffeffad0000 - 0x00007ffeffadc000 	C:\Program Files\Android\Android Studio\jre\bin\management_ext.dll
0x00007fff1ece0000 - 0x00007fff1ecf8000 	C:\WINDOWS\SYSTEM32\CRYPTSP.dll
0x00007fff1e3f0000 - 0x00007fff1e424000 	C:\WINDOWS\system32\rsaenh.dll
0x00007fff1f370000 - 0x00007fff1f397000 	C:\WINDOWS\System32\bcrypt.dll
0x00007fff1f220000 - 0x00007fff1f24e000 	C:\WINDOWS\SYSTEM32\USERENV.dll
0x00007fff1ecd0000 - 0x00007fff1ecdc000 	C:\WINDOWS\SYSTEM32\CRYPTBASE.dll
0x00007fff1e760000 - 0x00007fff1e79b000 	C:\WINDOWS\SYSTEM32\IPHLPAPI.DLL
0x00007fff21180000 - 0x00007fff21188000 	C:\WINDOWS\System32\NSI.dll
0x00007fff148d0000 - 0x00007fff148e7000 	C:\WINDOWS\SYSTEM32\dhcpcsvc6.DLL
0x00007fff154b0000 - 0x00007fff154cd000 	C:\WINDOWS\SYSTEM32\dhcpcsvc.DLL
0x00007fff1e7d0000 - 0x00007fff1e89b000 	C:\WINDOWS\SYSTEM32\DNSAPI.dll

dbghelp: loaded successfully - version: 4.0.5 - missing functions: none
symbol engine: initialized successfully - sym options: 0x614 - pdb path: .;C:\Program Files\Android\Android Studio\jre\bin;C:\WINDOWS\SYSTEM32;C:\WINDOWS\WinSxS\amd64_microsoft.windows.common-controls_6595b64144ccf1df_6.0.19041.1110_none_60b5254171f9507e;C:\Program Files\Android\Android Studio\jre\bin\server;C:\Users\user\.gradle\native\8bec1ad78214c89d9ad589b4d07fe93259594b29d510b10fafb7a158f7737e5d\windows-amd64;C:\Users\user\.gradle\native\53dbd7edfb1c66fb8903c78663c9afc45aea4f116125fa6feffd364cf09443e8\windows-amd64

VM Arguments:
jvm_args: --add-opens=java.base/java.util=ALL-UNNAMED --add-opens=java.base/java.lang=ALL-UNNAMED --add-opens=java.base/java.lang.invoke=ALL-UNNAMED --add-opens=java.base/java.util=ALL-UNNAMED --add-opens=java.prefs/java.util.prefs=ALL-UNNAMED --add-opens=java.prefs/java.util.prefs=ALL-UNNAMED --add-opens=java.base/java.nio.charset=ALL-UNNAMED --add-opens=java.base/java.net=ALL-UNNAMED --add-opens=java.base/java.util.concurrent.atomic=ALL-UNNAMED -Xmx2048m -Dfile.encoding=UTF-8 -Duser.country=ID -Duser.language=en -Duser.variant 
java_command: org.gradle.launcher.daemon.bootstrap.GradleDaemon 7.0.2
java_class_path (initial): C:\Users\user\.gradle\wrapper\dists\gradle-7.0.2-bin\857tjihv64xamwrf0h14cai3r\gradle-7.0.2\lib\gradle-launcher-7.0.2.jar
Launcher Type: SUN_STANDARD

[Global flags]
     intx CICompilerCount                          = 4                                         {product} {ergonomic}
     uint ConcGCThreads                            = 2                                         {product} {ergonomic}
     uint G1ConcRefinementThreads                  = 8                                         {product} {ergonomic}
   size_t G1HeapRegionSize                         = 1048576                                   {product} {ergonomic}
    uintx GCDrainStackTargetSize                   = 64                                        {product} {ergonomic}
   size_t InitialHeapSize                          = 62914560                                  {product} {ergonomic}
   size_t MarkStackSize                            = 4194304                                   {product} {ergonomic}
   size_t MaxHeapSize                              = 2147483648                                {product} {command line}
   size_t MaxNewSize                               = 1287651328                                {product} {ergonomic}
   size_t MinHeapDeltaBytes                        = 1048576                                   {product} {ergonomic}
    uintx NonNMethodCodeHeapSize                   = 5836300                                {pd product} {ergonomic}
    uintx NonProfiledCodeHeapSize                  = 122910970                              {pd product} {ergonomic}
    uintx ProfiledCodeHeapSize                     = 122910970                              {pd product} {ergonomic}
    uintx ReservedCodeCacheSize                    = 251658240                              {pd product} {ergonomic}
     bool SegmentedCodeCache                       = true                                      {product} {ergonomic}
     bool UseCompressedClassPointers               = true                                 {lp64_product} {ergonomic}
     bool UseCompressedOops                        = true                                 {lp64_product} {ergonomic}
     bool UseG1GC                                  = true                                      {product} {ergonomic}
     bool UseLargePagesIndividualAllocation        = false                                  {pd product} {ergonomic}

Logging:
Log output configuration:
 #0: stdout all=warning uptime,level,tags
 #1: stderr all=off uptime,level,tags

Environment Variables:
JAVA_HOME=C:\Program Files\Zulu\zulu-8
PATH=C:\Program Files\Zulu\zulu-8\bin\;C:\Program Files\Gradle\gradle-6.6\bin;C:\Program Files\Common Files\Oracle\Java\javapath;C:\ProgramData\Oracle\Java\javapath;C:\WINDOWS\system32;C:\WINDOWS;C:\WINDOWS\System32\Wbem;C:\WINDOWS\System32\WindowsPowerShell\v1.0\;C:\WINDOWS\System32\OpenSSH\;C:\Program Files\dotnet\;C:\Users\user\Desktop\apktool;C:\Users\user\AppData\Local\Microsoft\WindowsApps;C:\Users\user\.dotnet\tools;C:\sqlite3;C:\adb;%JAVA_HOME%\bin;D:\Node.js\;C:\Program Files\Git\cmd;C:\PATH_Programs;C:\Users\user\AppData\Local\Microsoft\WindowsApps;C:\Users\user\.dotnet\tools;C:\sqlite3;D:\Microsoft VS Code\bin;C:\Users\user\AppData\Roaming\npm;C:\PATH_Programs;
USERNAME=user
OS=Windows_NT
PROCESSOR_IDENTIFIER=Intel64 Family 6 Model 126 Stepping 5, GenuineIntel



---------------  S Y S T E M  ---------------

OS: Windows 10 , 64 bit Build 19041 (10.0.19041.1706)
OS uptime: 0 days 2:53 hours

CPU:total 8 (initial active 8) (4 cores per cpu, 2 threads per core) family 6 model 126 stepping 5 microcode 0xa0, cmov, cx8, fxsr, mmx, sse, sse2, sse3, ssse3, sse4.1, sse4.2, popcnt, avx, avx2, aes, clmul, erms, 3dnowpref, lzcnt, ht, tsc, tscinvbit, bmi1, bmi2, adx, evex, sha, fma

Memory: 4k page, system-wide physical 3784M (315M free)
TotalPageFile size 7880M (AvailPageFile size 33M)
current process WorkingSet (physical memory assigned to process): 389M, peak: 393M
current process commit charge ("private bytes"): 593M, peak: 871M

vm_info: OpenJDK 64-Bit Server VM (11.0.10+0-b96-7249189) for windows-amd64 JRE (11.0.10+0-b96-7249189), built on Mar 31 2021 21:44:00 by "builder" with MS VC++ 14.0 (VS2015)

END.
