#
# There is insufficient memory for the Java Runtime Environment to continue.
# Native memory allocation (mmap) failed to map 80740352 bytes for Failed to commit area from 0x0000000091300000 to 0x0000000096000000 of length 80740352.
# Possible reasons:
#   The system is out of physical RAM or swap space
#   The process is running with CompressedOops enabled, and the Java Heap may be blocking the growth of the native heap
# Possible solutions:
#   Reduce memory load on the system
#   Increase physical memory or swap space
#   Check if swap backing store is full
#   Decrease Java heap size (-Xmx/-Xms)
#   Decrease number of Java threads
#   Decrease Java thread stack sizes (-Xss)
#   Set larger code cache with -XX:ReservedCodeCacheSize=
#   JVM is running with Unscaled Compressed Oops mode in which the Java heap is
#     placed in the first 4GB address space. The Java Heap base address is the
#     maximum limit for the native heap growth. Please use -XX:HeapBaseMinAddress
#     to set the Java Heap base and to place the Java Heap above 4GB virtual address.
# This output file may be truncated or incomplete.
#
#  Out of Memory Error (./src/hotspot/os/windows/os_windows.cpp:3301), pid=50140, tid=37904
#
# JRE version: OpenJDK Runtime Environment (11.0.10) (build 11.0.10+0-b96-7249189)
# Java VM: OpenJDK 64-Bit Server VM (11.0.10+0-b96-7249189, mixed mode, tiered, compressed oops, g1 gc, windows-amd64)
# No core dump will be written. Minidumps are not enabled by default on client versions of Windows
#

---------------  S U M M A R Y ------------

Command Line: --add-opens=java.base/java.util=ALL-UNNAMED --add-opens=java.base/java.lang=ALL-UNNAMED --add-opens=java.base/java.lang.invoke=ALL-UNNAMED --add-opens=java.base/java.util=ALL-UNNAMED --add-opens=java.prefs/java.util.prefs=ALL-UNNAMED --add-opens=java.prefs/java.util.prefs=ALL-UNNAMED --add-opens=java.base/java.nio.charset=ALL-UNNAMED --add-opens=java.base/java.net=ALL-UNNAMED --add-opens=java.base/java.util.concurrent.atomic=ALL-UNNAMED -Xmx2048m -Dfile.encoding=UTF-8 -Duser.country=ID -Duser.language=en -Duser.variant org.gradle.launcher.daemon.bootstrap.GradleDaemon 7.0.2

Host: Intel(R) Core(TM) i5-1035G1 CPU @ 1.00GHz, 8 cores, 3G,  Windows 10 , 64 bit Build 19041 (10.0.19041.1706)
Time: Sat Jun 18 22:17:48 2022 SE Asia Standard Time elapsed time: 21.673672 seconds (0d 0h 0m 21s)

---------------  T H R E A D  ---------------

Current thread (0x0000013764ae7800):  VMThread "VM Thread" [stack: 0x00000018db200000,0x00000018db300000] [id=37904]

Stack: [0x00000018db200000,0x00000018db300000]
[error occurred during error reporting (printing stack bounds), id 0xc0000005, EXCEPTION_ACCESS_VIOLATION (0xc0000005) at pc=0x000001374d9e10e7]

Native frames: (J=compiled Java code, j=interpreted, Vv=VM code, C=native code)
V  [jvm.dll+0x5ecfaa]
V  [jvm.dll+0x722bd5]
V  [jvm.dll+0x72412d]
V  [jvm.dll+0x724745]
V  [jvm.dll+0x7246fb]
V  [jvm.dll+0x5ec348]
V  [jvm.dll+0x5ecad8]
C  [ntdll.dll+0xa209f]
C  [ntdll.dll+0x51454]
C  [ntdll.dll+0xa0bce]
C  0x000001374d9e10e7

VM_Operation (0x00000018df9fc8d0): G1CollectForAllocation, mode: safepoint, requested by thread 0x000001376da70000


---------------  P R O C E S S  ---------------

Threads class SMR info:
_java_thread_list=0x0000013767cec7f0, length=74, elements={
0x0000013749ecc800, 0x0000013764aea800, 0x0000013764aee000, 0x0000013764b49000,
0x0000013764b4c000, 0x0000013764b4d000, 0x0000013764b50800, 0x0000013764b53800,
0x0000013764b5c800, 0x00000137655e4000, 0x000001376787f800, 0x00000137663c9000,
0x00000137663ca000, 0x00000137669ac800, 0x0000013766ade800, 0x0000013766c71000,
0x00000137677a0000, 0x0000013767792800, 0x0000013767794800, 0x0000013767795000,
0x0000013767796000, 0x0000013767790000, 0x0000013767792000, 0x0000013767796800,
0x0000013767791000, 0x0000013767793800, 0x0000013767c9d800, 0x0000013767c9f000,
0x0000013767c9e000, 0x0000013767ca0000, 0x0000013767ca0800, 0x0000013767c9b000,
0x0000013767c9c000, 0x0000013769caa000, 0x0000013769caa800, 0x0000013769cac800,
0x0000013769cad000, 0x0000013769cab800, 0x0000013769cae000, 0x0000013769cae800,
0x0000013769ca9000, 0x0000013769cb0800, 0x0000013769cb1000, 0x0000013769cb3800,
0x0000013769cb2000, 0x0000013769cb5800, 0x0000013769cb4800, 0x0000013769caf800,
0x0000013769cb7000, 0x0000013769cb6000, 0x000001376da68800, 0x000001376da64800,
0x000001376da67800, 0x000001376da66000, 0x000001376da69800, 0x000001376da67000,
0x000001376da6a000, 0x000001376da6b000, 0x000001376da65000, 0x000001376da6d800,
0x000001376da70800, 0x000001376da6e000, 0x000001376da70000, 0x000001376da6c800,
0x000001376da6f000, 0x000001376da71800, 0x000001376da6b800, 0x000001376da72800,
0x000001376da73000, 0x000001376c252800, 0x000001376c255800, 0x000001376c255000,
0x000001376c250000, 0x000001376c253000
}

Java Threads: ( => current thread )
  0x0000013749ecc800 JavaThread "main" [_thread_blocked, id=49520, stack(0x00000018dac00000,0x00000018dad00000)]
  0x0000013764aea800 JavaThread "Reference Handler" daemon [_thread_blocked, id=50000, stack(0x00000018db300000,0x00000018db400000)]
  0x0000013764aee000 JavaThread "Finalizer" daemon [_thread_blocked, id=50092, stack(0x00000018db400000,0x00000018db500000)]
  0x0000013764b49000 JavaThread "Signal Dispatcher" daemon [_thread_blocked, id=49796, stack(0x00000018db500000,0x00000018db600000)]
  0x0000013764b4c000 JavaThread "Attach Listener" daemon [_thread_blocked, id=49860, stack(0x00000018db600000,0x00000018db700000)]
  0x0000013764b4d000 JavaThread "Service Thread" daemon [_thread_blocked, id=49840, stack(0x00000018db700000,0x00000018db800000)]
  0x0000013764b50800 JavaThread "C2 CompilerThread0" daemon [_thread_blocked, id=49836, stack(0x00000018db800000,0x00000018db900000)]
  0x0000013764b53800 JavaThread "C1 CompilerThread0" daemon [_thread_blocked, id=49996, stack(0x00000018db900000,0x00000018dba00000)]
  0x0000013764b5c800 JavaThread "Sweeper thread" daemon [_thread_blocked, id=50048, stack(0x00000018dba00000,0x00000018dbb00000)]
  0x00000137655e4000 JavaThread "Common-Cleaner" daemon [_thread_blocked, id=50056, stack(0x00000018dbb00000,0x00000018dbc00000)]
  0x000001376787f800 JavaThread "Daemon health stats" [_thread_blocked, id=35748, stack(0x00000018dbe00000,0x00000018dbf00000)]
  0x00000137663c9000 JavaThread "Incoming local TCP Connector on port 52724" [_thread_in_native, id=49716, stack(0x00000018dbf00000,0x00000018dc000000)]
  0x00000137663ca000 JavaThread "Daemon periodic checks" [_thread_blocked, id=49720, stack(0x00000018dc000000,0x00000018dc100000)]
  0x00000137669ac800 JavaThread "Daemon" [_thread_blocked, id=2496, stack(0x00000018dc100000,0x00000018dc200000)]
  0x0000013766ade800 JavaThread "Handler for socket connection from /127.0.0.1:52724 to /127.0.0.1:52725" [_thread_in_native, id=41296, stack(0x00000018dc200000,0x00000018dc300000)]
  0x0000013766c71000 JavaThread "Cancel handler" [_thread_blocked, id=46272, stack(0x00000018dc300000,0x00000018dc400000)]
  0x00000137677a0000 JavaThread "Daemon worker" [_thread_blocked, id=48828, stack(0x00000018dc400000,0x00000018dc500000)]
  0x0000013767792800 JavaThread "Asynchronous log dispatcher for DefaultDaemonConnection: socket connection from /127.0.0.1:52724 to /127.0.0.1:52725" [_thread_blocked, id=35216, stack(0x00000018dc500000,0x00000018dc600000)]
  0x0000013767794800 JavaThread "Stdin handler" [_thread_blocked, id=41352, stack(0x00000018dc600000,0x00000018dc700000)]
  0x0000013767795000 JavaThread "Daemon client event forwarder" [_thread_blocked, id=9556, stack(0x00000018dc700000,0x00000018dc800000)]
  0x0000013767796000 JavaThread "Cache worker for file hash cache (C:\Users\user\.gradle\caches\7.0.2\fileHashes)" [_thread_blocked, id=49704, stack(0x00000018dce00000,0x00000018dcf00000)]
  0x0000013767790000 JavaThread "File lock request listener" [_thread_in_native, id=49952, stack(0x00000018dcf00000,0x00000018dd000000)]
  0x0000013767792000 JavaThread "Cache worker for journal cache (C:\Users\user\.gradle\caches\journal-1)" [_thread_blocked, id=49956, stack(0x00000018dd100000,0x00000018dd200000)]
  0x0000013767796800 JavaThread "Cache worker for file hash cache (D:\Android Studio\SubmissionBMAAP\.gradle\7.0.2\fileHashes)" [_thread_blocked, id=48416, stack(0x00000018dd200000,0x00000018dd300000)]
  0x0000013767791000 JavaThread "File watcher server" daemon [_thread_blocked, id=49180, stack(0x00000018dd300000,0x00000018dd400000)]
  0x0000013767793800 JavaThread "File watcher consumer" daemon [_thread_blocked, id=41244, stack(0x00000018dd400000,0x00000018dd500000)]
  0x0000013767c9d800 JavaThread "Cache worker for checksums cache (D:\Android Studio\SubmissionBMAAP\.gradle\checksums)" [_thread_blocked, id=35600, stack(0x00000018dd500000,0x00000018dd600000)]
  0x0000013767c9f000 JavaThread "Cache worker for cache directory md-supplier (C:\Users\user\.gradle\caches\7.0.2\md-supplier)" [_thread_blocked, id=49160, stack(0x00000018dd600000,0x00000018dd700000)]
  0x0000013767c9e000 JavaThread "Cache worker for cache directory md-rule (C:\Users\user\.gradle\caches\7.0.2\md-rule)" [_thread_blocked, id=34048, stack(0x00000018dd700000,0x00000018dd800000)]
  0x0000013767ca0000 JavaThread "Cache worker for execution history cache (C:\Users\user\.gradle\caches\7.0.2\executionHistory)" [_thread_blocked, id=46672, stack(0x00000018dd800000,0x00000018dd900000)]
  0x0000013767ca0800 JavaThread "jar transforms" [_thread_blocked, id=49444, stack(0x00000018dd900000,0x00000018dda00000)]
  0x0000013767c9b000 JavaThread "jar transforms Thread 2" [_thread_blocked, id=43832, stack(0x00000018dda00000,0x00000018ddb00000)]
  0x0000013767c9c000 JavaThread "Cache worker for file content cache (C:\Users\user\.gradle\caches\7.0.2\fileContent)" [_thread_blocked, id=49324, stack(0x00000018ddb00000,0x00000018ddc00000)]
  0x0000013769caa000 JavaThread "Cache worker for dependencies-accessors (D:\Android Studio\SubmissionBMAAP\.gradle\7.0.2\dependencies-accessors)" [_thread_blocked, id=49448, stack(0x00000018ddc00000,0x00000018ddd00000)]
  0x0000013769caa800 JavaThread "jar transforms Thread 3" [_thread_blocked, id=49456, stack(0x00000018ddd00000,0x00000018dde00000)]
  0x0000013769cac800 JavaThread "Cache worker for Build Output Cleanup Cache (D:\Android Studio\SubmissionBMAAP\.gradle\buildOutputCleanup)" [_thread_blocked, id=49644, stack(0x00000018dde00000,0x00000018ddf00000)]
  0x0000013769cad000 JavaThread "Build operations" [_thread_blocked, id=49664, stack(0x00000018ddf00000,0x00000018de000000)]
  0x0000013769cab800 JavaThread "Build operations Thread 2" [_thread_blocked, id=49672, stack(0x00000018de000000,0x00000018de100000)]
  0x0000013769cae000 JavaThread "Build operations Thread 3" [_thread_blocked, id=49632, stack(0x00000018de100000,0x00000018de200000)]
  0x0000013769cae800 JavaThread "Build operations Thread 4" [_thread_blocked, id=49628, stack(0x00000018de200000,0x00000018de300000)]
  0x0000013769ca9000 JavaThread "Build operations Thread 5" [_thread_blocked, id=49656, stack(0x00000018de300000,0x00000018de400000)]
  0x0000013769cb0800 JavaThread "Build operations Thread 6" [_thread_blocked, id=49676, stack(0x00000018de400000,0x00000018de500000)]
  0x0000013769cb1000 JavaThread "Build operations Thread 7" [_thread_blocked, id=49680, stack(0x00000018de500000,0x00000018de600000)]
  0x0000013769cb3800 JavaThread "Build operations Thread 8" [_thread_blocked, id=49668, stack(0x00000018de600000,0x00000018de700000)]
  0x0000013769cb2000 JavaThread "jar transforms Thread 4" [_thread_blocked, id=49792, stack(0x00000018de700000,0x00000018de800000)]
  0x0000013769cb5800 JavaThread "jar transforms Thread 5" [_thread_blocked, id=49484, stack(0x00000018de800000,0x00000018de900000)]
  0x0000013769cb4800 JavaThread "jar transforms Thread 6" [_thread_blocked, id=49780, stack(0x00000018de900000,0x00000018dea00000)]
  0x0000013769caf800 JavaThread "jar transforms Thread 7" [_thread_blocked, id=49728, stack(0x00000018dea00000,0x00000018deb00000)]
  0x0000013769cb7000 JavaThread "jar transforms Thread 8" [_thread_blocked, id=49756, stack(0x00000018deb00000,0x00000018dec00000)]
  0x0000013769cb6000 JavaThread "Memory manager" [_thread_blocked, id=50124, stack(0x00000018dec00000,0x00000018ded00000)]
  0x000001376da68800 JavaThread "build event listener" [_thread_blocked, id=50152, stack(0x00000018ded00000,0x00000018dee00000)]
  0x000001376da64800 JavaThread "Execution worker for ':'" [_thread_blocked, id=50080, stack(0x00000018dee00000,0x00000018def00000)]
  0x000001376da67800 JavaThread "Execution worker for ':' Thread 2" [_thread_blocked, id=49576, stack(0x00000018def00000,0x00000018df000000)]
  0x000001376da66000 JavaThread "Execution worker for ':' Thread 3" [_thread_blocked, id=49988, stack(0x00000018df000000,0x00000018df100000)]
  0x000001376da69800 JavaThread "Execution worker for ':' Thread 4" [_thread_blocked, id=50108, stack(0x00000018df100000,0x00000018df200000)]
  0x000001376da67000 JavaThread "Execution worker for ':' Thread 5" [_thread_blocked, id=48816, stack(0x00000018df200000,0x00000018df300000)]
  0x000001376da6a000 JavaThread "Execution worker for ':' Thread 6" [_thread_blocked, id=50016, stack(0x00000018df300000,0x00000018df400000)]
  0x000001376da6b000 JavaThread "Execution worker for ':' Thread 7" [_thread_blocked, id=50084, stack(0x00000018df400000,0x00000018df500000)]
  0x000001376da65000 JavaThread "Cache worker for execution history cache (D:\Android Studio\SubmissionBMAAP\.gradle\7.0.2\executionHistory)" [_thread_blocked, id=49980, stack(0x00000018df500000,0x00000018df600000)]
  0x000001376da6d800 JavaThread "WorkerExecutor Queue" [_thread_blocked, id=50168, stack(0x00000018df600000,0x00000018df700000)]
  0x000001376da70800 JavaThread "WorkerExecutor Queue Thread 2" [_thread_blocked, id=41616, stack(0x00000018df700000,0x00000018df800000)]
  0x000001376da6e000 JavaThread "WorkerExecutor Queue Thread 3" [_thread_blocked, id=49024, stack(0x00000018df800000,0x00000018df900000)]
  0x000001376da70000 JavaThread "WorkerExecutor Queue Thread 4" [_thread_blocked, id=49164, stack(0x00000018df900000,0x00000018dfa00000)]
  0x000001376da6c800 JavaThread "pool-3-thread-1" [_thread_blocked, id=48540, stack(0x00000018dfa00000,0x00000018dfb00000)]
  0x000001376da6f000 JavaThread "stderr" [_thread_in_native, id=49212, stack(0x00000018dfb00000,0x00000018dfc00000)]
  0x000001376da71800 JavaThread "stdout" [_thread_in_native, id=49900, stack(0x00000018dfc00000,0x00000018dfd00000)]
  0x000001376da6b800 JavaThread "ForkJoinPool-1-worker-3" daemon [_thread_blocked, id=49892, stack(0x00000018dfd00000,0x00000018dfe00000)]
  0x000001376da72800 JavaThread "ForkJoinPool-1-worker-5" daemon [_thread_blocked, id=49300, stack(0x00000018dfe00000,0x00000018dff00000)]
  0x000001376da73000 JavaThread "ForkJoinPool-1-worker-7" daemon [_thread_blocked, id=38460, stack(0x00000018dff00000,0x00000018e0000000)]
  0x000001376c252800 JavaThread "ForkJoinPool-1-worker-9" daemon [_thread_blocked, id=18068, stack(0x00000018e0000000,0x00000018e0100000)]
  0x000001376c255800 JavaThread "ForkJoinPool-1-worker-11" daemon [_thread_blocked, id=49416, stack(0x00000018e0100000,0x00000018e0200000)]
  0x000001376c255000 JavaThread "ForkJoinPool-1-worker-13" daemon [_thread_blocked, id=42388, stack(0x00000018e0200000,0x00000018e0300000)]
  0x000001376c250000 JavaThread "ForkJoinPool-1-worker-15" daemon [_thread_blocked, id=48640, stack(0x00000018e0300000,0x00000018e0400000)]
  0x000001376c253000 JavaThread "ForkJoinPool-1-worker-1" daemon [_thread_blocked, id=48616, stack(0x00000018e0400000,0x00000018e0500000)]

Other Threads:
=>0x0000013764ae7800 VMThread "VM Thread" [stack: 0x00000018db200000,0x00000018db300000] [id=37904]
  0x00000137655ee800 WatcherThread [stack: 0x00000018dbc00000,0x00000018dbd00000] [id=50052]
  0x0000013749ee5800 GCTaskThread "GC Thread#0" [stack: 0x00000018dad00000,0x00000018dae00000] [id=49272]
  0x0000013765b80800 GCTaskThread "GC Thread#1" [stack: 0x00000018dbd00000,0x00000018dbe00000] [id=42532]
  0x0000013767535000 GCTaskThread "GC Thread#2" [stack: 0x00000018dc800000,0x00000018dc900000] [id=49688]
  0x000001376745f800 GCTaskThread "GC Thread#3" [stack: 0x00000018dc900000,0x00000018dca00000] [id=49936]
  0x0000013766ca3000 GCTaskThread "GC Thread#4" [stack: 0x00000018dca00000,0x00000018dcb00000] [id=49924]
  0x0000013766ca3800 GCTaskThread "GC Thread#5" [stack: 0x00000018dcb00000,0x00000018dcc00000] [id=49912]
  0x000001376645c000 GCTaskThread "GC Thread#6" [stack: 0x00000018dcc00000,0x00000018dcd00000] [id=49188]
  0x000001376645c800 GCTaskThread "GC Thread#7" [stack: 0x00000018dcd00000,0x00000018dce00000] [id=49376]
  0x0000013749f16800 ConcurrentGCThread "G1 Main Marker" [stack: 0x00000018dae00000,0x00000018daf00000] [id=49264]
  0x0000013749f19000 ConcurrentGCThread "G1 Conc#0" [stack: 0x00000018daf00000,0x00000018db000000] [id=49864]
  0x000001376752d000 ConcurrentGCThread "G1 Conc#1" [stack: 0x00000018dd000000,0x00000018dd100000] [id=49872]
  0x0000013749f74000 ConcurrentGCThread "G1 Refine#0" [stack: 0x00000018db000000,0x00000018db100000] [id=50020]
  0x0000013749f75000 ConcurrentGCThread "G1 Young RemSet Sampling" [stack: 0x00000018db100000,0x00000018db200000] [id=49752]

Threads with active compile tasks:
C2 CompilerThread0  21707 10711       4       com.android.tools.r8.dex.j::a (1038 bytes)

VM state:at safepoint (normal execution)

VM Mutex/Monitor currently owned by a thread:  ([mutex/lock_event])
[0x0000013749ec9300] Threads_lock - owner thread: 0x0000013764ae7800
[0x0000013749ec7d10] Heap_lock - owner thread: 0x000001376da70000

Heap address: 0x0000000080000000, size: 2048 MB, Compressed Oops mode: 32-bit
Narrow klass base: 0x0000000000000000, Narrow klass shift: 3
Compressed class space size: 1073741824 Address: 0x0000000100000000

Heap:
 garbage-first heap   total 360448K, used 177422K [0x0000000080000000, 0x0000000100000000)
  region size 1024K, 4 young (4096K), 4 survivors (4096K)
 Metaspace       used 95815K, capacity 98322K, committed 98688K, reserved 1134592K
  class space    used 12607K, capacity 13529K, committed 13696K, reserved 1048576K
Heap Regions: E=young(eden), S=young(survivor), O=old, HS=humongous(starts), HC=humongous(continues), CS=collection set, F=free, A=archive, TAMS=top-at-mark-start (previous, next)
|   0|0x0000000080000000, 0x0000000080100000, 0x0000000080100000|100%| O|  |TAMS 0x0000000080100000, 0x0000000080000000| Complete 
|   1|0x0000000080100000, 0x0000000080200000, 0x0000000080200000|100%| O|  |TAMS 0x0000000080200000, 0x0000000080100000| Complete 
|   2|0x0000000080200000, 0x0000000080300000, 0x0000000080300000|100%| O|  |TAMS 0x0000000080300000, 0x0000000080200000| Untracked 
|   3|0x0000000080300000, 0x0000000080400000, 0x0000000080400000|100%|HS|  |TAMS 0x0000000080400000, 0x0000000080300000| Complete 
|   4|0x0000000080400000, 0x0000000080500000, 0x0000000080500000|100%|HC|  |TAMS 0x0000000080500000, 0x0000000080400000| Complete 
|   5|0x0000000080500000, 0x0000000080600000, 0x0000000080600000|100%|HC|  |TAMS 0x0000000080600000, 0x0000000080500000| Complete 
|   6|0x0000000080600000, 0x0000000080700000, 0x0000000080700000|100%| O|  |TAMS 0x0000000080700000, 0x0000000080600000| Untracked 
|   7|0x0000000080700000, 0x0000000080800000, 0x0000000080800000|100%| O|  |TAMS 0x0000000080800000, 0x0000000080700000| Untracked 
|   8|0x0000000080800000, 0x0000000080900000, 0x0000000080900000|100%| O|  |TAMS 0x0000000080900000, 0x0000000080800000| Untracked 
|   9|0x0000000080900000, 0x0000000080a00000, 0x0000000080a00000|100%| O|  |TAMS 0x0000000080a00000, 0x0000000080900000| Untracked 
|  10|0x0000000080a00000, 0x0000000080b00000, 0x0000000080b00000|100%| O|  |TAMS 0x0000000080b00000, 0x0000000080a00000| Complete 
|  11|0x0000000080b00000, 0x0000000080c00000, 0x0000000080c00000|100%| O|  |TAMS 0x0000000080c00000, 0x0000000080b00000| Complete 
|  12|0x0000000080c00000, 0x0000000080d00000, 0x0000000080d00000|100%| O|  |TAMS 0x0000000080d00000, 0x0000000080c00000| Untracked 
|  13|0x0000000080d00000, 0x0000000080e00000, 0x0000000080e00000|100%| O|  |TAMS 0x0000000080e00000, 0x0000000080d00000| Untracked 
|  14|0x0000000080e00000, 0x0000000080f00000, 0x0000000080f00000|100%| O|  |TAMS 0x0000000080f00000, 0x0000000080e00000| Untracked 
|  15|0x0000000080f00000, 0x0000000081000000, 0x0000000081000000|100%| O|  |TAMS 0x0000000081000000, 0x0000000080f00000| Untracked 
|  16|0x0000000081000000, 0x0000000081100000, 0x0000000081100000|100%| O|  |TAMS 0x0000000081100000, 0x0000000081000000| Untracked 
|  17|0x0000000081100000, 0x0000000081200000, 0x0000000081200000|100%| O|  |TAMS 0x0000000081200000, 0x0000000081100000| Untracked 
|  18|0x0000000081200000, 0x0000000081300000, 0x0000000081300000|100%| O|  |TAMS 0x0000000081300000, 0x0000000081200000| Untracked 
|  19|0x0000000081300000, 0x0000000081400000, 0x0000000081400000|100%| O|  |TAMS 0x0000000081400000, 0x0000000081300000| Untracked 
|  20|0x0000000081400000, 0x0000000081500000, 0x0000000081500000|100%| O|  |TAMS 0x0000000081500000, 0x0000000081400000| Untracked 
|  21|0x0000000081500000, 0x0000000081600000, 0x0000000081600000|100%| O|  |TAMS 0x0000000081600000, 0x0000000081500000| Untracked 
|  22|0x0000000081600000, 0x0000000081700000, 0x0000000081700000|100%| O|  |TAMS 0x0000000081700000, 0x0000000081600000| Untracked 
|  23|0x0000000081700000, 0x0000000081800000, 0x0000000081800000|100%| O|  |TAMS 0x0000000081800000, 0x0000000081700000| Untracked 
|  24|0x0000000081800000, 0x0000000081900000, 0x0000000081900000|100%| O|  |TAMS 0x0000000081900000, 0x0000000081800000| Untracked 
|  25|0x0000000081900000, 0x0000000081a00000, 0x0000000081a00000|100%| O|  |TAMS 0x0000000081a00000, 0x0000000081900000| Untracked 
|  26|0x0000000081a00000, 0x0000000081b00000, 0x0000000081b00000|100%| O|  |TAMS 0x0000000081b00000, 0x0000000081a00000| Untracked 
|  27|0x0000000081b00000, 0x0000000081c00000, 0x0000000081c00000|100%|HS|  |TAMS 0x0000000081c00000, 0x0000000081b00000| Complete 
|  28|0x0000000081c00000, 0x0000000081d00000, 0x0000000081d00000|100%|HS|  |TAMS 0x0000000081d00000, 0x0000000081c00000| Complete 
|  29|0x0000000081d00000, 0x0000000081e00000, 0x0000000081e00000|100%|HS|  |TAMS 0x0000000081e00000, 0x0000000081d00000| Complete 
|  30|0x0000000081e00000, 0x0000000081f00000, 0x0000000081f00000|100%|HS|  |TAMS 0x0000000081f00000, 0x0000000081e00000| Complete 
|  31|0x0000000081f00000, 0x0000000082000000, 0x0000000082000000|100%|HC|  |TAMS 0x0000000082000000, 0x0000000081f00000| Complete 
|  32|0x0000000082000000, 0x0000000082100000, 0x0000000082100000|100%|HC|  |TAMS 0x0000000082100000, 0x0000000082000000| Complete 
|  33|0x0000000082100000, 0x0000000082200000, 0x0000000082200000|100%|HS|  |TAMS 0x0000000082200000, 0x0000000082100000| Complete 
|  34|0x0000000082200000, 0x0000000082300000, 0x0000000082300000|100%|HC|  |TAMS 0x0000000082300000, 0x0000000082200000| Complete 
|  35|0x0000000082300000, 0x0000000082400000, 0x0000000082400000|100%| O|  |TAMS 0x0000000082400000, 0x0000000082300000| Untracked 
|  36|0x0000000082400000, 0x0000000082500000, 0x0000000082500000|100%| O|  |TAMS 0x0000000082500000, 0x0000000082400000| Untracked 
|  37|0x0000000082500000, 0x0000000082600000, 0x0000000082600000|100%| O|  |TAMS 0x0000000082600000, 0x0000000082500000| Untracked 
|  38|0x0000000082600000, 0x0000000082700000, 0x0000000082700000|100%| O|  |TAMS 0x0000000082700000, 0x0000000082600000| Untracked 
|  39|0x0000000082700000, 0x0000000082800000, 0x0000000082800000|100%| O|  |TAMS 0x0000000082800000, 0x0000000082700000| Untracked 
|  40|0x0000000082800000, 0x0000000082900000, 0x0000000082900000|100%| O|  |TAMS 0x0000000082900000, 0x0000000082800000| Untracked 
|  41|0x0000000082900000, 0x0000000082a00000, 0x0000000082a00000|100%| O|  |TAMS 0x0000000082a00000, 0x0000000082900000| Untracked 
|  42|0x0000000082a00000, 0x0000000082b00000, 0x0000000082b00000|100%| O|  |TAMS 0x0000000082b00000, 0x0000000082a00000| Untracked 
|  43|0x0000000082b00000, 0x0000000082c00000, 0x0000000082c00000|100%| O|  |TAMS 0x0000000082c00000, 0x0000000082b00000| Untracked 
|  44|0x0000000082c00000, 0x0000000082d00000, 0x0000000082d00000|100%| O|  |TAMS 0x0000000082d00000, 0x0000000082c00000| Untracked 
|  45|0x0000000082d00000, 0x0000000082e00000, 0x0000000082e00000|100%| O|  |TAMS 0x0000000082e00000, 0x0000000082d00000| Untracked 
|  46|0x0000000082e00000, 0x0000000082f00000, 0x0000000082f00000|100%| O|  |TAMS 0x0000000082f00000, 0x0000000082e00000| Untracked 
|  47|0x0000000082f00000, 0x0000000083000000, 0x0000000083000000|100%| O|  |TAMS 0x0000000083000000, 0x0000000082f00000| Untracked 
|  48|0x0000000083000000, 0x0000000083100000, 0x0000000083100000|100%| O|  |TAMS 0x0000000083100000, 0x0000000083000000| Untracked 
|  49|0x0000000083100000, 0x0000000083200000, 0x0000000083200000|100%| O|  |TAMS 0x0000000083200000, 0x0000000083100000| Untracked 
|  50|0x0000000083200000, 0x0000000083300000, 0x0000000083300000|100%| O|  |TAMS 0x0000000083300000, 0x0000000083200000| Untracked 
|  51|0x0000000083300000, 0x0000000083400000, 0x0000000083400000|100%| O|  |TAMS 0x0000000083400000, 0x0000000083300000| Untracked 
|  52|0x0000000083400000, 0x0000000083500000, 0x0000000083500000|100%| O|  |TAMS 0x0000000083500000, 0x0000000083400000| Complete 
|  53|0x0000000083500000, 0x0000000083600000, 0x0000000083600000|100%| O|  |TAMS 0x0000000083600000, 0x0000000083500000| Complete 
|  54|0x0000000083600000, 0x0000000083700000, 0x0000000083700000|100%| O|  |TAMS 0x0000000083700000, 0x0000000083600000| Untracked 
|  55|0x0000000083700000, 0x0000000083800000, 0x0000000083800000|100%| O|  |TAMS 0x0000000083800000, 0x0000000083700000| Untracked 
|  56|0x0000000083800000, 0x0000000083900000, 0x0000000083900000|100%| O|  |TAMS 0x0000000083900000, 0x0000000083800000| Untracked 
|  57|0x0000000083900000, 0x0000000083a00000, 0x0000000083a00000|100%| O|  |TAMS 0x0000000083a00000, 0x0000000083900000| Untracked 
|  58|0x0000000083a00000, 0x0000000083b00000, 0x0000000083b00000|100%| O|  |TAMS 0x0000000083b00000, 0x0000000083a00000| Untracked 
|  59|0x0000000083b00000, 0x0000000083c00000, 0x0000000083c00000|100%| O|  |TAMS 0x0000000083c00000, 0x0000000083b00000| Untracked 
|  60|0x0000000083c00000, 0x0000000083d00000, 0x0000000083d00000|100%| O|  |TAMS 0x0000000083d00000, 0x0000000083c00000| Untracked 
|  61|0x0000000083d00000, 0x0000000083e00000, 0x0000000083e00000|100%| O|  |TAMS 0x0000000083e00000, 0x0000000083d00000| Untracked 
|  62|0x0000000083e00000, 0x0000000083f00000, 0x0000000083f00000|100%| O|  |TAMS 0x0000000083f00000, 0x0000000083e00000| Untracked 
|  63|0x0000000083f00000, 0x0000000084000000, 0x0000000084000000|100%| O|  |TAMS 0x0000000084000000, 0x0000000083f00000| Untracked 
|  64|0x0000000084000000, 0x0000000084100000, 0x0000000084100000|100%| O|  |TAMS 0x0000000084100000, 0x0000000084000000| Untracked 
|  65|0x0000000084100000, 0x0000000084200000, 0x0000000084200000|100%| O|  |TAMS 0x0000000084200000, 0x0000000084100000| Complete 
|  66|0x0000000084200000, 0x0000000084300000, 0x0000000084300000|100%| O|  |TAMS 0x0000000084300000, 0x0000000084200000| Untracked 
|  67|0x0000000084300000, 0x0000000084400000, 0x0000000084400000|100%| O|  |TAMS 0x0000000084400000, 0x0000000084300000| Untracked 
|  68|0x0000000084400000, 0x0000000084500000, 0x0000000084500000|100%| O|  |TAMS 0x0000000084500000, 0x0000000084400000| Untracked 
|  69|0x0000000084500000, 0x0000000084600000, 0x0000000084600000|100%| O|  |TAMS 0x0000000084600000, 0x0000000084500000| Untracked 
|  70|0x0000000084600000, 0x0000000084700000, 0x0000000084700000|100%| O|  |TAMS 0x0000000084700000, 0x0000000084600000| Untracked 
|  71|0x0000000084700000, 0x0000000084800000, 0x0000000084800000|100%| O|  |TAMS 0x0000000084800000, 0x0000000084700000| Untracked 
|  72|0x0000000084800000, 0x0000000084900000, 0x0000000084900000|100%| O|  |TAMS 0x0000000084900000, 0x0000000084800000| Untracked 
|  73|0x0000000084900000, 0x0000000084a00000, 0x0000000084a00000|100%| O|  |TAMS 0x0000000084a00000, 0x0000000084900000| Untracked 
|  74|0x0000000084a00000, 0x0000000084b00000, 0x0000000084b00000|100%| O|  |TAMS 0x0000000084b00000, 0x0000000084a00000| Untracked 
|  75|0x0000000084b00000, 0x0000000084c00000, 0x0000000084c00000|100%| O|  |TAMS 0x0000000084c00000, 0x0000000084b00000| Complete 
|  76|0x0000000084c00000, 0x0000000084d00000, 0x0000000084d00000|100%|HS|  |TAMS 0x0000000084d00000, 0x0000000084c00000| Complete 
|  77|0x0000000084d00000, 0x0000000084e00000, 0x0000000084e00000|100%|HC|  |TAMS 0x0000000084e00000, 0x0000000084d00000| Complete 
|  78|0x0000000084e00000, 0x0000000084f00000, 0x0000000084f00000|100%|HS|  |TAMS 0x0000000084f00000, 0x0000000084e00000| Complete 
|  79|0x0000000084f00000, 0x0000000085000000, 0x0000000085000000|100%|HS|  |TAMS 0x0000000085000000, 0x0000000084f00000| Complete 
|  80|0x0000000085000000, 0x0000000085100000, 0x0000000085100000|100%|HS|  |TAMS 0x0000000085100000, 0x0000000085000000| Complete 
|  81|0x0000000085100000, 0x0000000085200000, 0x0000000085200000|100%|HS|  |TAMS 0x0000000085200000, 0x0000000085100000| Complete 
|  82|0x0000000085200000, 0x0000000085300000, 0x0000000085300000|100%|HC|  |TAMS 0x0000000085300000, 0x0000000085200000| Complete 
|  83|0x0000000085300000, 0x0000000085400000, 0x0000000085400000|100%|HC|  |TAMS 0x0000000085400000, 0x0000000085300000| Complete 
|  84|0x0000000085400000, 0x0000000085500000, 0x0000000085500000|100%|HS|  |TAMS 0x0000000085500000, 0x0000000085400000| Complete 
|  85|0x0000000085500000, 0x0000000085600000, 0x0000000085600000|100%|HC|  |TAMS 0x0000000085600000, 0x0000000085500000| Complete 
|  86|0x0000000085600000, 0x0000000085700000, 0x0000000085700000|100%| O|  |TAMS 0x0000000085700000, 0x0000000085600000| Untracked 
|  87|0x0000000085700000, 0x0000000085800000, 0x0000000085800000|100%| O|  |TAMS 0x0000000085800000, 0x0000000085700000| Complete 
|  88|0x0000000085800000, 0x0000000085900000, 0x0000000085900000|100%|HS|  |TAMS 0x0000000085900000, 0x0000000085800000| Complete 
|  89|0x0000000085900000, 0x0000000085a00000, 0x0000000085a00000|100%|HS|  |TAMS 0x0000000085a00000, 0x0000000085900000| Complete 
|  90|0x0000000085a00000, 0x0000000085b00000, 0x0000000085b00000|100%|HS|  |TAMS 0x0000000085a00000, 0x0000000085a00000| Complete 
|  91|0x0000000085b00000, 0x0000000085c00000, 0x0000000085c00000|100%| O|  |TAMS 0x0000000085b00000, 0x0000000085b00000| Untracked 
|  92|0x0000000085c00000, 0x0000000085d00000, 0x0000000085d00000|100%| O|  |TAMS 0x0000000085d00000, 0x0000000085c00000| Untracked 
|  93|0x0000000085d00000, 0x0000000085e00000, 0x0000000085e00000|100%| O|  |TAMS 0x0000000085d00000, 0x0000000085d00000| Untracked 
|  94|0x0000000085e00000, 0x0000000085f00000, 0x0000000085f00000|100%| O|  |TAMS 0x0000000085f00000, 0x0000000085e00000| Untracked 
|  95|0x0000000085f00000, 0x0000000086000000, 0x0000000086000000|100%| O|  |TAMS 0x0000000085f00000, 0x0000000085f00000| Untracked 
|  96|0x0000000086000000, 0x0000000086100000, 0x0000000086100000|100%| O|  |TAMS 0x0000000086100000, 0x0000000086000000| Untracked 
|  97|0x0000000086100000, 0x00000000861e3a00, 0x0000000086200000| 88%| O|  |TAMS 0x0000000086100000, 0x0000000086100000| Untracked 
|  98|0x0000000086200000, 0x0000000086300000, 0x0000000086300000|100%| O|  |TAMS 0x0000000086300000, 0x0000000086200000| Untracked 
|  99|0x0000000086300000, 0x0000000086400000, 0x0000000086400000|100%| O|  |TAMS 0x0000000086400000, 0x0000000086300000| Untracked 
| 100|0x0000000086400000, 0x0000000086500000, 0x0000000086500000|100%| O|  |TAMS 0x0000000086500000, 0x0000000086400000| Untracked 
| 101|0x0000000086500000, 0x0000000086500000, 0x0000000086600000|  0%| F|  |TAMS 0x0000000086500000, 0x0000000086500000| Untracked 
| 102|0x0000000086600000, 0x0000000086600000, 0x0000000086700000|  0%| F|  |TAMS 0x0000000086600000, 0x0000000086600000| Untracked 
| 103|0x0000000086700000, 0x0000000086700000, 0x0000000086800000|  0%| F|  |TAMS 0x0000000086700000, 0x0000000086700000| Untracked 
| 104|0x0000000086800000, 0x0000000086900000, 0x0000000086900000|100%| O|  |TAMS 0x0000000086900000, 0x0000000086800000| Untracked 
| 105|0x0000000086900000, 0x0000000086a00000, 0x0000000086a00000|100%| O|  |TAMS 0x0000000086a00000, 0x0000000086900000| Untracked 
| 106|0x0000000086a00000, 0x0000000086a00000, 0x0000000086b00000|  0%| F|  |TAMS 0x0000000086a00000, 0x0000000086a00000| Untracked 
| 107|0x0000000086b00000, 0x0000000086b00000, 0x0000000086c00000|  0%| F|  |TAMS 0x0000000086b00000, 0x0000000086b00000| Untracked 
| 108|0x0000000086c00000, 0x0000000086d00000, 0x0000000086d00000|100%| O|  |TAMS 0x0000000086d00000, 0x0000000086c00000| Untracked 
| 109|0x0000000086d00000, 0x0000000086e00000, 0x0000000086e00000|100%| O|  |TAMS 0x0000000086e00000, 0x0000000086d00000| Untracked 
| 110|0x0000000086e00000, 0x0000000086f00000, 0x0000000086f00000|100%| O|  |TAMS 0x0000000086f00000, 0x0000000086e00000| Untracked 
| 111|0x0000000086f00000, 0x0000000087000000, 0x0000000087000000|100%| O|  |TAMS 0x0000000087000000, 0x0000000086f00000| Complete 
| 112|0x0000000087000000, 0x0000000087100000, 0x0000000087100000|100%| O|  |TAMS 0x0000000087100000, 0x0000000087000000| Complete 
| 113|0x0000000087100000, 0x0000000087200000, 0x0000000087200000|100%| O|  |TAMS 0x0000000087200000, 0x0000000087100000| Complete 
| 114|0x0000000087200000, 0x0000000087300000, 0x0000000087300000|100%| O|  |TAMS 0x0000000087300000, 0x0000000087200000| Untracked 
| 115|0x0000000087300000, 0x0000000087400000, 0x0000000087400000|100%| O|  |TAMS 0x0000000087400000, 0x0000000087300000| Complete 
| 116|0x0000000087400000, 0x0000000087500000, 0x0000000087500000|100%| O|  |TAMS 0x0000000087500000, 0x0000000087400000| Complete 
| 117|0x0000000087500000, 0x0000000087600000, 0x0000000087600000|100%| O|  |TAMS 0x0000000087600000, 0x0000000087500000| Complete 
| 118|0x0000000087600000, 0x0000000087700000, 0x0000000087700000|100%| O|  |TAMS 0x0000000087700000, 0x0000000087600000| Untracked 
| 119|0x0000000087700000, 0x0000000087800000, 0x0000000087800000|100%| O|  |TAMS 0x0000000087800000, 0x0000000087700000| Untracked 
| 120|0x0000000087800000, 0x0000000087900000, 0x0000000087900000|100%| O|  |TAMS 0x0000000087900000, 0x0000000087800000| Complete 
| 121|0x0000000087900000, 0x0000000087a00000, 0x0000000087a00000|100%| O|  |TAMS 0x0000000087a00000, 0x0000000087900000| Complete 
| 122|0x0000000087a00000, 0x0000000087b00000, 0x0000000087b00000|100%| O|  |TAMS 0x0000000087b00000, 0x0000000087a00000| Untracked 
| 123|0x0000000087b00000, 0x0000000087c00000, 0x0000000087c00000|100%| O|  |TAMS 0x0000000087c00000, 0x0000000087b00000| Complete 
| 124|0x0000000087c00000, 0x0000000087d00000, 0x0000000087d00000|100%| O|  |TAMS 0x0000000087d00000, 0x0000000087c00000| Complete 
| 125|0x0000000087d00000, 0x0000000087e00000, 0x0000000087e00000|100%| O|  |TAMS 0x0000000087e00000, 0x0000000087d00000| Complete 
| 126|0x0000000087e00000, 0x0000000087f00000, 0x0000000087f00000|100%| O|  |TAMS 0x0000000087f00000, 0x0000000087e00000| Untracked 
| 127|0x0000000087f00000, 0x0000000088000000, 0x0000000088000000|100%| O|  |TAMS 0x0000000088000000, 0x0000000087f00000| Untracked 
| 128|0x0000000088000000, 0x0000000088100000, 0x0000000088100000|100%| O|  |TAMS 0x0000000088100000, 0x0000000088000000| Untracked 
| 129|0x0000000088100000, 0x0000000088200000, 0x0000000088200000|100%| O|  |TAMS 0x0000000088200000, 0x0000000088100000| Complete 
| 130|0x0000000088200000, 0x0000000088300000, 0x0000000088300000|100%| O|  |TAMS 0x0000000088300000, 0x0000000088200000| Complete 
| 131|0x0000000088300000, 0x0000000088400000, 0x0000000088400000|100%| O|  |TAMS 0x0000000088400000, 0x0000000088300000| Complete 
| 132|0x0000000088400000, 0x0000000088500000, 0x0000000088500000|100%| O|  |TAMS 0x0000000088500000, 0x0000000088400000| Complete 
| 133|0x0000000088500000, 0x0000000088600000, 0x0000000088600000|100%| O|  |TAMS 0x0000000088600000, 0x0000000088500000| Untracked 
| 134|0x0000000088600000, 0x0000000088700000, 0x0000000088700000|100%| O|  |TAMS 0x0000000088700000, 0x0000000088600000| Complete 
| 135|0x0000000088700000, 0x0000000088800000, 0x0000000088800000|100%| O|  |TAMS 0x0000000088800000, 0x0000000088700000| Complete 
| 136|0x0000000088800000, 0x0000000088900000, 0x0000000088900000|100%| O|  |TAMS 0x0000000088900000, 0x0000000088800000| Complete 
| 137|0x0000000088900000, 0x0000000088a00000, 0x0000000088a00000|100%| O|  |TAMS 0x0000000088a00000, 0x0000000088900000| Complete 
| 138|0x0000000088a00000, 0x0000000088b00000, 0x0000000088b00000|100%| O|  |TAMS 0x0000000088b00000, 0x0000000088a00000| Complete 
| 139|0x0000000088b00000, 0x0000000088c00000, 0x0000000088c00000|100%| O|  |TAMS 0x0000000088c00000, 0x0000000088b00000| Complete 
| 140|0x0000000088c00000, 0x0000000088d00000, 0x0000000088d00000|100%| O|  |TAMS 0x0000000088d00000, 0x0000000088c00000| Complete 
| 141|0x0000000088d00000, 0x0000000088e00000, 0x0000000088e00000|100%| O|  |TAMS 0x0000000088e00000, 0x0000000088d00000| Complete 
| 142|0x0000000088e00000, 0x0000000088f00000, 0x0000000088f00000|100%| O|  |TAMS 0x0000000088f00000, 0x0000000088e00000| Complete 
| 143|0x0000000088f00000, 0x0000000089000000, 0x0000000089000000|100%| O|  |TAMS 0x0000000089000000, 0x0000000088f00000| Untracked 
| 144|0x0000000089000000, 0x0000000089100000, 0x0000000089100000|100%| O|  |TAMS 0x0000000089100000, 0x0000000089000000| Untracked 
| 145|0x0000000089100000, 0x0000000089200000, 0x0000000089200000|100%| O|  |TAMS 0x0000000089200000, 0x0000000089100000| Complete 
| 146|0x0000000089200000, 0x0000000089300000, 0x0000000089300000|100%| O|  |TAMS 0x0000000089300000, 0x0000000089200000| Untracked 
| 147|0x0000000089300000, 0x0000000089400000, 0x0000000089400000|100%| O|  |TAMS 0x0000000089400000, 0x0000000089300000| Untracked 
| 148|0x0000000089400000, 0x0000000089500000, 0x0000000089500000|100%| O|  |TAMS 0x0000000089500000, 0x0000000089400000| Complete 
| 149|0x0000000089500000, 0x0000000089600000, 0x0000000089600000|100%| O|  |TAMS 0x0000000089600000, 0x0000000089500000| Complete 
| 150|0x0000000089600000, 0x0000000089700000, 0x0000000089700000|100%| O|  |TAMS 0x0000000089700000, 0x0000000089600000| Untracked 
| 151|0x0000000089700000, 0x0000000089800000, 0x0000000089800000|100%| O|  |TAMS 0x0000000089800000, 0x0000000089700000| Untracked 
| 152|0x0000000089800000, 0x0000000089900000, 0x0000000089900000|100%| O|  |TAMS 0x0000000089900000, 0x0000000089800000| Untracked 
| 153|0x0000000089900000, 0x0000000089a00000, 0x0000000089a00000|100%| O|  |TAMS 0x0000000089a00000, 0x0000000089900000| Complete 
| 154|0x0000000089a00000, 0x0000000089b00000, 0x0000000089b00000|100%| O|  |TAMS 0x0000000089b00000, 0x0000000089a00000| Complete 
| 155|0x0000000089b00000, 0x0000000089c00000, 0x0000000089c00000|100%| O|  |TAMS 0x0000000089c00000, 0x0000000089b00000| Complete 
| 156|0x0000000089c00000, 0x0000000089d00000, 0x0000000089d00000|100%| O|  |TAMS 0x0000000089d00000, 0x0000000089c00000| Complete 
| 157|0x0000000089d00000, 0x0000000089e00000, 0x0000000089e00000|100%| O|  |TAMS 0x0000000089e00000, 0x0000000089d00000| Untracked 
| 158|0x0000000089e00000, 0x0000000089f00000, 0x0000000089f00000|100%| O|  |TAMS 0x0000000089f00000, 0x0000000089e00000| Untracked 
| 159|0x0000000089f00000, 0x000000008a000000, 0x000000008a000000|100%| O|  |TAMS 0x000000008a000000, 0x0000000089f00000| Untracked 
| 160|0x000000008a000000, 0x000000008a100000, 0x000000008a100000|100%| O|  |TAMS 0x000000008a100000, 0x000000008a000000| Untracked 
| 161|0x000000008a100000, 0x000000008a200000, 0x000000008a200000|100%| O|  |TAMS 0x000000008a200000, 0x000000008a100000| Untracked 
| 162|0x000000008a200000, 0x000000008a300000, 0x000000008a300000|100%| O|  |TAMS 0x000000008a300000, 0x000000008a200000| Untracked 
| 163|0x000000008a300000, 0x000000008a400000, 0x000000008a400000|100%| O|  |TAMS 0x000000008a400000, 0x000000008a300000| Complete 
| 164|0x000000008a400000, 0x000000008a500000, 0x000000008a500000|100%| O|  |TAMS 0x000000008a500000, 0x000000008a400000| Complete 
| 165|0x000000008a500000, 0x000000008a600000, 0x000000008a600000|100%| O|  |TAMS 0x000000008a600000, 0x000000008a500000| Complete 
| 166|0x000000008a600000, 0x000000008a700000, 0x000000008a700000|100%| O|  |TAMS 0x000000008a700000, 0x000000008a600000| Complete 
| 167|0x000000008a700000, 0x000000008a800000, 0x000000008a800000|100%| O|  |TAMS 0x000000008a800000, 0x000000008a700000| Untracked 
| 168|0x000000008a800000, 0x000000008a900000, 0x000000008a900000|100%| O|  |TAMS 0x000000008a900000, 0x000000008a800000| Untracked 
| 169|0x000000008a900000, 0x000000008aa00000, 0x000000008aa00000|100%| O|  |TAMS 0x000000008aa00000, 0x000000008a900000| Untracked 
| 170|0x000000008aa00000, 0x000000008ab00000, 0x000000008ab00000|100%| O|  |TAMS 0x000000008ab00000, 0x000000008aa00000| Complete 
| 171|0x000000008ab00000, 0x000000008ac00000, 0x000000008ac00000|100%| O|  |TAMS 0x000000008ac00000, 0x000000008ab00000| Complete 
| 172|0x000000008ac00000, 0x000000008ad00000, 0x000000008ad00000|100%| O|  |TAMS 0x000000008ad00000, 0x000000008ac00000| Complete 
| 173|0x000000008ad00000, 0x000000008ae00000, 0x000000008ae00000|100%| O|  |TAMS 0x000000008adca000, 0x000000008ad00000| Untracked 
| 174|0x000000008ae00000, 0x000000008af00000, 0x000000008af00000|100%|HS|  |TAMS 0x000000008ae00000, 0x000000008ae00000| Complete 
| 175|0x000000008af00000, 0x000000008af00000, 0x000000008b000000|  0%| F|  |TAMS 0x000000008af00000, 0x000000008af00000| Untracked 
| 176|0x000000008b000000, 0x000000008b000000, 0x000000008b100000|  0%| F|  |TAMS 0x000000008b000000, 0x000000008b000000| Untracked 
| 177|0x000000008b100000, 0x000000008b100000, 0x000000008b200000|  0%| F|  |TAMS 0x000000008b100000, 0x000000008b100000| Untracked 
| 178|0x000000008b200000, 0x000000008b200000, 0x000000008b300000|  0%| F|  |TAMS 0x000000008b200000, 0x000000008b200000| Untracked 
| 179|0x000000008b300000, 0x000000008b300000, 0x000000008b400000|  0%| F|  |TAMS 0x000000008b300000, 0x000000008b300000| Untracked 
| 180|0x000000008b400000, 0x000000008b400000, 0x000000008b500000|  0%| F|  |TAMS 0x000000008b400000, 0x000000008b400000| Untracked 
| 181|0x000000008b500000, 0x000000008b500000, 0x000000008b600000|  0%| F|  |TAMS 0x000000008b500000, 0x000000008b500000| Untracked 
| 182|0x000000008b600000, 0x000000008b600000, 0x000000008b700000|  0%| F|  |TAMS 0x000000008b600000, 0x000000008b600000| Untracked 
| 183|0x000000008b700000, 0x000000008b700000, 0x000000008b800000|  0%| F|  |TAMS 0x000000008b700000, 0x000000008b700000| Untracked 
| 184|0x000000008b800000, 0x000000008b800000, 0x000000008b900000|  0%| F|  |TAMS 0x000000008b800000, 0x000000008b800000| Untracked 
| 185|0x000000008b900000, 0x000000008b900000, 0x000000008ba00000|  0%| F|  |TAMS 0x000000008b900000, 0x000000008b900000| Untracked 
| 186|0x000000008ba00000, 0x000000008ba00000, 0x000000008bb00000|  0%| F|  |TAMS 0x000000008ba00000, 0x000000008ba00000| Untracked 
| 187|0x000000008bb00000, 0x000000008bb00000, 0x000000008bc00000|  0%| F|  |TAMS 0x000000008bb00000, 0x000000008bb00000| Untracked 
| 188|0x000000008bc00000, 0x000000008bc00000, 0x000000008bd00000|  0%| F|  |TAMS 0x000000008bc00000, 0x000000008bc00000| Untracked 
| 189|0x000000008bd00000, 0x000000008bd00000, 0x000000008be00000|  0%| F|  |TAMS 0x000000008bd00000, 0x000000008bd00000| Untracked 
| 190|0x000000008be00000, 0x000000008be00000, 0x000000008bf00000|  0%| F|  |TAMS 0x000000008be00000, 0x000000008be00000| Untracked 
| 191|0x000000008bf00000, 0x000000008bf00000, 0x000000008c000000|  0%| F|  |TAMS 0x000000008bf00000, 0x000000008bf00000| Untracked 
| 192|0x000000008c000000, 0x000000008c000000, 0x000000008c100000|  0%| F|  |TAMS 0x000000008c000000, 0x000000008c000000| Untracked 
| 193|0x000000008c100000, 0x000000008c100000, 0x000000008c200000|  0%| F|  |TAMS 0x000000008c100000, 0x000000008c100000| Untracked 
| 194|0x000000008c200000, 0x000000008c200000, 0x000000008c300000|  0%| F|  |TAMS 0x000000008c200000, 0x000000008c200000| Untracked 
| 195|0x000000008c300000, 0x000000008c300000, 0x000000008c400000|  0%| F|  |TAMS 0x000000008c300000, 0x000000008c300000| Untracked 
| 196|0x000000008c400000, 0x000000008c400000, 0x000000008c500000|  0%| F|  |TAMS 0x000000008c400000, 0x000000008c400000| Untracked 
| 197|0x000000008c500000, 0x000000008c500000, 0x000000008c600000|  0%| F|  |TAMS 0x000000008c500000, 0x000000008c500000| Untracked 
| 198|0x000000008c600000, 0x000000008c600000, 0x000000008c700000|  0%| F|  |TAMS 0x000000008c600000, 0x000000008c600000| Untracked 
| 199|0x000000008c700000, 0x000000008c700000, 0x000000008c800000|  0%| F|  |TAMS 0x000000008c700000, 0x000000008c700000| Untracked 
| 200|0x000000008c800000, 0x000000008c800000, 0x000000008c900000|  0%| F|  |TAMS 0x000000008c800000, 0x000000008c800000| Untracked 
| 201|0x000000008c900000, 0x000000008c900000, 0x000000008ca00000|  0%| F|  |TAMS 0x000000008c900000, 0x000000008c900000| Untracked 
| 202|0x000000008ca00000, 0x000000008ca00000, 0x000000008cb00000|  0%| F|  |TAMS 0x000000008ca00000, 0x000000008ca00000| Untracked 
| 203|0x000000008cb00000, 0x000000008cb00000, 0x000000008cc00000|  0%| F|  |TAMS 0x000000008cb00000, 0x000000008cb00000| Untracked 
| 204|0x000000008cc00000, 0x000000008cc00000, 0x000000008cd00000|  0%| F|  |TAMS 0x000000008cc00000, 0x000000008cc00000| Untracked 
| 205|0x000000008cd00000, 0x000000008cd00000, 0x000000008ce00000|  0%| F|  |TAMS 0x000000008cd00000, 0x000000008cd00000| Untracked 
| 206|0x000000008ce00000, 0x000000008ce00000, 0x000000008cf00000|  0%| F|  |TAMS 0x000000008ce00000, 0x000000008ce00000| Untracked 
| 207|0x000000008cf00000, 0x000000008cf00000, 0x000000008d000000|  0%| F|  |TAMS 0x000000008cf00000, 0x000000008cf00000| Untracked 
| 208|0x000000008d000000, 0x000000008d000000, 0x000000008d100000|  0%| F|  |TAMS 0x000000008d000000, 0x000000008d000000| Untracked 
| 209|0x000000008d100000, 0x000000008d100000, 0x000000008d200000|  0%| F|  |TAMS 0x000000008d100000, 0x000000008d100000| Untracked 
| 210|0x000000008d200000, 0x000000008d200000, 0x000000008d300000|  0%| F|  |TAMS 0x000000008d200000, 0x000000008d200000| Untracked 
| 211|0x000000008d300000, 0x000000008d300000, 0x000000008d400000|  0%| F|  |TAMS 0x000000008d300000, 0x000000008d300000| Untracked 
| 212|0x000000008d400000, 0x000000008d400000, 0x000000008d500000|  0%| F|  |TAMS 0x000000008d400000, 0x000000008d400000| Untracked 
| 213|0x000000008d500000, 0x000000008d500000, 0x000000008d600000|  0%| F|  |TAMS 0x000000008d500000, 0x000000008d500000| Untracked 
| 214|0x000000008d600000, 0x000000008d600000, 0x000000008d700000|  0%| F|  |TAMS 0x000000008d600000, 0x000000008d600000| Untracked 
| 215|0x000000008d700000, 0x000000008d700000, 0x000000008d800000|  0%| F|  |TAMS 0x000000008d700000, 0x000000008d700000| Untracked 
| 216|0x000000008d800000, 0x000000008d800000, 0x000000008d900000|  0%| F|  |TAMS 0x000000008d800000, 0x000000008d800000| Untracked 
| 217|0x000000008d900000, 0x000000008d900000, 0x000000008da00000|  0%| F|  |TAMS 0x000000008d900000, 0x000000008d900000| Untracked 
| 218|0x000000008da00000, 0x000000008da00000, 0x000000008db00000|  0%| F|  |TAMS 0x000000008da00000, 0x000000008da00000| Untracked 
| 219|0x000000008db00000, 0x000000008db00000, 0x000000008dc00000|  0%| F|  |TAMS 0x000000008db00000, 0x000000008db00000| Untracked 
| 220|0x000000008dc00000, 0x000000008dc00000, 0x000000008dd00000|  0%| F|  |TAMS 0x000000008dc00000, 0x000000008dc00000| Untracked 
| 221|0x000000008dd00000, 0x000000008dd00000, 0x000000008de00000|  0%| F|  |TAMS 0x000000008dd00000, 0x000000008dd00000| Untracked 
| 222|0x000000008de00000, 0x000000008de00000, 0x000000008df00000|  0%| F|  |TAMS 0x000000008de00000, 0x000000008de00000| Untracked 
| 223|0x000000008df00000, 0x000000008df00000, 0x000000008e000000|  0%| F|  |TAMS 0x000000008df00000, 0x000000008df00000| Untracked 
| 224|0x000000008e000000, 0x000000008e000000, 0x000000008e100000|  0%| F|  |TAMS 0x000000008e000000, 0x000000008e000000| Untracked 
| 225|0x000000008e100000, 0x000000008e100000, 0x000000008e200000|  0%| F|  |TAMS 0x000000008e100000, 0x000000008e100000| Untracked 
| 226|0x000000008e200000, 0x000000008e200000, 0x000000008e300000|  0%| F|  |TAMS 0x000000008e200000, 0x000000008e200000| Untracked 
| 227|0x000000008e300000, 0x000000008e300000, 0x000000008e400000|  0%| F|  |TAMS 0x000000008e300000, 0x000000008e300000| Untracked 
| 228|0x000000008e400000, 0x000000008e400000, 0x000000008e500000|  0%| F|  |TAMS 0x000000008e400000, 0x000000008e400000| Untracked 
| 229|0x000000008e500000, 0x000000008e500000, 0x000000008e600000|  0%| F|  |TAMS 0x000000008e500000, 0x000000008e500000| Untracked 
| 230|0x000000008e600000, 0x000000008e600000, 0x000000008e700000|  0%| F|  |TAMS 0x000000008e600000, 0x000000008e600000| Untracked 
| 231|0x000000008e700000, 0x000000008e700000, 0x000000008e800000|  0%| F|  |TAMS 0x000000008e700000, 0x000000008e700000| Untracked 
| 232|0x000000008e800000, 0x000000008e800000, 0x000000008e900000|  0%| F|  |TAMS 0x000000008e800000, 0x000000008e800000| Untracked 
| 233|0x000000008e900000, 0x000000008e900000, 0x000000008ea00000|  0%| F|  |TAMS 0x000000008e900000, 0x000000008e900000| Untracked 
| 234|0x000000008ea00000, 0x000000008ea60020, 0x000000008eb00000| 37%| S|CS|TAMS 0x000000008ea00000, 0x000000008ea00000| Complete 
| 235|0x000000008eb00000, 0x000000008ec00000, 0x000000008ec00000|100%| S|CS|TAMS 0x000000008eb00000, 0x000000008eb00000| Complete 
| 236|0x000000008ec00000, 0x000000008ed00000, 0x000000008ed00000|100%| S|CS|TAMS 0x000000008ec00000, 0x000000008ec00000| Complete 
| 237|0x000000008ed00000, 0x000000008ee00000, 0x000000008ee00000|100%| S|CS|TAMS 0x000000008ed00000, 0x000000008ed00000| Complete 
| 238|0x000000008ee00000, 0x000000008ee00000, 0x000000008ef00000|  0%| F|  |TAMS 0x000000008ee00000, 0x000000008ee00000| Untracked 
| 239|0x000000008ef00000, 0x000000008ef00000, 0x000000008f000000|  0%| F|  |TAMS 0x000000008ef00000, 0x000000008ef00000| Untracked 
| 240|0x000000008f000000, 0x000000008f000000, 0x000000008f100000|  0%| F|  |TAMS 0x000000008f000000, 0x000000008f000000| Untracked 
| 241|0x000000008f100000, 0x000000008f100000, 0x000000008f200000|  0%| F|  |TAMS 0x000000008f100000, 0x000000008f100000| Untracked 
| 242|0x000000008f200000, 0x000000008f200000, 0x000000008f300000|  0%| F|  |TAMS 0x000000008f200000, 0x000000008f200000| Untracked 
| 243|0x000000008f300000, 0x000000008f300000, 0x000000008f400000|  0%| F|  |TAMS 0x000000008f300000, 0x000000008f300000| Untracked 
| 244|0x000000008f400000, 0x000000008f400000, 0x000000008f500000|  0%| F|  |TAMS 0x000000008f400000, 0x000000008f400000| Untracked 
| 245|0x000000008f500000, 0x000000008f500000, 0x000000008f600000|  0%| F|  |TAMS 0x000000008f500000, 0x000000008f500000| Untracked 
| 246|0x000000008f600000, 0x000000008f600000, 0x000000008f700000|  0%| F|  |TAMS 0x000000008f600000, 0x000000008f600000| Untracked 
| 247|0x000000008f700000, 0x000000008f700000, 0x000000008f800000|  0%| F|  |TAMS 0x000000008f700000, 0x000000008f700000| Untracked 
| 248|0x000000008f800000, 0x000000008f800000, 0x000000008f900000|  0%| F|  |TAMS 0x000000008f800000, 0x000000008f800000| Untracked 
| 249|0x000000008f900000, 0x000000008f900000, 0x000000008fa00000|  0%| F|  |TAMS 0x000000008f900000, 0x000000008f900000| Untracked 
| 250|0x000000008fa00000, 0x000000008fa00000, 0x000000008fb00000|  0%| F|  |TAMS 0x000000008fa00000, 0x000000008fa00000| Untracked 
| 251|0x000000008fb00000, 0x000000008fb00000, 0x000000008fc00000|  0%| F|  |TAMS 0x000000008fb00000, 0x000000008fb00000| Untracked 
| 252|0x000000008fc00000, 0x000000008fc00000, 0x000000008fd00000|  0%| F|  |TAMS 0x000000008fc00000, 0x000000008fc00000| Untracked 
| 253|0x000000008fd00000, 0x000000008fd00000, 0x000000008fe00000|  0%| F|  |TAMS 0x000000008fd00000, 0x000000008fd00000| Untracked 
| 254|0x000000008fe00000, 0x000000008fe00000, 0x000000008ff00000|  0%| F|  |TAMS 0x000000008fe00000, 0x000000008fe00000| Untracked 
| 255|0x000000008ff00000, 0x000000008ff00000, 0x0000000090000000|  0%| F|  |TAMS 0x000000008ff00000, 0x000000008ff00000| Untracked 
| 256|0x0000000090000000, 0x0000000090000000, 0x0000000090100000|  0%| F|  |TAMS 0x0000000090000000, 0x0000000090000000| Untracked 
| 257|0x0000000090100000, 0x0000000090100000, 0x0000000090200000|  0%| F|  |TAMS 0x0000000090100000, 0x0000000090100000| Untracked 
| 258|0x0000000090200000, 0x0000000090200000, 0x0000000090300000|  0%| F|  |TAMS 0x0000000090200000, 0x0000000090200000| Untracked 
| 259|0x0000000090300000, 0x0000000090300000, 0x0000000090400000|  0%| F|  |TAMS 0x0000000090300000, 0x0000000090300000| Untracked 
| 260|0x0000000090400000, 0x0000000090400000, 0x0000000090500000|  0%| F|  |TAMS 0x0000000090400000, 0x0000000090400000| Untracked 
| 261|0x0000000090500000, 0x0000000090500000, 0x0000000090600000|  0%| F|  |TAMS 0x0000000090500000, 0x0000000090500000| Untracked 
| 262|0x0000000090600000, 0x0000000090600000, 0x0000000090700000|  0%| F|  |TAMS 0x0000000090600000, 0x0000000090600000| Untracked 
| 263|0x0000000090700000, 0x0000000090700000, 0x0000000090800000|  0%| F|  |TAMS 0x0000000090700000, 0x0000000090700000| Untracked 
| 264|0x0000000090800000, 0x0000000090800000, 0x0000000090900000|  0%| F|  |TAMS 0x0000000090800000, 0x0000000090800000| Untracked 
| 265|0x0000000090900000, 0x0000000090900000, 0x0000000090a00000|  0%| F|  |TAMS 0x0000000090900000, 0x0000000090900000| Untracked 
| 266|0x0000000090a00000, 0x0000000090a00000, 0x0000000090b00000|  0%| F|  |TAMS 0x0000000090a00000, 0x0000000090a00000| Untracked 
| 267|0x0000000090b00000, 0x0000000090b00000, 0x0000000090c00000|  0%| F|  |TAMS 0x0000000090b00000, 0x0000000090b00000| Untracked 
| 268|0x0000000090c00000, 0x0000000090c00000, 0x0000000090d00000|  0%| F|  |TAMS 0x0000000090c00000, 0x0000000090c00000| Untracked 
| 269|0x0000000090d00000, 0x0000000090d00000, 0x0000000090e00000|  0%| F|  |TAMS 0x0000000090d00000, 0x0000000090d00000| Untracked 
| 270|0x0000000090e00000, 0x0000000090e00000, 0x0000000090f00000|  0%| F|  |TAMS 0x0000000090e00000, 0x0000000090e00000| Untracked 
| 271|0x0000000090f00000, 0x0000000090f00000, 0x0000000091000000|  0%| F|  |TAMS 0x0000000090f00000, 0x0000000090f00000| Untracked 
| 272|0x0000000091000000, 0x0000000091000000, 0x0000000091100000|  0%| F|  |TAMS 0x0000000091000000, 0x0000000091000000| Untracked 
| 273|0x0000000091100000, 0x0000000091100000, 0x0000000091200000|  0%| F|  |TAMS 0x0000000091100000, 0x0000000091100000| Untracked 
| 274|0x0000000091200000, 0x0000000091200000, 0x0000000091300000|  0%| F|  |TAMS 0x0000000091200000, 0x0000000091200000| Untracked 

Card table byte_map: [0x000001375d860000,0x000001375dc60000] _byte_map_base: 0x000001375d460000

Marking Bits (Prev, Next): (CMBitMap*) 0x0000013749f0dba0, (CMBitMap*) 0x0000013749f0db68
 Prev Bits: [0x0000013760060000, 0x0000013762060000)
 Next Bits: [0x000001375e060000, 0x0000013760060000)

Polling page: 0x000001374d9c0000

Metaspace:

Usage:
  Non-class:     82.81 MB capacity,    81.26 MB ( 98%) used,     1.26 MB (  2%) free+waste,   291.44 KB ( <1%) overhead. 
      Class:     13.21 MB capacity,    12.31 MB ( 93%) used,   790.62 KB (  6%) free+waste,   130.88 KB ( <1%) overhead. 
       Both:     96.02 MB capacity,    93.57 MB ( 97%) used,     2.04 MB (  2%) free+waste,   422.31 KB ( <1%) overhead. 

Virtual space:
  Non-class space:       84.00 MB reserved,      83.00 MB ( 99%) committed 
      Class space:        1.00 GB reserved,      13.38 MB (  1%) committed 
             Both:        1.08 GB reserved,      96.38 MB (  9%) committed 

Chunk freelists:
   Non-Class:  199.00 KB
       Class:  103.00 KB
        Both:  302.00 KB

MaxMetaspaceSize: 17179869184.00 GB
CompressedClassSpaceSize: 1.00 GB

CodeHeap 'non-profiled nmethods': size=120000Kb used=4829Kb max_used=4829Kb free=115170Kb
 bounds [0x00000137554b0000, 0x0000013755970000, 0x000001375c9e0000]
CodeHeap 'profiled nmethods': size=120000Kb used=21774Kb max_used=21774Kb free=98225Kb
 bounds [0x000001374df80000, 0x000001374f4d0000, 0x00000137554b0000]
CodeHeap 'non-nmethods': size=5760Kb used=2317Kb max_used=2370Kb free=3442Kb
 bounds [0x000001374d9e0000, 0x000001374dc50000, 0x000001374df80000]
 total_blobs=12367 nmethods=11458 adapters=820
 compilation: enabled
              stopped_count=0, restarted_count=0
 full_count=0

Compilation events (20 events):
Event: 21.410 Thread 0x0000013764b53800 11806       2       com.android.tools.r8.code.f::a (1 bytes)
Event: 21.410 Thread 0x0000013764b53800 nmethod 11806 0x000001374f4c1110 code [0x000001374f4c12c0, 0x000001374f4c13b8]
Event: 21.422 Thread 0x0000013764b53800 11807       2       com.android.tools.r8.code.O1::H (4 bytes)
Event: 21.422 Thread 0x0000013764b53800 nmethod 11807 0x000001374f4c1490 code [0x000001374f4c1640, 0x000001374f4c1738]
Event: 21.432 Thread 0x0000013764b53800 11809 %     3       com.android.tools.r8.graph.f0$d::a @ 10 (29 bytes)
Event: 21.432 Thread 0x0000013764b53800 nmethod 11809% 0x000001374f4c1810 code [0x000001374f4c19e0, 0x000001374f4c1d08]
Event: 21.453 Thread 0x0000013764b53800 11810       2       com.android.tools.r8.graph.f0$o::a (12 bytes)
Event: 21.453 Thread 0x0000013764b53800 nmethod 11810 0x000001374f4c1e90 code [0x000001374f4c2040, 0x000001374f4c2188]
Event: 21.484 Thread 0x0000013764b53800 11811       2       com.android.tools.r8.code.M3::a (1 bytes)
Event: 21.485 Thread 0x0000013764b53800 nmethod 11811 0x000001374f4c2290 code [0x000001374f4c2440, 0x000001374f4c2538]
Event: 21.509 Thread 0x0000013764b53800 11813       2       com.android.tools.r8.code.d::a (1 bytes)
Event: 21.509 Thread 0x0000013764b53800 nmethod 11813 0x000001374f4c2610 code [0x000001374f4c27c0, 0x000001374f4c28b8]
Event: 21.517 Thread 0x0000013764b53800 11814       3       com.android.tools.r8.graph.f0$d::a (29 bytes)
Event: 21.517 Thread 0x0000013764b53800 nmethod 11814 0x000001374f4c2990 code [0x000001374f4c2b60, 0x000001374f4c2e08]
Event: 21.519 Thread 0x0000013764b53800 11815       2       com.android.tools.r8.code.L2::a (1 bytes)
Event: 21.519 Thread 0x0000013764b53800 nmethod 11815 0x000001374f4c2f90 code [0x000001374f4c3140, 0x000001374f4c3238]
Event: 21.546 Thread 0x0000013764b53800 11816       2       com.android.tools.r8.code.d2::a (1 bytes)
Event: 21.546 Thread 0x0000013764b53800 nmethod 11816 0x000001374f4c3310 code [0x000001374f4c34c0, 0x000001374f4c35b8]
Event: 21.568 Thread 0x0000013764b53800 11817       2       com.android.tools.r8.code.B1::a (1 bytes)
Event: 21.568 Thread 0x0000013764b53800 nmethod 11817 0x000001374f4c3690 code [0x000001374f4c3840, 0x000001374f4c3938]

GC Heap History (20 events):
Event: 16.804 GC heap after
{Heap after GC invocations=42 (full 0):
 garbage-first heap   total 155648K, used 77720K [0x0000000080000000, 0x0000000100000000)
  region size 1024K, 6 young (6144K), 6 survivors (6144K)
 Metaspace       used 84445K, capacity 86681K, committed 86912K, reserved 1124352K
  class space    used 10965K, capacity 11787K, committed 11904K, reserved 1048576K
}
Event: 17.445 GC heap before
{Heap before GC invocations=43 (full 0):
 garbage-first heap   total 155648K, used 124824K [0x0000000080000000, 0x0000000100000000)
  region size 1024K, 53 young (54272K), 6 survivors (6144K)
 Metaspace       used 86094K, capacity 88268K, committed 88576K, reserved 1126400K
  class space    used 11138K, capacity 11922K, committed 12032K, reserved 1048576K
}
Event: 17.453 GC heap after
{Heap after GC invocations=44 (full 0):
 garbage-first heap   total 155648K, used 79224K [0x0000000080000000, 0x0000000100000000)
  region size 1024K, 5 young (5120K), 5 survivors (5120K)
 Metaspace       used 86094K, capacity 88268K, committed 88576K, reserved 1126400K
  class space    used 11138K, capacity 11922K, committed 12032K, reserved 1048576K
}
Event: 18.062 GC heap before
{Heap before GC invocations=44 (full 0):
 garbage-first heap   total 155648K, used 111992K [0x0000000080000000, 0x0000000100000000)
  region size 1024K, 39 young (39936K), 5 survivors (5120K)
 Metaspace       used 87518K, capacity 89664K, committed 89984K, reserved 1126400K
  class space    used 11274K, capacity 12062K, committed 12160K, reserved 1048576K
}
Event: 18.077 GC heap after
{Heap after GC invocations=45 (full 0):
 garbage-first heap   total 187392K, used 82436K [0x0000000080000000, 0x0000000100000000)
  region size 1024K, 5 young (5120K), 5 survivors (5120K)
 Metaspace       used 87518K, capacity 89664K, committed 89984K, reserved 1126400K
  class space    used 11274K, capacity 12062K, committed 12160K, reserved 1048576K
}
Event: 18.666 GC heap before
{Heap before GC invocations=46 (full 0):
 garbage-first heap   total 187392K, used 107012K [0x0000000080000000, 0x0000000100000000)
  region size 1024K, 21 young (21504K), 5 survivors (5120K)
 Metaspace       used 90355K, capacity 92477K, committed 92928K, reserved 1130496K
  class space    used 11673K, capacity 12450K, committed 12544K, reserved 1048576K
}
Event: 18.678 GC heap after
{Heap after GC invocations=47 (full 0):
 garbage-first heap   total 187392K, used 97096K [0x0000000080000000, 0x0000000100000000)
  region size 1024K, 8 young (8192K), 8 survivors (8192K)
 Metaspace       used 90355K, capacity 92477K, committed 92928K, reserved 1130496K
  class space    used 11673K, capacity 12450K, committed 12544K, reserved 1048576K
}
Event: 18.979 GC heap before
{Heap before GC invocations=48 (full 0):
 garbage-first heap   total 187392K, used 154440K [0x0000000080000000, 0x0000000100000000)
  region size 1024K, 46 young (47104K), 8 survivors (8192K)
 Metaspace       used 90589K, capacity 92712K, committed 93056K, reserved 1130496K
  class space    used 11698K, capacity 12485K, committed 12672K, reserved 1048576K
}
Event: 19.059 GC heap after
{Heap after GC invocations=49 (full 0):
 garbage-first heap   total 187392K, used 121600K [0x0000000080000000, 0x0000000100000000)
  region size 1024K, 7 young (7168K), 7 survivors (7168K)
 Metaspace       used 90589K, capacity 92712K, committed 93056K, reserved 1130496K
  class space    used 11698K, capacity 12485K, committed 12672K, reserved 1048576K
}
Event: 19.786 GC heap before
{Heap before GC invocations=50 (full 0):
 garbage-first heap   total 187392K, used 149248K [0x0000000080000000, 0x0000000100000000)
  region size 1024K, 33 young (33792K), 7 survivors (7168K)
 Metaspace       used 92878K, capacity 95234K, committed 95360K, reserved 1132544K
  class space    used 12219K, capacity 13089K, committed 13184K, reserved 1048576K
}
Event: 19.814 GC heap after
{Heap after GC invocations=51 (full 0):
 garbage-first heap   total 187392K, used 132894K [0x0000000080000000, 0x0000000100000000)
  region size 1024K, 5 young (5120K), 5 survivors (5120K)
 Metaspace       used 92878K, capacity 95234K, committed 95360K, reserved 1132544K
  class space    used 12219K, capacity 13089K, committed 13184K, reserved 1048576K
}
Event: 19.906 GC heap before
{Heap before GC invocations=51 (full 0):
 garbage-first heap   total 187392K, used 151326K [0x0000000080000000, 0x0000000100000000)
  region size 1024K, 24 young (24576K), 5 survivors (5120K)
 Metaspace       used 92995K, capacity 95370K, committed 95616K, reserved 1132544K
  class space    used 12219K, capacity 13089K, committed 13184K, reserved 1048576K
}
Event: 19.931 GC heap after
{Heap after GC invocations=52 (full 0):
 garbage-first heap   total 281600K, used 143592K [0x0000000080000000, 0x0000000100000000)
  region size 1024K, 3 young (3072K), 3 survivors (3072K)
 Metaspace       used 92995K, capacity 95370K, committed 95616K, reserved 1132544K
  class space    used 12219K, capacity 13089K, committed 13184K, reserved 1048576K
}
Event: 20.144 GC heap before
{Heap before GC invocations=52 (full 0):
 garbage-first heap   total 281600K, used 188648K [0x0000000080000000, 0x0000000100000000)
  region size 1024K, 48 young (49152K), 3 survivors (3072K)
 Metaspace       used 93021K, capacity 95374K, committed 95616K, reserved 1132544K
  class space    used 12219K, capacity 13089K, committed 13184K, reserved 1048576K
}
Event: 20.171 GC heap after
{Heap after GC invocations=53 (full 0):
 garbage-first heap   total 281600K, used 166912K [0x0000000080000000, 0x0000000100000000)
  region size 1024K, 6 young (6144K), 6 survivors (6144K)
 Metaspace       used 93021K, capacity 95374K, committed 95616K, reserved 1132544K
  class space    used 12219K, capacity 13089K, committed 13184K, reserved 1048576K
}
Event: 20.645 GC heap before
{Heap before GC invocations=54 (full 0):
 garbage-first heap   total 281600K, used 203776K [0x0000000080000000, 0x0000000100000000)
  region size 1024K, 43 young (44032K), 6 survivors (6144K)
 Metaspace       used 95299K, capacity 97833K, committed 98048K, reserved 1134592K
  class space    used 12581K, capacity 13524K, committed 13568K, reserved 1048576K
}
Event: 20.670 GC heap after
{Heap after GC invocations=55 (full 0):
 garbage-first heap   total 281600K, used 176557K [0x0000000080000000, 0x0000000100000000)
  region size 1024K, 6 young (6144K), 6 survivors (6144K)
 Metaspace       used 95299K, capacity 97833K, committed 98048K, reserved 1134592K
  class space    used 12581K, capacity 13524K, committed 13568K, reserved 1048576K
}
Event: 21.162 GC heap before
{Heap before GC invocations=55 (full 0):
 garbage-first heap   total 281600K, used 212397K [0x0000000080000000, 0x0000000100000000)
  region size 1024K, 41 young (41984K), 6 survivors (6144K)
 Metaspace       used 95942K, capacity 98569K, committed 98688K, reserved 1134592K
  class space    used 12664K, capacity 13632K, committed 13696K, reserved 1048576K
}
Event: 21.177 GC heap after
{Heap after GC invocations=56 (full 0):
 garbage-first heap   total 281600K, used 182056K [0x0000000080000000, 0x0000000100000000)
  region size 1024K, 4 young (4096K), 4 survivors (4096K)
 Metaspace       used 95942K, capacity 98569K, committed 98688K, reserved 1134592K
  class space    used 12664K, capacity 13632K, committed 13696K, reserved 1048576K
}
Event: 21.586 GC heap before
{Heap before GC invocations=57 (full 0):
 garbage-first heap   total 281600K, used 208680K [0x0000000080000000, 0x0000000100000000)
  region size 1024K, 39 young (39936K), 4 survivors (4096K)
 Metaspace       used 95815K, capacity 98322K, committed 98688K, reserved 1134592K
  class space    used 12607K, capacity 13529K, committed 13696K, reserved 1048576K
}

Deoptimization events (20 events):
Event: 20.674 Thread 0x000001376da70000 DEOPT PACKING pc=0x0000013755916de0 sp=0x00000018df9fcfe0
Event: 20.674 Thread 0x000001376da70000 DEOPT UNPACKING pc=0x000001374d9e83af sp=0x00000018df9fcf70 mode 2
Event: 20.870 Thread 0x000001376da70000 DEOPT PACKING pc=0x000001374f3f8feb sp=0x00000018df9fd9f0
Event: 20.870 Thread 0x000001376da70000 DEOPT UNPACKING pc=0x000001374da08ede sp=0x00000018df9fcec0 mode 0
Event: 20.913 Thread 0x000001376da72800 DEOPT PACKING pc=0x000001374f474d15 sp=0x00000018dfefebe0
Event: 20.913 Thread 0x000001376c250000 DEOPT PACKING pc=0x000001374f474d15 sp=0x00000018e03fea80
Event: 20.913 Thread 0x000001376da72800 DEOPT UNPACKING pc=0x000001374da08ede sp=0x00000018dfefe0a0 mode 0
Event: 20.913 Thread 0x000001376c250000 DEOPT UNPACKING pc=0x000001374da08ede sp=0x00000018e03fdf40 mode 0
Event: 20.914 Thread 0x000001376da6b800 DEOPT PACKING pc=0x000001374f474d15 sp=0x00000018dfdfee40
Event: 20.914 Thread 0x000001376da72800 DEOPT PACKING pc=0x000001374f474d15 sp=0x00000018dfefebe0
Event: 20.914 Thread 0x000001376da6b800 DEOPT UNPACKING pc=0x000001374da08ede sp=0x00000018dfdfe300 mode 0
Event: 20.914 Thread 0x000001376da72800 DEOPT UNPACKING pc=0x000001374da08ede sp=0x00000018dfefe0a0 mode 0
Event: 20.915 Thread 0x000001376c250000 DEOPT PACKING pc=0x000001374f474d15 sp=0x00000018e03fea80
Event: 20.915 Thread 0x000001376da6b800 DEOPT PACKING pc=0x000001374f474d15 sp=0x00000018dfdfee40
Event: 20.915 Thread 0x000001376da6b800 DEOPT UNPACKING pc=0x000001374da08ede sp=0x00000018dfdfe300 mode 0
Event: 20.915 Thread 0x000001376c250000 DEOPT UNPACKING pc=0x000001374da08ede sp=0x00000018e03fdf40 mode 0
Event: 21.152 Thread 0x000001376da70000 Uncommon trap: trap_request=0xffffffe4 fr.pc=0x00000137559122f4 relative=0x0000000000000234
Event: 21.152 Thread 0x000001376da70000 Uncommon trap: reason=range_check action=make_not_entrant pc=0x00000137559122f4 method=com.android.tools.r8.graph.c0.a(Lcom/android/tools/r8/graph/c0;)I @ 9 c2
Event: 21.152 Thread 0x000001376da70000 DEOPT PACKING pc=0x00000137559122f4 sp=0x00000018df9fd2e0
Event: 21.152 Thread 0x000001376da70000 DEOPT UNPACKING pc=0x000001374d9e83af sp=0x00000018df9fd268 mode 2

Classes redefined (0 events):
No events

Internal exceptions (20 events):
Event: 19.147 Thread 0x000001376c255800 Exception <a 'java/lang/IncompatibleClassChangeError'{0x000000008ad820b8}: Found class java.lang.Object, but interface was expected> (0x000000008ad820b8) thrown at [./src/hotspot/share/interpreter/linkResolver.cpp, line 839]
Event: 19.373 Thread 0x000001376c253000 Exception <a 'java/lang/IncompatibleClassChangeError'{0x000000008ab6ae18}: Found class java.lang.Object, but interface was expected> (0x000000008ab6ae18) thrown at [./src/hotspot/share/interpreter/linkResolver.cpp, line 839]
Event: 19.391 Thread 0x000001376c253000 Exception <a 'java/lang/IncompatibleClassChangeError'{0x000000008ab727b8}: Found class java.lang.Object, but interface was expected> (0x000000008ab727b8) thrown at [./src/hotspot/share/interpreter/linkResolver.cpp, line 839]
Event: 19.455 Thread 0x000001376c253000 Exception <a 'java/lang/NoSuchMethodError'{0x000000008abae340}: 'java.lang.Object java.lang.invoke.DirectMethodHandle$Holder.newInvokeSpecial(java.lang.Object, int)'> (0x000000008abae340) thrown at [./src/hotspot/share/interpreter/linkResolver.cpp, line 773]
Event: 20.324 Thread 0x000001376da70000 Exception <a 'java/lang/NoSuchMethodError'{0x000000009069f290}: 'int java.lang.invoke.DirectMethodHandle$Holder.invokeVirtual(java.lang.Object, java.lang.Object, java.lang.Object, java.lang.Object)'> (0x000000009069f290) thrown at [./src/hotspot/share/interpreter/linkResolver.cpp, line 773]
Event: 20.379 Thread 0x000001376da70000 Exception <a 'java/lang/NoSuchMethodError'{0x0000000090434e60}: 'void java.lang.invoke.DirectMethodHandle$Holder.invokeStatic(java.lang.Object, java.lang.Object, java.lang.Object, int)'> (0x0000000090434e60) thrown at [./src/hotspot/share/interpreter/linkResolver.cpp, line 773]
Event: 20.380 Thread 0x000001376da70000 Exception <a 'java/lang/IncompatibleClassChangeError'{0x000000009043cee0}: Found class java.lang.Object, but interface was expected> (0x000000009043cee0) thrown at [./src/hotspot/share/interpreter/linkResolver.cpp, line 839]
Event: 20.385 Thread 0x000001376c253000 Exception <a 'java/lang/NoSuchMethodError'{0x00000000904fcb78}: 'int java.lang.invoke.DirectMethodHandle$Holder.invokeVirtual(java.lang.Object, java.lang.Object, java.lang.Object)'> (0x00000000904fcb78) thrown at [./src/hotspot/share/interpreter/linkResolver.cpp, line 773]
Event: 20.385 Thread 0x000001376da6b800 Exception <a 'java/lang/NoSuchMethodError'{0x000000009049c320}: 'int java.lang.invoke.DirectMethodHandle$Holder.invokeVirtual(java.lang.Object, java.lang.Object, java.lang.Object)'> (0x000000009049c320) thrown at [./src/hotspot/share/interpreter/linkResolver.cpp, line 773]
Event: 20.385 Thread 0x000001376da73000 Exception <a 'java/lang/NoSuchMethodError'{0x0000000090bcf678}: 'int java.lang.invoke.DirectMethodHandle$Holder.invokeVirtual(java.lang.Object, java.lang.Object, java.lang.Object)'> (0x0000000090bcf678) thrown at [./src/hotspot/share/interpreter/linkResolver.cpp, line 773]
Event: 20.385 Thread 0x000001376c255800 Exception <a 'java/lang/NoSuchMethodError'{0x00000000904ed650}: 'int java.lang.invoke.DirectMethodHandle$Holder.invokeVirtual(java.lang.Object, java.lang.Object, java.lang.Object)'> (0x00000000904ed650) thrown at [./src/hotspot/share/interpreter/linkResolver.cpp, line 773]
Event: 20.385 Thread 0x000001376c252800 Exception <a 'java/lang/NoSuchMethodError'{0x00000000904ccb10}: 'int java.lang.invoke.DirectMethodHandle$Holder.invokeVirtual(java.lang.Object, java.lang.Object, java.lang.Object)'> (0x00000000904ccb10) thrown at [./src/hotspot/share/interpreter/linkResolver.cpp, line 773]
Event: 20.385 Thread 0x000001376da72800 Exception <a 'java/lang/NoSuchMethodError'{0x00000000904dc938}: 'int java.lang.invoke.DirectMethodHandle$Holder.invokeVirtual(java.lang.Object, java.lang.Object, java.lang.Object)'> (0x00000000904dc938) thrown at [./src/hotspot/share/interpreter/linkResolver.cpp, line 773]
Event: 20.385 Thread 0x000001376c250000 Exception <a 'java/lang/NoSuchMethodError'{0x000000009070f728}: 'int java.lang.invoke.DirectMethodHandle$Holder.invokeVirtual(java.lang.Object, java.lang.Object, java.lang.Object)'> (0x000000009070f728) thrown at [./src/hotspot/share/interpreter/linkResolver.cpp, line 773]
Event: 20.385 Thread 0x000001376c255000 Exception <a 'java/lang/NoSuchMethodError'{0x00000000904b0c38}: 'int java.lang.invoke.DirectMethodHandle$Holder.invokeVirtual(java.lang.Object, java.lang.Object, java.lang.Object)'> (0x00000000904b0c38) thrown at [./src/hotspot/share/interpreter/linkResolver.cpp, line 773]
Event: 20.610 Thread 0x000001376da70000 Exception <a 'java/lang/NoSuchMethodError'{0x000000008ee12648}: 'java.lang.Object java.lang.invoke.Invokers$Holder.linkToTargetMethod(java.lang.Object, int, java.lang.Object, java.lang.Object, java.lang.Object, java.lang.Object)'> (0x000000008ee12648) thrown at [./src/hotspot/share/interpreter/linkResolver.cpp, line 773]
Event: 20.610 Thread 0x000001376da70000 Exception <a 'java/lang/NoSuchMethodError'{0x000000008ee16300}: 'void java.lang.invoke.DirectMethodHandle$Holder.invokeSpecial(java.lang.Object, java.lang.Object, java.lang.Object, java.lang.Object, java.lang.Object, java.lang.Object, java.lang.Object, java.lang.Object, java.lang.Object)'> (0x000000008ee16300) thrown at [./src/hotspot/share/interpreter/linkResolver.cpp, line 773]
Event: 20.610 Thread 0x000001376da70000 Exception <a 'java/lang/NoSuchMethodError'{0x000000008ee1f4f8}: 'java.lang.Object java.lang.invoke.Invokers$Holder.linkToTargetMethod(java.lang.Object, java.lang.Object, java.lang.Object, java.lang.Object, java.lang.Object, java.lang.Object, java.lang.Object)'> (0x000000008ee1f4f8) thrown at [./src/hotspot/share/interpreter/linkResolver.cpp, line 773]
Event: 20.615 Thread 0x000001376da70000 Exception <a 'java/lang/IncompatibleClassChangeError'{0x000000008ee46cd8}: Found class java.lang.Object, but interface was expected> (0x000000008ee46cd8) thrown at [./src/hotspot/share/interpreter/linkResolver.cpp, line 839]
Event: 20.690 Thread 0x000001376da70000 Exception <a 'java/lang/NoSuchMethodError'{0x0000000091298ad8}: 'void java.lang.invoke.DirectMethodHandle$Holder.invokeStatic(java.lang.Object, java.lang.Object, java.lang.Object, java.lang.Object, java.lang.Object, java.lang.Object, java.lang.Object, java.lang.Object)'> (0x0000000091298ad8) thrown at [./src/hotspot/share/interpreter/linkResolver.cpp, line 773]

Events (20 events):
Event: 21.118 loading class com/android/tools/r8/graph/v0$f done
Event: 21.119 loading class com/android/tools/r8/graph/v0$d
Event: 21.119 loading class com/android/tools/r8/graph/v0$d done
Event: 21.119 loading class com/android/tools/r8/graph/v0$f
Event: 21.119 loading class com/android/tools/r8/graph/v0$f done
Event: 21.119 loading class com/android/tools/r8/graph/v0$j
Event: 21.119 loading class com/android/tools/r8/graph/v0$j done
Event: 21.120 loading class com/android/tools/r8/graph/d0
Event: 21.120 loading class com/android/tools/r8/graph/d0 done
Event: 21.120 loading class com/android/tools/r8/graph/d0
Event: 21.120 loading class com/android/tools/r8/graph/d0 done
Event: 21.120 loading class com/android/tools/r8/graph/S0
Event: 21.120 loading class com/android/tools/r8/graph/S0 done
Event: 21.162 Executing VM operation: G1CollectForAllocation
Event: 21.177 Executing VM operation: G1CollectForAllocation done
Event: 21.386 Executing VM operation: CGC_Operation
Event: 21.405 Executing VM operation: CGC_Operation done
Event: 21.551 Executing VM operation: CGC_Operation
Event: 21.551 Executing VM operation: CGC_Operation done
Event: 21.585 Executing VM operation: G1CollectForAllocation


Dynamic libraries:
0x00007ff7653e0000 - 0x00007ff7653ea000 	C:\Program Files\Android\Android Studio\jre\bin\java.exe
0x00007fff21c10000 - 0x00007fff21e05000 	C:\WINDOWS\SYSTEM32\ntdll.dll
0x00007fff217d0000 - 0x00007fff2188d000 	C:\WINDOWS\System32\KERNEL32.DLL
0x00007fff1f640000 - 0x00007fff1f90d000 	C:\WINDOWS\System32\KERNELBASE.dll
0x00007fff1f9c0000 - 0x00007fff1fac0000 	C:\WINDOWS\System32\ucrtbase.dll
0x00007fff16ed0000 - 0x00007fff16ee7000 	C:\Program Files\Android\Android Studio\jre\bin\VCRUNTIME140.dll
0x00007fff166c0000 - 0x00007fff166d9000 	C:\Program Files\Android\Android Studio\jre\bin\jli.dll
0x00007fff20fb0000 - 0x00007fff21150000 	C:\WINDOWS\System32\USER32.dll
0x00007fff1f4b0000 - 0x00007fff1f4d2000 	C:\WINDOWS\System32\win32u.dll
0x00007fff01870000 - 0x00007fff01b0a000 	C:\WINDOWS\WinSxS\amd64_microsoft.windows.common-controls_6595b64144ccf1df_6.0.19041.1110_none_60b5254171f9507e\COMCTL32.dll
0x00007fff21730000 - 0x00007fff217ce000 	C:\WINDOWS\System32\msvcrt.dll
0x00007fff21150000 - 0x00007fff2117a000 	C:\WINDOWS\System32\GDI32.dll
0x00007fff1f3a0000 - 0x00007fff1f4ab000 	C:\WINDOWS\System32\gdi32full.dll
0x00007fff1fb50000 - 0x00007fff1fbed000 	C:\WINDOWS\System32\msvcp_win.dll
0x00007fff20650000 - 0x00007fff20680000 	C:\WINDOWS\System32\IMM32.DLL
0x00007ffeea230000 - 0x00007ffeea2cd000 	C:\Program Files\Android\Android Studio\jre\bin\msvcp140.dll
0x00007ffed7ef0000 - 0x00007ffed89bf000 	C:\Program Files\Android\Android Studio\jre\bin\server\jvm.dll
0x00007fff21250000 - 0x00007fff212fe000 	C:\WINDOWS\System32\ADVAPI32.dll
0x00007fff20810000 - 0x00007fff208ac000 	C:\WINDOWS\System32\sechost.dll
0x00007fff203d0000 - 0x00007fff204f5000 	C:\WINDOWS\System32\RPCRT4.dll
0x00007fff209d0000 - 0x00007fff209d8000 	C:\WINDOWS\System32\PSAPI.DLL
0x00007fff01e50000 - 0x00007fff01e59000 	C:\WINDOWS\SYSTEM32\WSOCK32.dll
0x00007fff15f90000 - 0x00007fff15f9a000 	C:\WINDOWS\SYSTEM32\VERSION.dll
0x00007fff00760000 - 0x00007fff00787000 	C:\WINDOWS\SYSTEM32\WINMM.dll
0x00007fff20f40000 - 0x00007fff20fab000 	C:\WINDOWS\System32\WS2_32.dll
0x00007fff1dc00000 - 0x00007fff1dc12000 	C:\WINDOWS\SYSTEM32\kernel.appcore.dll
0x00007fff01b50000 - 0x00007fff01b61000 	C:\Program Files\Android\Android Studio\jre\bin\verify.dll
0x00007fff1d110000 - 0x00007fff1d2f4000 	C:\WINDOWS\SYSTEM32\DBGHELP.DLL
0x00007fff07650000 - 0x00007fff0767c000 	C:\WINDOWS\SYSTEM32\dbgcore.DLL
0x00007fff1fac0000 - 0x00007fff1fb42000 	C:\WINDOWS\System32\bcryptPrimitives.dll
0x00007ffeffae0000 - 0x00007ffeffb09000 	C:\Program Files\Android\Android Studio\jre\bin\java.dll
0x00007fff01e40000 - 0x00007fff01e4b000 	C:\Program Files\Android\Android Studio\jre\bin\jimage.dll
0x00007ffeffb20000 - 0x00007ffeffb38000 	C:\Program Files\Android\Android Studio\jre\bin\zip.dll
0x00007fff1fc80000 - 0x00007fff203c4000 	C:\WINDOWS\System32\SHELL32.dll
0x00007fff1d300000 - 0x00007fff1da94000 	C:\WINDOWS\SYSTEM32\windows.storage.dll
0x00007fff213d0000 - 0x00007fff21724000 	C:\WINDOWS\System32\combase.dll
0x00007fff1ed80000 - 0x00007fff1edac000 	C:\WINDOWS\SYSTEM32\Wldp.dll
0x00007fff20760000 - 0x00007fff2080d000 	C:\WINDOWS\System32\SHCORE.dll
0x00007fff20a60000 - 0x00007fff20ab5000 	C:\WINDOWS\System32\shlwapi.dll
0x00007fff1f260000 - 0x00007fff1f27f000 	C:\WINDOWS\SYSTEM32\profapi.dll
0x00007ffeff6a0000 - 0x00007ffeff6ba000 	C:\Program Files\Android\Android Studio\jre\bin\net.dll
0x00007fff048f0000 - 0x00007fff049fa000 	C:\WINDOWS\SYSTEM32\WINHTTP.dll
0x00007fff1eae0000 - 0x00007fff1eb4a000 	C:\WINDOWS\system32\mswsock.dll
0x00007ffefef40000 - 0x00007ffefef54000 	C:\Program Files\Android\Android Studio\jre\bin\nio.dll
0x00007ffedb550000 - 0x00007ffedb577000 	C:\Users\user\.gradle\native\8bec1ad78214c89d9ad589b4d07fe93259594b29d510b10fafb7a158f7737e5d\windows-amd64\native-platform.dll
0x00007ffebabd0000 - 0x00007ffebad0d000 	C:\Users\user\.gradle\native\53dbd7edfb1c66fb8903c78663c9afc45aea4f116125fa6feffd364cf09443e8\windows-amd64\native-platform-file-events.dll
0x00007fff01d00000 - 0x00007fff01d0a000 	C:\Program Files\Android\Android Studio\jre\bin\management.dll
0x00007ffeffad0000 - 0x00007ffeffadc000 	C:\Program Files\Android\Android Studio\jre\bin\management_ext.dll
0x00007fff1ece0000 - 0x00007fff1ecf8000 	C:\WINDOWS\SYSTEM32\CRYPTSP.dll
0x00007fff1e3f0000 - 0x00007fff1e424000 	C:\WINDOWS\system32\rsaenh.dll
0x00007fff1f370000 - 0x00007fff1f397000 	C:\WINDOWS\System32\bcrypt.dll
0x00007fff1f220000 - 0x00007fff1f24e000 	C:\WINDOWS\SYSTEM32\USERENV.dll
0x00007fff1ecd0000 - 0x00007fff1ecdc000 	C:\WINDOWS\SYSTEM32\CRYPTBASE.dll
0x00007fff1e760000 - 0x00007fff1e79b000 	C:\WINDOWS\SYSTEM32\IPHLPAPI.DLL
0x00007fff21180000 - 0x00007fff21188000 	C:\WINDOWS\System32\NSI.dll
0x00007fff148d0000 - 0x00007fff148e7000 	C:\WINDOWS\SYSTEM32\dhcpcsvc6.DLL
0x00007fff154b0000 - 0x00007fff154cd000 	C:\WINDOWS\SYSTEM32\dhcpcsvc.DLL
0x00007fff1e7d0000 - 0x00007fff1e89b000 	C:\WINDOWS\SYSTEM32\DNSAPI.dll

dbghelp: loaded successfully - version: 4.0.5 - missing functions: none
symbol engine: initialized successfully - sym options: 0x614 - pdb path: .;C:\Program Files\Android\Android Studio\jre\bin;C:\WINDOWS\SYSTEM32;C:\WINDOWS\WinSxS\amd64_microsoft.windows.common-controls_6595b64144ccf1df_6.0.19041.1110_none_60b5254171f9507e;C:\Program Files\Android\Android Studio\jre\bin\server;C:\Users\user\.gradle\native\8bec1ad78214c89d9ad589b4d07fe93259594b29d510b10fafb7a158f7737e5d\windows-amd64;C:\Users\user\.gradle\native\53dbd7edfb1c66fb8903c78663c9afc45aea4f116125fa6feffd364cf09443e8\windows-amd64

VM Arguments:
jvm_args: --add-opens=java.base/java.util=ALL-UNNAMED --add-opens=java.base/java.lang=ALL-UNNAMED --add-opens=java.base/java.lang.invoke=ALL-UNNAMED --add-opens=java.base/java.util=ALL-UNNAMED --add-opens=java.prefs/java.util.prefs=ALL-UNNAMED --add-opens=java.prefs/java.util.prefs=ALL-UNNAMED --add-opens=java.base/java.nio.charset=ALL-UNNAMED --add-opens=java.base/java.net=ALL-UNNAMED --add-opens=java.base/java.util.concurrent.atomic=ALL-UNNAMED -Xmx2048m -Dfile.encoding=UTF-8 -Duser.country=ID -Duser.language=en -Duser.variant 
java_command: org.gradle.launcher.daemon.bootstrap.GradleDaemon 7.0.2
java_class_path (initial): C:\Users\user\.gradle\wrapper\dists\gradle-7.0.2-bin\857tjihv64xamwrf0h14cai3r\gradle-7.0.2\lib\gradle-launcher-7.0.2.jar
Launcher Type: SUN_STANDARD

[Global flags]
     intx CICompilerCount                          = 4                                         {product} {ergonomic}
     uint ConcGCThreads                            = 2                                         {product} {ergonomic}
     uint G1ConcRefinementThreads                  = 8                                         {product} {ergonomic}
   size_t G1HeapRegionSize                         = 1048576                                   {product} {ergonomic}
    uintx GCDrainStackTargetSize                   = 64                                        {product} {ergonomic}
   size_t InitialHeapSize                          = 62914560                                  {product} {ergonomic}
   size_t MarkStackSize                            = 4194304                                   {product} {ergonomic}
   size_t MaxHeapSize                              = 2147483648                                {product} {command line}
   size_t MaxNewSize                               = 1287651328                                {product} {ergonomic}
   size_t MinHeapDeltaBytes                        = 1048576                                   {product} {ergonomic}
    uintx NonNMethodCodeHeapSize                   = 5836300                                {pd product} {ergonomic}
    uintx NonProfiledCodeHeapSize                  = 122910970                              {pd product} {ergonomic}
    uintx ProfiledCodeHeapSize                     = 122910970                              {pd product} {ergonomic}
    uintx ReservedCodeCacheSize                    = 251658240                              {pd product} {ergonomic}
     bool SegmentedCodeCache                       = true                                      {product} {ergonomic}
     bool UseCompressedClassPointers               = true                                 {lp64_product} {ergonomic}
     bool UseCompressedOops                        = true                                 {lp64_product} {ergonomic}
     bool UseG1GC                                  = true                                      {product} {ergonomic}
     bool UseLargePagesIndividualAllocation        = false                                  {pd product} {ergonomic}

Logging:
Log output configuration:
 #0: stdout all=warning uptime,level,tags
 #1: stderr all=off uptime,level,tags

Environment Variables:
JAVA_HOME=C:\Program Files\Zulu\zulu-8
PATH=C:\Program Files\Zulu\zulu-8\bin\;C:\Program Files\Gradle\gradle-6.6\bin;C:\Program Files\Common Files\Oracle\Java\javapath;C:\ProgramData\Oracle\Java\javapath;C:\WINDOWS\system32;C:\WINDOWS;C:\WINDOWS\System32\Wbem;C:\WINDOWS\System32\WindowsPowerShell\v1.0\;C:\WINDOWS\System32\OpenSSH\;C:\Program Files\dotnet\;C:\Users\user\Desktop\apktool;C:\Users\user\AppData\Local\Microsoft\WindowsApps;C:\Users\user\.dotnet\tools;C:\sqlite3;C:\adb;%JAVA_HOME%\bin;D:\Node.js\;C:\Program Files\Git\cmd;C:\PATH_Programs;C:\Users\user\AppData\Local\Microsoft\WindowsApps;C:\Users\user\.dotnet\tools;C:\sqlite3;D:\Microsoft VS Code\bin;C:\Users\user\AppData\Roaming\npm;C:\PATH_Programs;
USERNAME=user
OS=Windows_NT
PROCESSOR_IDENTIFIER=Intel64 Family 6 Model 126 Stepping 5, GenuineIntel



---------------  S Y S T E M  ---------------

OS: Windows 10 , 64 bit Build 19041 (10.0.19041.1706)
OS uptime: 0 days 2:54 hours

CPU:total 8 (initial active 8) (4 cores per cpu, 2 threads per core) family 6 model 126 stepping 5 microcode 0xa0, cmov, cx8, fxsr, mmx, sse, sse2, sse3, ssse3, sse4.1, sse4.2, popcnt, avx, avx2, aes, clmul, erms, 3dnowpref, lzcnt, ht, tsc, tscinvbit, bmi1, bmi2, adx, evex, sha, fma

Memory: 4k page, system-wide physical 3784M (373M free)
TotalPageFile size 7880M (AvailPageFile size 59M)
current process WorkingSet (physical memory assigned to process): 427M, peak: 433M
current process commit charge ("private bytes"): 569M, peak: 648M

vm_info: OpenJDK 64-Bit Server VM (11.0.10+0-b96-7249189) for windows-amd64 JRE (11.0.10+0-b96-7249189), built on Mar 31 2021 21:44:00 by "builder" with MS VC++ 14.0 (VS2015)

END.
