#
# There is insufficient memory for the Java Runtime Environment to continue.
# Native memory allocation (mmap) failed to map 50331648 bytes for Failed to commit area from 0x000000008ee00000 to 0x0000000091e00000 of length 50331648.
# Possible reasons:
#   The system is out of physical RAM or swap space
#   The process is running with CompressedOops enabled, and the Java Heap may be blocking the growth of the native heap
# Possible solutions:
#   Reduce memory load on the system
#   Increase physical memory or swap space
#   Check if swap backing store is full
#   Decrease Java heap size (-Xmx/-Xms)
#   Decrease number of Java threads
#   Decrease Java thread stack sizes (-Xss)
#   Set larger code cache with -XX:ReservedCodeCacheSize=
#   JVM is running with Unscaled Compressed Oops mode in which the Java heap is
#     placed in the first 4GB address space. The Java Heap base address is the
#     maximum limit for the native heap growth. Please use -XX:HeapBaseMinAddress
#     to set the Java Heap base and to place the Java Heap above 4GB virtual address.
# This output file may be truncated or incomplete.
#
#  Out of Memory Error (./src/hotspot/os/windows/os_windows.cpp:3301), pid=32972, tid=46672
#
# JRE version: OpenJDK Runtime Environment (11.0.10) (build 11.0.10+0-b96-7249189)
# Java VM: OpenJDK 64-Bit Server VM (11.0.10+0-b96-7249189, mixed mode, tiered, compressed oops, g1 gc, windows-amd64)
# No core dump will be written. Minidumps are not enabled by default on client versions of Windows
#

---------------  S U M M A R Y ------------

Command Line: --add-opens=java.base/java.util=ALL-UNNAMED --add-opens=java.base/java.lang=ALL-UNNAMED --add-opens=java.base/java.lang.invoke=ALL-UNNAMED --add-opens=java.base/java.util=ALL-UNNAMED --add-opens=java.prefs/java.util.prefs=ALL-UNNAMED --add-opens=java.prefs/java.util.prefs=ALL-UNNAMED --add-opens=java.base/java.nio.charset=ALL-UNNAMED --add-opens=java.base/java.net=ALL-UNNAMED --add-opens=java.base/java.util.concurrent.atomic=ALL-UNNAMED -Xmx2048m -Dfile.encoding=UTF-8 -Duser.country=ID -Duser.language=en -Duser.variant org.gradle.launcher.daemon.bootstrap.GradleDaemon 7.0.2

Host: Intel(R) Core(TM) i5-1035G1 CPU @ 1.00GHz, 8 cores, 3G,  Windows 10 , 64 bit Build 19041 (10.0.19041.1706)
Time: Sat Jun 18 22:16:21 2022 SE Asia Standard Time elapsed time: 29.979551 seconds (0d 0h 0m 29s)

---------------  T H R E A D  ---------------

Current thread (0x000001db1cd1a000):  VMThread "VM Thread" [stack: 0x0000000348d00000,0x0000000348e00000] [id=46672]

Stack: [0x0000000348d00000,0x0000000348e00000]
[error occurred during error reporting (printing stack bounds), id 0xc0000005, EXCEPTION_ACCESS_VIOLATION (0xc0000005) at pc=0x000001db05c110e7]

Native frames: (J=compiled Java code, j=interpreted, Vv=VM code, C=native code)
V  [jvm.dll+0x5ecfaa]
V  [jvm.dll+0x722bd5]
V  [jvm.dll+0x72412d]
V  [jvm.dll+0x724745]
V  [jvm.dll+0x7246fb]
V  [jvm.dll+0x5ec348]
V  [jvm.dll+0x5ecad8]
C  [ntdll.dll+0xa209f]
C  [ntdll.dll+0x51454]
C  [ntdll.dll+0xa0bce]
C  0x000001db05c110e7

VM_Operation (0x000000034e1fdd60): G1CollectForAllocation, mode: safepoint, requested by thread 0x000001db2405a800


---------------  P R O C E S S  ---------------

Threads class SMR info:
_java_thread_list=0x000001db2b314040, length=76, elements={
0x000001db008fd800, 0x000001db1cd1d000, 0x000001db1cd1e800, 0x000001db1cd7c000,
0x000001db1cd7f000, 0x000001db1cd80800, 0x000001db1cd82800, 0x000001db1cd85800,
0x000001db1cd86800, 0x000001db1d7fd800, 0x000001db1f697800, 0x000001db1f3f6000,
0x000001db1eeeb800, 0x000001db1ea0e000, 0x000001db1f45b000, 0x000001db1f6fd800,
0x000001db1ee72800, 0x000001db1e9fb800, 0x000001db1f6f4800, 0x000001db1f6f5800,
0x000001db1f6f6000, 0x000001db1f6f2000, 0x000001db1f6f0800, 0x000001db1f6f7000,
0x000001db1f6f3800, 0x000001db1f6f1000, 0x000001db1f6f3000, 0x000001db21854000,
0x000001db21850800, 0x000001db21854800, 0x000001db21855800, 0x000001db21856800,
0x000001db21853000, 0x000001db21851800, 0x000001db21858000, 0x000001db2185a800,
0x000001db2185c000, 0x000001db21859000, 0x000001db21859800, 0x000001db2185d000,
0x000001db2185e800, 0x000001db2185d800, 0x000001db2185b000, 0x000001db2185f800,
0x000001db234e8800, 0x000001db234e6800, 0x000001db234e7800, 0x000001db234ed000,
0x000001db234ee000, 0x000001db234ef000, 0x000001db234e9000, 0x000001db234ec800,
0x000001db234eb000, 0x000001db234ef800, 0x000001db234ea000, 0x000001db234f1800,
0x000001db234f0800, 0x000001db234f4800, 0x000001db234f2000, 0x000001db234f3000,
0x000001db234f4000, 0x000001db234f5800, 0x000001db24056800, 0x000001db24051000,
0x000001db24055000, 0x000001db24055800, 0x000001db24054000, 0x000001db24057800,
0x000001db24051800, 0x000001db24058000, 0x000001db24052800, 0x000001db24059000,
0x000001db24053000, 0x000001db2405c000, 0x000001db2405a000, 0x000001db2405a800
}

Java Threads: ( => current thread )
  0x000001db008fd800 JavaThread "main" [_thread_blocked, id=48824, stack(0x0000000348700000,0x0000000348800000)]
  0x000001db1cd1d000 JavaThread "Reference Handler" daemon [_thread_blocked, id=48528, stack(0x0000000348e00000,0x0000000348f00000)]
  0x000001db1cd1e800 JavaThread "Finalizer" daemon [_thread_blocked, id=41064, stack(0x0000000348f00000,0x0000000349000000)]
  0x000001db1cd7c000 JavaThread "Signal Dispatcher" daemon [_thread_blocked, id=41832, stack(0x0000000349000000,0x0000000349100000)]
  0x000001db1cd7f000 JavaThread "Attach Listener" daemon [_thread_blocked, id=48544, stack(0x0000000349100000,0x0000000349200000)]
  0x000001db1cd80800 JavaThread "Service Thread" daemon [_thread_blocked, id=34056, stack(0x0000000349200000,0x0000000349300000)]
  0x000001db1cd82800 JavaThread "C2 CompilerThread0" daemon [_thread_in_native, id=48428, stack(0x0000000349300000,0x0000000349400000)]
  0x000001db1cd85800 JavaThread "C1 CompilerThread0" daemon [_thread_blocked, id=10436, stack(0x0000000349400000,0x0000000349500000)]
  0x000001db1cd86800 JavaThread "Sweeper thread" daemon [_thread_blocked, id=48536, stack(0x0000000349500000,0x0000000349600000)]
  0x000001db1d7fd800 JavaThread "Common-Cleaner" daemon [_thread_blocked, id=47304, stack(0x0000000349600000,0x0000000349700000)]
  0x000001db1f697800 JavaThread "Daemon health stats" [_thread_blocked, id=48540, stack(0x0000000349900000,0x0000000349a00000)]
  0x000001db1f3f6000 JavaThread "Incoming local TCP Connector on port 52701" [_thread_in_native, id=35808, stack(0x0000000349a00000,0x0000000349b00000)]
  0x000001db1eeeb800 JavaThread "Daemon periodic checks" [_thread_blocked, id=48556, stack(0x0000000349b00000,0x0000000349c00000)]
  0x000001db1ea0e000 JavaThread "Daemon" [_thread_blocked, id=48420, stack(0x0000000349c00000,0x0000000349d00000)]
  0x000001db1f45b000 JavaThread "Handler for socket connection from /127.0.0.1:52701 to /127.0.0.1:52702" [_thread_in_native, id=48948, stack(0x0000000349d00000,0x0000000349e00000)]
  0x000001db1f6fd800 JavaThread "Cancel handler" [_thread_blocked, id=41116, stack(0x0000000349e00000,0x0000000349f00000)]
  0x000001db1ee72800 JavaThread "Daemon worker" [_thread_blocked, id=42460, stack(0x0000000349f00000,0x000000034a000000)]
  0x000001db1e9fb800 JavaThread "Asynchronous log dispatcher for DefaultDaemonConnection: socket connection from /127.0.0.1:52701 to /127.0.0.1:52702" [_thread_blocked, id=38500, stack(0x000000034a000000,0x000000034a100000)]
  0x000001db1f6f4800 JavaThread "Stdin handler" [_thread_blocked, id=33984, stack(0x000000034a100000,0x000000034a200000)]
  0x000001db1f6f5800 JavaThread "Daemon client event forwarder" [_thread_blocked, id=41352, stack(0x000000034a200000,0x000000034a300000)]
  0x000001db1f6f6000 JavaThread "Cache worker for file hash cache (C:\Users\user\.gradle\caches\7.0.2\fileHashes)" [_thread_blocked, id=49004, stack(0x000000034a900000,0x000000034aa00000)]
  0x000001db1f6f2000 JavaThread "File lock request listener" [_thread_in_native, id=18916, stack(0x000000034aa00000,0x000000034ab00000)]
  0x000001db1f6f0800 JavaThread "Cache worker for journal cache (C:\Users\user\.gradle\caches\journal-1)" [_thread_blocked, id=38588, stack(0x000000034ac00000,0x000000034ad00000)]
  0x000001db1f6f7000 JavaThread "Cache worker for file hash cache (D:\Android Studio\SubmissionBMAAP\.gradle\7.0.2\fileHashes)" [_thread_blocked, id=35748, stack(0x000000034ad00000,0x000000034ae00000)]
  0x000001db1f6f3800 JavaThread "File watcher server" daemon [_thread_blocked, id=48704, stack(0x000000034ae00000,0x000000034af00000)]
  0x000001db1f6f1000 JavaThread "File watcher consumer" daemon [_thread_blocked, id=41616, stack(0x000000034af00000,0x000000034b000000)]
  0x000001db1f6f3000 JavaThread "Cache worker for checksums cache (D:\Android Studio\SubmissionBMAAP\.gradle\checksums)" [_thread_blocked, id=36900, stack(0x000000034b000000,0x000000034b100000)]
  0x000001db21854000 JavaThread "Cache worker for cache directory md-supplier (C:\Users\user\.gradle\caches\7.0.2\md-supplier)" [_thread_blocked, id=48612, stack(0x000000034b100000,0x000000034b200000)]
  0x000001db21850800 JavaThread "Cache worker for cache directory md-rule (C:\Users\user\.gradle\caches\7.0.2\md-rule)" [_thread_blocked, id=41296, stack(0x000000034b200000,0x000000034b300000)]
  0x000001db21854800 JavaThread "Cache worker for execution history cache (C:\Users\user\.gradle\caches\7.0.2\executionHistory)" [_thread_blocked, id=33288, stack(0x000000034b300000,0x000000034b400000)]
  0x000001db21855800 JavaThread "jar transforms" [_thread_blocked, id=48640, stack(0x000000034b400000,0x000000034b500000)]
  0x000001db21856800 JavaThread "jar transforms Thread 2" [_thread_blocked, id=48996, stack(0x000000034b500000,0x000000034b600000)]
  0x000001db21853000 JavaThread "Cache worker for file content cache (C:\Users\user\.gradle\caches\7.0.2\fileContent)" [_thread_blocked, id=48592, stack(0x000000034b600000,0x000000034b700000)]
  0x000001db21851800 JavaThread "Cache worker for dependencies-accessors (D:\Android Studio\SubmissionBMAAP\.gradle\7.0.2\dependencies-accessors)" [_thread_blocked, id=2496, stack(0x000000034b700000,0x000000034b800000)]
  0x000001db21858000 JavaThread "jar transforms Thread 3" [_thread_blocked, id=48548, stack(0x000000034b800000,0x000000034b900000)]
  0x000001db2185a800 JavaThread "Cache worker for Build Output Cleanup Cache (D:\Android Studio\SubmissionBMAAP\.gradle\buildOutputCleanup)" [_thread_blocked, id=49024, stack(0x000000034b900000,0x000000034ba00000)]
  0x000001db2185c000 JavaThread "Build operations" [_thread_blocked, id=48624, stack(0x000000034ba00000,0x000000034bb00000)]
  0x000001db21859000 JavaThread "Build operations Thread 2" [_thread_blocked, id=49060, stack(0x000000034bb00000,0x000000034bc00000)]
  0x000001db21859800 JavaThread "Build operations Thread 3" [_thread_blocked, id=2600, stack(0x000000034bc00000,0x000000034bd00000)]
  0x000001db2185d000 JavaThread "Build operations Thread 4" [_thread_blocked, id=48828, stack(0x000000034bd00000,0x000000034be00000)]
  0x000001db2185e800 JavaThread "Build operations Thread 5" [_thread_blocked, id=48712, stack(0x000000034be00000,0x000000034bf00000)]
  0x000001db2185d800 JavaThread "Build operations Thread 6" [_thread_blocked, id=34028, stack(0x000000034bf00000,0x000000034c000000)]
  0x000001db2185b000 JavaThread "Build operations Thread 7" [_thread_blocked, id=48444, stack(0x000000034c000000,0x000000034c100000)]
  0x000001db2185f800 JavaThread "Build operations Thread 8" [_thread_blocked, id=41244, stack(0x000000034c100000,0x000000034c200000)]
  0x000001db234e8800 JavaThread "jar transforms Thread 4" [_thread_blocked, id=14440, stack(0x000000034c200000,0x000000034c300000)]
  0x000001db234e6800 JavaThread "jar transforms Thread 5" [_thread_blocked, id=40988, stack(0x000000034c300000,0x000000034c400000)]
  0x000001db234e7800 JavaThread "jar transforms Thread 6" [_thread_blocked, id=47252, stack(0x000000034c400000,0x000000034c500000)]
  0x000001db234ed000 JavaThread "jar transforms Thread 7" [_thread_blocked, id=40772, stack(0x000000034c500000,0x000000034c600000)]
  0x000001db234ee000 JavaThread "jar transforms Thread 8" [_thread_blocked, id=49016, stack(0x000000034c600000,0x000000034c700000)]
  0x000001db234ef000 JavaThread "Memory manager" [_thread_blocked, id=21136, stack(0x000000034c700000,0x000000034c800000)]
  0x000001db234e9000 JavaThread "build event listener" [_thread_blocked, id=39460, stack(0x000000034c800000,0x000000034c900000)]
  0x000001db234ec800 JavaThread "Execution worker for ':'" [_thread_blocked, id=11788, stack(0x000000034c900000,0x000000034ca00000)]
  0x000001db234eb000 JavaThread "Execution worker for ':' Thread 2" [_thread_blocked, id=48580, stack(0x000000034ca00000,0x000000034cb00000)]
  0x000001db234ef800 JavaThread "Execution worker for ':' Thread 3" [_thread_blocked, id=37256, stack(0x000000034cb00000,0x000000034cc00000)]
  0x000001db234ea000 JavaThread "Execution worker for ':' Thread 4" [_thread_blocked, id=35600, stack(0x000000034cc00000,0x000000034cd00000)]
  0x000001db234f1800 JavaThread "Execution worker for ':' Thread 5" [_thread_blocked, id=48908, stack(0x000000034cd00000,0x000000034ce00000)]
  0x000001db234f0800 JavaThread "Execution worker for ':' Thread 6" [_thread_blocked, id=48404, stack(0x000000034ce00000,0x000000034cf00000)]
  0x000001db234f4800 JavaThread "Execution worker for ':' Thread 7" [_thread_blocked, id=48560, stack(0x000000034cf00000,0x000000034d000000)]
  0x000001db234f2000 JavaThread "Cache worker for execution history cache (D:\Android Studio\SubmissionBMAAP\.gradle\7.0.2\executionHistory)" [_thread_blocked, id=48600, stack(0x000000034d000000,0x000000034d100000)]
  0x000001db234f3000 JavaThread "WorkerExecutor Queue" [_thread_blocked, id=49040, stack(0x000000034d100000,0x000000034d200000)]
  0x000001db234f4000 JavaThread "WorkerExecutor Queue Thread 2" [_thread_blocked, id=48916, stack(0x000000034d200000,0x000000034d300000)]
  0x000001db234f5800 JavaThread "WorkerExecutor Queue Thread 3" [_thread_blocked, id=49156, stack(0x000000034d300000,0x000000034d400000)]
  0x000001db24056800 JavaThread "WorkerExecutor Queue Thread 4" [_thread_blocked, id=49160, stack(0x000000034d400000,0x000000034d500000)]
  0x000001db24051000 JavaThread "WorkerExecutor Queue Thread 5" [_thread_blocked, id=49164, stack(0x000000034d500000,0x000000034d600000)]
  0x000001db24055000 JavaThread "WorkerExecutor Queue Thread 6" [_thread_blocked, id=49168, stack(0x000000034d600000,0x000000034d700000)]
  0x000001db24055800 JavaThread "WorkerExecutor Queue Thread 7" [_thread_blocked, id=49172, stack(0x000000034d700000,0x000000034d800000)]
  0x000001db24054000 JavaThread "WorkerExecutor Queue Thread 8" [_thread_blocked, id=49176, stack(0x000000034d800000,0x000000034d900000)]
  0x000001db24057800 JavaThread "WorkerExecutor Queue Thread 9" [_thread_blocked, id=49180, stack(0x000000034d900000,0x000000034da00000)]
  0x000001db24051800 JavaThread "ForkJoinPool-1-worker-3" daemon [_thread_blocked, id=49184, stack(0x000000034da00000,0x000000034db00000)]
  0x000001db24058000 JavaThread "ForkJoinPool-1-worker-5" daemon [_thread_blocked, id=49188, stack(0x000000034db00000,0x000000034dc00000)]
  0x000001db24052800 JavaThread "ForkJoinPool-1-worker-9" daemon [_thread_blocked, id=49192, stack(0x000000034dc00000,0x000000034dd00000)]
  0x000001db24059000 JavaThread "ForkJoinPool-1-worker-7" daemon [_thread_blocked, id=49196, stack(0x000000034dd00000,0x000000034de00000)]
  0x000001db24053000 JavaThread "ForkJoinPool-1-worker-11" daemon [_thread_blocked, id=49200, stack(0x000000034de00000,0x000000034df00000)]
  0x000001db2405c000 JavaThread "ForkJoinPool-1-worker-13" daemon [_thread_blocked, id=49204, stack(0x000000034df00000,0x000000034e000000)]
  0x000001db2405a000 JavaThread "ForkJoinPool-1-worker-15" daemon [_thread_blocked, id=49208, stack(0x000000034e000000,0x000000034e100000)]
  0x000001db2405a800 JavaThread "ForkJoinPool-1-worker-1" daemon [_thread_blocked, id=49212, stack(0x000000034e100000,0x000000034e200000)]

Other Threads:
=>0x000001db1cd1a000 VMThread "VM Thread" [stack: 0x0000000348d00000,0x0000000348e00000] [id=46672]
  0x000001db1d818800 WatcherThread [stack: 0x0000000349700000,0x0000000349800000] [id=48460]
  0x000001db00915800 GCTaskThread "GC Thread#0" [stack: 0x0000000348800000,0x0000000348900000] [id=46468]
  0x000001db1e745000 GCTaskThread "GC Thread#1" [stack: 0x0000000349800000,0x0000000349900000] [id=9556]
  0x000001db1f829800 GCTaskThread "GC Thread#2" [stack: 0x000000034a300000,0x000000034a400000] [id=35216]
  0x000001db1f856800 GCTaskThread "GC Thread#3" [stack: 0x000000034a400000,0x000000034a500000] [id=37612]
  0x000001db1f857800 GCTaskThread "GC Thread#4" [stack: 0x000000034a500000,0x000000034a600000] [id=41788]
  0x000001db1f85c800 GCTaskThread "GC Thread#5" [stack: 0x000000034a600000,0x000000034a700000] [id=42020]
  0x000001db1f85e000 GCTaskThread "GC Thread#6" [stack: 0x000000034a700000,0x000000034a800000] [id=41424]
  0x000001db1f861000 GCTaskThread "GC Thread#7" [stack: 0x000000034a800000,0x000000034a900000] [id=48644]
  0x000001db00946800 ConcurrentGCThread "G1 Main Marker" [stack: 0x0000000348900000,0x0000000348a00000] [id=32908]
  0x000001db00948800 ConcurrentGCThread "G1 Conc#0" [stack: 0x0000000348a00000,0x0000000348b00000] [id=42528]
  0x000001db1f863000 ConcurrentGCThread "G1 Conc#1" [stack: 0x000000034ab00000,0x000000034ac00000] [id=48416]
  0x000001db009a2000 ConcurrentGCThread "G1 Refine#0" [stack: 0x0000000348b00000,0x0000000348c00000] [id=49028]
  0x000001db009a3000 ConcurrentGCThread "G1 Young RemSet Sampling" [stack: 0x0000000348c00000,0x0000000348d00000] [id=47792]

Threads with active compile tasks:
C2 CompilerThread0  30009 13920 %     4       com.android.tools.r8.ir.regalloc.a::a @ 2157 (3985 bytes)
C1 CompilerThread0  30009 15317       2       com.android.tools.r8.dex.j$b::<init> (60 bytes)

VM state:at safepoint (normal execution)

VM Mutex/Monitor currently owned by a thread:  ([mutex/lock_event])
[0x000001db008fa330] Threads_lock - owner thread: 0x000001db1cd1a000
[0x000001db008f9910] Heap_lock - owner thread: 0x000001db2405a800

Heap address: 0x0000000080000000, size: 2048 MB, Compressed Oops mode: 32-bit
Narrow klass base: 0x0000000000000000, Narrow klass shift: 3
Compressed class space size: 1073741824 Address: 0x0000000100000000

Heap:
 garbage-first heap   total 292864K, used 177123K [0x0000000080000000, 0x0000000100000000)
  region size 1024K, 7 young (7168K), 7 survivors (7168K)
 Metaspace       used 103032K, capacity 105743K, committed 105984K, reserved 1140736K
  class space    used 13303K, capacity 14317K, committed 14336K, reserved 1048576K
Heap Regions: E=young(eden), S=young(survivor), O=old, HS=humongous(starts), HC=humongous(continues), CS=collection set, F=free, A=archive, TAMS=top-at-mark-start (previous, next)
|   0|0x0000000080000000, 0x0000000080100000, 0x0000000080100000|100%| O|  |TAMS 0x0000000080100000, 0x0000000080000000| Untracked 
|   1|0x0000000080100000, 0x0000000080200000, 0x0000000080200000|100%| O|  |TAMS 0x0000000080200000, 0x0000000080100000| Untracked 
|   2|0x0000000080200000, 0x0000000080300000, 0x0000000080300000|100%| O|  |TAMS 0x0000000080300000, 0x0000000080200000| Untracked 
|   3|0x0000000080300000, 0x0000000080400000, 0x0000000080400000|100%|HS|  |TAMS 0x0000000080400000, 0x0000000080300000| Complete 
|   4|0x0000000080400000, 0x0000000080500000, 0x0000000080500000|100%|HC|  |TAMS 0x0000000080500000, 0x0000000080400000| Complete 
|   5|0x0000000080500000, 0x0000000080600000, 0x0000000080600000|100%|HC|  |TAMS 0x0000000080600000, 0x0000000080500000| Complete 
|   6|0x0000000080600000, 0x0000000080700000, 0x0000000080700000|100%| O|  |TAMS 0x0000000080700000, 0x0000000080600000| Untracked 
|   7|0x0000000080700000, 0x0000000080800000, 0x0000000080800000|100%| O|  |TAMS 0x0000000080800000, 0x0000000080700000| Untracked 
|   8|0x0000000080800000, 0x0000000080900000, 0x0000000080900000|100%| O|  |TAMS 0x0000000080900000, 0x0000000080800000| Untracked 
|   9|0x0000000080900000, 0x0000000080a00000, 0x0000000080a00000|100%| O|  |TAMS 0x0000000080a00000, 0x0000000080900000| Untracked 
|  10|0x0000000080a00000, 0x0000000080b00000, 0x0000000080b00000|100%| O|  |TAMS 0x0000000080b00000, 0x0000000080a00000| Untracked 
|  11|0x0000000080b00000, 0x0000000080c00000, 0x0000000080c00000|100%| O|  |TAMS 0x0000000080c00000, 0x0000000080b00000| Untracked 
|  12|0x0000000080c00000, 0x0000000080d00000, 0x0000000080d00000|100%| O|  |TAMS 0x0000000080d00000, 0x0000000080c00000| Untracked 
|  13|0x0000000080d00000, 0x0000000080e00000, 0x0000000080e00000|100%| O|  |TAMS 0x0000000080e00000, 0x0000000080d00000| Untracked 
|  14|0x0000000080e00000, 0x0000000080f00000, 0x0000000080f00000|100%| O|  |TAMS 0x0000000080f00000, 0x0000000080e00000| Untracked 
|  15|0x0000000080f00000, 0x0000000081000000, 0x0000000081000000|100%| O|  |TAMS 0x0000000081000000, 0x0000000080f00000| Untracked 
|  16|0x0000000081000000, 0x0000000081100000, 0x0000000081100000|100%| O|  |TAMS 0x0000000081100000, 0x0000000081000000| Untracked 
|  17|0x0000000081100000, 0x0000000081200000, 0x0000000081200000|100%| O|  |TAMS 0x0000000081200000, 0x0000000081100000| Untracked 
|  18|0x0000000081200000, 0x0000000081300000, 0x0000000081300000|100%| O|  |TAMS 0x0000000081300000, 0x0000000081200000| Untracked 
|  19|0x0000000081300000, 0x0000000081400000, 0x0000000081400000|100%| O|  |TAMS 0x0000000081400000, 0x0000000081300000| Untracked 
|  20|0x0000000081400000, 0x0000000081500000, 0x0000000081500000|100%| O|  |TAMS 0x0000000081500000, 0x0000000081400000| Untracked 
|  21|0x0000000081500000, 0x0000000081600000, 0x0000000081600000|100%| O|  |TAMS 0x0000000081600000, 0x0000000081500000| Untracked 
|  22|0x0000000081600000, 0x0000000081700000, 0x0000000081700000|100%| O|  |TAMS 0x0000000081700000, 0x0000000081600000| Untracked 
|  23|0x0000000081700000, 0x0000000081800000, 0x0000000081800000|100%| O|  |TAMS 0x0000000081800000, 0x0000000081700000| Untracked 
|  24|0x0000000081800000, 0x0000000081900000, 0x0000000081900000|100%| O|  |TAMS 0x0000000081900000, 0x0000000081800000| Untracked 
|  25|0x0000000081900000, 0x0000000081a00000, 0x0000000081a00000|100%| O|  |TAMS 0x0000000081a00000, 0x0000000081900000| Untracked 
|  26|0x0000000081a00000, 0x0000000081b00000, 0x0000000081b00000|100%| O|  |TAMS 0x0000000081b00000, 0x0000000081a00000| Untracked 
|  27|0x0000000081b00000, 0x0000000081c00000, 0x0000000081c00000|100%| O|  |TAMS 0x0000000081c00000, 0x0000000081b00000| Untracked 
|  28|0x0000000081c00000, 0x0000000081d00000, 0x0000000081d00000|100%| O|  |TAMS 0x0000000081d00000, 0x0000000081c00000| Untracked 
|  29|0x0000000081d00000, 0x0000000081e00000, 0x0000000081e00000|100%| O|  |TAMS 0x0000000081e00000, 0x0000000081d00000| Untracked 
|  30|0x0000000081e00000, 0x0000000081f00000, 0x0000000081f00000|100%|HS|  |TAMS 0x0000000081f00000, 0x0000000081e00000| Complete 
|  31|0x0000000081f00000, 0x0000000082000000, 0x0000000082000000|100%|HS|  |TAMS 0x0000000082000000, 0x0000000081f00000| Complete 
|  32|0x0000000082000000, 0x0000000082100000, 0x0000000082100000|100%| O|  |TAMS 0x0000000082100000, 0x0000000082000000| Untracked 
|  33|0x0000000082100000, 0x0000000082200000, 0x0000000082200000|100%| O|  |TAMS 0x0000000082200000, 0x0000000082100000| Untracked 
|  34|0x0000000082200000, 0x0000000082300000, 0x0000000082300000|100%| O|  |TAMS 0x0000000082300000, 0x0000000082200000| Untracked 
|  35|0x0000000082300000, 0x0000000082400000, 0x0000000082400000|100%| O|  |TAMS 0x0000000082400000, 0x0000000082300000| Untracked 
|  36|0x0000000082400000, 0x0000000082500000, 0x0000000082500000|100%|HS|  |TAMS 0x0000000082500000, 0x0000000082400000| Complete 
|  37|0x0000000082500000, 0x0000000082600000, 0x0000000082600000|100%| O|  |TAMS 0x0000000082600000, 0x0000000082500000| Untracked 
|  38|0x0000000082600000, 0x0000000082700000, 0x0000000082700000|100%|HS|  |TAMS 0x0000000082700000, 0x0000000082600000| Complete 
|  39|0x0000000082700000, 0x0000000082800000, 0x0000000082800000|100%|HC|  |TAMS 0x0000000082800000, 0x0000000082700000| Complete 
|  40|0x0000000082800000, 0x0000000082900000, 0x0000000082900000|100%|HC|  |TAMS 0x0000000082900000, 0x0000000082800000| Complete 
|  41|0x0000000082900000, 0x0000000082a00000, 0x0000000082a00000|100%| O|  |TAMS 0x0000000082a00000, 0x0000000082900000| Untracked 
|  42|0x0000000082a00000, 0x0000000082b00000, 0x0000000082b00000|100%| O|  |TAMS 0x0000000082b00000, 0x0000000082a00000| Untracked 
|  43|0x0000000082b00000, 0x0000000082c00000, 0x0000000082c00000|100%|HS|  |TAMS 0x0000000082c00000, 0x0000000082b00000| Complete 
|  44|0x0000000082c00000, 0x0000000082d00000, 0x0000000082d00000|100%|HC|  |TAMS 0x0000000082d00000, 0x0000000082c00000| Complete 
|  45|0x0000000082d00000, 0x0000000082e00000, 0x0000000082e00000|100%| O|  |TAMS 0x0000000082e00000, 0x0000000082d00000| Untracked 
|  46|0x0000000082e00000, 0x0000000082f00000, 0x0000000082f00000|100%| O|  |TAMS 0x0000000082f00000, 0x0000000082e00000| Untracked 
|  47|0x0000000082f00000, 0x0000000083000000, 0x0000000083000000|100%| O|  |TAMS 0x0000000083000000, 0x0000000082f00000| Untracked 
|  48|0x0000000083000000, 0x0000000083100000, 0x0000000083100000|100%| O|  |TAMS 0x0000000083100000, 0x0000000083000000| Untracked 
|  49|0x0000000083100000, 0x0000000083200000, 0x0000000083200000|100%| O|  |TAMS 0x0000000083200000, 0x0000000083100000| Untracked 
|  50|0x0000000083200000, 0x0000000083300000, 0x0000000083300000|100%| O|  |TAMS 0x0000000083300000, 0x0000000083200000| Untracked 
|  51|0x0000000083300000, 0x0000000083400000, 0x0000000083400000|100%| O|  |TAMS 0x0000000083400000, 0x0000000083300000| Untracked 
|  52|0x0000000083400000, 0x0000000083500000, 0x0000000083500000|100%| O|  |TAMS 0x0000000083500000, 0x0000000083400000| Untracked 
|  53|0x0000000083500000, 0x0000000083600000, 0x0000000083600000|100%| O|  |TAMS 0x0000000083600000, 0x0000000083500000| Untracked 
|  54|0x0000000083600000, 0x0000000083700000, 0x0000000083700000|100%| O|  |TAMS 0x0000000083700000, 0x0000000083600000| Untracked 
|  55|0x0000000083700000, 0x0000000083800000, 0x0000000083800000|100%| O|  |TAMS 0x0000000083800000, 0x0000000083700000| Untracked 
|  56|0x0000000083800000, 0x0000000083900000, 0x0000000083900000|100%| O|  |TAMS 0x0000000083900000, 0x0000000083800000| Untracked 
|  57|0x0000000083900000, 0x0000000083a00000, 0x0000000083a00000|100%| O|  |TAMS 0x0000000083a00000, 0x0000000083900000| Untracked 
|  58|0x0000000083a00000, 0x0000000083b00000, 0x0000000083b00000|100%| O|  |TAMS 0x0000000083b00000, 0x0000000083a00000| Untracked 
|  59|0x0000000083b00000, 0x0000000083c00000, 0x0000000083c00000|100%| O|  |TAMS 0x0000000083c00000, 0x0000000083b00000| Untracked 
|  60|0x0000000083c00000, 0x0000000083d00000, 0x0000000083d00000|100%| O|  |TAMS 0x0000000083d00000, 0x0000000083c00000| Untracked 
|  61|0x0000000083d00000, 0x0000000083e00000, 0x0000000083e00000|100%| O|  |TAMS 0x0000000083e00000, 0x0000000083d00000| Untracked 
|  62|0x0000000083e00000, 0x0000000083f00000, 0x0000000083f00000|100%| O|  |TAMS 0x0000000083f00000, 0x0000000083e00000| Untracked 
|  63|0x0000000083f00000, 0x0000000084000000, 0x0000000084000000|100%| O|  |TAMS 0x0000000084000000, 0x0000000083f00000| Untracked 
|  64|0x0000000084000000, 0x0000000084100000, 0x0000000084100000|100%| O|  |TAMS 0x0000000084100000, 0x0000000084000000| Untracked 
|  65|0x0000000084100000, 0x0000000084200000, 0x0000000084200000|100%| O|  |TAMS 0x0000000084200000, 0x0000000084100000| Untracked 
|  66|0x0000000084200000, 0x0000000084300000, 0x0000000084300000|100%| O|  |TAMS 0x0000000084300000, 0x0000000084200000| Untracked 
|  67|0x0000000084300000, 0x0000000084400000, 0x0000000084400000|100%| O|  |TAMS 0x0000000084400000, 0x0000000084300000| Untracked 
|  68|0x0000000084400000, 0x0000000084500000, 0x0000000084500000|100%| O|  |TAMS 0x0000000084500000, 0x0000000084400000| Untracked 
|  69|0x0000000084500000, 0x0000000084600000, 0x0000000084600000|100%| O|  |TAMS 0x0000000084600000, 0x0000000084500000| Untracked 
|  70|0x0000000084600000, 0x0000000084700000, 0x0000000084700000|100%| O|  |TAMS 0x0000000084700000, 0x0000000084600000| Untracked 
|  71|0x0000000084700000, 0x0000000084800000, 0x0000000084800000|100%| O|  |TAMS 0x0000000084800000, 0x0000000084700000| Untracked 
|  72|0x0000000084800000, 0x0000000084900000, 0x0000000084900000|100%| O|  |TAMS 0x0000000084900000, 0x0000000084800000| Untracked 
|  73|0x0000000084900000, 0x0000000084a00000, 0x0000000084a00000|100%| O|  |TAMS 0x0000000084a00000, 0x0000000084900000| Untracked 
|  74|0x0000000084a00000, 0x0000000084b00000, 0x0000000084b00000|100%|HS|  |TAMS 0x0000000084a00000, 0x0000000084a00000| Complete 
|  75|0x0000000084b00000, 0x0000000084c00000, 0x0000000084c00000|100%|HC|  |TAMS 0x0000000084b00000, 0x0000000084b00000| Complete 
|  76|0x0000000084c00000, 0x0000000084d00000, 0x0000000084d00000|100%| O|  |TAMS 0x0000000084d00000, 0x0000000084c00000| Untracked 
|  77|0x0000000084d00000, 0x0000000084e00000, 0x0000000084e00000|100%| O|  |TAMS 0x0000000084e00000, 0x0000000084d00000| Untracked 
|  78|0x0000000084e00000, 0x0000000084f00000, 0x0000000084f00000|100%| O|  |TAMS 0x0000000084f00000, 0x0000000084e00000| Untracked 
|  79|0x0000000084f00000, 0x0000000085000000, 0x0000000085000000|100%| O|  |TAMS 0x0000000085000000, 0x0000000084f00000| Untracked 
|  80|0x0000000085000000, 0x0000000085100000, 0x0000000085100000|100%| O|  |TAMS 0x0000000085100000, 0x0000000085000000| Untracked 
|  81|0x0000000085100000, 0x0000000085200000, 0x0000000085200000|100%| O|  |TAMS 0x0000000085200000, 0x0000000085100000| Untracked 
|  82|0x0000000085200000, 0x0000000085300000, 0x0000000085300000|100%| O|  |TAMS 0x0000000085300000, 0x0000000085200000| Untracked 
|  83|0x0000000085300000, 0x0000000085400000, 0x0000000085400000|100%| O|  |TAMS 0x0000000085400000, 0x0000000085300000| Untracked 
|  84|0x0000000085400000, 0x0000000085500000, 0x0000000085500000|100%| O|  |TAMS 0x0000000085500000, 0x0000000085400000| Untracked 
|  85|0x0000000085500000, 0x0000000085600000, 0x0000000085600000|100%| O|  |TAMS 0x0000000085600000, 0x0000000085500000| Untracked 
|  86|0x0000000085600000, 0x0000000085700000, 0x0000000085700000|100%| O|  |TAMS 0x0000000085700000, 0x0000000085600000| Untracked 
|  87|0x0000000085700000, 0x0000000085800000, 0x0000000085800000|100%| O|  |TAMS 0x0000000085800000, 0x0000000085700000| Untracked 
|  88|0x0000000085800000, 0x0000000085900000, 0x0000000085900000|100%| O|  |TAMS 0x0000000085900000, 0x0000000085800000| Untracked 
|  89|0x0000000085900000, 0x0000000085a00000, 0x0000000085a00000|100%| O|  |TAMS 0x0000000085a00000, 0x0000000085900000| Untracked 
|  90|0x0000000085a00000, 0x0000000085b00000, 0x0000000085b00000|100%| O|  |TAMS 0x0000000085b00000, 0x0000000085a00000| Untracked 
|  91|0x0000000085b00000, 0x0000000085c00000, 0x0000000085c00000|100%| O|  |TAMS 0x0000000085c00000, 0x0000000085b00000| Untracked 
|  92|0x0000000085c00000, 0x0000000085d00000, 0x0000000085d00000|100%| O|  |TAMS 0x0000000085d00000, 0x0000000085c00000| Untracked 
|  93|0x0000000085d00000, 0x0000000085e00000, 0x0000000085e00000|100%| O|  |TAMS 0x0000000085e00000, 0x0000000085d00000| Untracked 
|  94|0x0000000085e00000, 0x0000000085f00000, 0x0000000085f00000|100%| O|  |TAMS 0x0000000085f00000, 0x0000000085e00000| Untracked 
|  95|0x0000000085f00000, 0x0000000086000000, 0x0000000086000000|100%| O|  |TAMS 0x0000000086000000, 0x0000000085f00000| Untracked 
|  96|0x0000000086000000, 0x0000000086100000, 0x0000000086100000|100%| O|  |TAMS 0x0000000086100000, 0x0000000086000000| Untracked 
|  97|0x0000000086100000, 0x0000000086200000, 0x0000000086200000|100%| O|  |TAMS 0x0000000086200000, 0x0000000086100000| Untracked 
|  98|0x0000000086200000, 0x0000000086300000, 0x0000000086300000|100%| O|  |TAMS 0x0000000086300000, 0x0000000086200000| Untracked 
|  99|0x0000000086300000, 0x0000000086400000, 0x0000000086400000|100%| O|  |TAMS 0x0000000086400000, 0x0000000086300000| Untracked 
| 100|0x0000000086400000, 0x0000000086500000, 0x0000000086500000|100%| O|  |TAMS 0x0000000086500000, 0x0000000086400000| Untracked 
| 101|0x0000000086500000, 0x0000000086600000, 0x0000000086600000|100%| O|  |TAMS 0x0000000086500000, 0x0000000086500000| Untracked 
| 102|0x0000000086600000, 0x0000000086700000, 0x0000000086700000|100%|HS|  |TAMS 0x0000000086600000, 0x0000000086600000| Complete 
| 103|0x0000000086700000, 0x0000000086800000, 0x0000000086800000|100%|HS|  |TAMS 0x0000000086700000, 0x0000000086700000| Complete 
| 104|0x0000000086800000, 0x0000000086900000, 0x0000000086900000|100%| O|  |TAMS 0x00000000868a3000, 0x0000000086800000| Untracked 
| 105|0x0000000086900000, 0x0000000086a00000, 0x0000000086a00000|100%| O|  |TAMS 0x0000000086a00000, 0x0000000086900000| Untracked 
| 106|0x0000000086a00000, 0x0000000086b00000, 0x0000000086b00000|100%| O|  |TAMS 0x0000000086b00000, 0x0000000086a00000| Untracked 
| 107|0x0000000086b00000, 0x0000000086c00000, 0x0000000086c00000|100%|HS|  |TAMS 0x0000000086b00000, 0x0000000086b00000| Complete 
| 108|0x0000000086c00000, 0x0000000086d00000, 0x0000000086d00000|100%|HS|  |TAMS 0x0000000086c00000, 0x0000000086c00000| Complete 
| 109|0x0000000086d00000, 0x0000000086e00000, 0x0000000086e00000|100%| O|  |TAMS 0x0000000086e00000, 0x0000000086d00000| Untracked 
| 110|0x0000000086e00000, 0x0000000086f00000, 0x0000000086f00000|100%| O|  |TAMS 0x0000000086f00000, 0x0000000086e00000| Untracked 
| 111|0x0000000086f00000, 0x0000000087000000, 0x0000000087000000|100%| O|  |TAMS 0x0000000087000000, 0x0000000086f00000| Untracked 
| 112|0x0000000087000000, 0x0000000087100000, 0x0000000087100000|100%| O|  |TAMS 0x0000000087100000, 0x0000000087000000| Untracked 
| 113|0x0000000087100000, 0x0000000087200000, 0x0000000087200000|100%| O|  |TAMS 0x0000000087200000, 0x0000000087100000| Untracked 
| 114|0x0000000087200000, 0x0000000087300000, 0x0000000087300000|100%| O|  |TAMS 0x0000000087300000, 0x0000000087200000| Untracked 
| 115|0x0000000087300000, 0x0000000087400000, 0x0000000087400000|100%| O|  |TAMS 0x0000000087400000, 0x0000000087300000| Untracked 
| 116|0x0000000087400000, 0x0000000087500000, 0x0000000087500000|100%| O|  |TAMS 0x0000000087500000, 0x0000000087400000| Untracked 
| 117|0x0000000087500000, 0x0000000087600000, 0x0000000087600000|100%| O|  |TAMS 0x0000000087600000, 0x0000000087500000| Untracked 
| 118|0x0000000087600000, 0x0000000087700000, 0x0000000087700000|100%| O|  |TAMS 0x0000000087700000, 0x0000000087600000| Untracked 
| 119|0x0000000087700000, 0x0000000087800000, 0x0000000087800000|100%| O|  |TAMS 0x0000000087800000, 0x0000000087700000| Untracked 
| 120|0x0000000087800000, 0x0000000087900000, 0x0000000087900000|100%|HS|  |TAMS 0x0000000087800000, 0x0000000087800000| Complete 
| 121|0x0000000087900000, 0x0000000087a00000, 0x0000000087a00000|100%|HC|  |TAMS 0x0000000087900000, 0x0000000087900000| Complete 
| 122|0x0000000087a00000, 0x0000000087b00000, 0x0000000087b00000|100%|HC|  |TAMS 0x0000000087a00000, 0x0000000087a00000| Complete 
| 123|0x0000000087b00000, 0x0000000087c00000, 0x0000000087c00000|100%| O|  |TAMS 0x0000000087b00000, 0x0000000087b00000| Untracked 
| 124|0x0000000087c00000, 0x0000000087d00000, 0x0000000087d00000|100%| O|  |TAMS 0x0000000087c00000, 0x0000000087c00000| Untracked 
| 125|0x0000000087d00000, 0x0000000087e00000, 0x0000000087e00000|100%|HS|  |TAMS 0x0000000087d00000, 0x0000000087d00000| Complete 
| 126|0x0000000087e00000, 0x0000000087f00000, 0x0000000087f00000|100%|HC|  |TAMS 0x0000000087e00000, 0x0000000087e00000| Complete 
| 127|0x0000000087f00000, 0x0000000088000000, 0x0000000088000000|100%| O|  |TAMS 0x0000000087f00000, 0x0000000087f00000| Untracked 
| 128|0x0000000088000000, 0x0000000088100000, 0x0000000088100000|100%| O|  |TAMS 0x0000000088000000, 0x0000000088000000| Untracked 
| 129|0x0000000088100000, 0x0000000088200000, 0x0000000088200000|100%|HS|  |TAMS 0x0000000088100000, 0x0000000088100000| Complete 
| 130|0x0000000088200000, 0x0000000088300000, 0x0000000088300000|100%|HC|  |TAMS 0x0000000088200000, 0x0000000088200000| Complete 
| 131|0x0000000088300000, 0x0000000088400000, 0x0000000088400000|100%| O|  |TAMS 0x0000000088300000, 0x0000000088300000| Untracked 
| 132|0x0000000088400000, 0x0000000088500000, 0x0000000088500000|100%|HS|  |TAMS 0x0000000088400000, 0x0000000088400000| Complete 
| 133|0x0000000088500000, 0x0000000088600000, 0x0000000088600000|100%| O|  |TAMS 0x0000000088500000, 0x0000000088500000| Untracked 
| 134|0x0000000088600000, 0x0000000088700000, 0x0000000088700000|100%|HS|  |TAMS 0x0000000088600000, 0x0000000088600000| Complete 
| 135|0x0000000088700000, 0x0000000088800000, 0x0000000088800000|100%| O|  |TAMS 0x0000000088700000, 0x0000000088700000| Untracked 
| 136|0x0000000088800000, 0x0000000088900000, 0x0000000088900000|100%| O|  |TAMS 0x0000000088800000, 0x0000000088800000| Untracked 
| 137|0x0000000088900000, 0x0000000088a00000, 0x0000000088a00000|100%| O|  |TAMS 0x0000000088900000, 0x0000000088900000| Untracked 
| 138|0x0000000088a00000, 0x0000000088b00000, 0x0000000088b00000|100%|HS|  |TAMS 0x0000000088a00000, 0x0000000088a00000| Complete 
| 139|0x0000000088b00000, 0x0000000088c00000, 0x0000000088c00000|100%|HC|  |TAMS 0x0000000088b00000, 0x0000000088b00000| Complete 
| 140|0x0000000088c00000, 0x0000000088d00000, 0x0000000088d00000|100%|HC|  |TAMS 0x0000000088c00000, 0x0000000088c00000| Complete 
| 141|0x0000000088d00000, 0x0000000088e00000, 0x0000000088e00000|100%| O|  |TAMS 0x0000000088d00000, 0x0000000088d00000| Untracked 
| 142|0x0000000088e00000, 0x0000000088f00000, 0x0000000088f00000|100%| O|  |TAMS 0x0000000088e00000, 0x0000000088e00000| Untracked 
| 143|0x0000000088f00000, 0x0000000089000000, 0x0000000089000000|100%|HS|  |TAMS 0x0000000088f00000, 0x0000000088f00000| Complete 
| 144|0x0000000089000000, 0x0000000089100000, 0x0000000089100000|100%|HC|  |TAMS 0x0000000089000000, 0x0000000089000000| Complete 
| 145|0x0000000089100000, 0x0000000089200000, 0x0000000089200000|100%|HS|  |TAMS 0x0000000089100000, 0x0000000089100000| Complete 
| 146|0x0000000089200000, 0x0000000089300000, 0x0000000089300000|100%|HS|  |TAMS 0x0000000089200000, 0x0000000089200000| Complete 
| 147|0x0000000089300000, 0x0000000089300000, 0x0000000089400000|  0%| F|  |TAMS 0x0000000089300000, 0x0000000089300000| Untracked 
| 148|0x0000000089400000, 0x0000000089400000, 0x0000000089500000|  0%| F|  |TAMS 0x0000000089400000, 0x0000000089400000| Untracked 
| 149|0x0000000089500000, 0x0000000089500000, 0x0000000089600000|  0%| F|  |TAMS 0x0000000089500000, 0x0000000089500000| Untracked 
| 150|0x0000000089600000, 0x0000000089600000, 0x0000000089700000|  0%| F|  |TAMS 0x0000000089600000, 0x0000000089600000| Untracked 
| 151|0x0000000089700000, 0x0000000089800000, 0x0000000089800000|100%| O|  |TAMS 0x0000000089700000, 0x0000000089700000| Untracked 
| 152|0x0000000089800000, 0x0000000089900000, 0x0000000089900000|100%| O|  |TAMS 0x0000000089800000, 0x0000000089800000| Untracked 
| 153|0x0000000089900000, 0x0000000089a00000, 0x0000000089a00000|100%| O|  |TAMS 0x0000000089900000, 0x0000000089900000| Untracked 
| 154|0x0000000089a00000, 0x0000000089b00000, 0x0000000089b00000|100%| O|  |TAMS 0x0000000089a00000, 0x0000000089a00000| Untracked 
| 155|0x0000000089b00000, 0x0000000089c00000, 0x0000000089c00000|100%| O|  |TAMS 0x0000000089b00000, 0x0000000089b00000| Untracked 
| 156|0x0000000089c00000, 0x0000000089cf8e00, 0x0000000089d00000| 97%| O|  |TAMS 0x0000000089c00000, 0x0000000089c00000| Untracked 
| 157|0x0000000089d00000, 0x0000000089d00000, 0x0000000089e00000|  0%| F|  |TAMS 0x0000000089d00000, 0x0000000089d00000| Untracked 
| 158|0x0000000089e00000, 0x0000000089e00000, 0x0000000089f00000|  0%| F|  |TAMS 0x0000000089e00000, 0x0000000089e00000| Untracked 
| 159|0x0000000089f00000, 0x0000000089f00000, 0x000000008a000000|  0%| F|  |TAMS 0x0000000089f00000, 0x0000000089f00000| Untracked 
| 160|0x000000008a000000, 0x000000008a000000, 0x000000008a100000|  0%| F|  |TAMS 0x000000008a000000, 0x000000008a000000| Untracked 
| 161|0x000000008a100000, 0x000000008a100000, 0x000000008a200000|  0%| F|  |TAMS 0x000000008a100000, 0x000000008a100000| Untracked 
| 162|0x000000008a200000, 0x000000008a200000, 0x000000008a300000|  0%| F|  |TAMS 0x000000008a200000, 0x000000008a200000| Untracked 
| 163|0x000000008a300000, 0x000000008a300000, 0x000000008a400000|  0%| F|  |TAMS 0x000000008a300000, 0x000000008a300000| Untracked 
| 164|0x000000008a400000, 0x000000008a400000, 0x000000008a500000|  0%| F|  |TAMS 0x000000008a400000, 0x000000008a400000| Untracked 
| 165|0x000000008a500000, 0x000000008a500000, 0x000000008a600000|  0%| F|  |TAMS 0x000000008a500000, 0x000000008a500000| Untracked 
| 166|0x000000008a600000, 0x000000008a600000, 0x000000008a700000|  0%| F|  |TAMS 0x000000008a600000, 0x000000008a600000| Untracked 
| 167|0x000000008a700000, 0x000000008a700000, 0x000000008a800000|  0%| F|  |TAMS 0x000000008a700000, 0x000000008a700000| Untracked 
| 168|0x000000008a800000, 0x000000008a800000, 0x000000008a900000|  0%| F|  |TAMS 0x000000008a800000, 0x000000008a800000| Untracked 
| 169|0x000000008a900000, 0x000000008a900000, 0x000000008aa00000|  0%| F|  |TAMS 0x000000008a900000, 0x000000008a900000| Untracked 
| 170|0x000000008aa00000, 0x000000008aa00000, 0x000000008ab00000|  0%| F|  |TAMS 0x000000008aa00000, 0x000000008aa00000| Untracked 
| 171|0x000000008ab00000, 0x000000008ab00000, 0x000000008ac00000|  0%| F|  |TAMS 0x000000008ab00000, 0x000000008ab00000| Untracked 
| 172|0x000000008ac00000, 0x000000008ac00000, 0x000000008ad00000|  0%| F|  |TAMS 0x000000008ac00000, 0x000000008ac00000| Untracked 
| 173|0x000000008ad00000, 0x000000008ae00000, 0x000000008ae00000|100%| S|CS|TAMS 0x000000008ad00000, 0x000000008ad00000| Complete 
| 174|0x000000008ae00000, 0x000000008af00000, 0x000000008af00000|100%| S|CS|TAMS 0x000000008ae00000, 0x000000008ae00000| Complete 
| 175|0x000000008af00000, 0x000000008b000000, 0x000000008b000000|100%| S|CS|TAMS 0x000000008af00000, 0x000000008af00000| Complete 
| 176|0x000000008b000000, 0x000000008b100000, 0x000000008b100000|100%| S|CS|TAMS 0x000000008b000000, 0x000000008b000000| Complete 
| 177|0x000000008b100000, 0x000000008b200000, 0x000000008b200000|100%| S|CS|TAMS 0x000000008b100000, 0x000000008b100000| Complete 
| 178|0x000000008b200000, 0x000000008b300000, 0x000000008b300000|100%| S|CS|TAMS 0x000000008b200000, 0x000000008b200000| Complete 
| 179|0x000000008b300000, 0x000000008b400000, 0x000000008b400000|100%| S|CS|TAMS 0x000000008b300000, 0x000000008b300000| Complete 
| 180|0x000000008b400000, 0x000000008b400000, 0x000000008b500000|  0%| F|  |TAMS 0x000000008b400000, 0x000000008b400000| Untracked 
| 181|0x000000008b500000, 0x000000008b500000, 0x000000008b600000|  0%| F|  |TAMS 0x000000008b500000, 0x000000008b500000| Untracked 
| 182|0x000000008b600000, 0x000000008b600000, 0x000000008b700000|  0%| F|  |TAMS 0x000000008b600000, 0x000000008b600000| Untracked 
| 183|0x000000008b700000, 0x000000008b700000, 0x000000008b800000|  0%| F|  |TAMS 0x000000008b700000, 0x000000008b700000| Untracked 
| 184|0x000000008b800000, 0x000000008b800000, 0x000000008b900000|  0%| F|  |TAMS 0x000000008b800000, 0x000000008b800000| Untracked 
| 185|0x000000008b900000, 0x000000008b900000, 0x000000008ba00000|  0%| F|  |TAMS 0x000000008b900000, 0x000000008b900000| Untracked 
| 186|0x000000008ba00000, 0x000000008ba00000, 0x000000008bb00000|  0%| F|  |TAMS 0x000000008ba00000, 0x000000008ba00000| Untracked 
| 187|0x000000008bb00000, 0x000000008bb00000, 0x000000008bc00000|  0%| F|  |TAMS 0x000000008bb00000, 0x000000008bb00000| Untracked 
| 188|0x000000008bc00000, 0x000000008bc00000, 0x000000008bd00000|  0%| F|  |TAMS 0x000000008bc00000, 0x000000008bc00000| Untracked 
| 189|0x000000008bd00000, 0x000000008bd00000, 0x000000008be00000|  0%| F|  |TAMS 0x000000008bd00000, 0x000000008bd00000| Untracked 
| 190|0x000000008be00000, 0x000000008be00000, 0x000000008bf00000|  0%| F|  |TAMS 0x000000008be00000, 0x000000008be00000| Untracked 
| 191|0x000000008bf00000, 0x000000008bf00000, 0x000000008c000000|  0%| F|  |TAMS 0x000000008bf00000, 0x000000008bf00000| Untracked 
| 192|0x000000008c000000, 0x000000008c000000, 0x000000008c100000|  0%| F|  |TAMS 0x000000008c000000, 0x000000008c000000| Untracked 
| 193|0x000000008c100000, 0x000000008c100000, 0x000000008c200000|  0%| F|  |TAMS 0x000000008c100000, 0x000000008c100000| Untracked 
| 194|0x000000008c200000, 0x000000008c200000, 0x000000008c300000|  0%| F|  |TAMS 0x000000008c200000, 0x000000008c200000| Untracked 
| 195|0x000000008c300000, 0x000000008c300000, 0x000000008c400000|  0%| F|  |TAMS 0x000000008c300000, 0x000000008c300000| Untracked 
| 196|0x000000008c400000, 0x000000008c400000, 0x000000008c500000|  0%| F|  |TAMS 0x000000008c400000, 0x000000008c400000| Untracked 
| 197|0x000000008c500000, 0x000000008c500000, 0x000000008c600000|  0%| F|  |TAMS 0x000000008c500000, 0x000000008c500000| Untracked 
| 198|0x000000008c600000, 0x000000008c600000, 0x000000008c700000|  0%| F|  |TAMS 0x000000008c600000, 0x000000008c600000| Untracked 
| 199|0x000000008c700000, 0x000000008c700000, 0x000000008c800000|  0%| F|  |TAMS 0x000000008c700000, 0x000000008c700000| Untracked 
| 200|0x000000008c800000, 0x000000008c800000, 0x000000008c900000|  0%| F|  |TAMS 0x000000008c800000, 0x000000008c800000| Untracked 
| 201|0x000000008c900000, 0x000000008c900000, 0x000000008ca00000|  0%| F|  |TAMS 0x000000008c900000, 0x000000008c900000| Untracked 
| 202|0x000000008ca00000, 0x000000008ca00000, 0x000000008cb00000|  0%| F|  |TAMS 0x000000008ca00000, 0x000000008ca00000| Untracked 
| 203|0x000000008cb00000, 0x000000008cb00000, 0x000000008cc00000|  0%| F|  |TAMS 0x000000008cb00000, 0x000000008cb00000| Untracked 
| 204|0x000000008cc00000, 0x000000008cc00000, 0x000000008cd00000|  0%| F|  |TAMS 0x000000008cc00000, 0x000000008cc00000| Untracked 
| 205|0x000000008cd00000, 0x000000008cd00000, 0x000000008ce00000|  0%| F|  |TAMS 0x000000008cd00000, 0x000000008cd00000| Untracked 
| 206|0x000000008ce00000, 0x000000008ce00000, 0x000000008cf00000|  0%| F|  |TAMS 0x000000008ce00000, 0x000000008ce00000| Untracked 
| 207|0x000000008cf00000, 0x000000008cf00000, 0x000000008d000000|  0%| F|  |TAMS 0x000000008cf00000, 0x000000008cf00000| Untracked 
| 208|0x000000008d000000, 0x000000008d000000, 0x000000008d100000|  0%| F|  |TAMS 0x000000008d000000, 0x000000008d000000| Untracked 
| 209|0x000000008d100000, 0x000000008d100000, 0x000000008d200000|  0%| F|  |TAMS 0x000000008d100000, 0x000000008d100000| Untracked 
| 210|0x000000008d200000, 0x000000008d200000, 0x000000008d300000|  0%| F|  |TAMS 0x000000008d200000, 0x000000008d200000| Untracked 
| 211|0x000000008d300000, 0x000000008d300000, 0x000000008d400000|  0%| F|  |TAMS 0x000000008d300000, 0x000000008d300000| Untracked 
| 212|0x000000008d400000, 0x000000008d400000, 0x000000008d500000|  0%| F|  |TAMS 0x000000008d400000, 0x000000008d400000| Untracked 
| 213|0x000000008d500000, 0x000000008d500000, 0x000000008d600000|  0%| F|  |TAMS 0x000000008d500000, 0x000000008d500000| Untracked 
| 214|0x000000008d600000, 0x000000008d600000, 0x000000008d700000|  0%| F|  |TAMS 0x000000008d600000, 0x000000008d600000| Untracked 
| 215|0x000000008d700000, 0x000000008d700000, 0x000000008d800000|  0%| F|  |TAMS 0x000000008d700000, 0x000000008d700000| Untracked 
| 216|0x000000008d800000, 0x000000008d800000, 0x000000008d900000|  0%| F|  |TAMS 0x000000008d800000, 0x000000008d800000| Untracked 
| 217|0x000000008d900000, 0x000000008d900000, 0x000000008da00000|  0%| F|  |TAMS 0x000000008d900000, 0x000000008d900000| Untracked 
| 218|0x000000008da00000, 0x000000008da00000, 0x000000008db00000|  0%| F|  |TAMS 0x000000008da00000, 0x000000008da00000| Untracked 
| 219|0x000000008db00000, 0x000000008db00000, 0x000000008dc00000|  0%| F|  |TAMS 0x000000008db00000, 0x000000008db00000| Untracked 
| 220|0x000000008dc00000, 0x000000008dc00000, 0x000000008dd00000|  0%| F|  |TAMS 0x000000008dc00000, 0x000000008dc00000| Untracked 
| 221|0x000000008dd00000, 0x000000008dd00000, 0x000000008de00000|  0%| F|  |TAMS 0x000000008dd00000, 0x000000008dd00000| Untracked 
| 222|0x000000008de00000, 0x000000008de00000, 0x000000008df00000|  0%| F|  |TAMS 0x000000008de00000, 0x000000008de00000| Untracked 
| 223|0x000000008df00000, 0x000000008df00000, 0x000000008e000000|  0%| F|  |TAMS 0x000000008df00000, 0x000000008df00000| Untracked 
| 224|0x000000008e000000, 0x000000008e000000, 0x000000008e100000|  0%| F|  |TAMS 0x000000008e000000, 0x000000008e000000| Untracked 
| 225|0x000000008e100000, 0x000000008e200000, 0x000000008e200000|100%| O|  |TAMS 0x000000008e100000, 0x000000008e100000| Untracked 
| 226|0x000000008e200000, 0x000000008e300000, 0x000000008e300000|100%| O|  |TAMS 0x000000008e200000, 0x000000008e200000| Untracked 
| 227|0x000000008e300000, 0x000000008e400000, 0x000000008e400000|100%| O|  |TAMS 0x000000008e300000, 0x000000008e300000| Untracked 
| 228|0x000000008e400000, 0x000000008e500000, 0x000000008e500000|100%| O|  |TAMS 0x000000008e400000, 0x000000008e400000| Untracked 
| 229|0x000000008e500000, 0x000000008e600000, 0x000000008e600000|100%| O|  |TAMS 0x000000008e500000, 0x000000008e500000| Untracked 
| 230|0x000000008e600000, 0x000000008e700000, 0x000000008e700000|100%| O|  |TAMS 0x000000008e600000, 0x000000008e600000| Untracked 
| 231|0x000000008e700000, 0x000000008e800000, 0x000000008e800000|100%| O|  |TAMS 0x000000008e700000, 0x000000008e700000| Untracked 
| 232|0x000000008e800000, 0x000000008e900000, 0x000000008e900000|100%| O|  |TAMS 0x000000008e800000, 0x000000008e800000| Untracked 
| 233|0x000000008e900000, 0x000000008ea00000, 0x000000008ea00000|100%| O|  |TAMS 0x000000008e900000, 0x000000008e900000| Untracked 
| 234|0x000000008ea00000, 0x000000008eb00000, 0x000000008eb00000|100%| O|  |TAMS 0x000000008ea00000, 0x000000008ea00000| Untracked 
| 235|0x000000008eb00000, 0x000000008ec00000, 0x000000008ec00000|100%| O|  |TAMS 0x000000008eb00000, 0x000000008eb00000| Untracked 
| 236|0x000000008ec00000, 0x000000008ed00000, 0x000000008ed00000|100%| O|  |TAMS 0x000000008ec00000, 0x000000008ec00000| Untracked 
| 237|0x000000008ed00000, 0x000000008ee00000, 0x000000008ee00000|100%| O|  |TAMS 0x000000008ed00000, 0x000000008ed00000| Untracked 

Card table byte_map: [0x000001db15a90000,0x000001db15e90000] _byte_map_base: 0x000001db15690000

Marking Bits (Prev, Next): (CMBitMap*) 0x000001db0093d958, (CMBitMap*) 0x000001db0093d990
 Prev Bits: [0x000001db16290000, 0x000001db18290000)
 Next Bits: [0x000001db18290000, 0x000001db1a290000)

Polling page: 0x000001db009e0000

Metaspace:

Usage:
  Non-class:     89.28 MB capacity,    87.63 MB ( 98%) used,     1.33 MB (  1%) free+waste,   337.19 KB ( <1%) overhead. 
      Class:     13.98 MB capacity,    12.99 MB ( 93%) used,   864.25 KB (  6%) free+waste,   149.13 KB (  1%) overhead. 
       Both:    103.26 MB capacity,   100.62 MB ( 97%) used,     2.17 MB (  2%) free+waste,   486.31 KB ( <1%) overhead. 

Virtual space:
  Non-class space:       90.00 MB reserved,      89.50 MB (>99%) committed 
      Class space:        1.00 GB reserved,      14.00 MB (  1%) committed 
             Both:        1.09 GB reserved,     103.50 MB (  9%) committed 

Chunk freelists:
   Non-Class:  30.00 KB
       Class:  0 bytes
        Both:  30.00 KB

MaxMetaspaceSize: 17179869184.00 GB
CompressedClassSpaceSize: 1.00 GB

CodeHeap 'non-profiled nmethods': size=120000Kb used=6273Kb max_used=6273Kb free=113726Kb
 bounds [0x000001db0d6e0000, 0x000001db0dd10000, 0x000001db14c10000]
CodeHeap 'profiled nmethods': size=120000Kb used=36284Kb max_used=36284Kb free=83715Kb
 bounds [0x000001db061b0000, 0x000001db08520000, 0x000001db0d6e0000]
CodeHeap 'non-nmethods': size=5760Kb used=2320Kb max_used=2369Kb free=3439Kb
 bounds [0x000001db05c10000, 0x000001db05e80000, 0x000001db061b0000]
 total_blobs=15693 nmethods=14779 adapters=823
 compilation: enabled
              stopped_count=0, restarted_count=0
 full_count=0

Compilation events (20 events):
Event: 29.920 Thread 0x000001db1cd85800 nmethod 15199 0x000001db0dcff510 code [0x000001db0dcff6c0, 0x000001db0dcff758]
Event: 29.920 Thread 0x000001db1cd85800 15227       1       com.android.tools.r8.graph.f0::k0 (2 bytes)
Event: 29.920 Thread 0x000001db1cd85800 nmethod 15227 0x000001db0dcff810 code [0x000001db0dcff9c0, 0x000001db0dcffa78]
Event: 29.920 Thread 0x000001db1cd85800 15313       2       com.android.tools.r8.graph.r::a (77 bytes)
Event: 29.920 Thread 0x000001db1cd85800 nmethod 15313 0x000001db0851e290 code [0x000001db0851e440, 0x000001db0851e578]
Event: 29.920 Thread 0x000001db1cd85800 15312       2       com.android.tools.r8.internal.ue::a (15 bytes)
Event: 29.921 Thread 0x000001db1cd85800 nmethod 15312 0x000001db0851e690 code [0x000001db0851e840, 0x000001db0851e958]
Event: 29.921 Thread 0x000001db1cd85800 15315       2       com.android.tools.r8.graph.E$a::hashCode (21 bytes)
Event: 29.921 Thread 0x000001db1cd85800 nmethod 15315 0x000001db0851ea10 code [0x000001db0851ebc0, 0x000001db0851ecd8]
Event: 29.921 Thread 0x000001db1cd85800 15314       2       com.android.tools.r8.graph.f0$v::Y (2 bytes)
Event: 29.921 Thread 0x000001db1cd85800 nmethod 15314 0x000001db0851ed90 code [0x000001db0851ef40, 0x000001db0851f038]
Event: 29.921 Thread 0x000001db1cd85800 15221       1       com.android.tools.r8.graph.f0$u::k0 (2 bytes)
Event: 29.921 Thread 0x000001db1cd85800 nmethod 15221 0x000001db0dcffb10 code [0x000001db0dcffcc0, 0x000001db0dcffd78]
Event: 29.921 Thread 0x000001db1cd85800 15222       1       com.android.tools.r8.graph.f0$w::p0 (5 bytes)
Event: 29.921 Thread 0x000001db1cd85800 nmethod 15222 0x000001db0dcffe10 code [0x000001db0dcfffc0, 0x000001db0dd00078]
Event: 29.921 Thread 0x000001db1cd85800 15223       1       com.android.tools.r8.internal.Cv::a (6 bytes)
Event: 29.921 Thread 0x000001db1cd85800 nmethod 15223 0x000001db0dd00110 code [0x000001db0dd002c0, 0x000001db0dd003b8]
Event: 29.921 Thread 0x000001db1cd85800 15244       1       com.android.tools.r8.graph.f0$d::p0 (5 bytes)
Event: 29.921 Thread 0x000001db1cd85800 nmethod 15244 0x000001db0dd00410 code [0x000001db0dd005c0, 0x000001db0dd00678]
Event: 29.921 Thread 0x000001db1cd85800 15317       2       com.android.tools.r8.dex.j$b::<init> (60 bytes)

GC Heap History (20 events):
Event: 26.413 GC heap after
{Heap after GC invocations=82 (full 0):
 garbage-first heap   total 225280K, used 121334K [0x0000000080000000, 0x0000000100000000)
  region size 1024K, 2 young (2048K), 2 survivors (2048K)
 Metaspace       used 99010K, capacity 101391K, committed 101632K, reserved 1136640K
  class space    used 12821K, capacity 13750K, committed 13824K, reserved 1048576K
}
Event: 26.814 GC heap before
{Heap before GC invocations=83 (full 0):
 garbage-first heap   total 225280K, used 193014K [0x0000000080000000, 0x0000000100000000)
  region size 1024K, 72 young (73728K), 2 survivors (2048K)
 Metaspace       used 99017K, capacity 101392K, committed 101632K, reserved 1136640K
  class space    used 12821K, capacity 13750K, committed 13824K, reserved 1048576K
}
Event: 26.819 GC heap after
{Heap after GC invocations=84 (full 0):
 garbage-first heap   total 225280K, used 121961K [0x0000000080000000, 0x0000000100000000)
  region size 1024K, 2 young (2048K), 2 survivors (2048K)
 Metaspace       used 99017K, capacity 101392K, committed 101632K, reserved 1136640K
  class space    used 12821K, capacity 13750K, committed 13824K, reserved 1048576K
}
Event: 26.871 GC heap before
{Heap before GC invocations=84 (full 0):
 garbage-first heap   total 225280K, used 131177K [0x0000000080000000, 0x0000000100000000)
  region size 1024K, 11 young (11264K), 2 survivors (2048K)
 Metaspace       used 99019K, capacity 101392K, committed 101632K, reserved 1136640K
  class space    used 12821K, capacity 13750K, committed 13824K, reserved 1048576K
}
Event: 26.876 GC heap after
{Heap after GC invocations=85 (full 0):
 garbage-first heap   total 225280K, used 120170K [0x0000000080000000, 0x0000000100000000)
  region size 1024K, 1 young (1024K), 1 survivors (1024K)
 Metaspace       used 99019K, capacity 101392K, committed 101632K, reserved 1136640K
  class space    used 12821K, capacity 13750K, committed 13824K, reserved 1048576K
}
Event: 27.295 GC heap before
{Heap before GC invocations=85 (full 0):
 garbage-first heap   total 225280K, used 192874K [0x0000000080000000, 0x0000000100000000)
  region size 1024K, 72 young (73728K), 1 survivors (1024K)
 Metaspace       used 99043K, capacity 101456K, committed 101632K, reserved 1136640K
  class space    used 12821K, capacity 13750K, committed 13824K, reserved 1048576K
}
Event: 27.301 GC heap after
{Heap after GC invocations=86 (full 0):
 garbage-first heap   total 225280K, used 121028K [0x0000000080000000, 0x0000000100000000)
  region size 1024K, 2 young (2048K), 2 survivors (2048K)
 Metaspace       used 99043K, capacity 101456K, committed 101632K, reserved 1136640K
  class space    used 12821K, capacity 13750K, committed 13824K, reserved 1048576K
}
Event: 27.785 GC heap before
{Heap before GC invocations=87 (full 0):
 garbage-first heap   total 225280K, used 193732K [0x0000000080000000, 0x0000000100000000)
  region size 1024K, 73 young (74752K), 2 survivors (2048K)
 Metaspace       used 99050K, capacity 101456K, committed 101632K, reserved 1136640K
  class space    used 12821K, capacity 13750K, committed 13824K, reserved 1048576K
}
Event: 27.791 GC heap after
{Heap after GC invocations=88 (full 0):
 garbage-first heap   total 225280K, used 121704K [0x0000000080000000, 0x0000000100000000)
  region size 1024K, 3 young (3072K), 3 survivors (3072K)
 Metaspace       used 99050K, capacity 101456K, committed 101632K, reserved 1136640K
  class space    used 12821K, capacity 13750K, committed 13824K, reserved 1048576K
}
Event: 27.832 GC heap before
{Heap before GC invocations=88 (full 0):
 garbage-first heap   total 225280K, used 129896K [0x0000000080000000, 0x0000000100000000)
  region size 1024K, 11 young (11264K), 3 survivors (3072K)
 Metaspace       used 99057K, capacity 101467K, committed 101632K, reserved 1136640K
  class space    used 12823K, capacity 13754K, committed 13824K, reserved 1048576K
}
Event: 27.837 GC heap after
{Heap after GC invocations=89 (full 0):
 garbage-first heap   total 225280K, used 120247K [0x0000000080000000, 0x0000000100000000)
  region size 1024K, 1 young (1024K), 1 survivors (1024K)
 Metaspace       used 99057K, capacity 101467K, committed 101632K, reserved 1136640K
  class space    used 12823K, capacity 13754K, committed 13824K, reserved 1048576K
}
Event: 28.226 GC heap before
{Heap before GC invocations=89 (full 0):
 garbage-first heap   total 225280K, used 192951K [0x0000000080000000, 0x0000000100000000)
  region size 1024K, 72 young (73728K), 1 survivors (1024K)
 Metaspace       used 99074K, capacity 101469K, committed 101632K, reserved 1136640K
  class space    used 12827K, capacity 13755K, committed 13824K, reserved 1048576K
}
Event: 28.231 GC heap after
{Heap after GC invocations=90 (full 0):
 garbage-first heap   total 225280K, used 120549K [0x0000000080000000, 0x0000000100000000)
  region size 1024K, 2 young (2048K), 2 survivors (2048K)
 Metaspace       used 99074K, capacity 101469K, committed 101632K, reserved 1136640K
  class space    used 12827K, capacity 13755K, committed 13824K, reserved 1048576K
}
Event: 29.149 GC heap before
{Heap before GC invocations=91 (full 0):
 garbage-first heap   total 225280K, used 194277K [0x0000000080000000, 0x0000000100000000)
  region size 1024K, 73 young (74752K), 2 survivors (2048K)
 Metaspace       used 101393K, capacity 104049K, committed 104320K, reserved 1138688K
  class space    used 13096K, capacity 14105K, committed 14208K, reserved 1048576K
}
Event: 29.158 GC heap after
{Heap after GC invocations=92 (full 0):
 garbage-first heap   total 225280K, used 119691K [0x0000000080000000, 0x0000000100000000)
  region size 1024K, 3 young (3072K), 3 survivors (3072K)
 Metaspace       used 101393K, capacity 104049K, committed 104320K, reserved 1138688K
  class space    used 13096K, capacity 14105K, committed 14208K, reserved 1048576K
}
Event: 29.271 GC heap before
{Heap before GC invocations=92 (full 0):
 garbage-first heap   total 225280K, used 135051K [0x0000000080000000, 0x0000000100000000)
  region size 1024K, 11 young (11264K), 3 survivors (3072K)
 Metaspace       used 101626K, capacity 104266K, committed 104576K, reserved 1140736K
  class space    used 13127K, capacity 14119K, committed 14208K, reserved 1048576K
}
Event: 29.279 GC heap after
{Heap after GC invocations=93 (full 0):
 garbage-first heap   total 225280K, used 127785K [0x0000000080000000, 0x0000000100000000)
  region size 1024K, 2 young (2048K), 2 survivors (2048K)
 Metaspace       used 101626K, capacity 104266K, committed 104576K, reserved 1140736K
  class space    used 13127K, capacity 14119K, committed 14208K, reserved 1048576K
}
Event: 29.677 GC heap before
{Heap before GC invocations=93 (full 0):
 garbage-first heap   total 225280K, used 219945K [0x0000000080000000, 0x0000000100000000)
  region size 1024K, 69 young (70656K), 2 survivors (2048K)
 Metaspace       used 102592K, capacity 105221K, committed 105472K, reserved 1140736K
  class space    used 13253K, capacity 14268K, committed 14336K, reserved 1048576K
}
Event: 29.706 GC heap after
{Heap after GC invocations=94 (full 0):
 garbage-first heap   total 243712K, used 162011K [0x0000000080000000, 0x0000000100000000)
  region size 1024K, 9 young (9216K), 9 survivors (9216K)
 Metaspace       used 102592K, capacity 105221K, committed 105472K, reserved 1140736K
  class space    used 13253K, capacity 14268K, committed 14336K, reserved 1048576K
}
Event: 29.922 GC heap before
{Heap before GC invocations=94 (full 0):
 garbage-first heap   total 243712K, used 201947K [0x0000000080000000, 0x0000000100000000)
  region size 1024K, 49 young (50176K), 9 survivors (9216K)
 Metaspace       used 103032K, capacity 105743K, committed 105984K, reserved 1140736K
  class space    used 13303K, capacity 14317K, committed 14336K, reserved 1048576K
}

Deoptimization events (20 events):
Event: 29.504 Thread 0x000001db24056800 DEOPT PACKING pc=0x000001db08459d8c sp=0x000000034d4fd190
Event: 29.504 Thread 0x000001db24056800 DEOPT UNPACKING pc=0x000001db05c38ede sp=0x000000034d4fc728 mode 0
Event: 29.530 Thread 0x000001db234f1800 DEOPT PACKING pc=0x000001db070f91ba sp=0x000000034cdfbbf0
Event: 29.530 Thread 0x000001db234f1800 DEOPT UNPACKING pc=0x000001db05c38ede sp=0x000000034cdfb138 mode 0
Event: 29.633 Thread 0x000001db1f6f6000 DEOPT PACKING pc=0x000001db083e5769 sp=0x000000034a9fe480
Event: 29.633 Thread 0x000001db1f6f6000 DEOPT UNPACKING pc=0x000001db05c38ede sp=0x000000034a9fd920 mode 0
Event: 29.659 Thread 0x000001db24056800 DEOPT PACKING pc=0x000001db08479f1b sp=0x000000034d4fd370
Event: 29.659 Thread 0x000001db24056800 DEOPT UNPACKING pc=0x000001db05c38ede sp=0x000000034d4fc930 mode 0
Event: 29.670 Thread 0x000001db2185f800 DEOPT PACKING pc=0x000001db071d6bb1 sp=0x000000034c1fb410
Event: 29.670 Thread 0x000001db2185f800 DEOPT UNPACKING pc=0x000001db05c38ede sp=0x000000034c1fa8d8 mode 0
Event: 29.709 Thread 0x000001db2185d800 DEOPT PACKING pc=0x000001db071d6bb1 sp=0x000000034bffb8f0
Event: 29.709 Thread 0x000001db2185d800 DEOPT UNPACKING pc=0x000001db05c38ede sp=0x000000034bffadb8 mode 0
Event: 29.856 Thread 0x000001db24052800 DEOPT PACKING pc=0x000001db084cbe60 sp=0x000000034dcfe920
Event: 29.856 Thread 0x000001db24052800 DEOPT UNPACKING pc=0x000001db05c38ede sp=0x000000034dcfdf48 mode 0
Event: 29.867 Thread 0x000001db2405c000 DEOPT PACKING pc=0x000001db084cbe60 sp=0x000000034dffed50
Event: 29.867 Thread 0x000001db2405c000 DEOPT UNPACKING pc=0x000001db05c38ede sp=0x000000034dffe378 mode 0
Event: 29.874 Thread 0x000001db24059000 DEOPT PACKING pc=0x000001db084cbe60 sp=0x000000034ddfee00
Event: 29.875 Thread 0x000001db24059000 DEOPT UNPACKING pc=0x000001db05c38ede sp=0x000000034ddfe428 mode 0
Event: 29.875 Thread 0x000001db24059000 DEOPT PACKING pc=0x000001db084c4639 sp=0x000000034ddfeb50
Event: 29.875 Thread 0x000001db24059000 DEOPT UNPACKING pc=0x000001db05c38ede sp=0x000000034ddfe210 mode 0

Classes redefined (0 events):
No events

Internal exceptions (20 events):
Event: 20.280 Thread 0x000001db2185c000 Exception <a 'java/lang/NoSuchMethodError'{0x0000000089f68548}: 'void java.lang.invoke.DirectMethodHandle$Holder.invokeVirtual(java.lang.Object, java.lang.Object, int, java.lang.Object)'> (0x0000000089f68548) thrown at [./src/hotspot/share/interpreter/linkResolver.cpp, line 773]
Event: 22.130 Thread 0x000001db2185c000 Exception <a 'java/lang/NoSuchMethodError'{0x000000008b9fed98}: 'java.lang.Object java.lang.invoke.DirectMethodHandle$Holder.invokeInterface(java.lang.Object, java.lang.Object, int)'> (0x000000008b9fed98) thrown at [./src/hotspot/share/interpreter/linkResolver.cpp, line 773]
Event: 22.535 Thread 0x000001db2185c000 Exception <a 'java/lang/NoSuchMethodError'{0x000000008c135830}: 'int java.lang.invoke.DirectMethodHandle$Holder.invokeInterface(java.lang.Object, java.lang.Object, int)'> (0x000000008c135830) thrown at [./src/hotspot/share/interpreter/linkResolver.cpp, line 773]
Event: 23.887 Thread 0x000001db2185c000 Implicit null exception at 0x000001db0dc4e8fc to 0x000001db0dc53800
Event: 28.407 Thread 0x000001db2185c000 Exception <a 'java/lang/IncompatibleClassChangeError'{0x000000008cbff168}: Found class java.lang.Object, but interface was expected> (0x000000008cbff168) thrown at [./src/hotspot/share/interpreter/linkResolver.cpp, line 839]
Event: 28.455 Thread 0x000001db2185c000 Exception <a 'java/lang/NoSuchMethodError'{0x000000008c945020}: 'void java.lang.invoke.DirectMethodHandle$Holder.invokeSpecial(java.lang.Object, java.lang.Object, int, java.lang.Object, java.lang.Object, java.lang.Object, java.lang.Object)'> (0x000000008c945020) thrown at [./src/hotspot/share/interpreter/linkResolver.cpp, line 773]
Event: 28.456 Thread 0x000001db2185c000 Exception <a 'java/lang/NoSuchMethodError'{0x000000008c950c20}: 'java.lang.Object java.lang.invoke.Invokers$Holder.linkToTargetMethod(java.lang.Object, int, java.lang.Object, java.lang.Object, java.lang.Object, java.lang.Object)'> (0x000000008c950c20) thrown at [./src/hotspot/share/interpreter/linkResolver.cpp, line 773]
Event: 28.456 Thread 0x000001db2185c000 Exception <a 'java/lang/NoSuchMethodError'{0x000000008c9550d0}: 'void java.lang.invoke.DirectMethodHandle$Holder.invokeSpecial(java.lang.Object, java.lang.Object, java.lang.Object, java.lang.Object, java.lang.Object, java.lang.Object, java.lang.Object, java.lang.Object, java.lang.Object)'> (0x000000008c9550d0) thrown at [./src/hotspot/share/interpreter/linkResolver.cpp, line 773]
Event: 28.459 Thread 0x000001db2185c000 Exception <a 'java/lang/NoSuchMethodError'{0x000000008c970400}: 'void java.lang.invoke.DirectMethodHandle$Holder.invokeStatic(java.lang.Object, java.lang.Object, java.lang.Object, java.lang.Object, java.lang.Object, java.lang.Object, java.lang.Object, java.lang.Object)'> (0x000000008c970400) thrown at [./src/hotspot/share/interpreter/linkResolver.cpp, line 773]
Event: 28.604 Thread 0x000001db2185c000 Exception <a 'java/lang/IncompatibleClassChangeError'{0x000000008ba7f238}: Found class java.lang.Object, but interface was expected> (0x000000008ba7f238) thrown at [./src/hotspot/share/interpreter/linkResolver.cpp, line 839]
Event: 28.835 Thread 0x000001db2185c000 Exception <a 'java/lang/NoSuchMethodError'{0x000000008a1afd98}: 'void java.lang.invoke.DirectMethodHandle$Holder.invokeVirtual(java.lang.Object, java.lang.Object, int)'> (0x000000008a1afd98) thrown at [./src/hotspot/share/interpreter/linkResolver.cpp, line 773]
Event: 28.949 Thread 0x000001db2185c000 Exception <a 'sun/nio/fs/WindowsException'{0x0000000089ce96d8}> (0x0000000089ce96d8) thrown at [./src/hotspot/share/prims/jni.cpp, line 615]
Event: 28.999 Thread 0x000001db2185c000 Exception <a 'java/lang/NoSuchMethodError'{0x0000000089bb2470}: 'void java.lang.invoke.DirectMethodHandle$Holder.invokeStatic(java.lang.Object, java.lang.Object, java.lang.Object, java.lang.Object, java.lang.Object, java.lang.Object, java.lang.Object)'> (0x0000000089bb2470) thrown at [./src/hotspot/share/interpreter/linkResolver.cpp, line 773]
Event: 29.196 Thread 0x000001db1f6f5800 Exception <a 'java/lang/NoSuchMethodError'{0x000000008dae1858}: <clinit>> (0x000000008dae1858) thrown at [./src/hotspot/share/prims/jni.cpp, line 1362]
Event: 29.374 Thread 0x000001db24056800 Exception <a 'sun/nio/fs/WindowsException'{0x000000008d14c260}> (0x000000008d14c260) thrown at [./src/hotspot/share/prims/jni.cpp, line 615]
Event: 29.433 Thread 0x000001db234f1800 Exception <a 'sun/nio/fs/WindowsException'{0x000000008cdc91b0}> (0x000000008cdc91b0) thrown at [./src/hotspot/share/prims/jni.cpp, line 615]
Event: 29.433 Thread 0x000001db234f1800 Exception <a 'sun/nio/fs/WindowsException'{0x000000008cdca030}> (0x000000008cdca030) thrown at [./src/hotspot/share/prims/jni.cpp, line 615]
Event: 29.433 Thread 0x000001db234f1800 Exception <a 'sun/nio/fs/WindowsException'{0x000000008cdca2e8}> (0x000000008cdca2e8) thrown at [./src/hotspot/share/prims/jni.cpp, line 615]
Event: 29.500 Thread 0x000001db234f1800 Exception <a 'sun/nio/fs/WindowsException'{0x000000008c196130}> (0x000000008c196130) thrown at [./src/hotspot/share/prims/jni.cpp, line 615]
Event: 29.500 Thread 0x000001db234f1800 Exception <a 'sun/nio/fs/WindowsException'{0x000000008c196fd0}> (0x000000008c196fd0) thrown at [./src/hotspot/share/prims/jni.cpp, line 615]

Events (20 events):
Event: 29.775 loading class com/android/tools/r8/code/I done
Event: 29.776 loading class com/android/tools/r8/code/L1
Event: 29.776 loading class com/android/tools/r8/code/L1 done
Event: 29.777 loading class java/nio/HeapShortBuffer
Event: 29.779 loading class java/nio/HeapShortBuffer done
Event: 29.779 loading class com/android/tools/r8/code/w1$a
Event: 29.779 loading class com/android/tools/r8/code/w1$a done
Event: 29.780 Executing VM operation: RevokeBias
Event: 29.780 Executing VM operation: RevokeBias done
Event: 29.781 Executing VM operation: RevokeBias
Event: 29.781 Executing coalesced safepoint VM operation: RevokeBias
Event: 29.781 Executing coalesced safepoint VM operation: RevokeBias done
Event: 29.781 Executing VM operation: RevokeBias done
Event: 29.781 Executing VM operation: RevokeBias
Event: 29.781 Executing VM operation: RevokeBias done
Event: 29.783 loading class com/android/tools/r8/internal/Sg
Event: 29.783 loading class com/android/tools/r8/internal/Sg done
Event: 29.785 Executing VM operation: RevokeBias
Event: 29.786 Executing VM operation: RevokeBias done
Event: 29.921 Executing VM operation: G1CollectForAllocation


Dynamic libraries:
0x00007ff7861d0000 - 0x00007ff7861da000 	C:\Program Files\Android\Android Studio\jre\bin\java.exe
0x00007fff21c10000 - 0x00007fff21e05000 	C:\WINDOWS\SYSTEM32\ntdll.dll
0x00007fff217d0000 - 0x00007fff2188d000 	C:\WINDOWS\System32\KERNEL32.DLL
0x00007fff1f640000 - 0x00007fff1f90d000 	C:\WINDOWS\System32\KERNELBASE.dll
0x00007fff1f9c0000 - 0x00007fff1fac0000 	C:\WINDOWS\System32\ucrtbase.dll
0x00007fff16ed0000 - 0x00007fff16ee7000 	C:\Program Files\Android\Android Studio\jre\bin\VCRUNTIME140.dll
0x00007fff166c0000 - 0x00007fff166d9000 	C:\Program Files\Android\Android Studio\jre\bin\jli.dll
0x00007fff20fb0000 - 0x00007fff21150000 	C:\WINDOWS\System32\USER32.dll
0x00007fff1f4b0000 - 0x00007fff1f4d2000 	C:\WINDOWS\System32\win32u.dll
0x00007fff01870000 - 0x00007fff01b0a000 	C:\WINDOWS\WinSxS\amd64_microsoft.windows.common-controls_6595b64144ccf1df_6.0.19041.1110_none_60b5254171f9507e\COMCTL32.dll
0x00007fff21150000 - 0x00007fff2117a000 	C:\WINDOWS\System32\GDI32.dll
0x00007fff21730000 - 0x00007fff217ce000 	C:\WINDOWS\System32\msvcrt.dll
0x00007fff1f3a0000 - 0x00007fff1f4ab000 	C:\WINDOWS\System32\gdi32full.dll
0x00007fff1fb50000 - 0x00007fff1fbed000 	C:\WINDOWS\System32\msvcp_win.dll
0x00007fff20650000 - 0x00007fff20680000 	C:\WINDOWS\System32\IMM32.DLL
0x00007ffeea230000 - 0x00007ffeea2cd000 	C:\Program Files\Android\Android Studio\jre\bin\msvcp140.dll
0x00007ffed7ef0000 - 0x00007ffed89bf000 	C:\Program Files\Android\Android Studio\jre\bin\server\jvm.dll
0x00007fff21250000 - 0x00007fff212fe000 	C:\WINDOWS\System32\ADVAPI32.dll
0x00007fff20810000 - 0x00007fff208ac000 	C:\WINDOWS\System32\sechost.dll
0x00007fff203d0000 - 0x00007fff204f5000 	C:\WINDOWS\System32\RPCRT4.dll
0x00007fff209d0000 - 0x00007fff209d8000 	C:\WINDOWS\System32\PSAPI.DLL
0x00007fff01e50000 - 0x00007fff01e59000 	C:\WINDOWS\SYSTEM32\WSOCK32.dll
0x00007fff00760000 - 0x00007fff00787000 	C:\WINDOWS\SYSTEM32\WINMM.dll
0x00007fff15f90000 - 0x00007fff15f9a000 	C:\WINDOWS\SYSTEM32\VERSION.dll
0x00007fff20f40000 - 0x00007fff20fab000 	C:\WINDOWS\System32\WS2_32.dll
0x00007fff1dc00000 - 0x00007fff1dc12000 	C:\WINDOWS\SYSTEM32\kernel.appcore.dll
0x00007fff01b50000 - 0x00007fff01b61000 	C:\Program Files\Android\Android Studio\jre\bin\verify.dll
0x00007fff1d110000 - 0x00007fff1d2f4000 	C:\WINDOWS\SYSTEM32\DBGHELP.DLL
0x00007fff07650000 - 0x00007fff0767c000 	C:\WINDOWS\SYSTEM32\dbgcore.DLL
0x00007fff1fac0000 - 0x00007fff1fb42000 	C:\WINDOWS\System32\bcryptPrimitives.dll
0x00007ffeffae0000 - 0x00007ffeffb09000 	C:\Program Files\Android\Android Studio\jre\bin\java.dll
0x00007fff01e40000 - 0x00007fff01e4b000 	C:\Program Files\Android\Android Studio\jre\bin\jimage.dll
0x00007ffeffb20000 - 0x00007ffeffb38000 	C:\Program Files\Android\Android Studio\jre\bin\zip.dll
0x00007fff1fc80000 - 0x00007fff203c4000 	C:\WINDOWS\System32\SHELL32.dll
0x00007fff1d300000 - 0x00007fff1da94000 	C:\WINDOWS\SYSTEM32\windows.storage.dll
0x00007fff213d0000 - 0x00007fff21724000 	C:\WINDOWS\System32\combase.dll
0x00007fff1ed80000 - 0x00007fff1edac000 	C:\WINDOWS\SYSTEM32\Wldp.dll
0x00007fff20760000 - 0x00007fff2080d000 	C:\WINDOWS\System32\SHCORE.dll
0x00007fff20a60000 - 0x00007fff20ab5000 	C:\WINDOWS\System32\shlwapi.dll
0x00007fff1f260000 - 0x00007fff1f27f000 	C:\WINDOWS\SYSTEM32\profapi.dll
0x00007ffeff6a0000 - 0x00007ffeff6ba000 	C:\Program Files\Android\Android Studio\jre\bin\net.dll
0x00007fff048f0000 - 0x00007fff049fa000 	C:\WINDOWS\SYSTEM32\WINHTTP.dll
0x00007fff1eae0000 - 0x00007fff1eb4a000 	C:\WINDOWS\system32\mswsock.dll
0x00007ffefef40000 - 0x00007ffefef54000 	C:\Program Files\Android\Android Studio\jre\bin\nio.dll
0x00007ffedb550000 - 0x00007ffedb577000 	C:\Users\user\.gradle\native\8bec1ad78214c89d9ad589b4d07fe93259594b29d510b10fafb7a158f7737e5d\windows-amd64\native-platform.dll
0x00007ffebabd0000 - 0x00007ffebad0d000 	C:\Users\user\.gradle\native\53dbd7edfb1c66fb8903c78663c9afc45aea4f116125fa6feffd364cf09443e8\windows-amd64\native-platform-file-events.dll
0x00007fff01d00000 - 0x00007fff01d0a000 	C:\Program Files\Android\Android Studio\jre\bin\management.dll
0x00007ffeffad0000 - 0x00007ffeffadc000 	C:\Program Files\Android\Android Studio\jre\bin\management_ext.dll
0x00007fff1ece0000 - 0x00007fff1ecf8000 	C:\WINDOWS\SYSTEM32\CRYPTSP.dll
0x00007fff1e3f0000 - 0x00007fff1e424000 	C:\WINDOWS\system32\rsaenh.dll
0x00007fff1f370000 - 0x00007fff1f397000 	C:\WINDOWS\System32\bcrypt.dll
0x00007fff1f220000 - 0x00007fff1f24e000 	C:\WINDOWS\SYSTEM32\USERENV.dll
0x00007fff1ecd0000 - 0x00007fff1ecdc000 	C:\WINDOWS\SYSTEM32\CRYPTBASE.dll
0x00007fff1e760000 - 0x00007fff1e79b000 	C:\WINDOWS\SYSTEM32\IPHLPAPI.DLL
0x00007fff21180000 - 0x00007fff21188000 	C:\WINDOWS\System32\NSI.dll
0x00007fff148d0000 - 0x00007fff148e7000 	C:\WINDOWS\SYSTEM32\dhcpcsvc6.DLL
0x00007fff154b0000 - 0x00007fff154cd000 	C:\WINDOWS\SYSTEM32\dhcpcsvc.DLL
0x00007fff1e7d0000 - 0x00007fff1e89b000 	C:\WINDOWS\SYSTEM32\DNSAPI.dll

dbghelp: loaded successfully - version: 4.0.5 - missing functions: none
symbol engine: initialized successfully - sym options: 0x614 - pdb path: .;C:\Program Files\Android\Android Studio\jre\bin;C:\WINDOWS\SYSTEM32;C:\WINDOWS\WinSxS\amd64_microsoft.windows.common-controls_6595b64144ccf1df_6.0.19041.1110_none_60b5254171f9507e;C:\Program Files\Android\Android Studio\jre\bin\server;C:\Users\user\.gradle\native\8bec1ad78214c89d9ad589b4d07fe93259594b29d510b10fafb7a158f7737e5d\windows-amd64;C:\Users\user\.gradle\native\53dbd7edfb1c66fb8903c78663c9afc45aea4f116125fa6feffd364cf09443e8\windows-amd64

VM Arguments:
jvm_args: --add-opens=java.base/java.util=ALL-UNNAMED --add-opens=java.base/java.lang=ALL-UNNAMED --add-opens=java.base/java.lang.invoke=ALL-UNNAMED --add-opens=java.base/java.util=ALL-UNNAMED --add-opens=java.prefs/java.util.prefs=ALL-UNNAMED --add-opens=java.prefs/java.util.prefs=ALL-UNNAMED --add-opens=java.base/java.nio.charset=ALL-UNNAMED --add-opens=java.base/java.net=ALL-UNNAMED --add-opens=java.base/java.util.concurrent.atomic=ALL-UNNAMED -Xmx2048m -Dfile.encoding=UTF-8 -Duser.country=ID -Duser.language=en -Duser.variant 
java_command: org.gradle.launcher.daemon.bootstrap.GradleDaemon 7.0.2
java_class_path (initial): C:\Users\user\.gradle\wrapper\dists\gradle-7.0.2-bin\857tjihv64xamwrf0h14cai3r\gradle-7.0.2\lib\gradle-launcher-7.0.2.jar
Launcher Type: SUN_STANDARD

[Global flags]
     intx CICompilerCount                          = 4                                         {product} {ergonomic}
     uint ConcGCThreads                            = 2                                         {product} {ergonomic}
     uint G1ConcRefinementThreads                  = 8                                         {product} {ergonomic}
   size_t G1HeapRegionSize                         = 1048576                                   {product} {ergonomic}
    uintx GCDrainStackTargetSize                   = 64                                        {product} {ergonomic}
   size_t InitialHeapSize                          = 62914560                                  {product} {ergonomic}
   size_t MarkStackSize                            = 4194304                                   {product} {ergonomic}
   size_t MaxHeapSize                              = 2147483648                                {product} {command line}
   size_t MaxNewSize                               = 1287651328                                {product} {ergonomic}
   size_t MinHeapDeltaBytes                        = 1048576                                   {product} {ergonomic}
    uintx NonNMethodCodeHeapSize                   = 5836300                                {pd product} {ergonomic}
    uintx NonProfiledCodeHeapSize                  = 122910970                              {pd product} {ergonomic}
    uintx ProfiledCodeHeapSize                     = 122910970                              {pd product} {ergonomic}
    uintx ReservedCodeCacheSize                    = 251658240                              {pd product} {ergonomic}
     bool SegmentedCodeCache                       = true                                      {product} {ergonomic}
     bool UseCompressedClassPointers               = true                                 {lp64_product} {ergonomic}
     bool UseCompressedOops                        = true                                 {lp64_product} {ergonomic}
     bool UseG1GC                                  = true                                      {product} {ergonomic}
     bool UseLargePagesIndividualAllocation        = false                                  {pd product} {ergonomic}

Logging:
Log output configuration:
 #0: stdout all=warning uptime,level,tags
 #1: stderr all=off uptime,level,tags

Environment Variables:
JAVA_HOME=C:\Program Files\Zulu\zulu-8
PATH=C:\Program Files\Zulu\zulu-8\bin\;C:\Program Files\Gradle\gradle-6.6\bin;C:\Program Files\Common Files\Oracle\Java\javapath;C:\ProgramData\Oracle\Java\javapath;C:\WINDOWS\system32;C:\WINDOWS;C:\WINDOWS\System32\Wbem;C:\WINDOWS\System32\WindowsPowerShell\v1.0\;C:\WINDOWS\System32\OpenSSH\;C:\Program Files\dotnet\;C:\Users\user\Desktop\apktool;C:\Users\user\AppData\Local\Microsoft\WindowsApps;C:\Users\user\.dotnet\tools;C:\sqlite3;C:\adb;%JAVA_HOME%\bin;D:\Node.js\;C:\Program Files\Git\cmd;C:\PATH_Programs;C:\Users\user\AppData\Local\Microsoft\WindowsApps;C:\Users\user\.dotnet\tools;C:\sqlite3;D:\Microsoft VS Code\bin;C:\Users\user\AppData\Roaming\npm;C:\PATH_Programs;
USERNAME=user
OS=Windows_NT
PROCESSOR_IDENTIFIER=Intel64 Family 6 Model 126 Stepping 5, GenuineIntel



---------------  S Y S T E M  ---------------

OS: Windows 10 , 64 bit Build 19041 (10.0.19041.1706)
OS uptime: 0 days 2:52 hours

CPU:total 8 (initial active 8) (4 cores per cpu, 2 threads per core) family 6 model 126 stepping 5 microcode 0xa0, cmov, cx8, fxsr, mmx, sse, sse2, sse3, ssse3, sse4.1, sse4.2, popcnt, avx, avx2, aes, clmul, erms, 3dnowpref, lzcnt, ht, tsc, tscinvbit, bmi1, bmi2, adx, evex, sha, fma

Memory: 4k page, system-wide physical 3784M (253M free)
TotalPageFile size 7880M (AvailPageFile size 52M)
current process WorkingSet (physical memory assigned to process): 433M, peak: 456M
current process commit charge ("private bytes"): 586M, peak: 634M

vm_info: OpenJDK 64-Bit Server VM (11.0.10+0-b96-7249189) for windows-amd64 JRE (11.0.10+0-b96-7249189), built on Mar 31 2021 21:44:00 by "builder" with MS VC++ 14.0 (VS2015)

END.
