#
# There is insufficient memory for the Java Runtime Environment to continue.
# Native memory allocation (malloc) failed to allocate 1582736 bytes for Chunk::new
# Possible reasons:
#   The system is out of physical RAM or swap space
#   The process is running with CompressedOops enabled, and the Java Heap may be blocking the growth of the native heap
# Possible solutions:
#   Reduce memory load on the system
#   Increase physical memory or swap space
#   Check if swap backing store is full
#   Decrease Java heap size (-Xmx/-Xms)
#   Decrease number of Java threads
#   Decrease Java thread stack sizes (-Xss)
#   Set larger code cache with -XX:ReservedCodeCacheSize=
#   JVM is running with Unscaled Compressed Oops mode in which the Java heap is
#     placed in the first 4GB address space. The Java Heap base address is the
#     maximum limit for the native heap growth. Please use -XX:HeapBaseMinAddress
#     to set the Java Heap base and to place the Java Heap above 4GB virtual address.
# This output file may be truncated or incomplete.
#
#  Out of Memory Error (./src/hotspot/share/memory/arena.cpp:197), pid=49040, tid=49604
#
# JRE version: OpenJDK Runtime Environment (11.0.10) (build 11.0.10+0-b96-7249189)
# Java VM: OpenJDK 64-Bit Server VM (11.0.10+0-b96-7249189, mixed mode, tiered, compressed oops, g1 gc, windows-amd64)
# No core dump will be written. Minidumps are not enabled by default on client versions of Windows
#

---------------  S U M M A R Y ------------

Command Line: --add-opens=java.base/java.util=ALL-UNNAMED --add-opens=java.base/java.lang=ALL-UNNAMED --add-opens=java.base/java.lang.invoke=ALL-UNNAMED --add-opens=java.base/java.util=ALL-UNNAMED --add-opens=java.prefs/java.util.prefs=ALL-UNNAMED --add-opens=java.prefs/java.util.prefs=ALL-UNNAMED --add-opens=java.base/java.nio.charset=ALL-UNNAMED --add-opens=java.base/java.net=ALL-UNNAMED --add-opens=java.base/java.util.concurrent.atomic=ALL-UNNAMED -Xmx2048m -Dfile.encoding=UTF-8 -Duser.country=ID -Duser.language=en -Duser.variant org.gradle.launcher.daemon.bootstrap.GradleDaemon 7.0.2

Host: Intel(R) Core(TM) i5-1035G1 CPU @ 1.00GHz, 8 cores, 3G,  Windows 10 , 64 bit Build 19041 (10.0.19041.1706)
Time: Sat Jun 18 22:18:54 2022 SE Asia Standard Time elapsed time: 25.230517 seconds (0d 0h 0m 25s)

---------------  T H R E A D  ---------------

Current thread (0x000001d3f06b1800):  JavaThread "C2 CompilerThread0" daemon [_thread_in_native, id=49604, stack(0x0000008adea00000,0x0000008adeb00000)]


Current CompileTask:
C2:  25230 11029 %     4       com.android.tools.r8.dex.j::a @ 315 (1038 bytes)

Stack: [0x0000008adea00000,0x0000008adeb00000]
Native frames: (J=compiled Java code, j=interpreted, Vv=VM code, C=native code)
V  [jvm.dll+0x5ecfaa]
V  [jvm.dll+0x722bd5]
V  [jvm.dll+0x72412d]
V  [jvm.dll+0x7247e3]
V  [jvm.dll+0x242928]
V  [jvm.dll+0xbc4fc]
V  [jvm.dll+0xbca0c]
V  [jvm.dll+0x352d3b]
V  [jvm.dll+0x197e0c]
V  [jvm.dll+0x1fb70e]
V  [jvm.dll+0x1fa7f4]
V  [jvm.dll+0x18354c]
V  [jvm.dll+0x208ee7]
V  [jvm.dll+0x207731]
V  [jvm.dll+0x6eb1cf]
V  [jvm.dll+0x6e3d45]
V  [jvm.dll+0x5ebe96]
C  [ucrtbase.dll+0x21bb2]
C  [KERNEL32.DLL+0x17034]
C  [ntdll.dll+0x52651]


---------------  P R O C E S S  ---------------

Threads class SMR info:
_java_thread_list=0x000001d3f3f14ed0, length=74, elements={
0x000001d3d622c800, 0x000001d3f064c800, 0x000001d3f064e800, 0x000001d3f06ab000,
0x000001d3f06ae000, 0x000001d3f06af800, 0x000001d3f06b1800, 0x000001d3f06b5000,
0x000001d3f06b7000, 0x000001d3f1132800, 0x000001d3f1131000, 0x000001d3f112d800,
0x000001d3f1130000, 0x000001d3f112d000, 0x000001d3f112f800, 0x000001d3f1133800,
0x000001d3f112e800, 0x000001d3f1131800, 0x000001d3f291f000, 0x000001d3f2920800,
0x000001d3f2921800, 0x000001d3f2922800, 0x000001d3f2923000, 0x000001d3f291d800,
0x000001d3f2924000, 0x000001d3f291e000, 0x000001d3f2920000, 0x000001d3f2924800,
0x000001d3f292a800, 0x000001d3f2925800, 0x000001d3f2926800, 0x000001d3f2928000,
0x000001d3f2929800, 0x000001d3f292b800, 0x000001d3f2927000, 0x000001d3f6e1a000,
0x000001d3f6e1b800, 0x000001d3f6e1a800, 0x000001d3f6e18000, 0x000001d3f6e1c000,
0x000001d3f6e19000, 0x000001d3f6e16800, 0x000001d3f6e1d000, 0x000001d3f6e17800,
0x000001d3f6e20800, 0x000001d3f6e1f800, 0x000001d3f6e21000, 0x000001d3f6e22000,
0x000001d3f6e23000, 0x000001d3f6e23800, 0x000001d3f6e1e000, 0x000001d3f6e24800,
0x000001d3f6e1e800, 0x000001d3f6e25000, 0x000001d3f3933000, 0x000001d3f392d800,
0x000001d3f3931800, 0x000001d3f3932000, 0x000001d3f3930800, 0x000001d3f3934000,
0x000001d3f392f000, 0x000001d3f3930000, 0x000001d3f392e000, 0x000001d3f3938800,
0x000001d3f3937000, 0x000001d3f393a800, 0x000001d3f3935800, 0x000001d3f3934800,
0x000001d3f393c000, 0x000001d3f3938000, 0x000001d3f393b000, 0x000001d3f3936800,
0x000001d3f3939800, 0x000001d3f9bb6000
}

Java Threads: ( => current thread )
  0x000001d3d622c800 JavaThread "main" [_thread_blocked, id=48764, stack(0x0000008adde00000,0x0000008addf00000)]
  0x000001d3f064c800 JavaThread "Reference Handler" daemon [_thread_blocked, id=49276, stack(0x0000008ade500000,0x0000008ade600000)]
  0x000001d3f064e800 JavaThread "Finalizer" daemon [_thread_blocked, id=49460, stack(0x0000008ade600000,0x0000008ade700000)]
  0x000001d3f06ab000 JavaThread "Signal Dispatcher" daemon [_thread_blocked, id=49824, stack(0x0000008ade700000,0x0000008ade800000)]
  0x000001d3f06ae000 JavaThread "Attach Listener" daemon [_thread_blocked, id=49196, stack(0x0000008ade800000,0x0000008ade900000)]
  0x000001d3f06af800 JavaThread "Service Thread" daemon [_thread_blocked, id=42220, stack(0x0000008ade900000,0x0000008adea00000)]
=>0x000001d3f06b1800 JavaThread "C2 CompilerThread0" daemon [_thread_in_native, id=49604, stack(0x0000008adea00000,0x0000008adeb00000)]
  0x000001d3f06b5000 JavaThread "C1 CompilerThread0" daemon [_thread_blocked, id=49480, stack(0x0000008adeb00000,0x0000008adec00000)]
  0x000001d3f06b7000 JavaThread "Sweeper thread" daemon [_thread_blocked, id=31400, stack(0x0000008adec00000,0x0000008aded00000)]
  0x000001d3f1132800 JavaThread "Common-Cleaner" daemon [_thread_blocked, id=49608, stack(0x0000008aded00000,0x0000008adee00000)]
  0x000001d3f1131000 JavaThread "Daemon health stats" [_thread_blocked, id=49992, stack(0x0000008adf000000,0x0000008adf100000)]
  0x000001d3f112d800 JavaThread "Incoming local TCP Connector on port 52731" [_thread_in_native, id=42020, stack(0x0000008adf100000,0x0000008adf200000)]
  0x000001d3f1130000 JavaThread "Daemon periodic checks" [_thread_blocked, id=35808, stack(0x0000008adf200000,0x0000008adf300000)]
  0x000001d3f112d000 JavaThread "Daemon" [_thread_blocked, id=49536, stack(0x0000008adf300000,0x0000008adf400000)]
  0x000001d3f112f800 JavaThread "Handler for socket connection from /127.0.0.1:52731 to /127.0.0.1:52732" [_thread_in_native, id=48580, stack(0x0000008adf400000,0x0000008adf500000)]
  0x000001d3f1133800 JavaThread "Cancel handler" [_thread_blocked, id=48736, stack(0x0000008adf500000,0x0000008adf600000)]
  0x000001d3f112e800 JavaThread "Daemon worker" [_thread_blocked, id=49440, stack(0x0000008adf600000,0x0000008adf700000)]
  0x000001d3f1131800 JavaThread "Asynchronous log dispatcher for DefaultDaemonConnection: socket connection from /127.0.0.1:52731 to /127.0.0.1:52732" [_thread_blocked, id=14440, stack(0x0000008adf700000,0x0000008adf800000)]
  0x000001d3f291f000 JavaThread "Stdin handler" [_thread_blocked, id=49904, stack(0x0000008adf800000,0x0000008adf900000)]
  0x000001d3f2920800 JavaThread "Daemon client event forwarder" [_thread_blocked, id=49808, stack(0x0000008adf900000,0x0000008adfa00000)]
  0x000001d3f2921800 JavaThread "Cache worker for file hash cache (C:\Users\user\.gradle\caches\7.0.2\fileHashes)" [_thread_blocked, id=48448, stack(0x0000008ae0000000,0x0000008ae0100000)]
  0x000001d3f2922800 JavaThread "File lock request listener" [_thread_in_native, id=40448, stack(0x0000008ae0100000,0x0000008ae0200000)]
  0x000001d3f2923000 JavaThread "Cache worker for journal cache (C:\Users\user\.gradle\caches\journal-1)" [_thread_blocked, id=49200, stack(0x0000008ae0300000,0x0000008ae0400000)]
  0x000001d3f291d800 JavaThread "Cache worker for file hash cache (D:\Android Studio\SubmissionBMAAP\.gradle\7.0.2\fileHashes)" [_thread_blocked, id=50008, stack(0x0000008ae0400000,0x0000008ae0500000)]
  0x000001d3f2924000 JavaThread "File watcher server" daemon [_thread_in_native, id=49544, stack(0x0000008ae0500000,0x0000008ae0600000)]
  0x000001d3f291e000 JavaThread "File watcher consumer" daemon [_thread_blocked, id=38176, stack(0x0000008ae0600000,0x0000008ae0700000)]
  0x000001d3f2920000 JavaThread "Cache worker for checksums cache (D:\Android Studio\SubmissionBMAAP\.gradle\checksums)" [_thread_blocked, id=49496, stack(0x0000008ae0700000,0x0000008ae0800000)]
  0x000001d3f2924800 JavaThread "Cache worker for cache directory md-supplier (C:\Users\user\.gradle\caches\7.0.2\md-supplier)" [_thread_blocked, id=49368, stack(0x0000008ae0800000,0x0000008ae0900000)]
  0x000001d3f292a800 JavaThread "Cache worker for cache directory md-rule (C:\Users\user\.gradle\caches\7.0.2\md-rule)" [_thread_blocked, id=49384, stack(0x0000008ae0900000,0x0000008ae0a00000)]
  0x000001d3f2925800 JavaThread "Cache worker for execution history cache (C:\Users\user\.gradle\caches\7.0.2\executionHistory)" [_thread_blocked, id=49800, stack(0x0000008ae0a00000,0x0000008ae0b00000)]
  0x000001d3f2926800 JavaThread "jar transforms" [_thread_blocked, id=48828, stack(0x0000008ae0b00000,0x0000008ae0c00000)]
  0x000001d3f2928000 JavaThread "jar transforms Thread 2" [_thread_blocked, id=41352, stack(0x0000008ae0c00000,0x0000008ae0d00000)]
  0x000001d3f2929800 JavaThread "Cache worker for file content cache (C:\Users\user\.gradle\caches\7.0.2\fileContent)" [_thread_blocked, id=49704, stack(0x0000008ae0d00000,0x0000008ae0e00000)]
  0x000001d3f292b800 JavaThread "Cache worker for dependencies-accessors (D:\Android Studio\SubmissionBMAAP\.gradle\7.0.2\dependencies-accessors)" [_thread_blocked, id=50052, stack(0x0000008ae0e00000,0x0000008ae0f00000)]
  0x000001d3f2927000 JavaThread "jar transforms Thread 3" [_thread_blocked, id=49952, stack(0x0000008ae0f00000,0x0000008ae1000000)]
  0x000001d3f6e1a000 JavaThread "Cache worker for Build Output Cleanup Cache (D:\Android Studio\SubmissionBMAAP\.gradle\buildOutputCleanup)" [_thread_blocked, id=49444, stack(0x0000008ae1000000,0x0000008ae1100000)]
  0x000001d3f6e1b800 JavaThread "Build operations" [_thread_blocked, id=49668, stack(0x0000008ae1100000,0x0000008ae1200000)]
  0x000001d3f6e1a800 JavaThread "Build operations Thread 2" [_thread_blocked, id=49680, stack(0x0000008ae1200000,0x0000008ae1300000)]
  0x000001d3f6e18000 JavaThread "Build operations Thread 3" [_thread_blocked, id=49900, stack(0x0000008ae1300000,0x0000008ae1400000)]
  0x000001d3f6e1c000 JavaThread "Build operations Thread 4" [_thread_blocked, id=49576, stack(0x0000008ae1400000,0x0000008ae1500000)]
  0x000001d3f6e19000 JavaThread "Build operations Thread 5" [_thread_blocked, id=49212, stack(0x0000008ae1500000,0x0000008ae1600000)]
  0x000001d3f6e16800 JavaThread "Build operations Thread 6" [_thread_blocked, id=50168, stack(0x0000008ae1600000,0x0000008ae1700000)]
  0x000001d3f6e1d000 JavaThread "Build operations Thread 7" [_thread_blocked, id=50076, stack(0x0000008ae1700000,0x0000008ae1800000)]
  0x000001d3f6e17800 JavaThread "Build operations Thread 8" [_thread_blocked, id=49908, stack(0x0000008ae1800000,0x0000008ae1900000)]
  0x000001d3f6e20800 JavaThread "jar transforms Thread 4" [_thread_blocked, id=49920, stack(0x0000008ae1900000,0x0000008ae1a00000)]
  0x000001d3f6e1f800 JavaThread "jar transforms Thread 5" [_thread_blocked, id=42388, stack(0x0000008ae1a00000,0x0000008ae1b00000)]
  0x000001d3f6e21000 JavaThread "jar transforms Thread 6" [_thread_blocked, id=50080, stack(0x0000008ae1b00000,0x0000008ae1c00000)]
  0x000001d3f6e22000 JavaThread "jar transforms Thread 7" [_thread_blocked, id=48616, stack(0x0000008ae1c00000,0x0000008ae1d00000)]
  0x000001d3f6e23000 JavaThread "jar transforms Thread 8" [_thread_blocked, id=48640, stack(0x0000008ae1d00000,0x0000008ae1e00000)]
  0x000001d3f6e23800 JavaThread "Memory manager" [_thread_blocked, id=48608, stack(0x0000008ae1e00000,0x0000008ae1f00000)]
  0x000001d3f6e1e000 JavaThread "build event listener" [_thread_blocked, id=48536, stack(0x0000008ae1f00000,0x0000008ae2000000)]
  0x000001d3f6e24800 JavaThread "Execution worker for ':'" [_thread_blocked, id=2600, stack(0x0000008ae2000000,0x0000008ae2100000)]
  0x000001d3f6e1e800 JavaThread "Execution worker for ':' Thread 2" [_thread_blocked, id=48556, stack(0x0000008ae2100000,0x0000008ae2200000)]
  0x000001d3f6e25000 JavaThread "Execution worker for ':' Thread 3" [_thread_blocked, id=48948, stack(0x0000008ae2200000,0x0000008ae2300000)]
  0x000001d3f3933000 JavaThread "Execution worker for ':' Thread 4" [_thread_blocked, id=48428, stack(0x0000008ae2300000,0x0000008ae2400000)]
  0x000001d3f392d800 JavaThread "Execution worker for ':' Thread 5" [_thread_blocked, id=49984, stack(0x0000008ae2400000,0x0000008ae2500000)]
  0x000001d3f3931800 JavaThread "Execution worker for ':' Thread 6" [_thread_blocked, id=48600, stack(0x0000008ae2500000,0x0000008ae2600000)]
  0x000001d3f3932000 JavaThread "Execution worker for ':' Thread 7" [_thread_blocked, id=39460, stack(0x0000008ae2600000,0x0000008ae2700000)]
  0x000001d3f3930800 JavaThread "Cache worker for execution history cache (D:\Android Studio\SubmissionBMAAP\.gradle\7.0.2\executionHistory)" [_thread_blocked, id=49252, stack(0x0000008ae2700000,0x0000008ae2800000)]
  0x000001d3f3934000 JavaThread "WorkerExecutor Queue" [_thread_blocked, id=49492, stack(0x0000008ae2800000,0x0000008ae2900000)]
  0x000001d3f392f000 JavaThread "WorkerExecutor Queue Thread 2" [_thread_blocked, id=49988, stack(0x0000008ae2900000,0x0000008ae2a00000)]
  0x000001d3f3930000 JavaThread "WorkerExecutor Queue Thread 3" [_thread_blocked, id=38460, stack(0x0000008ae2a00000,0x0000008ae2b00000)]
  0x000001d3f392e000 JavaThread "WorkerExecutor Queue Thread 4" [_thread_blocked, id=50084, stack(0x0000008ae2b00000,0x0000008ae2c00000)]
  0x000001d3f3938800 JavaThread "pool-3-thread-1" [_thread_blocked, id=48668, stack(0x0000008ae2c00000,0x0000008ae2d00000)]
  0x000001d3f3937000 JavaThread "stderr" [_thread_in_native, id=49316, stack(0x0000008ae2d00000,0x0000008ae2e00000)]
  0x000001d3f393a800 JavaThread "stdout" [_thread_in_native, id=36476, stack(0x0000008ae2e00000,0x0000008ae2f00000)]
  0x000001d3f3935800 JavaThread "ForkJoinPool-1-worker-3" daemon [_thread_blocked, id=49860, stack(0x0000008ae2f00000,0x0000008ae3000000)]
  0x000001d3f3934800 JavaThread "ForkJoinPool-1-worker-5" daemon [_thread_blocked, id=49388, stack(0x0000008ae3000000,0x0000008ae3100000)]
  0x000001d3f393c000 JavaThread "ForkJoinPool-1-worker-9" daemon [_thread_blocked, id=50088, stack(0x0000008ae3100000,0x0000008ae3200000)]
  0x000001d3f3938000 JavaThread "ForkJoinPool-1-worker-7" daemon [_thread_blocked, id=33984, stack(0x0000008ae3200000,0x0000008ae3300000)]
  0x000001d3f393b000 JavaThread "ForkJoinPool-1-worker-11" daemon [_thread_blocked, id=49712, stack(0x0000008ae3300000,0x0000008ae3400000)]
  0x000001d3f3936800 JavaThread "ForkJoinPool-1-worker-13" daemon [_thread_blocked, id=49764, stack(0x0000008ae3400000,0x0000008ae3500000)]
  0x000001d3f3939800 JavaThread "ForkJoinPool-1-worker-15" daemon [_thread_blocked, id=48776, stack(0x0000008ae3500000,0x0000008ae3600000)]
  0x000001d3f9bb6000 JavaThread "ForkJoinPool-1-worker-1" daemon [_thread_blocked, id=49396, stack(0x0000008ae3600000,0x0000008ae3700000)]

Other Threads:
  0x000001d3f0646800 VMThread "VM Thread" [stack: 0x0000008ade400000,0x0000008ade500000] [id=49548]
  0x000001d3f1135800 WatcherThread [stack: 0x0000008adee00000,0x0000008adef00000] [id=49820]
  0x000001d3d6247000 GCTaskThread "GC Thread#0" [stack: 0x0000008addf00000,0x0000008ade000000] [id=47792]
  0x000001d3f1b99800 GCTaskThread "GC Thread#1" [stack: 0x0000008adef00000,0x0000008adf000000] [id=49328]
  0x000001d3f2657000 GCTaskThread "GC Thread#2" [stack: 0x0000008adfa00000,0x0000008adfb00000] [id=49172]
  0x000001d3f3142000 GCTaskThread "GC Thread#3" [stack: 0x0000008adfb00000,0x0000008adfc00000] [id=46540]
  0x000001d3f3142800 GCTaskThread "GC Thread#4" [stack: 0x0000008adfc00000,0x0000008adfd00000] [id=41424]
  0x000001d3f2b4d800 GCTaskThread "GC Thread#5" [stack: 0x0000008adfd00000,0x0000008adfe00000] [id=49408]
  0x000001d3f2b4e000 GCTaskThread "GC Thread#6" [stack: 0x0000008adfe00000,0x0000008adff00000] [id=49168]
  0x000001d3f3101800 GCTaskThread "GC Thread#7" [stack: 0x0000008adff00000,0x0000008ae0000000] [id=18916]
  0x000001d3d6277000 ConcurrentGCThread "G1 Main Marker" [stack: 0x0000008ade000000,0x0000008ade100000] [id=49076]
  0x000001d3d6279800 ConcurrentGCThread "G1 Conc#0" [stack: 0x0000008ade100000,0x0000008ade200000] [id=49344]
  0x000001d3f2fba000 ConcurrentGCThread "G1 Conc#1" [stack: 0x0000008ae0200000,0x0000008ae0300000] [id=49504]
  0x000001d3d62d0000 ConcurrentGCThread "G1 Refine#0" [stack: 0x0000008ade200000,0x0000008ade300000] [id=48432]
  0x000001d3f9e37000 ConcurrentGCThread "G1 Refine#1" [stack: 0x0000008ae3700000,0x0000008ae3800000] [id=34056]
  0x000001d3d62d1000 ConcurrentGCThread "G1 Young RemSet Sampling" [stack: 0x0000008ade300000,0x0000008ade400000] [id=48808]

Threads with active compile tasks:
C2 CompilerThread0  25567 11029 %     4       com.android.tools.r8.dex.j::a @ 315 (1038 bytes)

VM state:at safepoint (normal execution)

VM Mutex/Monitor currently owned by a thread:  ([mutex/lock_event])
[0x000001d3d6228000] Threads_lock - owner thread: 0x000001d3f0646800
[0x000001d3d6228360] Heap_lock - owner thread: 0x000001d3d6277000

Heap address: 0x0000000080000000, size: 2048 MB, Compressed Oops mode: 32-bit
Narrow klass base: 0x0000000000000000, Narrow klass shift: 3
Compressed class space size: 1073741824 Address: 0x0000000100000000

Heap:
 garbage-first heap   total 328704K, used 211202K [0x0000000080000000, 0x0000000100000000)
  region size 1024K, 35 young (35840K), 7 survivors (7168K)
 Metaspace       used 95965K, capacity 98494K, committed 98636K, reserved 1134592K
  class space    used 12627K, capacity 13571K, committed 13696K, reserved 1048576K
Heap Regions: E=young(eden), S=young(survivor), O=old, HS=humongous(starts), HC=humongous(continues), CS=collection set, F=free, A=archive, TAMS=top-at-mark-start (previous, next)
|   0|0x0000000080000000, 0x0000000080100000, 0x0000000080100000|100%| O|  |TAMS 0x0000000080100000, 0x0000000080100000| Untracked 
|   1|0x0000000080100000, 0x0000000080200000, 0x0000000080200000|100%| O|  |TAMS 0x0000000080200000, 0x0000000080200000| Untracked 
|   2|0x0000000080200000, 0x0000000080300000, 0x0000000080300000|100%| O|  |TAMS 0x0000000080300000, 0x0000000080300000| Untracked 
|   3|0x0000000080300000, 0x0000000080400000, 0x0000000080400000|100%|HS|  |TAMS 0x0000000080400000, 0x0000000080400000| Complete 
|   4|0x0000000080400000, 0x0000000080500000, 0x0000000080500000|100%|HC|  |TAMS 0x0000000080500000, 0x0000000080500000| Complete 
|   5|0x0000000080500000, 0x0000000080600000, 0x0000000080600000|100%|HC|  |TAMS 0x0000000080600000, 0x0000000080600000| Complete 
|   6|0x0000000080600000, 0x0000000080700000, 0x0000000080700000|100%| O|  |TAMS 0x0000000080700000, 0x0000000080700000| Untracked 
|   7|0x0000000080700000, 0x0000000080800000, 0x0000000080800000|100%| O|  |TAMS 0x0000000080800000, 0x0000000080800000| Untracked 
|   8|0x0000000080800000, 0x0000000080900000, 0x0000000080900000|100%| O|  |TAMS 0x0000000080900000, 0x0000000080900000| Untracked 
|   9|0x0000000080900000, 0x0000000080a00000, 0x0000000080a00000|100%| O|  |TAMS 0x0000000080a00000, 0x0000000080a00000| Untracked 
|  10|0x0000000080a00000, 0x0000000080b00000, 0x0000000080b00000|100%| O|  |TAMS 0x0000000080b00000, 0x0000000080b00000| Untracked 
|  11|0x0000000080b00000, 0x0000000080c00000, 0x0000000080c00000|100%| O|  |TAMS 0x0000000080c00000, 0x0000000080c00000| Untracked 
|  12|0x0000000080c00000, 0x0000000080d00000, 0x0000000080d00000|100%| O|  |TAMS 0x0000000080d00000, 0x0000000080d00000| Untracked 
|  13|0x0000000080d00000, 0x0000000080e00000, 0x0000000080e00000|100%| O|  |TAMS 0x0000000080e00000, 0x0000000080e00000| Untracked 
|  14|0x0000000080e00000, 0x0000000080f00000, 0x0000000080f00000|100%| O|  |TAMS 0x0000000080f00000, 0x0000000080f00000| Untracked 
|  15|0x0000000080f00000, 0x0000000081000000, 0x0000000081000000|100%| O|  |TAMS 0x0000000081000000, 0x0000000081000000| Untracked 
|  16|0x0000000081000000, 0x0000000081100000, 0x0000000081100000|100%| O|  |TAMS 0x0000000081100000, 0x0000000081100000| Untracked 
|  17|0x0000000081100000, 0x0000000081200000, 0x0000000081200000|100%| O|  |TAMS 0x0000000081200000, 0x0000000081200000| Untracked 
|  18|0x0000000081200000, 0x0000000081300000, 0x0000000081300000|100%| O|  |TAMS 0x0000000081300000, 0x0000000081300000| Untracked 
|  19|0x0000000081300000, 0x0000000081400000, 0x0000000081400000|100%| O|  |TAMS 0x0000000081400000, 0x0000000081400000| Untracked 
|  20|0x0000000081400000, 0x0000000081500000, 0x0000000081500000|100%| O|  |TAMS 0x0000000081500000, 0x0000000081500000| Untracked 
|  21|0x0000000081500000, 0x0000000081600000, 0x0000000081600000|100%| O|  |TAMS 0x0000000081600000, 0x0000000081600000| Untracked 
|  22|0x0000000081600000, 0x0000000081700000, 0x0000000081700000|100%| O|  |TAMS 0x0000000081700000, 0x0000000081700000| Untracked 
|  23|0x0000000081700000, 0x0000000081800000, 0x0000000081800000|100%| O|  |TAMS 0x0000000081800000, 0x0000000081800000| Untracked 
|  24|0x0000000081800000, 0x0000000081900000, 0x0000000081900000|100%| O|  |TAMS 0x0000000081900000, 0x0000000081900000| Untracked 
|  25|0x0000000081900000, 0x0000000081a00000, 0x0000000081a00000|100%| O|  |TAMS 0x0000000081a00000, 0x0000000081a00000| Untracked 
|  26|0x0000000081a00000, 0x0000000081b00000, 0x0000000081b00000|100%| O|  |TAMS 0x0000000081b00000, 0x0000000081b00000| Untracked 
|  27|0x0000000081b00000, 0x0000000081c00000, 0x0000000081c00000|100%| O|  |TAMS 0x0000000081c00000, 0x0000000081c00000| Untracked 
|  28|0x0000000081c00000, 0x0000000081d00000, 0x0000000081d00000|100%| O|  |TAMS 0x0000000081d00000, 0x0000000081d00000| Untracked 
|  29|0x0000000081d00000, 0x0000000081e00000, 0x0000000081e00000|100%| O|  |TAMS 0x0000000081e00000, 0x0000000081e00000| Untracked 
|  30|0x0000000081e00000, 0x0000000081f00000, 0x0000000081f00000|100%|HS|  |TAMS 0x0000000081f00000, 0x0000000081f00000| Complete 
|  31|0x0000000081f00000, 0x0000000082000000, 0x0000000082000000|100%|HS|  |TAMS 0x0000000082000000, 0x0000000082000000| Complete 
|  32|0x0000000082000000, 0x0000000082100000, 0x0000000082100000|100%| O|  |TAMS 0x0000000082100000, 0x0000000082100000| Untracked 
|  33|0x0000000082100000, 0x0000000082200000, 0x0000000082200000|100%| O|  |TAMS 0x0000000082200000, 0x0000000082200000| Untracked 
|  34|0x0000000082200000, 0x0000000082300000, 0x0000000082300000|100%|HS|  |TAMS 0x0000000082300000, 0x0000000082300000| Complete 
|  35|0x0000000082300000, 0x0000000082400000, 0x0000000082400000|100%| O|  |TAMS 0x0000000082400000, 0x0000000082400000| Untracked 
|  36|0x0000000082400000, 0x0000000082500000, 0x0000000082500000|100%| O|  |TAMS 0x0000000082500000, 0x0000000082500000| Untracked 
|  37|0x0000000082500000, 0x0000000082600000, 0x0000000082600000|100%| O|  |TAMS 0x0000000082600000, 0x0000000082600000| Untracked 
|  38|0x0000000082600000, 0x0000000082700000, 0x0000000082700000|100%|HS|  |TAMS 0x0000000082700000, 0x0000000082700000| Complete 
|  39|0x0000000082700000, 0x0000000082800000, 0x0000000082800000|100%|HC|  |TAMS 0x0000000082800000, 0x0000000082800000| Complete 
|  40|0x0000000082800000, 0x0000000082900000, 0x0000000082900000|100%|HC|  |TAMS 0x0000000082900000, 0x0000000082900000| Complete 
|  41|0x0000000082900000, 0x0000000082a00000, 0x0000000082a00000|100%| O|  |TAMS 0x0000000082a00000, 0x0000000082a00000| Untracked 
|  42|0x0000000082a00000, 0x0000000082b00000, 0x0000000082b00000|100%| O|  |TAMS 0x0000000082b00000, 0x0000000082b00000| Untracked 
|  43|0x0000000082b00000, 0x0000000082c00000, 0x0000000082c00000|100%|HS|  |TAMS 0x0000000082c00000, 0x0000000082c00000| Complete 
|  44|0x0000000082c00000, 0x0000000082d00000, 0x0000000082d00000|100%|HC|  |TAMS 0x0000000082d00000, 0x0000000082d00000| Complete 
|  45|0x0000000082d00000, 0x0000000082e00000, 0x0000000082e00000|100%| O|  |TAMS 0x0000000082e00000, 0x0000000082e00000| Untracked 
|  46|0x0000000082e00000, 0x0000000082f00000, 0x0000000082f00000|100%| O|  |TAMS 0x0000000082f00000, 0x0000000082f00000| Untracked 
|  47|0x0000000082f00000, 0x0000000083000000, 0x0000000083000000|100%| O|  |TAMS 0x0000000083000000, 0x0000000083000000| Untracked 
|  48|0x0000000083000000, 0x0000000083100000, 0x0000000083100000|100%| O|  |TAMS 0x0000000083100000, 0x0000000083100000| Untracked 
|  49|0x0000000083100000, 0x0000000083200000, 0x0000000083200000|100%| O|  |TAMS 0x0000000083200000, 0x0000000083200000| Untracked 
|  50|0x0000000083200000, 0x0000000083300000, 0x0000000083300000|100%| O|  |TAMS 0x0000000083300000, 0x0000000083300000| Untracked 
|  51|0x0000000083300000, 0x0000000083400000, 0x0000000083400000|100%| O|  |TAMS 0x0000000083400000, 0x0000000083400000| Untracked 
|  52|0x0000000083400000, 0x0000000083500000, 0x0000000083500000|100%| O|  |TAMS 0x0000000083500000, 0x0000000083500000| Untracked 
|  53|0x0000000083500000, 0x0000000083600000, 0x0000000083600000|100%| O|  |TAMS 0x0000000083600000, 0x0000000083600000| Untracked 
|  54|0x0000000083600000, 0x0000000083700000, 0x0000000083700000|100%| O|  |TAMS 0x0000000083700000, 0x0000000083700000| Untracked 
|  55|0x0000000083700000, 0x0000000083800000, 0x0000000083800000|100%| O|  |TAMS 0x0000000083800000, 0x0000000083800000| Untracked 
|  56|0x0000000083800000, 0x0000000083900000, 0x0000000083900000|100%| O|  |TAMS 0x0000000083900000, 0x0000000083900000| Untracked 
|  57|0x0000000083900000, 0x0000000083a00000, 0x0000000083a00000|100%| O|  |TAMS 0x0000000083a00000, 0x0000000083a00000| Untracked 
|  58|0x0000000083a00000, 0x0000000083b00000, 0x0000000083b00000|100%| O|  |TAMS 0x0000000083b00000, 0x0000000083b00000| Untracked 
|  59|0x0000000083b00000, 0x0000000083c00000, 0x0000000083c00000|100%| O|  |TAMS 0x0000000083c00000, 0x0000000083c00000| Untracked 
|  60|0x0000000083c00000, 0x0000000083d00000, 0x0000000083d00000|100%| O|  |TAMS 0x0000000083d00000, 0x0000000083d00000| Untracked 
|  61|0x0000000083d00000, 0x0000000083e00000, 0x0000000083e00000|100%| O|  |TAMS 0x0000000083e00000, 0x0000000083e00000| Untracked 
|  62|0x0000000083e00000, 0x0000000083f00000, 0x0000000083f00000|100%| O|  |TAMS 0x0000000083f00000, 0x0000000083f00000| Untracked 
|  63|0x0000000083f00000, 0x0000000084000000, 0x0000000084000000|100%| O|  |TAMS 0x0000000084000000, 0x0000000084000000| Untracked 
|  64|0x0000000084000000, 0x0000000084100000, 0x0000000084100000|100%| O|  |TAMS 0x0000000084100000, 0x0000000084100000| Untracked 
|  65|0x0000000084100000, 0x0000000084200000, 0x0000000084200000|100%| O|  |TAMS 0x0000000084200000, 0x0000000084200000| Untracked 
|  66|0x0000000084200000, 0x0000000084300000, 0x0000000084300000|100%| O|  |TAMS 0x0000000084300000, 0x0000000084300000| Untracked 
|  67|0x0000000084300000, 0x0000000084400000, 0x0000000084400000|100%| O|  |TAMS 0x0000000084400000, 0x0000000084400000| Untracked 
|  68|0x0000000084400000, 0x0000000084500000, 0x0000000084500000|100%| O|  |TAMS 0x0000000084500000, 0x0000000084500000| Untracked 
|  69|0x0000000084500000, 0x0000000084600000, 0x0000000084600000|100%| O|  |TAMS 0x0000000084600000, 0x0000000084600000| Untracked 
|  70|0x0000000084600000, 0x0000000084700000, 0x0000000084700000|100%| O|  |TAMS 0x0000000084700000, 0x0000000084700000| Untracked 
|  71|0x0000000084700000, 0x0000000084800000, 0x0000000084800000|100%| O|  |TAMS 0x0000000084800000, 0x0000000084800000| Untracked 
|  72|0x0000000084800000, 0x0000000084900000, 0x0000000084900000|100%| O|  |TAMS 0x0000000084900000, 0x0000000084900000| Untracked 
|  73|0x0000000084900000, 0x0000000084a00000, 0x0000000084a00000|100%| O|  |TAMS 0x0000000084a00000, 0x0000000084a00000| Untracked 
|  74|0x0000000084a00000, 0x0000000084b00000, 0x0000000084b00000|100%| O|  |TAMS 0x0000000084b00000, 0x0000000084b00000| Untracked 
|  75|0x0000000084b00000, 0x0000000084c00000, 0x0000000084c00000|100%| O|  |TAMS 0x0000000084c00000, 0x0000000084c00000| Untracked 
|  76|0x0000000084c00000, 0x0000000084d00000, 0x0000000084d00000|100%|HS|  |TAMS 0x0000000084d00000, 0x0000000084d00000| Complete 
|  77|0x0000000084d00000, 0x0000000084e00000, 0x0000000084e00000|100%|HC|  |TAMS 0x0000000084e00000, 0x0000000084e00000| Complete 
|  78|0x0000000084e00000, 0x0000000084f00000, 0x0000000084f00000|100%|HS|  |TAMS 0x0000000084f00000, 0x0000000084f00000| Complete 
|  79|0x0000000084f00000, 0x0000000085000000, 0x0000000085000000|100%|HS|  |TAMS 0x0000000085000000, 0x0000000085000000| Complete 
|  80|0x0000000085000000, 0x0000000085100000, 0x0000000085100000|100%|HS|  |TAMS 0x0000000085100000, 0x0000000085100000| Complete 
|  81|0x0000000085100000, 0x0000000085200000, 0x0000000085200000|100%|HS|  |TAMS 0x0000000085200000, 0x0000000085200000| Complete 
|  82|0x0000000085200000, 0x0000000085300000, 0x0000000085300000|100%|HC|  |TAMS 0x0000000085300000, 0x0000000085300000| Complete 
|  83|0x0000000085300000, 0x0000000085400000, 0x0000000085400000|100%|HC|  |TAMS 0x0000000085400000, 0x0000000085400000| Complete 
|  84|0x0000000085400000, 0x0000000085500000, 0x0000000085500000|100%|HS|  |TAMS 0x0000000085500000, 0x0000000085500000| Complete 
|  85|0x0000000085500000, 0x0000000085600000, 0x0000000085600000|100%|HC|  |TAMS 0x0000000085600000, 0x0000000085600000| Complete 
|  86|0x0000000085600000, 0x0000000085700000, 0x0000000085700000|100%| O|  |TAMS 0x0000000085700000, 0x0000000085700000| Untracked 
|  87|0x0000000085700000, 0x0000000085800000, 0x0000000085800000|100%| O|  |TAMS 0x0000000085800000, 0x0000000085800000| Untracked 
|  88|0x0000000085800000, 0x0000000085900000, 0x0000000085900000|100%|HS|  |TAMS 0x0000000085900000, 0x0000000085900000| Complete 
|  89|0x0000000085900000, 0x0000000085a00000, 0x0000000085a00000|100%|HS|  |TAMS 0x0000000085a00000, 0x0000000085a00000| Complete 
|  90|0x0000000085a00000, 0x0000000085b00000, 0x0000000085b00000|100%|HS|  |TAMS 0x0000000085b00000, 0x0000000085b00000| Complete 
|  91|0x0000000085b00000, 0x0000000085c00000, 0x0000000085c00000|100%|HC|  |TAMS 0x0000000085c00000, 0x0000000085c00000| Complete 
|  92|0x0000000085c00000, 0x0000000085d00000, 0x0000000085d00000|100%| O|  |TAMS 0x0000000085d00000, 0x0000000085d00000| Untracked 
|  93|0x0000000085d00000, 0x0000000085e00000, 0x0000000085e00000|100%|HS|  |TAMS 0x0000000085e00000, 0x0000000085e00000| Complete 
|  94|0x0000000085e00000, 0x0000000085f00000, 0x0000000085f00000|100%| O|  |TAMS 0x0000000085f00000, 0x0000000085f00000| Untracked 
|  95|0x0000000085f00000, 0x0000000086000000, 0x0000000086000000|100%|HS|  |TAMS 0x0000000086000000, 0x0000000086000000| Complete 
|  96|0x0000000086000000, 0x0000000086100000, 0x0000000086100000|100%| O|  |TAMS 0x0000000086100000, 0x0000000086100000| Untracked 
|  97|0x0000000086100000, 0x0000000086200000, 0x0000000086200000|100%|HS|  |TAMS 0x0000000086200000, 0x0000000086200000| Complete 
|  98|0x0000000086200000, 0x0000000086300000, 0x0000000086300000|100%| O|  |TAMS 0x0000000086300000, 0x0000000086300000| Untracked 
|  99|0x0000000086300000, 0x0000000086400000, 0x0000000086400000|100%| O|  |TAMS 0x0000000086400000, 0x0000000086400000| Untracked 
| 100|0x0000000086400000, 0x0000000086500000, 0x0000000086500000|100%| O|  |TAMS 0x0000000086500000, 0x0000000086500000| Untracked 
| 101|0x0000000086500000, 0x0000000086600000, 0x0000000086600000|100%|HS|  |TAMS 0x0000000086600000, 0x0000000086600000| Complete 
| 102|0x0000000086600000, 0x0000000086700000, 0x0000000086700000|100%|HC|  |TAMS 0x0000000086700000, 0x0000000086700000| Complete 
| 103|0x0000000086700000, 0x0000000086800000, 0x0000000086800000|100%|HC|  |TAMS 0x0000000086800000, 0x0000000086800000| Complete 
| 104|0x0000000086800000, 0x0000000086900000, 0x0000000086900000|100%| O|  |TAMS 0x0000000086900000, 0x0000000086900000| Untracked 
| 105|0x0000000086900000, 0x0000000086a00000, 0x0000000086a00000|100%| O|  |TAMS 0x0000000086a00000, 0x0000000086a00000| Untracked 
| 106|0x0000000086a00000, 0x0000000086b00000, 0x0000000086b00000|100%|HS|  |TAMS 0x0000000086b00000, 0x0000000086b00000| Complete 
| 107|0x0000000086b00000, 0x0000000086c00000, 0x0000000086c00000|100%|HC|  |TAMS 0x0000000086c00000, 0x0000000086c00000| Complete 
| 108|0x0000000086c00000, 0x0000000086d00000, 0x0000000086d00000|100%| O|  |TAMS 0x0000000086d00000, 0x0000000086d00000| Untracked 
| 109|0x0000000086d00000, 0x0000000086e00000, 0x0000000086e00000|100%| O|  |TAMS 0x0000000086e00000, 0x0000000086e00000| Untracked 
| 110|0x0000000086e00000, 0x0000000086f00000, 0x0000000086f00000|100%| O|  |TAMS 0x0000000086f00000, 0x0000000086f00000| Untracked 
| 111|0x0000000086f00000, 0x0000000087000000, 0x0000000087000000|100%| O|  |TAMS 0x0000000087000000, 0x0000000087000000| Untracked 
| 112|0x0000000087000000, 0x0000000087100000, 0x0000000087100000|100%| O|  |TAMS 0x0000000087100000, 0x0000000087100000| Untracked 
| 113|0x0000000087100000, 0x0000000087200000, 0x0000000087200000|100%| O|  |TAMS 0x0000000087200000, 0x0000000087200000| Untracked 
| 114|0x0000000087200000, 0x0000000087300000, 0x0000000087300000|100%| O|  |TAMS 0x0000000087300000, 0x0000000087300000| Untracked 
| 115|0x0000000087300000, 0x0000000087400000, 0x0000000087400000|100%| O|  |TAMS 0x0000000087400000, 0x0000000087400000| Untracked 
| 116|0x0000000087400000, 0x0000000087500000, 0x0000000087500000|100%| O|  |TAMS 0x0000000087500000, 0x0000000087500000| Untracked 
| 117|0x0000000087500000, 0x0000000087600000, 0x0000000087600000|100%| O|  |TAMS 0x0000000087600000, 0x0000000087600000| Untracked 
| 118|0x0000000087600000, 0x0000000087700000, 0x0000000087700000|100%| O|  |TAMS 0x0000000087700000, 0x0000000087700000| Untracked 
| 119|0x0000000087700000, 0x0000000087800000, 0x0000000087800000|100%| O|  |TAMS 0x0000000087800000, 0x0000000087800000| Untracked 
| 120|0x0000000087800000, 0x0000000087900000, 0x0000000087900000|100%| O|  |TAMS 0x0000000087900000, 0x0000000087900000| Untracked 
| 121|0x0000000087900000, 0x0000000087a00000, 0x0000000087a00000|100%| O|  |TAMS 0x0000000087a00000, 0x0000000087a00000| Untracked 
| 122|0x0000000087a00000, 0x0000000087b00000, 0x0000000087b00000|100%| O|  |TAMS 0x0000000087b00000, 0x0000000087b00000| Untracked 
| 123|0x0000000087b00000, 0x0000000087c00000, 0x0000000087c00000|100%| O|  |TAMS 0x0000000087c00000, 0x0000000087c00000| Untracked 
| 124|0x0000000087c00000, 0x0000000087d00000, 0x0000000087d00000|100%| O|  |TAMS 0x0000000087d00000, 0x0000000087d00000| Untracked 
| 125|0x0000000087d00000, 0x0000000087e00000, 0x0000000087e00000|100%| O|  |TAMS 0x0000000087e00000, 0x0000000087e00000| Untracked 
| 126|0x0000000087e00000, 0x0000000087f00000, 0x0000000087f00000|100%| O|  |TAMS 0x0000000087f00000, 0x0000000087f00000| Untracked 
| 127|0x0000000087f00000, 0x0000000088000000, 0x0000000088000000|100%| O|  |TAMS 0x0000000088000000, 0x0000000088000000| Untracked 
| 128|0x0000000088000000, 0x0000000088100000, 0x0000000088100000|100%| O|  |TAMS 0x0000000088100000, 0x0000000088100000| Untracked 
| 129|0x0000000088100000, 0x0000000088200000, 0x0000000088200000|100%| O|  |TAMS 0x0000000088200000, 0x0000000088200000| Untracked 
| 130|0x0000000088200000, 0x0000000088300000, 0x0000000088300000|100%| O|  |TAMS 0x0000000088300000, 0x0000000088300000| Untracked 
| 131|0x0000000088300000, 0x0000000088400000, 0x0000000088400000|100%| O|  |TAMS 0x0000000088400000, 0x0000000088400000| Untracked 
| 132|0x0000000088400000, 0x0000000088500000, 0x0000000088500000|100%| O|  |TAMS 0x0000000088500000, 0x0000000088500000| Untracked 
| 133|0x0000000088500000, 0x0000000088600000, 0x0000000088600000|100%| O|  |TAMS 0x0000000088600000, 0x0000000088600000| Untracked 
| 134|0x0000000088600000, 0x0000000088700000, 0x0000000088700000|100%| O|  |TAMS 0x0000000088700000, 0x0000000088700000| Untracked 
| 135|0x0000000088700000, 0x0000000088800000, 0x0000000088800000|100%| O|  |TAMS 0x0000000088800000, 0x0000000088800000| Untracked 
| 136|0x0000000088800000, 0x0000000088900000, 0x0000000088900000|100%| O|  |TAMS 0x0000000088900000, 0x0000000088900000| Untracked 
| 137|0x0000000088900000, 0x0000000088a00000, 0x0000000088a00000|100%| O|  |TAMS 0x0000000088a00000, 0x0000000088a00000| Untracked 
| 138|0x0000000088a00000, 0x0000000088b00000, 0x0000000088b00000|100%| O|  |TAMS 0x0000000088b00000, 0x0000000088b00000| Untracked 
| 139|0x0000000088b00000, 0x0000000088c00000, 0x0000000088c00000|100%| O|  |TAMS 0x0000000088b7d600, 0x0000000088c00000| Untracked 
| 140|0x0000000088c00000, 0x0000000088d00000, 0x0000000088d00000|100%| O|  |TAMS 0x0000000088c00000, 0x0000000088d00000| Untracked 
| 141|0x0000000088d00000, 0x0000000088e00000, 0x0000000088e00000|100%| O|  |TAMS 0x0000000088d00000, 0x0000000088e00000| Untracked 
| 142|0x0000000088e00000, 0x0000000088f00000, 0x0000000088f00000|100%| O|  |TAMS 0x0000000088e00000, 0x0000000088f00000| Untracked 
| 143|0x0000000088f00000, 0x0000000089000000, 0x0000000089000000|100%| O|  |TAMS 0x0000000088f00000, 0x0000000089000000| Untracked 
| 144|0x0000000089000000, 0x0000000089100000, 0x0000000089100000|100%| O|  |TAMS 0x0000000089000000, 0x0000000089100000| Untracked 
| 145|0x0000000089100000, 0x0000000089200000, 0x0000000089200000|100%| O|  |TAMS 0x0000000089100000, 0x0000000089200000| Untracked 
| 146|0x0000000089200000, 0x0000000089300000, 0x0000000089300000|100%| O|  |TAMS 0x0000000089200000, 0x0000000089300000| Untracked 
| 147|0x0000000089300000, 0x0000000089400000, 0x0000000089400000|100%| O|  |TAMS 0x0000000089300000, 0x0000000089400000| Untracked 
| 148|0x0000000089400000, 0x0000000089500000, 0x0000000089500000|100%| O|  |TAMS 0x0000000089400000, 0x0000000089500000| Untracked 
| 149|0x0000000089500000, 0x0000000089600000, 0x0000000089600000|100%| O|  |TAMS 0x0000000089500000, 0x0000000089600000| Untracked 
| 150|0x0000000089600000, 0x0000000089700000, 0x0000000089700000|100%| O|  |TAMS 0x0000000089600000, 0x0000000089700000| Untracked 
| 151|0x0000000089700000, 0x0000000089800000, 0x0000000089800000|100%| O|  |TAMS 0x0000000089700000, 0x0000000089800000| Untracked 
| 152|0x0000000089800000, 0x0000000089900000, 0x0000000089900000|100%| O|  |TAMS 0x0000000089800000, 0x0000000089900000| Untracked 
| 153|0x0000000089900000, 0x0000000089a00000, 0x0000000089a00000|100%| O|  |TAMS 0x0000000089900000, 0x0000000089a00000| Untracked 
| 154|0x0000000089a00000, 0x0000000089b00000, 0x0000000089b00000|100%| O|  |TAMS 0x0000000089a00000, 0x0000000089b00000| Untracked 
| 155|0x0000000089b00000, 0x0000000089c00000, 0x0000000089c00000|100%| O|  |TAMS 0x0000000089b00000, 0x0000000089c00000| Untracked 
| 156|0x0000000089c00000, 0x0000000089d00000, 0x0000000089d00000|100%| O|  |TAMS 0x0000000089c00000, 0x0000000089d00000| Untracked 
| 157|0x0000000089d00000, 0x0000000089e00000, 0x0000000089e00000|100%| O|  |TAMS 0x0000000089d00000, 0x0000000089e00000| Untracked 
| 158|0x0000000089e00000, 0x0000000089f00000, 0x0000000089f00000|100%| O|  |TAMS 0x0000000089e00000, 0x0000000089f00000| Untracked 
| 159|0x0000000089f00000, 0x000000008a000000, 0x000000008a000000|100%| O|  |TAMS 0x0000000089f00000, 0x000000008a000000| Untracked 
| 160|0x000000008a000000, 0x000000008a100000, 0x000000008a100000|100%| O|  |TAMS 0x000000008a000000, 0x000000008a100000| Untracked 
| 161|0x000000008a100000, 0x000000008a200000, 0x000000008a200000|100%| O|  |TAMS 0x000000008a100000, 0x000000008a200000| Untracked 
| 162|0x000000008a200000, 0x000000008a300000, 0x000000008a300000|100%| O|  |TAMS 0x000000008a200000, 0x000000008a300000| Untracked 
| 163|0x000000008a300000, 0x000000008a400000, 0x000000008a400000|100%| O|  |TAMS 0x000000008a300000, 0x000000008a400000| Untracked 
| 164|0x000000008a400000, 0x000000008a500000, 0x000000008a500000|100%| O|  |TAMS 0x000000008a400000, 0x000000008a500000| Untracked 
| 165|0x000000008a500000, 0x000000008a600000, 0x000000008a600000|100%| O|  |TAMS 0x000000008a500000, 0x000000008a600000| Untracked 
| 166|0x000000008a600000, 0x000000008a700000, 0x000000008a700000|100%| O|  |TAMS 0x000000008a600000, 0x000000008a700000| Untracked 
| 167|0x000000008a700000, 0x000000008a800000, 0x000000008a800000|100%| O|  |TAMS 0x000000008a700000, 0x000000008a800000| Untracked 
| 168|0x000000008a800000, 0x000000008a900000, 0x000000008a900000|100%| O|  |TAMS 0x000000008a800000, 0x000000008a900000| Untracked 
| 169|0x000000008a900000, 0x000000008aa00000, 0x000000008aa00000|100%| O|  |TAMS 0x000000008a900000, 0x000000008aa00000| Untracked 
| 170|0x000000008aa00000, 0x000000008ab00000, 0x000000008ab00000|100%| O|  |TAMS 0x000000008aa00000, 0x000000008ab00000| Untracked 
| 171|0x000000008ab00000, 0x000000008ab86e00, 0x000000008ac00000| 52%| O|  |TAMS 0x000000008ab00000, 0x000000008ab86e00| Untracked 
| 172|0x000000008ac00000, 0x000000008ad00000, 0x000000008ad00000|100%|HS|  |TAMS 0x000000008ac00000, 0x000000008ac00000| Complete 
| 173|0x000000008ad00000, 0x000000008ae00000, 0x000000008ae00000|100%|HS|  |TAMS 0x000000008ad00000, 0x000000008ad00000| Complete 
| 174|0x000000008ae00000, 0x000000008ae00000, 0x000000008af00000|  0%| F|  |TAMS 0x000000008ae00000, 0x000000008ae00000| Untracked 
| 175|0x000000008af00000, 0x000000008af00000, 0x000000008b000000|  0%| F|  |TAMS 0x000000008af00000, 0x000000008af00000| Untracked 
| 176|0x000000008b000000, 0x000000008b000000, 0x000000008b100000|  0%| F|  |TAMS 0x000000008b000000, 0x000000008b000000| Untracked 
| 177|0x000000008b100000, 0x000000008b100000, 0x000000008b200000|  0%| F|  |TAMS 0x000000008b100000, 0x000000008b100000| Untracked 
| 178|0x000000008b200000, 0x000000008b200000, 0x000000008b300000|  0%| F|  |TAMS 0x000000008b200000, 0x000000008b200000| Untracked 
| 179|0x000000008b300000, 0x000000008b300000, 0x000000008b400000|  0%| F|  |TAMS 0x000000008b300000, 0x000000008b300000| Untracked 
| 180|0x000000008b400000, 0x000000008b400000, 0x000000008b500000|  0%| F|  |TAMS 0x000000008b400000, 0x000000008b400000| Untracked 
| 181|0x000000008b500000, 0x000000008b500000, 0x000000008b600000|  0%| F|  |TAMS 0x000000008b500000, 0x000000008b500000| Untracked 
| 182|0x000000008b600000, 0x000000008b600000, 0x000000008b700000|  0%| F|  |TAMS 0x000000008b600000, 0x000000008b600000| Untracked 
| 183|0x000000008b700000, 0x000000008b700000, 0x000000008b800000|  0%| F|  |TAMS 0x000000008b700000, 0x000000008b700000| Untracked 
| 184|0x000000008b800000, 0x000000008b800000, 0x000000008b900000|  0%| F|  |TAMS 0x000000008b800000, 0x000000008b800000| Untracked 
| 185|0x000000008b900000, 0x000000008b900000, 0x000000008ba00000|  0%| F|  |TAMS 0x000000008b900000, 0x000000008b900000| Untracked 
| 186|0x000000008ba00000, 0x000000008ba00000, 0x000000008bb00000|  0%| F|  |TAMS 0x000000008ba00000, 0x000000008ba00000| Untracked 
| 187|0x000000008bb00000, 0x000000008bb00000, 0x000000008bc00000|  0%| F|  |TAMS 0x000000008bb00000, 0x000000008bb00000| Untracked 
| 188|0x000000008bc00000, 0x000000008bc00000, 0x000000008bd00000|  0%| F|  |TAMS 0x000000008bc00000, 0x000000008bc00000| Untracked 
| 189|0x000000008bd00000, 0x000000008bd00000, 0x000000008be00000|  0%| F|  |TAMS 0x000000008bd00000, 0x000000008bd00000| Untracked 
| 190|0x000000008be00000, 0x000000008be00000, 0x000000008bf00000|  0%| F|  |TAMS 0x000000008be00000, 0x000000008be00000| Untracked 
| 191|0x000000008bf00000, 0x000000008bf00000, 0x000000008c000000|  0%| F|  |TAMS 0x000000008bf00000, 0x000000008bf00000| Untracked 
| 192|0x000000008c000000, 0x000000008c000000, 0x000000008c100000|  0%| F|  |TAMS 0x000000008c000000, 0x000000008c000000| Untracked 
| 193|0x000000008c100000, 0x000000008c100000, 0x000000008c200000|  0%| F|  |TAMS 0x000000008c100000, 0x000000008c100000| Untracked 
| 194|0x000000008c200000, 0x000000008c200000, 0x000000008c300000|  0%| F|  |TAMS 0x000000008c200000, 0x000000008c200000| Untracked 
| 195|0x000000008c300000, 0x000000008c300000, 0x000000008c400000|  0%| F|  |TAMS 0x000000008c300000, 0x000000008c300000| Untracked 
| 196|0x000000008c400000, 0x000000008c400000, 0x000000008c500000|  0%| F|  |TAMS 0x000000008c400000, 0x000000008c400000| Untracked 
| 197|0x000000008c500000, 0x000000008c500000, 0x000000008c600000|  0%| F|  |TAMS 0x000000008c500000, 0x000000008c500000| Untracked 
| 198|0x000000008c600000, 0x000000008c600000, 0x000000008c700000|  0%| F|  |TAMS 0x000000008c600000, 0x000000008c600000| Untracked 
| 199|0x000000008c700000, 0x000000008c700000, 0x000000008c800000|  0%| F|  |TAMS 0x000000008c700000, 0x000000008c700000| Untracked 
| 200|0x000000008c800000, 0x000000008c800000, 0x000000008c900000|  0%| F|  |TAMS 0x000000008c800000, 0x000000008c800000| Untracked 
| 201|0x000000008c900000, 0x000000008c900000, 0x000000008ca00000|  0%| F|  |TAMS 0x000000008c900000, 0x000000008c900000| Untracked 
| 202|0x000000008ca00000, 0x000000008ca00000, 0x000000008cb00000|  0%| F|  |TAMS 0x000000008ca00000, 0x000000008ca00000| Untracked 
| 203|0x000000008cb00000, 0x000000008cb00000, 0x000000008cc00000|  0%| F|  |TAMS 0x000000008cb00000, 0x000000008cb00000| Untracked 
| 204|0x000000008cc00000, 0x000000008cc00000, 0x000000008cd00000|  0%| F|  |TAMS 0x000000008cc00000, 0x000000008cc00000| Untracked 
| 205|0x000000008cd00000, 0x000000008cd00000, 0x000000008ce00000|  0%| F|  |TAMS 0x000000008cd00000, 0x000000008cd00000| Untracked 
| 206|0x000000008ce00000, 0x000000008ce00000, 0x000000008cf00000|  0%| F|  |TAMS 0x000000008ce00000, 0x000000008ce00000| Untracked 
| 207|0x000000008cf00000, 0x000000008cf00000, 0x000000008d000000|  0%| F|  |TAMS 0x000000008cf00000, 0x000000008cf00000| Untracked 
| 208|0x000000008d000000, 0x000000008d000000, 0x000000008d100000|  0%| F|  |TAMS 0x000000008d000000, 0x000000008d000000| Untracked 
| 209|0x000000008d100000, 0x000000008d100000, 0x000000008d200000|  0%| F|  |TAMS 0x000000008d100000, 0x000000008d100000| Untracked 
| 210|0x000000008d200000, 0x000000008d200000, 0x000000008d300000|  0%| F|  |TAMS 0x000000008d200000, 0x000000008d200000| Untracked 
| 211|0x000000008d300000, 0x000000008d300000, 0x000000008d400000|  0%| F|  |TAMS 0x000000008d300000, 0x000000008d300000| Untracked 
| 212|0x000000008d400000, 0x000000008d400000, 0x000000008d500000|  0%| F|  |TAMS 0x000000008d400000, 0x000000008d400000| Untracked 
| 213|0x000000008d500000, 0x000000008d500000, 0x000000008d600000|  0%| F|  |TAMS 0x000000008d500000, 0x000000008d500000| Untracked 
| 214|0x000000008d600000, 0x000000008d600000, 0x000000008d700000|  0%| F|  |TAMS 0x000000008d600000, 0x000000008d600000| Untracked 
| 215|0x000000008d700000, 0x000000008d700000, 0x000000008d800000|  0%| F|  |TAMS 0x000000008d700000, 0x000000008d700000| Untracked 
| 216|0x000000008d800000, 0x000000008d800000, 0x000000008d900000|  0%| F|  |TAMS 0x000000008d800000, 0x000000008d800000| Untracked 
| 217|0x000000008d900000, 0x000000008d900000, 0x000000008da00000|  0%| F|  |TAMS 0x000000008d900000, 0x000000008d900000| Untracked 
| 218|0x000000008da00000, 0x000000008da00000, 0x000000008db00000|  0%| F|  |TAMS 0x000000008da00000, 0x000000008da00000| Untracked 
| 219|0x000000008db00000, 0x000000008db00000, 0x000000008dc00000|  0%| F|  |TAMS 0x000000008db00000, 0x000000008db00000| Untracked 
| 220|0x000000008dc00000, 0x000000008dc00000, 0x000000008dd00000|  0%| F|  |TAMS 0x000000008dc00000, 0x000000008dc00000| Untracked 
| 221|0x000000008dd00000, 0x000000008dd00000, 0x000000008de00000|  0%| F|  |TAMS 0x000000008dd00000, 0x000000008dd00000| Untracked 
| 222|0x000000008de00000, 0x000000008de00000, 0x000000008df00000|  0%| F|  |TAMS 0x000000008de00000, 0x000000008de00000| Untracked 
| 223|0x000000008df00000, 0x000000008df00000, 0x000000008e000000|  0%| F|  |TAMS 0x000000008df00000, 0x000000008df00000| Untracked 
| 224|0x000000008e000000, 0x000000008e000000, 0x000000008e100000|  0%| F|  |TAMS 0x000000008e000000, 0x000000008e000000| Untracked 
| 225|0x000000008e100000, 0x000000008e100000, 0x000000008e200000|  0%| F|  |TAMS 0x000000008e100000, 0x000000008e100000| Untracked 
| 226|0x000000008e200000, 0x000000008e200000, 0x000000008e300000|  0%| F|  |TAMS 0x000000008e200000, 0x000000008e200000| Untracked 
| 227|0x000000008e300000, 0x000000008e300000, 0x000000008e400000|  0%| F|  |TAMS 0x000000008e300000, 0x000000008e300000| Untracked 
| 228|0x000000008e400000, 0x000000008e400000, 0x000000008e500000|  0%| F|  |TAMS 0x000000008e400000, 0x000000008e400000| Untracked 
| 229|0x000000008e500000, 0x000000008e500000, 0x000000008e600000|  0%| F|  |TAMS 0x000000008e500000, 0x000000008e500000| Untracked 
| 230|0x000000008e600000, 0x000000008e600000, 0x000000008e700000|  0%| F|  |TAMS 0x000000008e600000, 0x000000008e600000| Untracked 
| 231|0x000000008e700000, 0x000000008e700000, 0x000000008e800000|  0%| F|  |TAMS 0x000000008e700000, 0x000000008e700000| Untracked 
| 232|0x000000008e800000, 0x000000008e800000, 0x000000008e900000|  0%| F|  |TAMS 0x000000008e800000, 0x000000008e800000| Untracked 
| 233|0x000000008e900000, 0x000000008e900000, 0x000000008ea00000|  0%| F|  |TAMS 0x000000008e900000, 0x000000008e900000| Untracked 
| 234|0x000000008ea00000, 0x000000008ea00000, 0x000000008eb00000|  0%| F|  |TAMS 0x000000008ea00000, 0x000000008ea00000| Untracked 
| 235|0x000000008eb00000, 0x000000008eb00000, 0x000000008ec00000|  0%| F|  |TAMS 0x000000008eb00000, 0x000000008eb00000| Untracked 
| 236|0x000000008ec00000, 0x000000008ec00000, 0x000000008ed00000|  0%| F|  |TAMS 0x000000008ec00000, 0x000000008ec00000| Untracked 
| 237|0x000000008ed00000, 0x000000008ed00000, 0x000000008ee00000|  0%| F|  |TAMS 0x000000008ed00000, 0x000000008ed00000| Untracked 
| 238|0x000000008ee00000, 0x000000008ee00000, 0x000000008ef00000|  0%| F|  |TAMS 0x000000008ee00000, 0x000000008ee00000| Untracked 
| 239|0x000000008ef00000, 0x000000008ef00000, 0x000000008f000000|  0%| F|  |TAMS 0x000000008ef00000, 0x000000008ef00000| Untracked 
| 240|0x000000008f000000, 0x000000008f000000, 0x000000008f100000|  0%| F|  |TAMS 0x000000008f000000, 0x000000008f000000| Untracked 
| 241|0x000000008f100000, 0x000000008f100000, 0x000000008f200000|  0%| F|  |TAMS 0x000000008f100000, 0x000000008f100000| Untracked 
| 242|0x000000008f200000, 0x000000008f200000, 0x000000008f300000|  0%| F|  |TAMS 0x000000008f200000, 0x000000008f200000| Untracked 
| 243|0x000000008f300000, 0x000000008f300000, 0x000000008f400000|  0%| F|  |TAMS 0x000000008f300000, 0x000000008f300000| Untracked 
| 244|0x000000008f400000, 0x000000008f400000, 0x000000008f500000|  0%| F|  |TAMS 0x000000008f400000, 0x000000008f400000| Untracked 
| 245|0x000000008f500000, 0x000000008f500000, 0x000000008f600000|  0%| F|  |TAMS 0x000000008f500000, 0x000000008f500000| Untracked 
| 246|0x000000008f600000, 0x000000008f600000, 0x000000008f700000|  0%| F|  |TAMS 0x000000008f600000, 0x000000008f600000| Untracked 
| 247|0x000000008f700000, 0x000000008f700000, 0x000000008f800000|  0%| F|  |TAMS 0x000000008f700000, 0x000000008f700000| Untracked 
| 248|0x000000008f800000, 0x000000008f800000, 0x000000008f900000|  0%| F|  |TAMS 0x000000008f800000, 0x000000008f800000| Untracked 
| 249|0x000000008f900000, 0x000000008f900000, 0x000000008fa00000|  0%| F|  |TAMS 0x000000008f900000, 0x000000008f900000| Untracked 
| 250|0x000000008fa00000, 0x000000008fa00000, 0x000000008fb00000|  0%| F|  |TAMS 0x000000008fa00000, 0x000000008fa00000| Untracked 
| 251|0x000000008fb00000, 0x000000008fb00000, 0x000000008fc00000|  0%| F|  |TAMS 0x000000008fb00000, 0x000000008fb00000| Untracked 
| 252|0x000000008fc00000, 0x000000008fc00000, 0x000000008fd00000|  0%| F|  |TAMS 0x000000008fc00000, 0x000000008fc00000| Untracked 
| 253|0x000000008fd00000, 0x000000008fd00000, 0x000000008fe00000|  0%| F|  |TAMS 0x000000008fd00000, 0x000000008fd00000| Untracked 
| 254|0x000000008fe00000, 0x000000008fe00000, 0x000000008ff00000|  0%| F|  |TAMS 0x000000008fe00000, 0x000000008fe00000| Untracked 
| 255|0x000000008ff00000, 0x000000008ff00000, 0x0000000090000000|  0%| F|  |TAMS 0x000000008ff00000, 0x000000008ff00000| Untracked 
| 256|0x0000000090000000, 0x0000000090000000, 0x0000000090100000|  0%| F|  |TAMS 0x0000000090000000, 0x0000000090000000| Untracked 
| 257|0x0000000090100000, 0x0000000090100000, 0x0000000090200000|  0%| F|  |TAMS 0x0000000090100000, 0x0000000090100000| Untracked 
| 258|0x0000000090200000, 0x0000000090200000, 0x0000000090300000|  0%| F|  |TAMS 0x0000000090200000, 0x0000000090200000| Untracked 
| 259|0x0000000090300000, 0x0000000090300000, 0x0000000090400000|  0%| F|  |TAMS 0x0000000090300000, 0x0000000090300000| Untracked 
| 260|0x0000000090400000, 0x0000000090400000, 0x0000000090500000|  0%| F|  |TAMS 0x0000000090400000, 0x0000000090400000| Untracked 
| 261|0x0000000090500000, 0x0000000090500000, 0x0000000090600000|  0%| F|  |TAMS 0x0000000090500000, 0x0000000090500000| Untracked 
| 262|0x0000000090600000, 0x0000000090600000, 0x0000000090700000|  0%| F|  |TAMS 0x0000000090600000, 0x0000000090600000| Untracked 
| 263|0x0000000090700000, 0x0000000090700000, 0x0000000090800000|  0%| F|  |TAMS 0x0000000090700000, 0x0000000090700000| Untracked 
| 264|0x0000000090800000, 0x00000000908b9a50, 0x0000000090900000| 72%| S|CS|TAMS 0x0000000090800000, 0x0000000090800000| Complete 
| 265|0x0000000090900000, 0x0000000090a00000, 0x0000000090a00000|100%| S|CS|TAMS 0x0000000090900000, 0x0000000090900000| Complete 
| 266|0x0000000090a00000, 0x0000000090b00000, 0x0000000090b00000|100%| S|CS|TAMS 0x0000000090a00000, 0x0000000090a00000| Complete 
| 267|0x0000000090b00000, 0x0000000090c00000, 0x0000000090c00000|100%| S|CS|TAMS 0x0000000090b00000, 0x0000000090b00000| Complete 
| 268|0x0000000090c00000, 0x0000000090d00000, 0x0000000090d00000|100%| S|CS|TAMS 0x0000000090c00000, 0x0000000090c00000| Complete 
| 269|0x0000000090d00000, 0x0000000090e00000, 0x0000000090e00000|100%| S|CS|TAMS 0x0000000090d00000, 0x0000000090d00000| Complete 
| 270|0x0000000090e00000, 0x0000000090f00000, 0x0000000090f00000|100%| S|CS|TAMS 0x0000000090e00000, 0x0000000090e00000| Complete 
| 271|0x0000000090f00000, 0x0000000090f00000, 0x0000000091000000|  0%| F|  |TAMS 0x0000000090f00000, 0x0000000090f00000| Untracked 
| 272|0x0000000091000000, 0x0000000091000000, 0x0000000091100000|  0%| F|  |TAMS 0x0000000091000000, 0x0000000091000000| Untracked 
| 273|0x0000000091100000, 0x0000000091100000, 0x0000000091200000|  0%| F|  |TAMS 0x0000000091100000, 0x0000000091100000| Untracked 
| 274|0x0000000091200000, 0x0000000091200000, 0x0000000091300000|  0%| F|  |TAMS 0x0000000091200000, 0x0000000091200000| Untracked 
| 275|0x0000000091300000, 0x0000000091300000, 0x0000000091400000|  0%| F|  |TAMS 0x0000000091300000, 0x0000000091300000| Untracked 
| 276|0x0000000091400000, 0x0000000091400000, 0x0000000091500000|  0%| F|  |TAMS 0x0000000091400000, 0x0000000091400000| Untracked 
| 277|0x0000000091500000, 0x0000000091500000, 0x0000000091600000|  0%| F|  |TAMS 0x0000000091500000, 0x0000000091500000| Untracked 
| 278|0x0000000091600000, 0x0000000091600000, 0x0000000091700000|  0%| F|  |TAMS 0x0000000091600000, 0x0000000091600000| Untracked 
| 279|0x0000000091700000, 0x0000000091700000, 0x0000000091800000|  0%| F|  |TAMS 0x0000000091700000, 0x0000000091700000| Untracked 
| 280|0x0000000091800000, 0x0000000091800000, 0x0000000091900000|  0%| F|  |TAMS 0x0000000091800000, 0x0000000091800000| Untracked 
| 281|0x0000000091900000, 0x0000000091900000, 0x0000000091a00000|  0%| F|  |TAMS 0x0000000091900000, 0x0000000091900000| Untracked 
| 282|0x0000000091a00000, 0x0000000091a00000, 0x0000000091b00000|  0%| F|  |TAMS 0x0000000091a00000, 0x0000000091a00000| Untracked 
| 283|0x0000000091b00000, 0x0000000091b00000, 0x0000000091c00000|  0%| F|  |TAMS 0x0000000091b00000, 0x0000000091b00000| Untracked 
| 284|0x0000000091c00000, 0x0000000091c00000, 0x0000000091d00000|  0%| F|  |TAMS 0x0000000091c00000, 0x0000000091c00000| Untracked 
| 285|0x0000000091d00000, 0x0000000091d00000, 0x0000000091e00000|  0%| F|  |TAMS 0x0000000091d00000, 0x0000000091d00000| Untracked 
| 286|0x0000000091e00000, 0x0000000091e00000, 0x0000000091f00000|  0%| F|  |TAMS 0x0000000091e00000, 0x0000000091e00000| Untracked 
| 287|0x0000000091f00000, 0x0000000091f00000, 0x0000000092000000|  0%| F|  |TAMS 0x0000000091f00000, 0x0000000091f00000| Untracked 
| 288|0x0000000092000000, 0x0000000092000000, 0x0000000092100000|  0%| F|  |TAMS 0x0000000092000000, 0x0000000092000000| Untracked 
| 289|0x0000000092100000, 0x0000000092100000, 0x0000000092200000|  0%| F|  |TAMS 0x0000000092100000, 0x0000000092100000| Untracked 
| 290|0x0000000092200000, 0x0000000092200000, 0x0000000092300000|  0%| F|  |TAMS 0x0000000092200000, 0x0000000092200000| Untracked 
| 291|0x0000000092300000, 0x0000000092300000, 0x0000000092400000|  0%| F|  |TAMS 0x0000000092300000, 0x0000000092300000| Untracked 
| 292|0x0000000092400000, 0x0000000092400000, 0x0000000092500000|  0%| F|  |TAMS 0x0000000092400000, 0x0000000092400000| Untracked 
| 293|0x0000000092500000, 0x0000000092579440, 0x0000000092600000| 47%| E|  |TAMS 0x0000000092500000, 0x0000000092500000| Complete 
| 294|0x0000000092600000, 0x0000000092700000, 0x0000000092700000|100%| E|CS|TAMS 0x0000000092600000, 0x0000000092600000| Complete 
| 295|0x0000000092700000, 0x0000000092800000, 0x0000000092800000|100%| E|CS|TAMS 0x0000000092700000, 0x0000000092700000| Complete 
| 296|0x0000000092800000, 0x0000000092900000, 0x0000000092900000|100%| E|CS|TAMS 0x0000000092800000, 0x0000000092800000| Complete 
| 297|0x0000000092900000, 0x0000000092a00000, 0x0000000092a00000|100%| E|CS|TAMS 0x0000000092900000, 0x0000000092900000| Complete 
| 298|0x0000000092a00000, 0x0000000092b00000, 0x0000000092b00000|100%| E|CS|TAMS 0x0000000092a00000, 0x0000000092a00000| Complete 
| 299|0x0000000092b00000, 0x0000000092c00000, 0x0000000092c00000|100%| E|CS|TAMS 0x0000000092b00000, 0x0000000092b00000| Complete 
| 300|0x0000000092c00000, 0x0000000092d00000, 0x0000000092d00000|100%| E|CS|TAMS 0x0000000092c00000, 0x0000000092c00000| Complete 
| 301|0x0000000092d00000, 0x0000000092e00000, 0x0000000092e00000|100%| E|CS|TAMS 0x0000000092d00000, 0x0000000092d00000| Complete 
| 302|0x0000000092e00000, 0x0000000092f00000, 0x0000000092f00000|100%| E|CS|TAMS 0x0000000092e00000, 0x0000000092e00000| Complete 
| 303|0x0000000092f00000, 0x0000000093000000, 0x0000000093000000|100%| E|CS|TAMS 0x0000000092f00000, 0x0000000092f00000| Complete 
| 304|0x0000000093000000, 0x0000000093100000, 0x0000000093100000|100%| E|CS|TAMS 0x0000000093000000, 0x0000000093000000| Complete 
| 305|0x0000000093100000, 0x0000000093200000, 0x0000000093200000|100%| E|CS|TAMS 0x0000000093100000, 0x0000000093100000| Complete 
| 306|0x0000000093200000, 0x0000000093300000, 0x0000000093300000|100%| E|CS|TAMS 0x0000000093200000, 0x0000000093200000| Complete 
| 307|0x0000000093300000, 0x0000000093400000, 0x0000000093400000|100%| E|CS|TAMS 0x0000000093300000, 0x0000000093300000| Complete 
| 308|0x0000000093400000, 0x0000000093500000, 0x0000000093500000|100%| E|CS|TAMS 0x0000000093400000, 0x0000000093400000| Complete 
| 309|0x0000000093500000, 0x0000000093600000, 0x0000000093600000|100%| E|CS|TAMS 0x0000000093500000, 0x0000000093500000| Complete 
| 310|0x0000000093600000, 0x0000000093700000, 0x0000000093700000|100%| E|CS|TAMS 0x0000000093600000, 0x0000000093600000| Complete 
| 311|0x0000000093700000, 0x0000000093800000, 0x0000000093800000|100%| E|  |TAMS 0x0000000093700000, 0x0000000093700000| Complete 
| 312|0x0000000093800000, 0x0000000093900000, 0x0000000093900000|100%| E|CS|TAMS 0x0000000093800000, 0x0000000093800000| Complete 
| 313|0x0000000093900000, 0x0000000093a00000, 0x0000000093a00000|100%| E|CS|TAMS 0x0000000093900000, 0x0000000093900000| Complete 
| 314|0x0000000093a00000, 0x0000000093b00000, 0x0000000093b00000|100%| E|CS|TAMS 0x0000000093a00000, 0x0000000093a00000| Complete 
| 315|0x0000000093b00000, 0x0000000093c00000, 0x0000000093c00000|100%| E|CS|TAMS 0x0000000093b00000, 0x0000000093b00000| Complete 
| 316|0x0000000093c00000, 0x0000000093d00000, 0x0000000093d00000|100%| E|CS|TAMS 0x0000000093c00000, 0x0000000093c00000| Complete 
| 317|0x0000000093d00000, 0x0000000093e00000, 0x0000000093e00000|100%| E|CS|TAMS 0x0000000093d00000, 0x0000000093d00000| Complete 
| 318|0x0000000093e00000, 0x0000000093f00000, 0x0000000093f00000|100%| E|CS|TAMS 0x0000000093e00000, 0x0000000093e00000| Complete 
| 319|0x0000000093f00000, 0x0000000094000000, 0x0000000094000000|100%| E|CS|TAMS 0x0000000093f00000, 0x0000000093f00000| Complete 
| 320|0x0000000094000000, 0x0000000094100000, 0x0000000094100000|100%| E|CS|TAMS 0x0000000094000000, 0x0000000094000000| Complete 

Card table byte_map: [0x000001d3e9450000,0x000001d3e9850000] _byte_map_base: 0x000001d3e9050000

Marking Bits (Prev, Next): (CMBitMap*) 0x000001d3d626e5e0, (CMBitMap*) 0x000001d3d626e5a8
 Prev Bits: [0x000001d3ebc50000, 0x000001d3edc50000)
 Next Bits: [0x000001d3e9c50000, 0x000001d3ebc50000)

Polling page: 0x000001d3d5a10000

Metaspace:

Usage:
  Non-class:     82.93 MB capacity,    81.38 MB ( 98%) used,     1.26 MB (  2%) free+waste,   295.63 KB ( <1%) overhead. 
      Class:     13.25 MB capacity,    12.33 MB ( 93%) used,   809.80 KB (  6%) free+waste,   133.50 KB ( <1%) overhead. 
       Both:     96.19 MB capacity,    93.72 MB ( 97%) used,     2.05 MB (  2%) free+waste,   429.13 KB ( <1%) overhead. 

Virtual space:
  Non-class space:       84.00 MB reserved,      82.95 MB ( 99%) committed 
      Class space:        1.00 GB reserved,      13.38 MB (  1%) committed 
             Both:        1.08 GB reserved,      96.32 MB (  9%) committed 

Chunk freelists:
   Non-Class:  17.00 KB
       Class:  0 bytes
        Both:  17.00 KB

MaxMetaspaceSize: 17179869184.00 GB
CompressedClassSpaceSize: 1.00 GB

CodeHeap 'non-profiled nmethods': size=120000Kb used=4815Kb max_used=4815Kb free=115184Kb
 bounds [0x000001d3e17f0000, 0x000001d3e1cb0000, 0x000001d3e8d20000]
CodeHeap 'profiled nmethods': size=120000Kb used=23715Kb max_used=23715Kb free=96284Kb
 bounds [0x000001d3da2c0000, 0x000001d3db9f0000, 0x000001d3e17f0000]
CodeHeap 'non-nmethods': size=5760Kb used=2318Kb max_used=2348Kb free=3441Kb
 bounds [0x000001d3d9d20000, 0x000001d3d9f90000, 0x000001d3da2c0000]
 total_blobs=12470 nmethods=11559 adapters=822
 compilation: enabled
              stopped_count=0, restarted_count=0
 full_count=0

Compilation events (20 events):
Event: 25.004 Thread 0x000001d3f06b5000 11637       2       com.android.tools.r8.graph.r::a (71 bytes)
Event: 25.005 Thread 0x000001d3f06b5000 nmethod 11637 0x000001d3db997690 code [0x000001d3db9978a0, 0x000001d3db997df8]
Event: 25.049 Thread 0x000001d3f06b5000 11640 %     3       com.android.tools.r8.internal.v6::a @ 33 (102 bytes)
Event: 25.051 Thread 0x000001d3f06b5000 nmethod 11640% 0x000001d3db998090 code [0x000001d3db998360, 0x000001d3db999458]
Event: 25.052 Thread 0x000001d3f06b5000 11641 %     3       java.util.ArrayList::forEach @ 24 (74 bytes)
Event: 25.053 Thread 0x000001d3f06b5000 nmethod 11641% 0x000001d3db999a10 code [0x000001d3db999c20, 0x000001d3db99a2a8]
Event: 25.053 Thread 0x000001d3f06b5000 11642       1       com.android.tools.r8.code.v1::m (2 bytes)
Event: 25.053 Thread 0x000001d3f06b5000 nmethod 11642 0x000001d3e1ca1710 code [0x000001d3e1ca18c0, 0x000001d3e1ca1978]
Event: 25.053 Thread 0x000001d3f06b5000 11643       2       com.android.tools.r8.dex.b::a (127 bytes)
Event: 25.054 Thread 0x000001d3f06b5000 nmethod 11643 0x000001d3db99a590 code [0x000001d3db99a7c0, 0x000001d3db99ac28]
Event: 25.055 Thread 0x000001d3f06b5000 11644       2       com.android.tools.r8.dex.b$$Lambda$1450/0x0000000100d32840::accept (12 bytes)
Event: 25.055 Thread 0x000001d3f06b5000 nmethod 11644 0x000001d3db99af90 code [0x000001d3db99b140, 0x000001d3db99b288]
Event: 25.055 Thread 0x000001d3f06b5000 11645 %     3       com.android.tools.r8.dex.b::a @ 76 (127 bytes)
Event: 25.057 Thread 0x000001d3f06b5000 nmethod 11645% 0x000001d3db99b390 code [0x000001d3db99b640, 0x000001d3db99c5c8]
Event: 25.057 Thread 0x000001d3f06b5000 11646       3       java.util.ArrayList::forEach (74 bytes)
Event: 25.057 Thread 0x000001d3f06b5000 nmethod 11646 0x000001d3db99cb10 code [0x000001d3db99cd20, 0x000001d3db99d2e8]
Event: 25.057 Thread 0x000001d3f06b5000 11649       3       com.android.tools.r8.dex.b::a (127 bytes)
Event: 25.059 Thread 0x000001d3f06b5000 nmethod 11649 0x000001d3db99d590 code [0x000001d3db99d820, 0x000001d3db99e6c8]
Event: 25.059 Thread 0x000001d3f06b5000 11648       2       java.util.ArrayList::elementAt (4 bytes)
Event: 25.059 Thread 0x000001d3f06b5000 nmethod 11648 0x000001d3db99eb90 code [0x000001d3db99ed40, 0x000001d3db99ee38]

GC Heap History (20 events):
Event: 18.852 GC heap before
{Heap before GC invocations=55 (full 0):
 garbage-first heap   total 155648K, used 120336K [0x0000000080000000, 0x0000000100000000)
  region size 1024K, 54 young (55296K), 5 survivors (5120K)
 Metaspace       used 82121K, capacity 84279K, committed 84556K, reserved 1122304K
  class space    used 10744K, capacity 11541K, committed 11648K, reserved 1048576K
}
Event: 18.867 GC heap after
{Heap after GC invocations=56 (full 0):
 garbage-first heap   total 155648K, used 74822K [0x0000000080000000, 0x0000000100000000)
  region size 1024K, 7 young (7168K), 7 survivors (7168K)
 Metaspace       used 82121K, capacity 84279K, committed 84556K, reserved 1122304K
  class space    used 10744K, capacity 11541K, committed 11648K, reserved 1048576K
}
Event: 20.116 GC heap before
{Heap before GC invocations=56 (full 0):
 garbage-first heap   total 155648K, used 122950K [0x0000000080000000, 0x0000000100000000)
  region size 1024K, 55 young (56320K), 7 survivors (7168K)
 Metaspace       used 83707K, capacity 85965K, committed 86220K, reserved 1124352K
  class space    used 10858K, capacity 11681K, committed 11776K, reserved 1048576K
}
Event: 20.134 GC heap after
{Heap after GC invocations=57 (full 0):
 garbage-first heap   total 155648K, used 77869K [0x0000000080000000, 0x0000000100000000)
  region size 1024K, 7 young (7168K), 7 survivors (7168K)
 Metaspace       used 83707K, capacity 85965K, committed 86220K, reserved 1124352K
  class space    used 10858K, capacity 11681K, committed 11776K, reserved 1048576K
}
Event: 20.673 GC heap before
{Heap before GC invocations=57 (full 0):
 garbage-first heap   total 155648K, used 124973K [0x0000000080000000, 0x0000000100000000)
  region size 1024K, 54 young (55296K), 7 survivors (7168K)
 Metaspace       used 84865K, capacity 87145K, committed 87372K, reserved 1124352K
  class space    used 11000K, capacity 11847K, committed 11904K, reserved 1048576K
}
Event: 20.692 GC heap after
{Heap after GC invocations=58 (full 0):
 garbage-first heap   total 155648K, used 79931K [0x0000000080000000, 0x0000000100000000)
  region size 1024K, 6 young (6144K), 6 survivors (6144K)
 Metaspace       used 84865K, capacity 87145K, committed 87372K, reserved 1124352K
  class space    used 11000K, capacity 11847K, committed 11904K, reserved 1048576K
}
Event: 21.217 GC heap before
{Heap before GC invocations=59 (full 0):
 garbage-first heap   total 155648K, used 127035K [0x0000000080000000, 0x0000000100000000)
  region size 1024K, 53 young (54272K), 6 survivors (6144K)
 Metaspace       used 86500K, capacity 88799K, committed 89164K, reserved 1126400K
  class space    used 11204K, capacity 12034K, committed 12160K, reserved 1048576K
}
Event: 21.231 GC heap after
{Heap after GC invocations=60 (full 0):
 garbage-first heap   total 187392K, used 81960K [0x0000000080000000, 0x0000000100000000)
  region size 1024K, 5 young (5120K), 5 survivors (5120K)
 Metaspace       used 86500K, capacity 88799K, committed 89164K, reserved 1126400K
  class space    used 11204K, capacity 12034K, committed 12160K, reserved 1048576K
}
Event: 21.360 GC heap before
{Heap before GC invocations=60 (full 0):
 garbage-first heap   total 187392K, used 93224K [0x0000000080000000, 0x0000000100000000)
  region size 1024K, 13 young (13312K), 5 survivors (5120K)
 Metaspace       used 87059K, capacity 89245K, committed 89420K, reserved 1126400K
  class space    used 11270K, capacity 12072K, committed 12160K, reserved 1048576K
}
Event: 21.368 GC heap after
{Heap after GC invocations=61 (full 0):
 garbage-first heap   total 187392K, used 87668K [0x0000000080000000, 0x0000000100000000)
  region size 1024K, 5 young (5120K), 5 survivors (5120K)
 Metaspace       used 87059K, capacity 89245K, committed 89420K, reserved 1126400K
  class space    used 11270K, capacity 12072K, committed 12160K, reserved 1048576K
}
Event: 22.098 GC heap before
{Heap before GC invocations=62 (full 0):
 garbage-first heap   total 187392K, used 117364K [0x0000000080000000, 0x0000000100000000)
  region size 1024K, 31 young (31744K), 5 survivors (5120K)
 Metaspace       used 90305K, capacity 92411K, committed 93004K, reserved 1130496K
  class space    used 11658K, capacity 12445K, committed 12672K, reserved 1048576K
}
Event: 22.117 GC heap after
{Heap after GC invocations=63 (full 0):
 garbage-first heap   total 187392K, used 97943K [0x0000000080000000, 0x0000000100000000)
  region size 1024K, 8 young (8192K), 8 survivors (8192K)
 Metaspace       used 90305K, capacity 92411K, committed 93004K, reserved 1130496K
  class space    used 11658K, capacity 12445K, committed 12672K, reserved 1048576K
}
Event: 22.451 GC heap before
{Heap before GC invocations=64 (full 0):
 garbage-first heap   total 187392K, used 156311K [0x0000000080000000, 0x0000000100000000)
  region size 1024K, 47 young (48128K), 8 survivors (8192K)
 Metaspace       used 90650K, capacity 92724K, committed 93260K, reserved 1130496K
  class space    used 11697K, capacity 12485K, committed 12672K, reserved 1048576K
}
Event: 22.580 GC heap after
{Heap after GC invocations=65 (full 0):
 garbage-first heap   total 187392K, used 123041K [0x0000000080000000, 0x0000000100000000)
  region size 1024K, 7 young (7168K), 7 survivors (7168K)
 Metaspace       used 90650K, capacity 92724K, committed 93260K, reserved 1130496K
  class space    used 11697K, capacity 12485K, committed 12672K, reserved 1048576K
}
Event: 23.083 GC heap before
{Heap before GC invocations=66 (full 0):
 garbage-first heap   total 187392K, used 152737K [0x0000000080000000, 0x0000000100000000)
  region size 1024K, 34 young (34816K), 7 survivors (7168K)
 Metaspace       used 92887K, capacity 95143K, committed 95180K, reserved 1132544K
  class space    used 12194K, capacity 13047K, committed 13056K, reserved 1048576K
}
Event: 23.114 GC heap after
{Heap after GC invocations=67 (full 0):
 garbage-first heap   total 187392K, used 135168K [0x0000000080000000, 0x0000000100000000)
  region size 1024K, 5 young (5120K), 5 survivors (5120K)
 Metaspace       used 92887K, capacity 95143K, committed 95180K, reserved 1132544K
  class space    used 12194K, capacity 13047K, committed 13056K, reserved 1048576K
}
Event: 23.218 GC heap before
{Heap before GC invocations=67 (full 0):
 garbage-first heap   total 187392K, used 154624K [0x0000000080000000, 0x0000000100000000)
  region size 1024K, 24 young (24576K), 5 survivors (5120K)
 Metaspace       used 92944K, capacity 95211K, committed 95436K, reserved 1132544K
  class space    used 12194K, capacity 13047K, committed 13056K, reserved 1048576K
}
Event: 23.246 GC heap after
{Heap after GC invocations=68 (full 0):
 garbage-first heap   total 328704K, used 145909K [0x0000000080000000, 0x0000000100000000)
  region size 1024K, 3 young (3072K), 3 survivors (3072K)
 Metaspace       used 92944K, capacity 95211K, committed 95436K, reserved 1132544K
  class space    used 12194K, capacity 13047K, committed 13056K, reserved 1048576K
}
Event: 24.102 GC heap before
{Heap before GC invocations=69 (full 0):
 garbage-first heap   total 328704K, used 205301K [0x0000000080000000, 0x0000000100000000)
  region size 1024K, 62 young (63488K), 3 survivors (3072K)
 Metaspace       used 94045K, capacity 96283K, committed 96460K, reserved 1132544K
  class space    used 12350K, capacity 13209K, committed 13312K, reserved 1048576K
}
Event: 24.153 GC heap after
{Heap after GC invocations=70 (full 0):
 garbage-first heap   total 328704K, used 174362K [0x0000000080000000, 0x0000000100000000)
  region size 1024K, 8 young (8192K), 8 survivors (8192K)
 Metaspace       used 94045K, capacity 96283K, committed 96460K, reserved 1132544K
  class space    used 12350K, capacity 13209K, committed 13312K, reserved 1048576K
}

Deoptimization events (20 events):
Event: 23.214 Thread 0x000001d3f393b000 DEOPT UNPACKING pc=0x000001d3d9d48ede sp=0x0000008ae33fdad8 mode 0
Event: 23.344 Thread 0x000001d3f393b000 Uncommon trap: trap_request=0xffffff4d fr.pc=0x000001d3e1c93cf4 relative=0x0000000000000e94
Event: 23.344 Thread 0x000001d3f393b000 Uncommon trap: reason=unstable_if action=reinterpret pc=0x000001d3e1c93cf4 method=com.android.tools.r8.internal.Ah.d(I)V @ 38 c2
Event: 23.344 Thread 0x000001d3f393b000 DEOPT PACKING pc=0x000001d3e1c93cf4 sp=0x0000008ae33fe280
Event: 23.344 Thread 0x000001d3f393b000 DEOPT UNPACKING pc=0x000001d3d9d283af sp=0x0000008ae33fe1c8 mode 2
Event: 24.405 Thread 0x000001d3f3936800 DEOPT PACKING pc=0x000001d3db8ce590 sp=0x0000008ae34fe880
Event: 24.405 Thread 0x000001d3f3936800 DEOPT UNPACKING pc=0x000001d3d9d48ede sp=0x0000008ae34fddb8 mode 0
Event: 24.434 Thread 0x000001d3f3935800 DEOPT PACKING pc=0x000001d3db9210f6 sp=0x0000008ae2ffe960
Event: 24.434 Thread 0x000001d3f3935800 DEOPT UNPACKING pc=0x000001d3d9d48ede sp=0x0000008ae2ffdfc0 mode 0
Event: 24.894 Thread 0x000001d3f3930000 DEOPT PACKING pc=0x000001d3db97bd89 sp=0x0000008ae2afd070
Event: 24.894 Thread 0x000001d3f3930000 DEOPT UNPACKING pc=0x000001d3d9d48ede sp=0x0000008ae2afc578 mode 0
Event: 25.056 Thread 0x000001d3f3930000 DEOPT PACKING pc=0x000001d3db1e8f6b sp=0x0000008ae2afd560
Event: 25.056 Thread 0x000001d3f3930000 DEOPT UNPACKING pc=0x000001d3d9d48ede sp=0x0000008ae2afca38 mode 0
Event: 25.057 Thread 0x000001d3f3939800 DEOPT PACKING pc=0x000001d3db99ab15 sp=0x0000008ae35fed80
Event: 25.058 Thread 0x000001d3f3934800 DEOPT PACKING pc=0x000001d3db99ab15 sp=0x0000008ae30fede0
Event: 25.058 Thread 0x000001d3f3934800 DEOPT UNPACKING pc=0x000001d3d9d48ede sp=0x0000008ae30fe2a0 mode 0
Event: 25.059 Thread 0x000001d3f9bb6000 DEOPT PACKING pc=0x000001d3db99ab15 sp=0x0000008ae36fe8d0
Event: 25.058 Thread 0x000001d3f3938000 DEOPT PACKING pc=0x000001d3db99ab15 sp=0x0000008ae32febc0
Event: 25.059 Thread 0x000001d3f3938000 DEOPT UNPACKING pc=0x000001d3d9d48ede sp=0x0000008ae32fe080 mode 0
Event: 25.060 Thread 0x000001d3f9bb6000 DEOPT UNPACKING pc=0x000001d3d9d48ede sp=0x0000008ae36fdd90 mode 0

Classes redefined (0 events):
No events

Internal exceptions (20 events):
Event: 22.091 Thread 0x000001d3f3930000 Exception <a 'java/lang/NoSuchMethodError'{0x000000008997d978}: 'java.lang.Object java.lang.invoke.DirectMethodHandle$Holder.invokeStatic(java.lang.Object, java.lang.Object, java.lang.Object, java.lang.Object, java.lang.Object, java.lang.Object, java.lang.Object, java.lang.Object, java.lang.Object, java.lang.Object, java.lang.Object, java.lang.Object, java.lang.Object, java.lang.Object, java.lang.Object, java.lang.Object, java.lang.Object, java.lang.Object, int, java.lang.Object)'> (0x000000008997d978) thr
Event: 22.091 Thread 0x000001d3f3930000 Exception <a 'java/lang/NoSuchMethodError'{0x0000000089983208}: 'java.lang.Object java.lang.invoke.DirectMethodHandle$Holder.invokeStaticInit(java.lang.Object, java.lang.Object, java.lang.Object, java.lang.Object, java.lang.Object, java.lang.Object, java.lang.Object, java.lang.Object, java.lang.Object, java.lang.Object, java.lang.Object, java.lang.Object, java.lang.Object, java.lang.Object, java.lang.Object, java.lang.Object, java.lang.Object, java.lang.Object, int, java.lang.Object)'> (0x0000000089983208)
Event: 22.317 Thread 0x000001d3f3934000 Exception <a 'java/lang/NoSuchMethodError'{0x000000008a5e7a48}: 'int java.lang.invoke.DirectMethodHandle$Holder.invokeSpecialIFC(java.lang.Object, java.lang.Object, java.lang.Object)'> (0x000000008a5e7a48) thrown at [./src/hotspot/share/interpreter/linkResolver.cpp, line 773]
Event: 22.813 Thread 0x000001d3f3936800 Exception <a 'java/lang/IncompatibleClassChangeError'{0x000000008ada2998}: Found class java.lang.Object, but interface was expected> (0x000000008ada2998) thrown at [./src/hotspot/share/interpreter/linkResolver.cpp, line 839]
Event: 22.914 Thread 0x000001d3f9bb6000 Exception <a 'java/lang/IncompatibleClassChangeError'{0x000000008ab3ac28}: Found class java.lang.Object, but interface was expected> (0x000000008ab3ac28) thrown at [./src/hotspot/share/interpreter/linkResolver.cpp, line 839]
Event: 22.915 Thread 0x000001d3f9bb6000 Exception <a 'java/lang/IncompatibleClassChangeError'{0x000000008ab42040}: Found class java.lang.Object, but interface was expected> (0x000000008ab42040) thrown at [./src/hotspot/share/interpreter/linkResolver.cpp, line 839]
Event: 22.918 Thread 0x000001d3f3935800 Exception <a 'java/lang/NoSuchMethodError'{0x000000008ab585c0}: 'java.lang.Object java.lang.invoke.DirectMethodHandle$Holder.newInvokeSpecial(java.lang.Object, int)'> (0x000000008ab585c0) thrown at [./src/hotspot/share/interpreter/linkResolver.cpp, line 773]
Event: 23.848 Thread 0x000001d3f3930000 Exception <a 'java/lang/NoSuchMethodError'{0x00000000909eb918}: 'int java.lang.invoke.DirectMethodHandle$Holder.invokeVirtual(java.lang.Object, java.lang.Object, java.lang.Object, java.lang.Object)'> (0x00000000909eb918) thrown at [./src/hotspot/share/interpreter/linkResolver.cpp, line 773]
Event: 23.988 Thread 0x000001d3f3930000 Exception <a 'java/lang/NoSuchMethodError'{0x00000000907777b0}: 'void java.lang.invoke.DirectMethodHandle$Holder.invokeStatic(java.lang.Object, java.lang.Object, java.lang.Object, int)'> (0x00000000907777b0) thrown at [./src/hotspot/share/interpreter/linkResolver.cpp, line 773]
Event: 23.991 Thread 0x000001d3f3930000 Exception <a 'java/lang/IncompatibleClassChangeError'{0x000000009077f540}: Found class java.lang.Object, but interface was expected> (0x000000009077f540) thrown at [./src/hotspot/share/interpreter/linkResolver.cpp, line 839]
Event: 24.001 Thread 0x000001d3f9bb6000 Exception <a 'java/lang/NoSuchMethodError'{0x0000000092fc2b10}: 'int java.lang.invoke.DirectMethodHandle$Holder.invokeVirtual(java.lang.Object, java.lang.Object, java.lang.Object)'> (0x0000000092fc2b10) thrown at [./src/hotspot/share/interpreter/linkResolver.cpp, line 773]
Event: 24.001 Thread 0x000001d3f3934800 Exception <a 'java/lang/NoSuchMethodError'{0x00000000911d9108}: 'int java.lang.invoke.DirectMethodHandle$Holder.invokeVirtual(java.lang.Object, java.lang.Object, java.lang.Object)'> (0x00000000911d9108) thrown at [./src/hotspot/share/interpreter/linkResolver.cpp, line 773]
Event: 24.001 Thread 0x000001d3f393c000 Exception <a 'java/lang/NoSuchMethodError'{0x00000000910d9ff0}: 'int java.lang.invoke.DirectMethodHandle$Holder.invokeVirtual(java.lang.Object, java.lang.Object, java.lang.Object)'> (0x00000000910d9ff0) thrown at [./src/hotspot/share/interpreter/linkResolver.cpp, line 773]
Event: 24.001 Thread 0x000001d3f3939800 Exception <a 'java/lang/NoSuchMethodError'{0x00000000931d4f70}: 'int java.lang.invoke.DirectMethodHandle$Holder.invokeVirtual(java.lang.Object, java.lang.Object, java.lang.Object)'> (0x00000000931d4f70) thrown at [./src/hotspot/share/interpreter/linkResolver.cpp, line 773]
Event: 24.001 Thread 0x000001d3f3936800 Exception <a 'java/lang/NoSuchMethodError'{0x00000000924e3cb0}: 'int java.lang.invoke.DirectMethodHandle$Holder.invokeVirtual(java.lang.Object, java.lang.Object, java.lang.Object)'> (0x00000000924e3cb0) thrown at [./src/hotspot/share/interpreter/linkResolver.cpp, line 773]
Event: 24.653 Thread 0x000001d3f3930000 Exception <a 'java/lang/NoSuchMethodError'{0x0000000092c35028}: 'java.lang.Object java.lang.invoke.Invokers$Holder.linkToTargetMethod(java.lang.Object, int, java.lang.Object, java.lang.Object, java.lang.Object, java.lang.Object)'> (0x0000000092c35028) thrown at [./src/hotspot/share/interpreter/linkResolver.cpp, line 773]
Event: 24.654 Thread 0x000001d3f3930000 Exception <a 'java/lang/NoSuchMethodError'{0x0000000092c38ce0}: 'void java.lang.invoke.DirectMethodHandle$Holder.invokeSpecial(java.lang.Object, java.lang.Object, java.lang.Object, java.lang.Object, java.lang.Object, java.lang.Object, java.lang.Object, java.lang.Object, java.lang.Object)'> (0x0000000092c38ce0) thrown at [./src/hotspot/share/interpreter/linkResolver.cpp, line 773]
Event: 24.655 Thread 0x000001d3f3930000 Exception <a 'java/lang/NoSuchMethodError'{0x0000000092c41ed8}: 'java.lang.Object java.lang.invoke.Invokers$Holder.linkToTargetMethod(java.lang.Object, java.lang.Object, java.lang.Object, java.lang.Object, java.lang.Object, java.lang.Object, java.lang.Object)'> (0x0000000092c41ed8) thrown at [./src/hotspot/share/interpreter/linkResolver.cpp, line 773]
Event: 24.673 Thread 0x000001d3f3930000 Exception <a 'java/lang/IncompatibleClassChangeError'{0x0000000092c67ec8}: Found class java.lang.Object, but interface was expected> (0x0000000092c67ec8) thrown at [./src/hotspot/share/interpreter/linkResolver.cpp, line 839]
Event: 24.744 Thread 0x000001d3f3930000 Exception <a 'java/lang/NoSuchMethodError'{0x0000000092bb4d50}: 'void java.lang.invoke.DirectMethodHandle$Holder.invokeStatic(java.lang.Object, java.lang.Object, java.lang.Object, java.lang.Object, java.lang.Object, java.lang.Object, java.lang.Object, java.lang.Object)'> (0x0000000092bb4d50) thrown at [./src/hotspot/share/interpreter/linkResolver.cpp, line 773]

Events (20 events):
Event: 24.950 loading class com/android/tools/r8/internal/dk
Event: 24.950 loading class com/android/tools/r8/internal/dk done
Event: 24.974 loading class com/android/tools/r8/graph/O
Event: 24.974 loading class com/android/tools/r8/graph/O done
Event: 24.974 loading class com/android/tools/r8/graph/O
Event: 24.974 loading class com/android/tools/r8/graph/O done
Event: 24.974 loading class com/android/tools/r8/dex/b
Event: 24.974 loading class com/android/tools/r8/dex/b done
Event: 24.975 loading class com/android/tools/r8/graph/P
Event: 24.975 loading class com/android/tools/r8/graph/P done
Event: 24.975 loading class com/android/tools/r8/graph/P
Event: 24.975 loading class com/android/tools/r8/graph/P done
Event: 24.975 loading class com/android/tools/r8/dex/b
Event: 24.975 loading class com/android/tools/r8/dex/b done
Event: 25.051 loading class com/android/tools/r8/graph/Z
Event: 25.051 loading class com/android/tools/r8/graph/Z done
Event: 25.051 loading class com/android/tools/r8/graph/Z
Event: 25.051 loading class com/android/tools/r8/graph/Z done
Event: 25.051 loading class com/android/tools/r8/dex/b
Event: 25.051 loading class com/android/tools/r8/dex/b done


Dynamic libraries:
0x00007ff63b1c0000 - 0x00007ff63b1ca000 	C:\Program Files\Android\Android Studio\jre\bin\java.exe
0x00007fff21c10000 - 0x00007fff21e05000 	C:\WINDOWS\SYSTEM32\ntdll.dll
0x00007fff217d0000 - 0x00007fff2188d000 	C:\WINDOWS\System32\KERNEL32.DLL
0x00007fff1f640000 - 0x00007fff1f90d000 	C:\WINDOWS\System32\KERNELBASE.dll
0x00007fff1f9c0000 - 0x00007fff1fac0000 	C:\WINDOWS\System32\ucrtbase.dll
0x00007fff16ed0000 - 0x00007fff16ee9000 	C:\Program Files\Android\Android Studio\jre\bin\jli.dll
0x00007fff166c0000 - 0x00007fff166d7000 	C:\Program Files\Android\Android Studio\jre\bin\VCRUNTIME140.dll
0x00007fff20fb0000 - 0x00007fff21150000 	C:\WINDOWS\System32\USER32.dll
0x00007fff01870000 - 0x00007fff01b0a000 	C:\WINDOWS\WinSxS\amd64_microsoft.windows.common-controls_6595b64144ccf1df_6.0.19041.1110_none_60b5254171f9507e\COMCTL32.dll
0x00007fff1f4b0000 - 0x00007fff1f4d2000 	C:\WINDOWS\System32\win32u.dll
0x00007fff21730000 - 0x00007fff217ce000 	C:\WINDOWS\System32\msvcrt.dll
0x00007fff21150000 - 0x00007fff2117a000 	C:\WINDOWS\System32\GDI32.dll
0x00007fff1f3a0000 - 0x00007fff1f4ab000 	C:\WINDOWS\System32\gdi32full.dll
0x00007fff1fb50000 - 0x00007fff1fbed000 	C:\WINDOWS\System32\msvcp_win.dll
0x00007fff20650000 - 0x00007fff20680000 	C:\WINDOWS\System32\IMM32.DLL
0x00007ffeea230000 - 0x00007ffeea2cd000 	C:\Program Files\Android\Android Studio\jre\bin\msvcp140.dll
0x00007ffed7ef0000 - 0x00007ffed89bf000 	C:\Program Files\Android\Android Studio\jre\bin\server\jvm.dll
0x00007fff21250000 - 0x00007fff212fe000 	C:\WINDOWS\System32\ADVAPI32.dll
0x00007fff20810000 - 0x00007fff208ac000 	C:\WINDOWS\System32\sechost.dll
0x00007fff203d0000 - 0x00007fff204f5000 	C:\WINDOWS\System32\RPCRT4.dll
0x00007fff209d0000 - 0x00007fff209d8000 	C:\WINDOWS\System32\PSAPI.DLL
0x00007fff00760000 - 0x00007fff00787000 	C:\WINDOWS\SYSTEM32\WINMM.dll
0x00007fff01e50000 - 0x00007fff01e59000 	C:\WINDOWS\SYSTEM32\WSOCK32.dll
0x00007fff20f40000 - 0x00007fff20fab000 	C:\WINDOWS\System32\WS2_32.dll
0x00007fff15f90000 - 0x00007fff15f9a000 	C:\WINDOWS\SYSTEM32\VERSION.dll
0x00007fff1dc00000 - 0x00007fff1dc12000 	C:\WINDOWS\SYSTEM32\kernel.appcore.dll
0x00007fff01b50000 - 0x00007fff01b61000 	C:\Program Files\Android\Android Studio\jre\bin\verify.dll
0x00007fff1d110000 - 0x00007fff1d2f4000 	C:\WINDOWS\SYSTEM32\DBGHELP.DLL
0x00007fff07650000 - 0x00007fff0767c000 	C:\WINDOWS\SYSTEM32\dbgcore.DLL
0x00007fff1fac0000 - 0x00007fff1fb42000 	C:\WINDOWS\System32\bcryptPrimitives.dll
0x00007ffeffae0000 - 0x00007ffeffb09000 	C:\Program Files\Android\Android Studio\jre\bin\java.dll
0x00007fff01e40000 - 0x00007fff01e4b000 	C:\Program Files\Android\Android Studio\jre\bin\jimage.dll
0x00007ffeffb20000 - 0x00007ffeffb38000 	C:\Program Files\Android\Android Studio\jre\bin\zip.dll
0x00007fff1fc80000 - 0x00007fff203c4000 	C:\WINDOWS\System32\SHELL32.dll
0x00007fff1d300000 - 0x00007fff1da94000 	C:\WINDOWS\SYSTEM32\windows.storage.dll
0x00007fff213d0000 - 0x00007fff21724000 	C:\WINDOWS\System32\combase.dll
0x00007fff1ed80000 - 0x00007fff1edac000 	C:\WINDOWS\SYSTEM32\Wldp.dll
0x00007fff20760000 - 0x00007fff2080d000 	C:\WINDOWS\System32\SHCORE.dll
0x00007fff20a60000 - 0x00007fff20ab5000 	C:\WINDOWS\System32\shlwapi.dll
0x00007fff1f260000 - 0x00007fff1f27f000 	C:\WINDOWS\SYSTEM32\profapi.dll
0x00007ffeff6a0000 - 0x00007ffeff6ba000 	C:\Program Files\Android\Android Studio\jre\bin\net.dll
0x00007fff048f0000 - 0x00007fff049fa000 	C:\WINDOWS\SYSTEM32\WINHTTP.dll
0x00007fff1eae0000 - 0x00007fff1eb4a000 	C:\WINDOWS\system32\mswsock.dll
0x00007ffefef40000 - 0x00007ffefef54000 	C:\Program Files\Android\Android Studio\jre\bin\nio.dll
0x00007ffedb550000 - 0x00007ffedb577000 	C:\Users\user\.gradle\native\8bec1ad78214c89d9ad589b4d07fe93259594b29d510b10fafb7a158f7737e5d\windows-amd64\native-platform.dll
0x00007ffebabd0000 - 0x00007ffebad0d000 	C:\Users\user\.gradle\native\53dbd7edfb1c66fb8903c78663c9afc45aea4f116125fa6feffd364cf09443e8\windows-amd64\native-platform-file-events.dll
0x00007fff01d00000 - 0x00007fff01d0a000 	C:\Program Files\Android\Android Studio\jre\bin\management.dll
0x00007ffeffad0000 - 0x00007ffeffadc000 	C:\Program Files\Android\Android Studio\jre\bin\management_ext.dll
0x00007fff1ece0000 - 0x00007fff1ecf8000 	C:\WINDOWS\SYSTEM32\CRYPTSP.dll
0x00007fff1e3f0000 - 0x00007fff1e424000 	C:\WINDOWS\system32\rsaenh.dll
0x00007fff1f370000 - 0x00007fff1f397000 	C:\WINDOWS\System32\bcrypt.dll
0x00007fff1f220000 - 0x00007fff1f24e000 	C:\WINDOWS\SYSTEM32\USERENV.dll
0x00007fff1ecd0000 - 0x00007fff1ecdc000 	C:\WINDOWS\SYSTEM32\CRYPTBASE.dll
0x00007fff1e760000 - 0x00007fff1e79b000 	C:\WINDOWS\SYSTEM32\IPHLPAPI.DLL
0x00007fff21180000 - 0x00007fff21188000 	C:\WINDOWS\System32\NSI.dll
0x00007fff148d0000 - 0x00007fff148e7000 	C:\WINDOWS\SYSTEM32\dhcpcsvc6.DLL
0x00007fff154b0000 - 0x00007fff154cd000 	C:\WINDOWS\SYSTEM32\dhcpcsvc.DLL
0x00007fff1e7d0000 - 0x00007fff1e89b000 	C:\WINDOWS\SYSTEM32\DNSAPI.dll

dbghelp: loaded successfully - version: 4.0.5 - missing functions: none
symbol engine: initialized successfully - sym options: 0x614 - pdb path: .;C:\Program Files\Android\Android Studio\jre\bin;C:\WINDOWS\SYSTEM32;C:\WINDOWS\WinSxS\amd64_microsoft.windows.common-controls_6595b64144ccf1df_6.0.19041.1110_none_60b5254171f9507e;C:\Program Files\Android\Android Studio\jre\bin\server;C:\Users\user\.gradle\native\8bec1ad78214c89d9ad589b4d07fe93259594b29d510b10fafb7a158f7737e5d\windows-amd64;C:\Users\user\.gradle\native\53dbd7edfb1c66fb8903c78663c9afc45aea4f116125fa6feffd364cf09443e8\windows-amd64

VM Arguments:
jvm_args: --add-opens=java.base/java.util=ALL-UNNAMED --add-opens=java.base/java.lang=ALL-UNNAMED --add-opens=java.base/java.lang.invoke=ALL-UNNAMED --add-opens=java.base/java.util=ALL-UNNAMED --add-opens=java.prefs/java.util.prefs=ALL-UNNAMED --add-opens=java.prefs/java.util.prefs=ALL-UNNAMED --add-opens=java.base/java.nio.charset=ALL-UNNAMED --add-opens=java.base/java.net=ALL-UNNAMED --add-opens=java.base/java.util.concurrent.atomic=ALL-UNNAMED -Xmx2048m -Dfile.encoding=UTF-8 -Duser.country=ID -Duser.language=en -Duser.variant 
java_command: org.gradle.launcher.daemon.bootstrap.GradleDaemon 7.0.2
java_class_path (initial): C:\Users\user\.gradle\wrapper\dists\gradle-7.0.2-bin\857tjihv64xamwrf0h14cai3r\gradle-7.0.2\lib\gradle-launcher-7.0.2.jar
Launcher Type: SUN_STANDARD

[Global flags]
     intx CICompilerCount                          = 4                                         {product} {ergonomic}
     uint ConcGCThreads                            = 2                                         {product} {ergonomic}
     uint G1ConcRefinementThreads                  = 8                                         {product} {ergonomic}
   size_t G1HeapRegionSize                         = 1048576                                   {product} {ergonomic}
    uintx GCDrainStackTargetSize                   = 64                                        {product} {ergonomic}
   size_t InitialHeapSize                          = 62914560                                  {product} {ergonomic}
   size_t MarkStackSize                            = 4194304                                   {product} {ergonomic}
   size_t MaxHeapSize                              = 2147483648                                {product} {command line}
   size_t MaxNewSize                               = 1287651328                                {product} {ergonomic}
   size_t MinHeapDeltaBytes                        = 1048576                                   {product} {ergonomic}
    uintx NonNMethodCodeHeapSize                   = 5836300                                {pd product} {ergonomic}
    uintx NonProfiledCodeHeapSize                  = 122910970                              {pd product} {ergonomic}
    uintx ProfiledCodeHeapSize                     = 122910970                              {pd product} {ergonomic}
    uintx ReservedCodeCacheSize                    = 251658240                              {pd product} {ergonomic}
     bool SegmentedCodeCache                       = true                                      {product} {ergonomic}
     bool UseCompressedClassPointers               = true                                 {lp64_product} {ergonomic}
     bool UseCompressedOops                        = true                                 {lp64_product} {ergonomic}
     bool UseG1GC                                  = true                                      {product} {ergonomic}
     bool UseLargePagesIndividualAllocation        = false                                  {pd product} {ergonomic}

Logging:
Log output configuration:
 #0: stdout all=warning uptime,level,tags
 #1: stderr all=off uptime,level,tags

Environment Variables:
JAVA_HOME=C:\Program Files\Zulu\zulu-8
PATH=C:\Program Files\Zulu\zulu-8\bin\;C:\Program Files\Gradle\gradle-6.6\bin;C:\Program Files\Common Files\Oracle\Java\javapath;C:\ProgramData\Oracle\Java\javapath;C:\WINDOWS\system32;C:\WINDOWS;C:\WINDOWS\System32\Wbem;C:\WINDOWS\System32\WindowsPowerShell\v1.0\;C:\WINDOWS\System32\OpenSSH\;C:\Program Files\dotnet\;C:\Users\user\Desktop\apktool;C:\Users\user\AppData\Local\Microsoft\WindowsApps;C:\Users\user\.dotnet\tools;C:\sqlite3;C:\adb;%JAVA_HOME%\bin;D:\Node.js\;C:\Program Files\Git\cmd;C:\PATH_Programs;C:\Users\user\AppData\Local\Microsoft\WindowsApps;C:\Users\user\.dotnet\tools;C:\sqlite3;D:\Microsoft VS Code\bin;C:\Users\user\AppData\Roaming\npm;C:\PATH_Programs;
USERNAME=user
OS=Windows_NT
PROCESSOR_IDENTIFIER=Intel64 Family 6 Model 126 Stepping 5, GenuineIntel



---------------  S Y S T E M  ---------------

OS: Windows 10 , 64 bit Build 19041 (10.0.19041.1706)
OS uptime: 0 days 2:55 hours

CPU:total 8 (initial active 8) (4 cores per cpu, 2 threads per core) family 6 model 126 stepping 5 microcode 0xa0, cmov, cx8, fxsr, mmx, sse, sse2, sse3, ssse3, sse4.1, sse4.2, popcnt, avx, avx2, aes, clmul, erms, 3dnowpref, lzcnt, ht, tsc, tscinvbit, bmi1, bmi2, adx, evex, sha, fma

Memory: 4k page, system-wide physical 3784M (280M free)
TotalPageFile size 7880M (AvailPageFile size 17M)
current process WorkingSet (physical memory assigned to process): 358M, peak: 358M
current process commit charge ("private bytes"): 622M, peak: 623M

vm_info: OpenJDK 64-Bit Server VM (11.0.10+0-b96-7249189) for windows-amd64 JRE (11.0.10+0-b96-7249189), built on Mar 31 2021 21:44:00 by "builder" with MS VC++ 14.0 (VS2015)

END.
